[0.425s] DEBUG:colcon:Command line arguments: ['/usr/bin/colcon', 'build', '--symlink-install']
[0.425s] DEBUG:colcon:Parsed command line arguments: Namespace(log_base=None, log_level=None, verb_name='build', build_base='build', install_base='install', merge_install=False, symlink_install=True, test_result_base=None, continue_on_error=False, executor='parallel', parallel_workers=4, event_handlers=None, ignore_user_meta=False, metas=['./colcon.meta'], base_paths=['.'], packages_ignore=None, packages_ignore_regex=None, paths=None, packages_up_to=None, packages_up_to_regex=None, packages_above=None, packages_above_and_dependencies=None, packages_above_depth=None, packages_select_by_dep=None, packages_skip_by_dep=None, packages_skip_up_to=None, packages_select_build_failed=False, packages_skip_build_finished=False, packages_select_test_failures=False, packages_skip_test_passed=False, packages_select=None, packages_skip=None, packages_select_regex=None, packages_skip_regex=None, packages_start=None, packages_end=None, cmake_args=None, cmake_target=None, cmake_target_skip_unavailable=False, cmake_clean_cache=False, cmake_clean_first=False, cmake_force_configure=False, ament_cmake_args=None, catkin_cmake_args=None, catkin_skip_building_tests=False, mixin_files=None, mixin=None, verb_parser=<colcon_mixin.mixin.mixin_argument.MixinArgumentDecorator object at 0x7f856a2a10>, verb_extension=<colcon_core.verb.build.BuildVerb object at 0x7f856a24a0>, main=<bound method BuildVerb.main of <colcon_core.verb.build.BuildVerb object at 0x7f856a24a0>>, mixin_verb=('build',))
[0.953s] Level 1:colcon.colcon_core.package_discovery:discover_packages(colcon_meta) check parameters
[0.956s] INFO:colcon.colcon_metadata.package_discovery.colcon_meta:Using configuration from '/root/.colcon/metadata/default/Gazebo.meta'
[0.958s] INFO:colcon.colcon_metadata.package_discovery.colcon_meta:Using configuration from '/root/.colcon/metadata/default/fastdds.meta'
[0.960s] INFO:colcon.colcon_metadata.package_discovery.colcon_meta:Using configuration from '/root/.colcon/metadata/default/fastrtps.meta'
[0.960s] Level 1:colcon.colcon_core.package_discovery:discover_packages(recursive) check parameters
[0.961s] Level 1:colcon.colcon_core.package_discovery:discover_packages(ignore) check parameters
[0.961s] Level 1:colcon.colcon_core.package_discovery:discover_packages(path) check parameters
[0.961s] Level 1:colcon.colcon_core.package_discovery:discover_packages(colcon_meta) discover
[0.961s] Level 1:colcon.colcon_core.package_discovery:discover_packages(recursive) discover
[0.962s] INFO:colcon.colcon_core.package_discovery:Crawling recursively for packages in '/workspace/ph_sys_ws'
[0.962s] Level 1:colcon.colcon_core.package_identification:_identify(.) by extensions ['ignore', 'ignore_ament_install']
[0.963s] Level 1:colcon.colcon_core.package_identification:_identify(.) by extension 'ignore'
[0.963s] Level 1:colcon.colcon_core.package_identification:_identify(.) by extension 'ignore_ament_install'
[0.963s] Level 1:colcon.colcon_core.package_identification:_identify(.) by extensions ['colcon_pkg']
[0.964s] Level 1:colcon.colcon_core.package_identification:_identify(.) by extension 'colcon_pkg'
[0.964s] Level 1:colcon.colcon_core.package_identification:_identify(.) by extensions ['colcon_meta']
[0.964s] Level 1:colcon.colcon_core.package_identification:_identify(.) by extension 'colcon_meta'
[0.964s] Level 1:colcon.colcon_core.package_identification:_identify(.) by extensions ['ros']
[0.965s] Level 1:colcon.colcon_core.package_identification:_identify(.) by extension 'ros'
[1.006s] Level 1:colcon.colcon_core.package_identification:_identify(.) by extensions ['cmake', 'python']
[1.006s] Level 1:colcon.colcon_core.package_identification:_identify(.) by extension 'cmake'
[1.007s] Level 1:colcon.colcon_core.package_identification:_identify(.) by extension 'python'
[1.007s] Level 1:colcon.colcon_core.package_identification:_identify(.) by extensions ['python_setup_py']
[1.007s] Level 1:colcon.colcon_core.package_identification:_identify(.) by extension 'python_setup_py'
[1.008s] Level 1:colcon.colcon_core.package_identification:_identify(build) by extensions ['ignore', 'ignore_ament_install']
[1.008s] Level 1:colcon.colcon_core.package_identification:_identify(build) by extension 'ignore'
[1.008s] Level 1:colcon.colcon_core.package_identification:_identify(build) ignored
[1.009s] Level 1:colcon.colcon_core.package_identification:_identify(docker) by extensions ['ignore', 'ignore_ament_install']
[1.009s] Level 1:colcon.colcon_core.package_identification:_identify(docker) by extension 'ignore'
[1.009s] Level 1:colcon.colcon_core.package_identification:_identify(docker) by extension 'ignore_ament_install'
[1.009s] Level 1:colcon.colcon_core.package_identification:_identify(docker) by extensions ['colcon_pkg']
[1.009s] Level 1:colcon.colcon_core.package_identification:_identify(docker) by extension 'colcon_pkg'
[1.010s] Level 1:colcon.colcon_core.package_identification:_identify(docker) by extensions ['colcon_meta']
[1.010s] Level 1:colcon.colcon_core.package_identification:_identify(docker) by extension 'colcon_meta'
[1.010s] Level 1:colcon.colcon_core.package_identification:_identify(docker) by extensions ['ros']
[1.010s] Level 1:colcon.colcon_core.package_identification:_identify(docker) by extension 'ros'
[1.010s] Level 1:colcon.colcon_core.package_identification:_identify(docker) by extensions ['cmake', 'python']
[1.010s] Level 1:colcon.colcon_core.package_identification:_identify(docker) by extension 'cmake'
[1.010s] Level 1:colcon.colcon_core.package_identification:_identify(docker) by extension 'python'
[1.011s] Level 1:colcon.colcon_core.package_identification:_identify(docker) by extensions ['python_setup_py']
[1.011s] Level 1:colcon.colcon_core.package_identification:_identify(docker) by extension 'python_setup_py'
[1.011s] Level 1:colcon.colcon_core.package_identification:_identify(install) by extensions ['ignore', 'ignore_ament_install']
[1.012s] Level 1:colcon.colcon_core.package_identification:_identify(install) by extension 'ignore'
[1.012s] Level 1:colcon.colcon_core.package_identification:_identify(install) ignored
[1.013s] Level 1:colcon.colcon_core.package_identification:_identify(log) by extensions ['ignore', 'ignore_ament_install']
[1.013s] Level 1:colcon.colcon_core.package_identification:_identify(log) by extension 'ignore'
[1.013s] Level 1:colcon.colcon_core.package_identification:_identify(log) ignored
[1.013s] Level 1:colcon.colcon_core.package_identification:_identify(logs) by extensions ['ignore', 'ignore_ament_install']
[1.014s] Level 1:colcon.colcon_core.package_identification:_identify(logs) by extension 'ignore'
[1.014s] Level 1:colcon.colcon_core.package_identification:_identify(logs) by extension 'ignore_ament_install'
[1.014s] Level 1:colcon.colcon_core.package_identification:_identify(logs) by extensions ['colcon_pkg']
[1.015s] Level 1:colcon.colcon_core.package_identification:_identify(logs) by extension 'colcon_pkg'
[1.015s] Level 1:colcon.colcon_core.package_identification:_identify(logs) by extensions ['colcon_meta']
[1.015s] Level 1:colcon.colcon_core.package_identification:_identify(logs) by extension 'colcon_meta'
[1.015s] Level 1:colcon.colcon_core.package_identification:_identify(logs) by extensions ['ros']
[1.015s] Level 1:colcon.colcon_core.package_identification:_identify(logs) by extension 'ros'
[1.015s] Level 1:colcon.colcon_core.package_identification:_identify(logs) by extensions ['cmake', 'python']
[1.016s] Level 1:colcon.colcon_core.package_identification:_identify(logs) by extension 'cmake'
[1.016s] Level 1:colcon.colcon_core.package_identification:_identify(logs) by extension 'python'
[1.016s] Level 1:colcon.colcon_core.package_identification:_identify(logs) by extensions ['python_setup_py']
[1.016s] Level 1:colcon.colcon_core.package_identification:_identify(logs) by extension 'python_setup_py'
[1.016s] Level 1:colcon.colcon_core.package_identification:_identify(src) by extensions ['ignore', 'ignore_ament_install']
[1.017s] Level 1:colcon.colcon_core.package_identification:_identify(src) by extension 'ignore'
[1.017s] Level 1:colcon.colcon_core.package_identification:_identify(src) by extension 'ignore_ament_install'
[1.017s] Level 1:colcon.colcon_core.package_identification:_identify(src) by extensions ['colcon_pkg']
[1.017s] Level 1:colcon.colcon_core.package_identification:_identify(src) by extension 'colcon_pkg'
[1.018s] Level 1:colcon.colcon_core.package_identification:_identify(src) by extensions ['colcon_meta']
[1.018s] Level 1:colcon.colcon_core.package_identification:_identify(src) by extension 'colcon_meta'
[1.018s] Level 1:colcon.colcon_core.package_identification:_identify(src) by extensions ['ros']
[1.018s] Level 1:colcon.colcon_core.package_identification:_identify(src) by extension 'ros'
[1.019s] Level 1:colcon.colcon_core.package_identification:_identify(src) by extensions ['cmake', 'python']
[1.019s] Level 1:colcon.colcon_core.package_identification:_identify(src) by extension 'cmake'
[1.019s] Level 1:colcon.colcon_core.package_identification:_identify(src) by extension 'python'
[1.019s] Level 1:colcon.colcon_core.package_identification:_identify(src) by extensions ['python_setup_py']
[1.019s] Level 1:colcon.colcon_core.package_identification:_identify(src) by extension 'python_setup_py'
[1.020s] Level 1:colcon.colcon_core.package_identification:_identify(src/brain) by extensions ['ignore', 'ignore_ament_install']
[1.020s] Level 1:colcon.colcon_core.package_identification:_identify(src/brain) by extension 'ignore'
[1.021s] Level 1:colcon.colcon_core.package_identification:_identify(src/brain) by extension 'ignore_ament_install'
[1.021s] Level 1:colcon.colcon_core.package_identification:_identify(src/brain) by extensions ['colcon_pkg']
[1.021s] Level 1:colcon.colcon_core.package_identification:_identify(src/brain) by extension 'colcon_pkg'
[1.021s] Level 1:colcon.colcon_core.package_identification:_identify(src/brain) by extensions ['colcon_meta']
[1.021s] Level 1:colcon.colcon_core.package_identification:_identify(src/brain) by extension 'colcon_meta'
[1.021s] Level 1:colcon.colcon_core.package_identification:_identify(src/brain) by extensions ['ros']
[1.021s] Level 1:colcon.colcon_core.package_identification:_identify(src/brain) by extension 'ros'
[1.031s] DEBUG:colcon.colcon_core.package_identification:Package 'src/brain' with type 'ros.ament_python' and name 'brain'
[1.031s] Level 1:colcon.colcon_core.package_identification:_identify(src/external) by extensions ['ignore', 'ignore_ament_install']
[1.032s] Level 1:colcon.colcon_core.package_identification:_identify(src/external) by extension 'ignore'
[1.032s] Level 1:colcon.colcon_core.package_identification:_identify(src/external) by extension 'ignore_ament_install'
[1.033s] Level 1:colcon.colcon_core.package_identification:_identify(src/external) by extensions ['colcon_pkg']
[1.033s] Level 1:colcon.colcon_core.package_identification:_identify(src/external) by extension 'colcon_pkg'
[1.033s] Level 1:colcon.colcon_core.package_identification:_identify(src/external) by extensions ['colcon_meta']
[1.033s] Level 1:colcon.colcon_core.package_identification:_identify(src/external) by extension 'colcon_meta'
[1.033s] Level 1:colcon.colcon_core.package_identification:_identify(src/external) by extensions ['ros']
[1.033s] Level 1:colcon.colcon_core.package_identification:_identify(src/external) by extension 'ros'
[1.036s] DEBUG:colcon.colcon_core.package_identification:Package 'src/external' with type 'ros.ament_python' and name 'external'
[1.036s] Level 1:colcon.colcon_core.package_identification:_identify(src/first_package) by extensions ['ignore', 'ignore_ament_install']
[1.037s] Level 1:colcon.colcon_core.package_identification:_identify(src/first_package) by extension 'ignore'
[1.037s] Level 1:colcon.colcon_core.package_identification:_identify(src/first_package) by extension 'ignore_ament_install'
[1.037s] Level 1:colcon.colcon_core.package_identification:_identify(src/first_package) by extensions ['colcon_pkg']
[1.037s] Level 1:colcon.colcon_core.package_identification:_identify(src/first_package) by extension 'colcon_pkg'
[1.037s] Level 1:colcon.colcon_core.package_identification:_identify(src/first_package) by extensions ['colcon_meta']
[1.037s] Level 1:colcon.colcon_core.package_identification:_identify(src/first_package) by extension 'colcon_meta'
[1.038s] Level 1:colcon.colcon_core.package_identification:_identify(src/first_package) by extensions ['ros']
[1.038s] Level 1:colcon.colcon_core.package_identification:_identify(src/first_package) by extension 'ros'
[1.040s] DEBUG:colcon.colcon_core.package_identification:Package 'src/first_package' with type 'ros.ament_python' and name 'first_package'
[1.041s] Level 1:colcon.colcon_core.package_identification:_identify(src/hardware) by extensions ['ignore', 'ignore_ament_install']
[1.041s] Level 1:colcon.colcon_core.package_identification:_identify(src/hardware) by extension 'ignore'
[1.041s] Level 1:colcon.colcon_core.package_identification:_identify(src/hardware) by extension 'ignore_ament_install'
[1.042s] Level 1:colcon.colcon_core.package_identification:_identify(src/hardware) by extensions ['colcon_pkg']
[1.042s] Level 1:colcon.colcon_core.package_identification:_identify(src/hardware) by extension 'colcon_pkg'
[1.042s] Level 1:colcon.colcon_core.package_identification:_identify(src/hardware) by extensions ['colcon_meta']
[1.042s] Level 1:colcon.colcon_core.package_identification:_identify(src/hardware) by extension 'colcon_meta'
[1.042s] Level 1:colcon.colcon_core.package_identification:_identify(src/hardware) by extensions ['ros']
[1.042s] Level 1:colcon.colcon_core.package_identification:_identify(src/hardware) by extension 'ros'
[1.045s] DEBUG:colcon.colcon_core.package_identification:Package 'src/hardware' with type 'ros.ament_python' and name 'hardware'
[1.046s] Level 1:colcon.colcon_core.package_identification:_identify(src/interfaces) by extensions ['ignore', 'ignore_ament_install']
[1.046s] Level 1:colcon.colcon_core.package_identification:_identify(src/interfaces) by extension 'ignore'
[1.046s] Level 1:colcon.colcon_core.package_identification:_identify(src/interfaces) by extension 'ignore_ament_install'
[1.046s] Level 1:colcon.colcon_core.package_identification:_identify(src/interfaces) by extensions ['colcon_pkg']
[1.046s] Level 1:colcon.colcon_core.package_identification:_identify(src/interfaces) by extension 'colcon_pkg'
[1.047s] Level 1:colcon.colcon_core.package_identification:_identify(src/interfaces) by extensions ['colcon_meta']
[1.047s] Level 1:colcon.colcon_core.package_identification:_identify(src/interfaces) by extension 'colcon_meta'
[1.047s] Level 1:colcon.colcon_core.package_identification:_identify(src/interfaces) by extensions ['ros']
[1.047s] Level 1:colcon.colcon_core.package_identification:_identify(src/interfaces) by extension 'ros'
[1.050s] DEBUG:colcon.colcon_core.package_identification:Package 'src/interfaces' with type 'ros.ament_cmake' and name 'interfaces'
[1.050s] Level 1:colcon.colcon_core.package_identification:_identify(src/peristaltic_pump) by extensions ['ignore', 'ignore_ament_install']
[1.051s] Level 1:colcon.colcon_core.package_identification:_identify(src/peristaltic_pump) by extension 'ignore'
[1.051s] Level 1:colcon.colcon_core.package_identification:_identify(src/peristaltic_pump) by extension 'ignore_ament_install'
[1.051s] Level 1:colcon.colcon_core.package_identification:_identify(src/peristaltic_pump) by extensions ['colcon_pkg']
[1.051s] Level 1:colcon.colcon_core.package_identification:_identify(src/peristaltic_pump) by extension 'colcon_pkg'
[1.052s] Level 1:colcon.colcon_core.package_identification:_identify(src/peristaltic_pump) by extensions ['colcon_meta']
[1.052s] Level 1:colcon.colcon_core.package_identification:_identify(src/peristaltic_pump) by extension 'colcon_meta'
[1.052s] Level 1:colcon.colcon_core.package_identification:_identify(src/peristaltic_pump) by extensions ['ros']
[1.052s] Level 1:colcon.colcon_core.package_identification:_identify(src/peristaltic_pump) by extension 'ros'
[1.054s] DEBUG:colcon.colcon_core.package_identification:Package 'src/peristaltic_pump' with type 'ros.ament_python' and name 'peristaltic_pump'
[1.055s] Level 1:colcon.colcon_core.package_identification:_identify(src/ph_controller) by extensions ['ignore', 'ignore_ament_install']
[1.055s] Level 1:colcon.colcon_core.package_identification:_identify(src/ph_controller) by extension 'ignore'
[1.055s] Level 1:colcon.colcon_core.package_identification:_identify(src/ph_controller) by extension 'ignore_ament_install'
[1.055s] Level 1:colcon.colcon_core.package_identification:_identify(src/ph_controller) by extensions ['colcon_pkg']
[1.056s] Level 1:colcon.colcon_core.package_identification:_identify(src/ph_controller) by extension 'colcon_pkg'
[1.056s] Level 1:colcon.colcon_core.package_identification:_identify(src/ph_controller) by extensions ['colcon_meta']
[1.056s] Level 1:colcon.colcon_core.package_identification:_identify(src/ph_controller) by extension 'colcon_meta'
[1.057s] Level 1:colcon.colcon_core.package_identification:_identify(src/ph_controller) by extensions ['ros']
[1.057s] Level 1:colcon.colcon_core.package_identification:_identify(src/ph_controller) by extension 'ros'
[1.059s] DEBUG:colcon.colcon_core.package_identification:Package 'src/ph_controller' with type 'ros.ament_python' and name 'ph_controller'
[1.060s] Level 1:colcon.colcon_core.package_identification:_identify(src/ph_sensor) by extensions ['ignore', 'ignore_ament_install']
[1.060s] Level 1:colcon.colcon_core.package_identification:_identify(src/ph_sensor) by extension 'ignore'
[1.060s] Level 1:colcon.colcon_core.package_identification:_identify(src/ph_sensor) by extension 'ignore_ament_install'
[1.061s] Level 1:colcon.colcon_core.package_identification:_identify(src/ph_sensor) by extensions ['colcon_pkg']
[1.061s] Level 1:colcon.colcon_core.package_identification:_identify(src/ph_sensor) by extension 'colcon_pkg'
[1.061s] Level 1:colcon.colcon_core.package_identification:_identify(src/ph_sensor) by extensions ['colcon_meta']
[1.061s] Level 1:colcon.colcon_core.package_identification:_identify(src/ph_sensor) by extension 'colcon_meta'
[1.061s] Level 1:colcon.colcon_core.package_identification:_identify(src/ph_sensor) by extensions ['ros']
[1.061s] Level 1:colcon.colcon_core.package_identification:_identify(src/ph_sensor) by extension 'ros'
[1.064s] DEBUG:colcon.colcon_core.package_identification:Package 'src/ph_sensor' with type 'ros.ament_python' and name 'ph_sensor'
[1.064s] Level 1:colcon.colcon_core.package_identification:_identify(src/utils) by extensions ['ignore', 'ignore_ament_install']
[1.065s] Level 1:colcon.colcon_core.package_identification:_identify(src/utils) by extension 'ignore'
[1.065s] Level 1:colcon.colcon_core.package_identification:_identify(src/utils) by extension 'ignore_ament_install'
[1.065s] Level 1:colcon.colcon_core.package_identification:_identify(src/utils) by extensions ['colcon_pkg']
[1.066s] Level 1:colcon.colcon_core.package_identification:_identify(src/utils) by extension 'colcon_pkg'
[1.066s] Level 1:colcon.colcon_core.package_identification:_identify(src/utils) by extensions ['colcon_meta']
[1.066s] Level 1:colcon.colcon_core.package_identification:_identify(src/utils) by extension 'colcon_meta'
[1.066s] Level 1:colcon.colcon_core.package_identification:_identify(src/utils) by extensions ['ros']
[1.066s] Level 1:colcon.colcon_core.package_identification:_identify(src/utils) by extension 'ros'
[1.068s] DEBUG:colcon.colcon_core.package_identification:Package 'src/utils' with type 'ros.ament_python' and name 'utils'
[1.069s] Level 1:colcon.colcon_core.package_identification:_identify(tools) by extensions ['ignore', 'ignore_ament_install']
[1.069s] Level 1:colcon.colcon_core.package_identification:_identify(tools) by extension 'ignore'
[1.069s] Level 1:colcon.colcon_core.package_identification:_identify(tools) by extension 'ignore_ament_install'
[1.070s] Level 1:colcon.colcon_core.package_identification:_identify(tools) by extensions ['colcon_pkg']
[1.070s] Level 1:colcon.colcon_core.package_identification:_identify(tools) by extension 'colcon_pkg'
[1.070s] Level 1:colcon.colcon_core.package_identification:_identify(tools) by extensions ['colcon_meta']
[1.070s] Level 1:colcon.colcon_core.package_identification:_identify(tools) by extension 'colcon_meta'
[1.070s] Level 1:colcon.colcon_core.package_identification:_identify(tools) by extensions ['ros']
[1.070s] Level 1:colcon.colcon_core.package_identification:_identify(tools) by extension 'ros'
[1.071s] Level 1:colcon.colcon_core.package_identification:_identify(tools) by extensions ['cmake', 'python']
[1.071s] Level 1:colcon.colcon_core.package_identification:_identify(tools) by extension 'cmake'
[1.071s] Level 1:colcon.colcon_core.package_identification:_identify(tools) by extension 'python'
[1.071s] Level 1:colcon.colcon_core.package_identification:_identify(tools) by extensions ['python_setup_py']
[1.071s] Level 1:colcon.colcon_core.package_identification:_identify(tools) by extension 'python_setup_py'
[1.071s] Level 1:colcon.colcon_core.package_discovery:discover_packages(recursive) using defaults
[1.072s] Level 1:colcon.colcon_core.package_discovery:discover_packages(ignore) discover
[1.072s] Level 1:colcon.colcon_core.package_discovery:discover_packages(ignore) using defaults
[1.072s] Level 1:colcon.colcon_core.package_discovery:discover_packages(path) discover
[1.072s] Level 1:colcon.colcon_core.package_discovery:discover_packages(path) using defaults
[1.182s] Level 5:colcon.colcon_core.verb:set package 'brain' build argument 'cmake_args' from command line to 'None'
[1.183s] Level 5:colcon.colcon_core.verb:set package 'brain' build argument 'cmake_target' from command line to 'None'
[1.183s] Level 5:colcon.colcon_core.verb:set package 'brain' build argument 'cmake_target_skip_unavailable' from command line to 'False'
[1.183s] Level 5:colcon.colcon_core.verb:set package 'brain' build argument 'cmake_clean_cache' from command line to 'False'
[1.183s] Level 5:colcon.colcon_core.verb:set package 'brain' build argument 'cmake_clean_first' from command line to 'False'
[1.183s] Level 5:colcon.colcon_core.verb:set package 'brain' build argument 'cmake_force_configure' from command line to 'False'
[1.183s] Level 5:colcon.colcon_core.verb:set package 'brain' build argument 'ament_cmake_args' from command line to 'None'
[1.184s] Level 5:colcon.colcon_core.verb:set package 'brain' build argument 'catkin_cmake_args' from command line to 'None'
[1.184s] Level 5:colcon.colcon_core.verb:set package 'brain' build argument 'catkin_skip_building_tests' from command line to 'False'
[1.184s] DEBUG:colcon.colcon_core.verb:Building package 'brain' with the following arguments: {'ament_cmake_args': None, 'build_base': '/workspace/ph_sys_ws/build/brain', 'catkin_cmake_args': None, 'catkin_skip_building_tests': False, 'cmake_args': None, 'cmake_clean_cache': False, 'cmake_clean_first': False, 'cmake_force_configure': False, 'cmake_target': None, 'cmake_target_skip_unavailable': False, 'install_base': '/workspace/ph_sys_ws/install/brain', 'merge_install': False, 'path': '/workspace/ph_sys_ws/src/brain', 'symlink_install': True, 'test_result_base': None}
[1.185s] Level 5:colcon.colcon_core.verb:set package 'external' build argument 'cmake_args' from command line to 'None'
[1.185s] Level 5:colcon.colcon_core.verb:set package 'external' build argument 'cmake_target' from command line to 'None'
[1.186s] Level 5:colcon.colcon_core.verb:set package 'external' build argument 'cmake_target_skip_unavailable' from command line to 'False'
[1.186s] Level 5:colcon.colcon_core.verb:set package 'external' build argument 'cmake_clean_cache' from command line to 'False'
[1.186s] Level 5:colcon.colcon_core.verb:set package 'external' build argument 'cmake_clean_first' from command line to 'False'
[1.186s] Level 5:colcon.colcon_core.verb:set package 'external' build argument 'cmake_force_configure' from command line to 'False'
[1.186s] Level 5:colcon.colcon_core.verb:set package 'external' build argument 'ament_cmake_args' from command line to 'None'
[1.186s] Level 5:colcon.colcon_core.verb:set package 'external' build argument 'catkin_cmake_args' from command line to 'None'
[1.186s] Level 5:colcon.colcon_core.verb:set package 'external' build argument 'catkin_skip_building_tests' from command line to 'False'
[1.186s] DEBUG:colcon.colcon_core.verb:Building package 'external' with the following arguments: {'ament_cmake_args': None, 'build_base': '/workspace/ph_sys_ws/build/external', 'catkin_cmake_args': None, 'catkin_skip_building_tests': False, 'cmake_args': None, 'cmake_clean_cache': False, 'cmake_clean_first': False, 'cmake_force_configure': False, 'cmake_target': None, 'cmake_target_skip_unavailable': False, 'install_base': '/workspace/ph_sys_ws/install/external', 'merge_install': False, 'path': '/workspace/ph_sys_ws/src/external', 'symlink_install': True, 'test_result_base': None}
[1.188s] Level 5:colcon.colcon_core.verb:set package 'first_package' build argument 'cmake_args' from command line to 'None'
[1.188s] Level 5:colcon.colcon_core.verb:set package 'first_package' build argument 'cmake_target' from command line to 'None'
[1.188s] Level 5:colcon.colcon_core.verb:set package 'first_package' build argument 'cmake_target_skip_unavailable' from command line to 'False'
[1.188s] Level 5:colcon.colcon_core.verb:set package 'first_package' build argument 'cmake_clean_cache' from command line to 'False'
[1.188s] Level 5:colcon.colcon_core.verb:set package 'first_package' build argument 'cmake_clean_first' from command line to 'False'
[1.188s] Level 5:colcon.colcon_core.verb:set package 'first_package' build argument 'cmake_force_configure' from command line to 'False'
[1.189s] Level 5:colcon.colcon_core.verb:set package 'first_package' build argument 'ament_cmake_args' from command line to 'None'
[1.189s] Level 5:colcon.colcon_core.verb:set package 'first_package' build argument 'catkin_cmake_args' from command line to 'None'
[1.189s] Level 5:colcon.colcon_core.verb:set package 'first_package' build argument 'catkin_skip_building_tests' from command line to 'False'
[1.189s] DEBUG:colcon.colcon_core.verb:Building package 'first_package' with the following arguments: {'ament_cmake_args': None, 'build_base': '/workspace/ph_sys_ws/build/first_package', 'catkin_cmake_args': None, 'catkin_skip_building_tests': False, 'cmake_args': None, 'cmake_clean_cache': False, 'cmake_clean_first': False, 'cmake_force_configure': False, 'cmake_target': None, 'cmake_target_skip_unavailable': False, 'install_base': '/workspace/ph_sys_ws/install/first_package', 'merge_install': False, 'path': '/workspace/ph_sys_ws/src/first_package', 'symlink_install': True, 'test_result_base': None}
[1.190s] Level 5:colcon.colcon_core.verb:set package 'hardware' build argument 'cmake_args' from command line to 'None'
[1.190s] Level 5:colcon.colcon_core.verb:set package 'hardware' build argument 'cmake_target' from command line to 'None'
[1.190s] Level 5:colcon.colcon_core.verb:set package 'hardware' build argument 'cmake_target_skip_unavailable' from command line to 'False'
[1.191s] Level 5:colcon.colcon_core.verb:set package 'hardware' build argument 'cmake_clean_cache' from command line to 'False'
[1.191s] Level 5:colcon.colcon_core.verb:set package 'hardware' build argument 'cmake_clean_first' from command line to 'False'
[1.191s] Level 5:colcon.colcon_core.verb:set package 'hardware' build argument 'cmake_force_configure' from command line to 'False'
[1.191s] Level 5:colcon.colcon_core.verb:set package 'hardware' build argument 'ament_cmake_args' from command line to 'None'
[1.191s] Level 5:colcon.colcon_core.verb:set package 'hardware' build argument 'catkin_cmake_args' from command line to 'None'
[1.191s] Level 5:colcon.colcon_core.verb:set package 'hardware' build argument 'catkin_skip_building_tests' from command line to 'False'
[1.191s] DEBUG:colcon.colcon_core.verb:Building package 'hardware' with the following arguments: {'ament_cmake_args': None, 'build_base': '/workspace/ph_sys_ws/build/hardware', 'catkin_cmake_args': None, 'catkin_skip_building_tests': False, 'cmake_args': None, 'cmake_clean_cache': False, 'cmake_clean_first': False, 'cmake_force_configure': False, 'cmake_target': None, 'cmake_target_skip_unavailable': False, 'install_base': '/workspace/ph_sys_ws/install/hardware', 'merge_install': False, 'path': '/workspace/ph_sys_ws/src/hardware', 'symlink_install': True, 'test_result_base': None}
[1.193s] Level 5:colcon.colcon_core.verb:set package 'interfaces' build argument 'cmake_args' from command line to 'None'
[1.193s] Level 5:colcon.colcon_core.verb:set package 'interfaces' build argument 'cmake_target' from command line to 'None'
[1.193s] Level 5:colcon.colcon_core.verb:set package 'interfaces' build argument 'cmake_target_skip_unavailable' from command line to 'False'
[1.193s] Level 5:colcon.colcon_core.verb:set package 'interfaces' build argument 'cmake_clean_cache' from command line to 'False'
[1.193s] Level 5:colcon.colcon_core.verb:set package 'interfaces' build argument 'cmake_clean_first' from command line to 'False'
[1.193s] Level 5:colcon.colcon_core.verb:set package 'interfaces' build argument 'cmake_force_configure' from command line to 'False'
[1.193s] Level 5:colcon.colcon_core.verb:set package 'interfaces' build argument 'ament_cmake_args' from command line to 'None'
[1.193s] Level 5:colcon.colcon_core.verb:set package 'interfaces' build argument 'catkin_cmake_args' from command line to 'None'
[1.193s] Level 5:colcon.colcon_core.verb:set package 'interfaces' build argument 'catkin_skip_building_tests' from command line to 'False'
[1.193s] DEBUG:colcon.colcon_core.verb:Building package 'interfaces' with the following arguments: {'ament_cmake_args': None, 'build_base': '/workspace/ph_sys_ws/build/interfaces', 'catkin_cmake_args': None, 'catkin_skip_building_tests': False, 'cmake_args': None, 'cmake_clean_cache': False, 'cmake_clean_first': False, 'cmake_force_configure': False, 'cmake_target': None, 'cmake_target_skip_unavailable': False, 'install_base': '/workspace/ph_sys_ws/install/interfaces', 'merge_install': False, 'path': '/workspace/ph_sys_ws/src/interfaces', 'symlink_install': True, 'test_result_base': None}
[1.195s] Level 5:colcon.colcon_core.verb:set package 'peristaltic_pump' build argument 'cmake_args' from command line to 'None'
[1.195s] Level 5:colcon.colcon_core.verb:set package 'peristaltic_pump' build argument 'cmake_target' from command line to 'None'
[1.195s] Level 5:colcon.colcon_core.verb:set package 'peristaltic_pump' build argument 'cmake_target_skip_unavailable' from command line to 'False'
[1.195s] Level 5:colcon.colcon_core.verb:set package 'peristaltic_pump' build argument 'cmake_clean_cache' from command line to 'False'
[1.195s] Level 5:colcon.colcon_core.verb:set package 'peristaltic_pump' build argument 'cmake_clean_first' from command line to 'False'
[1.195s] Level 5:colcon.colcon_core.verb:set package 'peristaltic_pump' build argument 'cmake_force_configure' from command line to 'False'
[1.195s] Level 5:colcon.colcon_core.verb:set package 'peristaltic_pump' build argument 'ament_cmake_args' from command line to 'None'
[1.195s] Level 5:colcon.colcon_core.verb:set package 'peristaltic_pump' build argument 'catkin_cmake_args' from command line to 'None'
[1.196s] Level 5:colcon.colcon_core.verb:set package 'peristaltic_pump' build argument 'catkin_skip_building_tests' from command line to 'False'
[1.196s] DEBUG:colcon.colcon_core.verb:Building package 'peristaltic_pump' with the following arguments: {'ament_cmake_args': None, 'build_base': '/workspace/ph_sys_ws/build/peristaltic_pump', 'catkin_cmake_args': None, 'catkin_skip_building_tests': False, 'cmake_args': None, 'cmake_clean_cache': False, 'cmake_clean_first': False, 'cmake_force_configure': False, 'cmake_target': None, 'cmake_target_skip_unavailable': False, 'install_base': '/workspace/ph_sys_ws/install/peristaltic_pump', 'merge_install': False, 'path': '/workspace/ph_sys_ws/src/peristaltic_pump', 'symlink_install': True, 'test_result_base': None}
[1.197s] Level 5:colcon.colcon_core.verb:set package 'ph_controller' build argument 'cmake_args' from command line to 'None'
[1.197s] Level 5:colcon.colcon_core.verb:set package 'ph_controller' build argument 'cmake_target' from command line to 'None'
[1.197s] Level 5:colcon.colcon_core.verb:set package 'ph_controller' build argument 'cmake_target_skip_unavailable' from command line to 'False'
[1.198s] Level 5:colcon.colcon_core.verb:set package 'ph_controller' build argument 'cmake_clean_cache' from command line to 'False'
[1.198s] Level 5:colcon.colcon_core.verb:set package 'ph_controller' build argument 'cmake_clean_first' from command line to 'False'
[1.198s] Level 5:colcon.colcon_core.verb:set package 'ph_controller' build argument 'cmake_force_configure' from command line to 'False'
[1.198s] Level 5:colcon.colcon_core.verb:set package 'ph_controller' build argument 'ament_cmake_args' from command line to 'None'
[1.198s] Level 5:colcon.colcon_core.verb:set package 'ph_controller' build argument 'catkin_cmake_args' from command line to 'None'
[1.198s] Level 5:colcon.colcon_core.verb:set package 'ph_controller' build argument 'catkin_skip_building_tests' from command line to 'False'
[1.198s] DEBUG:colcon.colcon_core.verb:Building package 'ph_controller' with the following arguments: {'ament_cmake_args': None, 'build_base': '/workspace/ph_sys_ws/build/ph_controller', 'catkin_cmake_args': None, 'catkin_skip_building_tests': False, 'cmake_args': None, 'cmake_clean_cache': False, 'cmake_clean_first': False, 'cmake_force_configure': False, 'cmake_target': None, 'cmake_target_skip_unavailable': False, 'install_base': '/workspace/ph_sys_ws/install/ph_controller', 'merge_install': False, 'path': '/workspace/ph_sys_ws/src/ph_controller', 'symlink_install': True, 'test_result_base': None}
[1.200s] Level 5:colcon.colcon_core.verb:set package 'ph_sensor' build argument 'cmake_args' from command line to 'None'
[1.200s] Level 5:colcon.colcon_core.verb:set package 'ph_sensor' build argument 'cmake_target' from command line to 'None'
[1.200s] Level 5:colcon.colcon_core.verb:set package 'ph_sensor' build argument 'cmake_target_skip_unavailable' from command line to 'False'
[1.200s] Level 5:colcon.colcon_core.verb:set package 'ph_sensor' build argument 'cmake_clean_cache' from command line to 'False'
[1.200s] Level 5:colcon.colcon_core.verb:set package 'ph_sensor' build argument 'cmake_clean_first' from command line to 'False'
[1.201s] Level 5:colcon.colcon_core.verb:set package 'ph_sensor' build argument 'cmake_force_configure' from command line to 'False'
[1.201s] Level 5:colcon.colcon_core.verb:set package 'ph_sensor' build argument 'ament_cmake_args' from command line to 'None'
[1.201s] Level 5:colcon.colcon_core.verb:set package 'ph_sensor' build argument 'catkin_cmake_args' from command line to 'None'
[1.201s] Level 5:colcon.colcon_core.verb:set package 'ph_sensor' build argument 'catkin_skip_building_tests' from command line to 'False'
[1.201s] DEBUG:colcon.colcon_core.verb:Building package 'ph_sensor' with the following arguments: {'ament_cmake_args': None, 'build_base': '/workspace/ph_sys_ws/build/ph_sensor', 'catkin_cmake_args': None, 'catkin_skip_building_tests': False, 'cmake_args': None, 'cmake_clean_cache': False, 'cmake_clean_first': False, 'cmake_force_configure': False, 'cmake_target': None, 'cmake_target_skip_unavailable': False, 'install_base': '/workspace/ph_sys_ws/install/ph_sensor', 'merge_install': False, 'path': '/workspace/ph_sys_ws/src/ph_sensor', 'symlink_install': True, 'test_result_base': None}
[1.202s] Level 5:colcon.colcon_core.verb:set package 'utils' build argument 'cmake_args' from command line to 'None'
[1.203s] Level 5:colcon.colcon_core.verb:set package 'utils' build argument 'cmake_target' from command line to 'None'
[1.203s] Level 5:colcon.colcon_core.verb:set package 'utils' build argument 'cmake_target_skip_unavailable' from command line to 'False'
[1.203s] Level 5:colcon.colcon_core.verb:set package 'utils' build argument 'cmake_clean_cache' from command line to 'False'
[1.203s] Level 5:colcon.colcon_core.verb:set package 'utils' build argument 'cmake_clean_first' from command line to 'False'
[1.203s] Level 5:colcon.colcon_core.verb:set package 'utils' build argument 'cmake_force_configure' from command line to 'False'
[1.203s] Level 5:colcon.colcon_core.verb:set package 'utils' build argument 'ament_cmake_args' from command line to 'None'
[1.203s] Level 5:colcon.colcon_core.verb:set package 'utils' build argument 'catkin_cmake_args' from command line to 'None'
[1.203s] Level 5:colcon.colcon_core.verb:set package 'utils' build argument 'catkin_skip_building_tests' from command line to 'False'
[1.204s] DEBUG:colcon.colcon_core.verb:Building package 'utils' with the following arguments: {'ament_cmake_args': None, 'build_base': '/workspace/ph_sys_ws/build/utils', 'catkin_cmake_args': None, 'catkin_skip_building_tests': False, 'cmake_args': None, 'cmake_clean_cache': False, 'cmake_clean_first': False, 'cmake_force_configure': False, 'cmake_target': None, 'cmake_target_skip_unavailable': False, 'install_base': '/workspace/ph_sys_ws/install/utils', 'merge_install': False, 'path': '/workspace/ph_sys_ws/src/utils', 'symlink_install': True, 'test_result_base': None}
[1.204s] INFO:colcon.colcon_core.executor:Executing jobs using 'parallel' executor
[1.207s] DEBUG:colcon.colcon_parallel_executor.executor.parallel:run_until_complete
[1.208s] INFO:colcon.colcon_ros.task.ament_python.build:Building ROS package in '/workspace/ph_sys_ws/src/brain' with build type 'ament_python'
[1.209s] Level 1:colcon.colcon_core.shell:create_environment_hook('brain', 'ament_prefix_path')
[1.218s] INFO:colcon.colcon_core.plugin_system:Skipping extension 'colcon_core.shell.bat': Not used on non-Windows systems
[1.219s] INFO:colcon.colcon_core.shell:Creating environment hook '/workspace/ph_sys_ws/install/brain/share/brain/hook/ament_prefix_path.ps1'
[1.221s] INFO:colcon.colcon_core.shell:Creating environment descriptor '/workspace/ph_sys_ws/install/brain/share/brain/hook/ament_prefix_path.dsv'
[1.223s] INFO:colcon.colcon_core.shell:Creating environment hook '/workspace/ph_sys_ws/install/brain/share/brain/hook/ament_prefix_path.sh'
[1.226s] INFO:colcon.colcon_core.shell:Skip shell extension 'powershell' for command environment: Not usable outside of PowerShell
[1.226s] DEBUG:colcon.colcon_core.shell:Skip shell extension 'dsv' for command environment
[1.238s] INFO:colcon.colcon_ros.task.ament_python.build:Building ROS package in '/workspace/ph_sys_ws/src/external' with build type 'ament_python'
[1.239s] Level 1:colcon.colcon_core.shell:create_environment_hook('external', 'ament_prefix_path')
[1.241s] INFO:colcon.colcon_core.shell:Creating environment hook '/workspace/ph_sys_ws/install/external/share/external/hook/ament_prefix_path.ps1'
[1.243s] INFO:colcon.colcon_core.shell:Creating environment descriptor '/workspace/ph_sys_ws/install/external/share/external/hook/ament_prefix_path.dsv'
[1.246s] INFO:colcon.colcon_core.shell:Creating environment hook '/workspace/ph_sys_ws/install/external/share/external/hook/ament_prefix_path.sh'
[1.248s] INFO:colcon.colcon_core.shell:Skip shell extension 'powershell' for command environment: Not usable outside of PowerShell
[1.248s] DEBUG:colcon.colcon_core.shell:Skip shell extension 'dsv' for command environment
[1.255s] INFO:colcon.colcon_ros.task.ament_python.build:Building ROS package in '/workspace/ph_sys_ws/src/first_package' with build type 'ament_python'
[1.256s] Level 1:colcon.colcon_core.shell:create_environment_hook('first_package', 'ament_prefix_path')
[1.257s] INFO:colcon.colcon_core.shell:Creating environment hook '/workspace/ph_sys_ws/install/first_package/share/first_package/hook/ament_prefix_path.ps1'
[1.259s] INFO:colcon.colcon_core.shell:Creating environment descriptor '/workspace/ph_sys_ws/install/first_package/share/first_package/hook/ament_prefix_path.dsv'
[1.261s] INFO:colcon.colcon_core.shell:Creating environment hook '/workspace/ph_sys_ws/install/first_package/share/first_package/hook/ament_prefix_path.sh'
[1.264s] INFO:colcon.colcon_core.shell:Skip shell extension 'powershell' for command environment: Not usable outside of PowerShell
[1.264s] DEBUG:colcon.colcon_core.shell:Skip shell extension 'dsv' for command environment
[1.271s] INFO:colcon.colcon_ros.task.ament_python.build:Building ROS package in '/workspace/ph_sys_ws/src/hardware' with build type 'ament_python'
[1.271s] Level 1:colcon.colcon_core.shell:create_environment_hook('hardware', 'ament_prefix_path')
[1.273s] INFO:colcon.colcon_core.shell:Creating environment hook '/workspace/ph_sys_ws/install/hardware/share/hardware/hook/ament_prefix_path.ps1'
[1.275s] INFO:colcon.colcon_core.shell:Creating environment descriptor '/workspace/ph_sys_ws/install/hardware/share/hardware/hook/ament_prefix_path.dsv'
[1.277s] INFO:colcon.colcon_core.shell:Creating environment hook '/workspace/ph_sys_ws/install/hardware/share/hardware/hook/ament_prefix_path.sh'
[1.279s] INFO:colcon.colcon_core.shell:Skip shell extension 'powershell' for command environment: Not usable outside of PowerShell
[1.279s] DEBUG:colcon.colcon_core.shell:Skip shell extension 'dsv' for command environment
[2.146s] INFO:colcon.colcon_core.task.python.build:Building Python package in '/workspace/ph_sys_ws/src/brain'
[2.147s] INFO:colcon.colcon_core.shell:Skip shell extension 'powershell' for command environment: Not usable outside of PowerShell
[2.147s] DEBUG:colcon.colcon_core.shell:Skip shell extension 'dsv' for command environment
[2.992s] INFO:colcon.colcon_core.task.python.build:Building Python package in '/workspace/ph_sys_ws/src/external'
[2.993s] INFO:colcon.colcon_core.shell:Skip shell extension 'powershell' for command environment: Not usable outside of PowerShell
[2.993s] DEBUG:colcon.colcon_core.shell:Skip shell extension 'dsv' for command environment
[3.962s] INFO:colcon.colcon_core.task.python.build:Building Python package in '/workspace/ph_sys_ws/src/first_package'
[3.963s] INFO:colcon.colcon_core.shell:Skip shell extension 'powershell' for command environment: Not usable outside of PowerShell
[3.963s] DEBUG:colcon.colcon_core.shell:Skip shell extension 'dsv' for command environment
[4.901s] INFO:colcon.colcon_core.task.python.build:Building Python package in '/workspace/ph_sys_ws/src/hardware'
[4.902s] INFO:colcon.colcon_core.shell:Skip shell extension 'powershell' for command environment: Not usable outside of PowerShell
[4.902s] DEBUG:colcon.colcon_core.shell:Skip shell extension 'dsv' for command environment
[6.876s] DEBUG:colcon.colcon_core.event_handler.log_command:Invoking command in '/workspace/ph_sys_ws/build/brain': PYTHONPATH=/workspace/ph_sys_ws/build/brain/prefix_override:/usr/lib/python3/dist-packages/colcon_core/task/python/colcon_distutils_commands:/workspace/ph_sys_ws/install/brain/lib/python3.10/site-packages:${PYTHONPATH} /usr/bin/python3 -W ignore:setup.py install is deprecated -W ignore:easy_install command is deprecated setup.py develop --editable --build-directory /workspace/ph_sys_ws/build/brain/build --no-deps symlink_data
[6.917s] DEBUG:colcon.colcon_core.event_handler.log_command:Invoking command in '/workspace/ph_sys_ws/build/external': PYTHONPATH=/workspace/ph_sys_ws/build/external/prefix_override:/usr/lib/python3/dist-packages/colcon_core/task/python/colcon_distutils_commands:/workspace/ph_sys_ws/install/external/lib/python3.10/site-packages:${PYTHONPATH} /usr/bin/python3 -W ignore:setup.py install is deprecated -W ignore:easy_install command is deprecated setup.py develop --editable --build-directory /workspace/ph_sys_ws/build/external/build --no-deps symlink_data
[6.939s] DEBUG:colcon.colcon_core.event_handler.log_command:Invoking command in '/workspace/ph_sys_ws/build/hardware': PYTHONPATH=/workspace/ph_sys_ws/build/hardware/prefix_override:/usr/lib/python3/dist-packages/colcon_core/task/python/colcon_distutils_commands:/workspace/ph_sys_ws/install/hardware/lib/python3.10/site-packages:${PYTHONPATH} /usr/bin/python3 -W ignore:setup.py install is deprecated -W ignore:easy_install command is deprecated setup.py develop --editable --build-directory /workspace/ph_sys_ws/build/hardware/build --no-deps symlink_data
[6.954s] DEBUG:colcon.colcon_core.event_handler.log_command:Invoking command in '/workspace/ph_sys_ws/build/first_package': PYTHONPATH=/workspace/ph_sys_ws/build/first_package/prefix_override:/usr/lib/python3/dist-packages/colcon_core/task/python/colcon_distutils_commands:/workspace/ph_sys_ws/install/first_package/lib/python3.10/site-packages:${PYTHONPATH} /usr/bin/python3 -W ignore:setup.py install is deprecated -W ignore:easy_install command is deprecated setup.py develop --editable --build-directory /workspace/ph_sys_ws/build/first_package/build --no-deps symlink_data
[9.346s] Level 1:colcon.colcon_core.shell:create_environment_hook('first_package', 'pythonpath_develop')
[9.354s] INFO:colcon.colcon_core.shell:Creating environment hook '/workspace/ph_sys_ws/build/first_package/share/first_package/hook/pythonpath_develop.ps1'
[9.362s] INFO:colcon.colcon_core.shell:Creating environment descriptor '/workspace/ph_sys_ws/build/first_package/share/first_package/hook/pythonpath_develop.dsv'
[9.369s] DEBUG:colcon.colcon_core.event_handler.log_command:Invoked command in '/workspace/ph_sys_ws/build/first_package' returned '0': PYTHONPATH=/workspace/ph_sys_ws/build/first_package/prefix_override:/usr/lib/python3/dist-packages/colcon_core/task/python/colcon_distutils_commands:/workspace/ph_sys_ws/install/first_package/lib/python3.10/site-packages:${PYTHONPATH} /usr/bin/python3 -W ignore:setup.py install is deprecated -W ignore:easy_install command is deprecated setup.py develop --editable --build-directory /workspace/ph_sys_ws/build/first_package/build --no-deps symlink_data
[9.372s] INFO:colcon.colcon_core.shell:Creating environment hook '/workspace/ph_sys_ws/build/first_package/share/first_package/hook/pythonpath_develop.sh'
[9.451s] Level 1:colcon.colcon_core.environment:checking '/workspace/ph_sys_ws/install/first_package' for CMake module files
[9.475s] Level 1:colcon.colcon_core.environment:checking '/workspace/ph_sys_ws/install/first_package' for CMake config files
[9.480s] Level 1:colcon.colcon_core.environment:checking '/workspace/ph_sys_ws/install/first_package/lib'
[9.482s] Level 1:colcon.colcon_core.environment:checking '/workspace/ph_sys_ws/install/first_package/bin'
[9.483s] Level 1:colcon.colcon_core.environment:checking '/workspace/ph_sys_ws/install/first_package/lib/pkgconfig/first_package.pc'
[9.484s] Level 1:colcon.colcon_core.environment:checking '/workspace/ph_sys_ws/install/first_package/lib/python3.10/site-packages'
[9.484s] Level 1:colcon.colcon_core.shell:create_environment_hook('first_package', 'pythonpath')
[9.485s] INFO:colcon.colcon_core.shell:Creating environment hook '/workspace/ph_sys_ws/install/first_package/share/first_package/hook/pythonpath.ps1'
[9.490s] INFO:colcon.colcon_core.shell:Creating environment descriptor '/workspace/ph_sys_ws/install/first_package/share/first_package/hook/pythonpath.dsv'
[9.497s] INFO:colcon.colcon_core.shell:Creating environment hook '/workspace/ph_sys_ws/install/first_package/share/first_package/hook/pythonpath.sh'
[9.500s] Level 1:colcon.colcon_core.environment:checking '/workspace/ph_sys_ws/install/first_package/bin'
[9.502s] Level 1:colcon.colcon_core.environment:create_environment_scripts_only(first_package)
[9.503s] INFO:colcon.colcon_core.shell:Creating package script '/workspace/ph_sys_ws/install/first_package/share/first_package/package.ps1'
[9.508s] INFO:colcon.colcon_core.shell:Creating package descriptor '/workspace/ph_sys_ws/install/first_package/share/first_package/package.dsv'
[9.513s] INFO:colcon.colcon_core.shell:Creating package script '/workspace/ph_sys_ws/install/first_package/share/first_package/package.sh'
[9.522s] INFO:colcon.colcon_core.shell:Creating package script '/workspace/ph_sys_ws/install/first_package/share/first_package/package.bash'
[9.527s] INFO:colcon.colcon_core.shell:Creating package script '/workspace/ph_sys_ws/install/first_package/share/first_package/package.zsh'
[9.532s] Level 1:colcon.colcon_core.environment:create_file_with_runtime_dependencies(/workspace/ph_sys_ws/install/first_package/share/colcon-core/packages/first_package)
[9.538s] INFO:colcon.colcon_ros.task.ament_cmake.build:Building ROS package in '/workspace/ph_sys_ws/src/interfaces' with build type 'ament_cmake'
[9.539s] INFO:colcon.colcon_cmake.task.cmake.build:Building CMake package in '/workspace/ph_sys_ws/src/interfaces'
[9.540s] INFO:colcon.colcon_core.shell:Skip shell extension 'powershell' for command environment: Not usable outside of PowerShell
[9.541s] DEBUG:colcon.colcon_core.shell:Skip shell extension 'dsv' for command environment
[9.558s] Level 1:colcon.colcon_core.shell:create_environment_hook('brain', 'pythonpath_develop')
[9.559s] INFO:colcon.colcon_core.shell:Creating environment hook '/workspace/ph_sys_ws/build/brain/share/brain/hook/pythonpath_develop.ps1'
[9.561s] DEBUG:colcon.colcon_core.event_handler.log_command:Invoked command in '/workspace/ph_sys_ws/build/brain' returned '0': PYTHONPATH=/workspace/ph_sys_ws/build/brain/prefix_override:/usr/lib/python3/dist-packages/colcon_core/task/python/colcon_distutils_commands:/workspace/ph_sys_ws/install/brain/lib/python3.10/site-packages:${PYTHONPATH} /usr/bin/python3 -W ignore:setup.py install is deprecated -W ignore:easy_install command is deprecated setup.py develop --editable --build-directory /workspace/ph_sys_ws/build/brain/build --no-deps symlink_data
[9.565s] INFO:colcon.colcon_core.shell:Creating environment descriptor '/workspace/ph_sys_ws/build/brain/share/brain/hook/pythonpath_develop.dsv'
[9.567s] INFO:colcon.colcon_core.shell:Creating environment hook '/workspace/ph_sys_ws/build/brain/share/brain/hook/pythonpath_develop.sh'
[9.570s] Level 1:colcon.colcon_core.environment:checking '/workspace/ph_sys_ws/install/brain' for CMake module files
[9.571s] Level 1:colcon.colcon_core.environment:checking '/workspace/ph_sys_ws/install/brain' for CMake config files
[9.573s] Level 1:colcon.colcon_core.environment:checking '/workspace/ph_sys_ws/install/brain/lib'
[9.574s] Level 1:colcon.colcon_core.environment:checking '/workspace/ph_sys_ws/install/brain/bin'
[9.574s] Level 1:colcon.colcon_core.environment:checking '/workspace/ph_sys_ws/install/brain/lib/pkgconfig/brain.pc'
[9.575s] Level 1:colcon.colcon_core.environment:checking '/workspace/ph_sys_ws/install/brain/lib/python3.10/site-packages'
[9.576s] Level 1:colcon.colcon_core.shell:create_environment_hook('brain', 'pythonpath')
[9.577s] INFO:colcon.colcon_core.shell:Creating environment hook '/workspace/ph_sys_ws/install/brain/share/brain/hook/pythonpath.ps1'
[9.580s] INFO:colcon.colcon_core.shell:Creating environment descriptor '/workspace/ph_sys_ws/install/brain/share/brain/hook/pythonpath.dsv'
[9.582s] INFO:colcon.colcon_core.shell:Creating environment hook '/workspace/ph_sys_ws/install/brain/share/brain/hook/pythonpath.sh'
[9.584s] Level 1:colcon.colcon_core.environment:checking '/workspace/ph_sys_ws/install/brain/bin'
[9.585s] Level 1:colcon.colcon_core.environment:create_environment_scripts_only(brain)
[9.586s] INFO:colcon.colcon_core.shell:Creating package script '/workspace/ph_sys_ws/install/brain/share/brain/package.ps1'
[9.588s] INFO:colcon.colcon_core.shell:Creating package descriptor '/workspace/ph_sys_ws/install/brain/share/brain/package.dsv'
[9.590s] INFO:colcon.colcon_core.shell:Creating package script '/workspace/ph_sys_ws/install/brain/share/brain/package.sh'
[9.592s] INFO:colcon.colcon_core.shell:Creating package script '/workspace/ph_sys_ws/install/brain/share/brain/package.bash'
[9.594s] INFO:colcon.colcon_core.shell:Creating package script '/workspace/ph_sys_ws/install/brain/share/brain/package.zsh'
[9.596s] Level 1:colcon.colcon_core.environment:create_file_with_runtime_dependencies(/workspace/ph_sys_ws/install/brain/share/colcon-core/packages/brain)
[9.597s] Level 1:colcon.colcon_core.shell:create_environment_hook('external', 'pythonpath_develop')
[9.599s] INFO:colcon.colcon_core.shell:Creating environment hook '/workspace/ph_sys_ws/build/external/share/external/hook/pythonpath_develop.ps1'
[9.603s] DEBUG:colcon.colcon_core.event_handler.log_command:Invoked command in '/workspace/ph_sys_ws/build/external' returned '0': PYTHONPATH=/workspace/ph_sys_ws/build/external/prefix_override:/usr/lib/python3/dist-packages/colcon_core/task/python/colcon_distutils_commands:/workspace/ph_sys_ws/install/external/lib/python3.10/site-packages:${PYTHONPATH} /usr/bin/python3 -W ignore:setup.py install is deprecated -W ignore:easy_install command is deprecated setup.py develop --editable --build-directory /workspace/ph_sys_ws/build/external/build --no-deps symlink_data
[9.603s] INFO:colcon.colcon_core.shell:Creating environment descriptor '/workspace/ph_sys_ws/build/external/share/external/hook/pythonpath_develop.dsv'
[9.605s] INFO:colcon.colcon_core.shell:Creating environment hook '/workspace/ph_sys_ws/build/external/share/external/hook/pythonpath_develop.sh'
[9.607s] Level 1:colcon.colcon_core.environment:checking '/workspace/ph_sys_ws/install/external' for CMake module files
[9.609s] Level 1:colcon.colcon_core.environment:checking '/workspace/ph_sys_ws/install/external' for CMake config files
[9.611s] Level 1:colcon.colcon_core.environment:checking '/workspace/ph_sys_ws/install/external/lib'
[9.611s] Level 1:colcon.colcon_core.environment:checking '/workspace/ph_sys_ws/install/external/bin'
[9.611s] Level 1:colcon.colcon_core.environment:checking '/workspace/ph_sys_ws/install/external/lib/pkgconfig/external.pc'
[9.612s] Level 1:colcon.colcon_core.environment:checking '/workspace/ph_sys_ws/install/external/lib/python3.10/site-packages'
[9.612s] Level 1:colcon.colcon_core.shell:create_environment_hook('external', 'pythonpath')
[9.613s] INFO:colcon.colcon_core.shell:Creating environment hook '/workspace/ph_sys_ws/install/external/share/external/hook/pythonpath.ps1'
[9.615s] INFO:colcon.colcon_core.shell:Creating environment descriptor '/workspace/ph_sys_ws/install/external/share/external/hook/pythonpath.dsv'
[9.617s] INFO:colcon.colcon_core.shell:Creating environment hook '/workspace/ph_sys_ws/install/external/share/external/hook/pythonpath.sh'
[9.619s] Level 1:colcon.colcon_core.environment:checking '/workspace/ph_sys_ws/install/external/bin'
[9.619s] Level 1:colcon.colcon_core.environment:create_environment_scripts_only(external)
[9.621s] INFO:colcon.colcon_core.shell:Creating package script '/workspace/ph_sys_ws/install/external/share/external/package.ps1'
[9.623s] INFO:colcon.colcon_core.shell:Creating package descriptor '/workspace/ph_sys_ws/install/external/share/external/package.dsv'
[9.625s] INFO:colcon.colcon_core.shell:Creating package script '/workspace/ph_sys_ws/install/external/share/external/package.sh'
[9.627s] INFO:colcon.colcon_core.shell:Creating package script '/workspace/ph_sys_ws/install/external/share/external/package.bash'
[9.629s] INFO:colcon.colcon_core.shell:Creating package script '/workspace/ph_sys_ws/install/external/share/external/package.zsh'
[9.631s] Level 1:colcon.colcon_core.environment:create_file_with_runtime_dependencies(/workspace/ph_sys_ws/install/external/share/colcon-core/packages/external)
[9.633s] Level 1:colcon.colcon_core.shell:create_environment_hook('hardware', 'pythonpath_develop')
[9.635s] INFO:colcon.colcon_core.shell:Creating environment hook '/workspace/ph_sys_ws/build/hardware/share/hardware/hook/pythonpath_develop.ps1'
[9.637s] INFO:colcon.colcon_core.shell:Creating environment descriptor '/workspace/ph_sys_ws/build/hardware/share/hardware/hook/pythonpath_develop.dsv'
[9.639s] DEBUG:colcon.colcon_core.event_handler.log_command:Invoked command in '/workspace/ph_sys_ws/build/hardware' returned '0': PYTHONPATH=/workspace/ph_sys_ws/build/hardware/prefix_override:/usr/lib/python3/dist-packages/colcon_core/task/python/colcon_distutils_commands:/workspace/ph_sys_ws/install/hardware/lib/python3.10/site-packages:${PYTHONPATH} /usr/bin/python3 -W ignore:setup.py install is deprecated -W ignore:easy_install command is deprecated setup.py develop --editable --build-directory /workspace/ph_sys_ws/build/hardware/build --no-deps symlink_data
[9.639s] INFO:colcon.colcon_core.shell:Creating environment hook '/workspace/ph_sys_ws/build/hardware/share/hardware/hook/pythonpath_develop.sh'
[9.642s] Level 1:colcon.colcon_core.environment:checking '/workspace/ph_sys_ws/install/hardware' for CMake module files
[9.643s] Level 1:colcon.colcon_core.environment:checking '/workspace/ph_sys_ws/install/hardware' for CMake config files
[9.645s] Level 1:colcon.colcon_core.environment:checking '/workspace/ph_sys_ws/install/hardware/lib'
[9.645s] Level 1:colcon.colcon_core.environment:checking '/workspace/ph_sys_ws/install/hardware/bin'
[9.646s] Level 1:colcon.colcon_core.environment:checking '/workspace/ph_sys_ws/install/hardware/lib/pkgconfig/hardware.pc'
[9.646s] Level 1:colcon.colcon_core.environment:checking '/workspace/ph_sys_ws/install/hardware/lib/python3.10/site-packages'
[9.647s] Level 1:colcon.colcon_core.shell:create_environment_hook('hardware', 'pythonpath')
[9.648s] INFO:colcon.colcon_core.shell:Creating environment hook '/workspace/ph_sys_ws/install/hardware/share/hardware/hook/pythonpath.ps1'
[9.649s] INFO:colcon.colcon_core.shell:Creating environment descriptor '/workspace/ph_sys_ws/install/hardware/share/hardware/hook/pythonpath.dsv'
[9.651s] INFO:colcon.colcon_core.shell:Creating environment hook '/workspace/ph_sys_ws/install/hardware/share/hardware/hook/pythonpath.sh'
[9.653s] Level 1:colcon.colcon_core.environment:checking '/workspace/ph_sys_ws/install/hardware/bin'
[9.653s] Level 1:colcon.colcon_core.environment:create_environment_scripts_only(hardware)
[9.655s] INFO:colcon.colcon_core.shell:Creating package script '/workspace/ph_sys_ws/install/hardware/share/hardware/package.ps1'
[9.657s] INFO:colcon.colcon_core.shell:Creating package descriptor '/workspace/ph_sys_ws/install/hardware/share/hardware/package.dsv'
[9.659s] INFO:colcon.colcon_core.shell:Creating package script '/workspace/ph_sys_ws/install/hardware/share/hardware/package.sh'
[9.661s] INFO:colcon.colcon_core.shell:Creating package script '/workspace/ph_sys_ws/install/hardware/share/hardware/package.bash'
[9.663s] INFO:colcon.colcon_core.shell:Creating package script '/workspace/ph_sys_ws/install/hardware/share/hardware/package.zsh'
[9.664s] Level 1:colcon.colcon_core.environment:create_file_with_runtime_dependencies(/workspace/ph_sys_ws/install/hardware/share/colcon-core/packages/hardware)
[9.668s] INFO:colcon.colcon_ros.task.ament_python.build:Building ROS package in '/workspace/ph_sys_ws/src/peristaltic_pump' with build type 'ament_python'
[9.668s] Level 1:colcon.colcon_core.shell:create_environment_hook('peristaltic_pump', 'ament_prefix_path')
[9.670s] INFO:colcon.colcon_core.shell:Creating environment hook '/workspace/ph_sys_ws/install/peristaltic_pump/share/peristaltic_pump/hook/ament_prefix_path.ps1'
[9.672s] INFO:colcon.colcon_core.shell:Creating environment descriptor '/workspace/ph_sys_ws/install/peristaltic_pump/share/peristaltic_pump/hook/ament_prefix_path.dsv'
[9.674s] INFO:colcon.colcon_core.shell:Creating environment hook '/workspace/ph_sys_ws/install/peristaltic_pump/share/peristaltic_pump/hook/ament_prefix_path.sh'
[9.676s] INFO:colcon.colcon_core.shell:Skip shell extension 'powershell' for command environment: Not usable outside of PowerShell
[9.676s] DEBUG:colcon.colcon_core.shell:Skip shell extension 'dsv' for command environment
[9.684s] INFO:colcon.colcon_ros.task.ament_python.build:Building ROS package in '/workspace/ph_sys_ws/src/ph_controller' with build type 'ament_python'
[9.685s] Level 1:colcon.colcon_core.shell:create_environment_hook('ph_controller', 'ament_prefix_path')
[9.686s] INFO:colcon.colcon_core.shell:Creating environment hook '/workspace/ph_sys_ws/install/ph_controller/share/ph_controller/hook/ament_prefix_path.ps1'
[9.689s] INFO:colcon.colcon_core.shell:Creating environment descriptor '/workspace/ph_sys_ws/install/ph_controller/share/ph_controller/hook/ament_prefix_path.dsv'
[9.691s] INFO:colcon.colcon_core.shell:Creating environment hook '/workspace/ph_sys_ws/install/ph_controller/share/ph_controller/hook/ament_prefix_path.sh'
[9.694s] INFO:colcon.colcon_core.shell:Skip shell extension 'powershell' for command environment: Not usable outside of PowerShell
[9.695s] DEBUG:colcon.colcon_core.shell:Skip shell extension 'dsv' for command environment
[9.702s] INFO:colcon.colcon_ros.task.ament_python.build:Building ROS package in '/workspace/ph_sys_ws/src/ph_sensor' with build type 'ament_python'
[9.703s] Level 1:colcon.colcon_core.shell:create_environment_hook('ph_sensor', 'ament_prefix_path')
[9.705s] INFO:colcon.colcon_core.shell:Creating environment hook '/workspace/ph_sys_ws/install/ph_sensor/share/ph_sensor/hook/ament_prefix_path.ps1'
[9.707s] INFO:colcon.colcon_core.shell:Creating environment descriptor '/workspace/ph_sys_ws/install/ph_sensor/share/ph_sensor/hook/ament_prefix_path.dsv'
[9.709s] INFO:colcon.colcon_core.shell:Creating environment hook '/workspace/ph_sys_ws/install/ph_sensor/share/ph_sensor/hook/ament_prefix_path.sh'
[9.712s] INFO:colcon.colcon_core.shell:Skip shell extension 'powershell' for command environment: Not usable outside of PowerShell
[9.713s] DEBUG:colcon.colcon_core.shell:Skip shell extension 'dsv' for command environment
[9.737s] DEBUG:colcon.colcon_core.event_handler.log_command:Invoking command in '/workspace/ph_sys_ws/build/interfaces': CMAKE_PREFIX_PATH=/opt/ros/humble /usr/bin/cmake --build /workspace/ph_sys_ws/build/interfaces -- -j4 -l4
[11.317s] INFO:colcon.colcon_core.task.python.build:Building Python package in '/workspace/ph_sys_ws/src/peristaltic_pump'
[11.318s] INFO:colcon.colcon_core.shell:Skip shell extension 'powershell' for command environment: Not usable outside of PowerShell
[11.319s] DEBUG:colcon.colcon_core.shell:Skip shell extension 'dsv' for command environment
[12.345s] INFO:colcon.colcon_core.task.python.build:Building Python package in '/workspace/ph_sys_ws/src/ph_controller'
[12.345s] INFO:colcon.colcon_core.shell:Skip shell extension 'powershell' for command environment: Not usable outside of PowerShell
[12.346s] DEBUG:colcon.colcon_core.shell:Skip shell extension 'dsv' for command environment
[13.207s] INFO:colcon.colcon_core.task.python.build:Building Python package in '/workspace/ph_sys_ws/src/ph_sensor'
[13.208s] INFO:colcon.colcon_core.shell:Skip shell extension 'powershell' for command environment: Not usable outside of PowerShell
[13.209s] DEBUG:colcon.colcon_core.shell:Skip shell extension 'dsv' for command environment
[13.221s] DEBUG:colcon.colcon_core.event_handler.log_command:Invoked command in '/workspace/ph_sys_ws/build/interfaces' returned '0': CMAKE_PREFIX_PATH=/opt/ros/humble /usr/bin/cmake --build /workspace/ph_sys_ws/build/interfaces -- -j4 -l4
[13.248s] DEBUG:colcon.colcon_core.event_handler.log_command:Invoking command in '/workspace/ph_sys_ws/build/interfaces': CMAKE_PREFIX_PATH=/opt/ros/humble /usr/bin/cmake --install /workspace/ph_sys_ws/build/interfaces
[14.645s] Level 1:colcon.colcon_core.environment:create_environment_scripts_only(interfaces)
[14.647s] Level 1:colcon.colcon_core.environment:checking '/workspace/ph_sys_ws/install/interfaces' for CMake module files
[14.650s] DEBUG:colcon.colcon_core.event_handler.log_command:Invoked command in '/workspace/ph_sys_ws/build/interfaces' returned '0': CMAKE_PREFIX_PATH=/opt/ros/humble /usr/bin/cmake --install /workspace/ph_sys_ws/build/interfaces
[14.654s] Level 1:colcon.colcon_core.environment:checking '/workspace/ph_sys_ws/install/interfaces' for CMake config files
[14.668s] Level 1:colcon.colcon_core.shell:create_environment_hook('interfaces', 'cmake_prefix_path')
[14.669s] INFO:colcon.colcon_core.shell:Creating environment hook '/workspace/ph_sys_ws/install/interfaces/share/interfaces/hook/cmake_prefix_path.ps1'
[14.676s] INFO:colcon.colcon_core.shell:Creating environment descriptor '/workspace/ph_sys_ws/install/interfaces/share/interfaces/hook/cmake_prefix_path.dsv'
[14.679s] INFO:colcon.colcon_core.shell:Creating environment hook '/workspace/ph_sys_ws/install/interfaces/share/interfaces/hook/cmake_prefix_path.sh'
[14.686s] Level 1:colcon.colcon_core.environment:checking '/workspace/ph_sys_ws/install/interfaces/lib'
[14.686s] Level 1:colcon.colcon_core.shell:create_environment_hook('interfaces', 'ld_library_path_lib')
[14.688s] INFO:colcon.colcon_core.shell:Creating environment hook '/workspace/ph_sys_ws/install/interfaces/share/interfaces/hook/ld_library_path_lib.ps1'
[14.699s] INFO:colcon.colcon_core.shell:Creating environment descriptor '/workspace/ph_sys_ws/install/interfaces/share/interfaces/hook/ld_library_path_lib.dsv'
[14.701s] INFO:colcon.colcon_core.shell:Creating environment hook '/workspace/ph_sys_ws/install/interfaces/share/interfaces/hook/ld_library_path_lib.sh'
[14.709s] Level 1:colcon.colcon_core.environment:checking '/workspace/ph_sys_ws/install/interfaces/bin'
[14.709s] Level 1:colcon.colcon_core.environment:checking '/workspace/ph_sys_ws/install/interfaces/lib/pkgconfig/interfaces.pc'
[14.710s] Level 1:colcon.colcon_core.environment:checking '/workspace/ph_sys_ws/install/interfaces/lib/python3.10/site-packages'
[14.712s] Level 1:colcon.colcon_core.environment:checking '/workspace/ph_sys_ws/install/interfaces/bin'
[14.717s] INFO:colcon.colcon_core.shell:Creating package script '/workspace/ph_sys_ws/install/interfaces/share/interfaces/package.ps1'
[14.724s] INFO:colcon.colcon_core.shell:Creating package descriptor '/workspace/ph_sys_ws/install/interfaces/share/interfaces/package.dsv'
[14.727s] INFO:colcon.colcon_core.shell:Creating package script '/workspace/ph_sys_ws/install/interfaces/share/interfaces/package.sh'
[14.729s] INFO:colcon.colcon_core.shell:Creating package script '/workspace/ph_sys_ws/install/interfaces/share/interfaces/package.bash'
[14.732s] INFO:colcon.colcon_core.shell:Creating package script '/workspace/ph_sys_ws/install/interfaces/share/interfaces/package.zsh'
[14.734s] Level 1:colcon.colcon_core.environment:create_file_with_runtime_dependencies(/workspace/ph_sys_ws/install/interfaces/share/colcon-core/packages/interfaces)
[14.737s] Level 1:colcon.colcon_core.environment:create_environment_scripts_only(interfaces)
[14.738s] Level 1:colcon.colcon_core.environment:checking '/workspace/ph_sys_ws/install/interfaces' for CMake module files
[14.741s] Level 1:colcon.colcon_core.environment:checking '/workspace/ph_sys_ws/install/interfaces' for CMake config files
[14.745s] Level 1:colcon.colcon_core.shell:create_environment_hook('interfaces', 'cmake_prefix_path')
[14.746s] INFO:colcon.colcon_core.shell:Creating environment hook '/workspace/ph_sys_ws/install/interfaces/share/interfaces/hook/cmake_prefix_path.ps1'
[14.748s] INFO:colcon.colcon_core.shell:Creating environment descriptor '/workspace/ph_sys_ws/install/interfaces/share/interfaces/hook/cmake_prefix_path.dsv'
[14.750s] INFO:colcon.colcon_core.shell:Creating environment hook '/workspace/ph_sys_ws/install/interfaces/share/interfaces/hook/cmake_prefix_path.sh'
[14.754s] Level 1:colcon.colcon_core.environment:checking '/workspace/ph_sys_ws/install/interfaces/lib'
[14.754s] Level 1:colcon.colcon_core.shell:create_environment_hook('interfaces', 'ld_library_path_lib')
[14.755s] INFO:colcon.colcon_core.shell:Creating environment hook '/workspace/ph_sys_ws/install/interfaces/share/interfaces/hook/ld_library_path_lib.ps1'
[14.758s] INFO:colcon.colcon_core.shell:Creating environment descriptor '/workspace/ph_sys_ws/install/interfaces/share/interfaces/hook/ld_library_path_lib.dsv'
[14.760s] INFO:colcon.colcon_core.shell:Creating environment hook '/workspace/ph_sys_ws/install/interfaces/share/interfaces/hook/ld_library_path_lib.sh'
[14.763s] Level 1:colcon.colcon_core.environment:checking '/workspace/ph_sys_ws/install/interfaces/bin'
[14.763s] Level 1:colcon.colcon_core.environment:checking '/workspace/ph_sys_ws/install/interfaces/lib/pkgconfig/interfaces.pc'
[14.765s] Level 1:colcon.colcon_core.environment:checking '/workspace/ph_sys_ws/install/interfaces/lib/python3.10/site-packages'
[14.766s] Level 1:colcon.colcon_core.environment:checking '/workspace/ph_sys_ws/install/interfaces/bin'
[14.768s] INFO:colcon.colcon_core.shell:Creating package script '/workspace/ph_sys_ws/install/interfaces/share/interfaces/package.ps1'
[14.773s] INFO:colcon.colcon_core.shell:Creating package descriptor '/workspace/ph_sys_ws/install/interfaces/share/interfaces/package.dsv'
[14.780s] INFO:colcon.colcon_core.shell:Creating package script '/workspace/ph_sys_ws/install/interfaces/share/interfaces/package.sh'
[14.783s] INFO:colcon.colcon_core.shell:Creating package script '/workspace/ph_sys_ws/install/interfaces/share/interfaces/package.bash'
[14.786s] INFO:colcon.colcon_core.shell:Creating package script '/workspace/ph_sys_ws/install/interfaces/share/interfaces/package.zsh'
[14.788s] Level 1:colcon.colcon_core.environment:create_file_with_runtime_dependencies(/workspace/ph_sys_ws/install/interfaces/share/colcon-core/packages/interfaces)
[14.791s] INFO:colcon.colcon_ros.task.ament_python.build:Building ROS package in '/workspace/ph_sys_ws/src/utils' with build type 'ament_python'
[14.792s] Level 1:colcon.colcon_core.shell:create_environment_hook('utils', 'ament_prefix_path')
[14.795s] INFO:colcon.colcon_core.shell:Creating environment hook '/workspace/ph_sys_ws/install/utils/share/utils/hook/ament_prefix_path.ps1'
[14.800s] INFO:colcon.colcon_core.shell:Creating environment descriptor '/workspace/ph_sys_ws/install/utils/share/utils/hook/ament_prefix_path.dsv'
[14.804s] INFO:colcon.colcon_core.shell:Creating environment hook '/workspace/ph_sys_ws/install/utils/share/utils/hook/ament_prefix_path.sh'
[14.808s] INFO:colcon.colcon_core.shell:Skip shell extension 'powershell' for command environment: Not usable outside of PowerShell
[14.809s] DEBUG:colcon.colcon_core.shell:Skip shell extension 'dsv' for command environment
[16.211s] INFO:colcon.colcon_core.task.python.build:Building Python package in '/workspace/ph_sys_ws/src/utils'
[16.212s] INFO:colcon.colcon_core.shell:Skip shell extension 'powershell' for command environment: Not usable outside of PowerShell
[16.212s] DEBUG:colcon.colcon_core.shell:Skip shell extension 'dsv' for command environment
[16.231s] DEBUG:colcon.colcon_core.event_handler.log_command:Invoking command in '/workspace/ph_sys_ws/build/ph_controller': PYTHONPATH=/workspace/ph_sys_ws/build/ph_controller/prefix_override:/usr/lib/python3/dist-packages/colcon_core/task/python/colcon_distutils_commands:/workspace/ph_sys_ws/install/ph_controller/lib/python3.10/site-packages:${PYTHONPATH} /usr/bin/python3 -W ignore:setup.py install is deprecated -W ignore:easy_install command is deprecated setup.py develop --editable --build-directory /workspace/ph_sys_ws/build/ph_controller/build --no-deps symlink_data
[16.241s] DEBUG:colcon.colcon_core.event_handler.log_command:Invoking command in '/workspace/ph_sys_ws/build/ph_sensor': PYTHONPATH=/workspace/ph_sys_ws/build/ph_sensor/prefix_override:/usr/lib/python3/dist-packages/colcon_core/task/python/colcon_distutils_commands:/workspace/ph_sys_ws/install/ph_sensor/lib/python3.10/site-packages:${PYTHONPATH} /usr/bin/python3 -W ignore:setup.py install is deprecated -W ignore:easy_install command is deprecated setup.py develop --editable --build-directory /workspace/ph_sys_ws/build/ph_sensor/build --no-deps symlink_data
[16.245s] DEBUG:colcon.colcon_core.event_handler.log_command:Invoking command in '/workspace/ph_sys_ws/build/peristaltic_pump': PYTHONPATH=/workspace/ph_sys_ws/build/peristaltic_pump/prefix_override:/usr/lib/python3/dist-packages/colcon_core/task/python/colcon_distutils_commands:/workspace/ph_sys_ws/install/peristaltic_pump/lib/python3.10/site-packages:${PYTHONPATH} /usr/bin/python3 -W ignore:setup.py install is deprecated -W ignore:easy_install command is deprecated setup.py develop --editable --build-directory /workspace/ph_sys_ws/build/peristaltic_pump/build --no-deps symlink_data
[18.170s] DEBUG:colcon.colcon_core.event_handler.log_command:Invoking command in '/workspace/ph_sys_ws/build/utils': PYTHONPATH=/workspace/ph_sys_ws/build/utils/prefix_override:/usr/lib/python3/dist-packages/colcon_core/task/python/colcon_distutils_commands:/workspace/ph_sys_ws/install/utils/lib/python3.10/site-packages:${PYTHONPATH} /usr/bin/python3 -W ignore:setup.py install is deprecated -W ignore:easy_install command is deprecated setup.py develop --editable --build-directory /workspace/ph_sys_ws/build/utils/build --no-deps symlink_data
[18.643s] Level 1:colcon.colcon_core.shell:create_environment_hook('peristaltic_pump', 'pythonpath_develop')
[18.647s] INFO:colcon.colcon_core.shell:Creating environment hook '/workspace/ph_sys_ws/build/peristaltic_pump/share/peristaltic_pump/hook/pythonpath_develop.ps1'
[18.646s] DEBUG:colcon.colcon_core.event_handler.log_command:Invoked command in '/workspace/ph_sys_ws/build/peristaltic_pump' returned '0': PYTHONPATH=/workspace/ph_sys_ws/build/peristaltic_pump/prefix_override:/usr/lib/python3/dist-packages/colcon_core/task/python/colcon_distutils_commands:/workspace/ph_sys_ws/install/peristaltic_pump/lib/python3.10/site-packages:${PYTHONPATH} /usr/bin/python3 -W ignore:setup.py install is deprecated -W ignore:easy_install command is deprecated setup.py develop --editable --build-directory /workspace/ph_sys_ws/build/peristaltic_pump/build --no-deps symlink_data
[18.654s] INFO:colcon.colcon_core.shell:Creating environment descriptor '/workspace/ph_sys_ws/build/peristaltic_pump/share/peristaltic_pump/hook/pythonpath_develop.dsv'
[18.658s] INFO:colcon.colcon_core.shell:Creating environment hook '/workspace/ph_sys_ws/build/peristaltic_pump/share/peristaltic_pump/hook/pythonpath_develop.sh'
[18.667s] Level 1:colcon.colcon_core.environment:checking '/workspace/ph_sys_ws/install/peristaltic_pump' for CMake module files
[18.673s] Level 1:colcon.colcon_core.environment:checking '/workspace/ph_sys_ws/install/peristaltic_pump' for CMake config files
[18.679s] Level 1:colcon.colcon_core.environment:checking '/workspace/ph_sys_ws/install/peristaltic_pump/lib'
[18.681s] Level 1:colcon.colcon_core.environment:checking '/workspace/ph_sys_ws/install/peristaltic_pump/bin'
[18.682s] Level 1:colcon.colcon_core.environment:checking '/workspace/ph_sys_ws/install/peristaltic_pump/lib/pkgconfig/peristaltic_pump.pc'
[18.684s] Level 1:colcon.colcon_core.environment:checking '/workspace/ph_sys_ws/install/peristaltic_pump/lib/python3.10/site-packages'
[18.684s] Level 1:colcon.colcon_core.shell:create_environment_hook('peristaltic_pump', 'pythonpath')
[18.687s] INFO:colcon.colcon_core.shell:Creating environment hook '/workspace/ph_sys_ws/install/peristaltic_pump/share/peristaltic_pump/hook/pythonpath.ps1'
[18.691s] INFO:colcon.colcon_core.shell:Creating environment descriptor '/workspace/ph_sys_ws/install/peristaltic_pump/share/peristaltic_pump/hook/pythonpath.dsv'
[18.695s] INFO:colcon.colcon_core.shell:Creating environment hook '/workspace/ph_sys_ws/install/peristaltic_pump/share/peristaltic_pump/hook/pythonpath.sh'
[18.702s] Level 1:colcon.colcon_core.environment:checking '/workspace/ph_sys_ws/install/peristaltic_pump/bin'
[18.703s] Level 1:colcon.colcon_core.environment:create_environment_scripts_only(peristaltic_pump)
[18.705s] INFO:colcon.colcon_core.shell:Creating package script '/workspace/ph_sys_ws/install/peristaltic_pump/share/peristaltic_pump/package.ps1'
[18.710s] INFO:colcon.colcon_core.shell:Creating package descriptor '/workspace/ph_sys_ws/install/peristaltic_pump/share/peristaltic_pump/package.dsv'
[18.717s] INFO:colcon.colcon_core.shell:Creating package script '/workspace/ph_sys_ws/install/peristaltic_pump/share/peristaltic_pump/package.sh'
[18.725s] INFO:colcon.colcon_core.shell:Creating package script '/workspace/ph_sys_ws/install/peristaltic_pump/share/peristaltic_pump/package.bash'
[18.730s] INFO:colcon.colcon_core.shell:Creating package script '/workspace/ph_sys_ws/install/peristaltic_pump/share/peristaltic_pump/package.zsh'
[18.734s] Level 1:colcon.colcon_core.environment:create_file_with_runtime_dependencies(/workspace/ph_sys_ws/install/peristaltic_pump/share/colcon-core/packages/peristaltic_pump)
[18.846s] Level 1:colcon.colcon_core.shell:create_environment_hook('ph_controller', 'pythonpath_develop')
[18.850s] INFO:colcon.colcon_core.shell:Creating environment hook '/workspace/ph_sys_ws/build/ph_controller/share/ph_controller/hook/pythonpath_develop.ps1'
[18.848s] DEBUG:colcon.colcon_core.event_handler.log_command:Invoked command in '/workspace/ph_sys_ws/build/ph_controller' returned '0': PYTHONPATH=/workspace/ph_sys_ws/build/ph_controller/prefix_override:/usr/lib/python3/dist-packages/colcon_core/task/python/colcon_distutils_commands:/workspace/ph_sys_ws/install/ph_controller/lib/python3.10/site-packages:${PYTHONPATH} /usr/bin/python3 -W ignore:setup.py install is deprecated -W ignore:easy_install command is deprecated setup.py develop --editable --build-directory /workspace/ph_sys_ws/build/ph_controller/build --no-deps symlink_data
[18.853s] INFO:colcon.colcon_core.shell:Creating environment descriptor '/workspace/ph_sys_ws/build/ph_controller/share/ph_controller/hook/pythonpath_develop.dsv'
[18.856s] INFO:colcon.colcon_core.shell:Creating environment hook '/workspace/ph_sys_ws/build/ph_controller/share/ph_controller/hook/pythonpath_develop.sh'
[18.861s] Level 1:colcon.colcon_core.environment:checking '/workspace/ph_sys_ws/install/ph_controller' for CMake module files
[18.863s] Level 1:colcon.colcon_core.environment:checking '/workspace/ph_sys_ws/install/ph_controller' for CMake config files
[18.866s] Level 1:colcon.colcon_core.environment:checking '/workspace/ph_sys_ws/install/ph_controller/lib'
[18.867s] Level 1:colcon.colcon_core.environment:checking '/workspace/ph_sys_ws/install/ph_controller/bin'
[18.868s] Level 1:colcon.colcon_core.environment:checking '/workspace/ph_sys_ws/install/ph_controller/lib/pkgconfig/ph_controller.pc'
[18.871s] Level 1:colcon.colcon_core.environment:checking '/workspace/ph_sys_ws/install/ph_controller/lib/python3.10/site-packages'
[18.872s] Level 1:colcon.colcon_core.shell:create_environment_hook('ph_controller', 'pythonpath')
[18.874s] INFO:colcon.colcon_core.shell:Creating environment hook '/workspace/ph_sys_ws/install/ph_controller/share/ph_controller/hook/pythonpath.ps1'
[18.878s] INFO:colcon.colcon_core.shell:Creating environment descriptor '/workspace/ph_sys_ws/install/ph_controller/share/ph_controller/hook/pythonpath.dsv'
[18.881s] INFO:colcon.colcon_core.shell:Creating environment hook '/workspace/ph_sys_ws/install/ph_controller/share/ph_controller/hook/pythonpath.sh'
[18.886s] Level 1:colcon.colcon_core.environment:checking '/workspace/ph_sys_ws/install/ph_controller/bin'
[18.886s] Level 1:colcon.colcon_core.environment:create_environment_scripts_only(ph_controller)
[18.888s] INFO:colcon.colcon_core.shell:Creating package script '/workspace/ph_sys_ws/install/ph_controller/share/ph_controller/package.ps1'
[18.891s] INFO:colcon.colcon_core.shell:Creating package descriptor '/workspace/ph_sys_ws/install/ph_controller/share/ph_controller/package.dsv'
[18.894s] INFO:colcon.colcon_core.shell:Creating package script '/workspace/ph_sys_ws/install/ph_controller/share/ph_controller/package.sh'
[18.898s] INFO:colcon.colcon_core.shell:Creating package script '/workspace/ph_sys_ws/install/ph_controller/share/ph_controller/package.bash'
[18.900s] INFO:colcon.colcon_core.shell:Creating package script '/workspace/ph_sys_ws/install/ph_controller/share/ph_controller/package.zsh'
[18.903s] Level 1:colcon.colcon_core.environment:create_file_with_runtime_dependencies(/workspace/ph_sys_ws/install/ph_controller/share/colcon-core/packages/ph_controller)
[18.914s] Level 1:colcon.colcon_core.shell:create_environment_hook('ph_sensor', 'pythonpath_develop')
[18.916s] INFO:colcon.colcon_core.shell:Creating environment hook '/workspace/ph_sys_ws/build/ph_sensor/share/ph_sensor/hook/pythonpath_develop.ps1'
[18.917s] DEBUG:colcon.colcon_core.event_handler.log_command:Invoked command in '/workspace/ph_sys_ws/build/ph_sensor' returned '0': PYTHONPATH=/workspace/ph_sys_ws/build/ph_sensor/prefix_override:/usr/lib/python3/dist-packages/colcon_core/task/python/colcon_distutils_commands:/workspace/ph_sys_ws/install/ph_sensor/lib/python3.10/site-packages:${PYTHONPATH} /usr/bin/python3 -W ignore:setup.py install is deprecated -W ignore:easy_install command is deprecated setup.py develop --editable --build-directory /workspace/ph_sys_ws/build/ph_sensor/build --no-deps symlink_data
[18.919s] INFO:colcon.colcon_core.shell:Creating environment descriptor '/workspace/ph_sys_ws/build/ph_sensor/share/ph_sensor/hook/pythonpath_develop.dsv'
[18.922s] INFO:colcon.colcon_core.shell:Creating environment hook '/workspace/ph_sys_ws/build/ph_sensor/share/ph_sensor/hook/pythonpath_develop.sh'
[18.926s] Level 1:colcon.colcon_core.environment:checking '/workspace/ph_sys_ws/install/ph_sensor' for CMake module files
[18.928s] Level 1:colcon.colcon_core.environment:checking '/workspace/ph_sys_ws/install/ph_sensor' for CMake config files
[18.930s] Level 1:colcon.colcon_core.environment:checking '/workspace/ph_sys_ws/install/ph_sensor/lib'
[18.931s] Level 1:colcon.colcon_core.environment:checking '/workspace/ph_sys_ws/install/ph_sensor/bin'
[18.932s] Level 1:colcon.colcon_core.environment:checking '/workspace/ph_sys_ws/install/ph_sensor/lib/pkgconfig/ph_sensor.pc'
[18.933s] Level 1:colcon.colcon_core.environment:checking '/workspace/ph_sys_ws/install/ph_sensor/lib/python3.10/site-packages'
[18.933s] Level 1:colcon.colcon_core.shell:create_environment_hook('ph_sensor', 'pythonpath')
[18.934s] INFO:colcon.colcon_core.shell:Creating environment hook '/workspace/ph_sys_ws/install/ph_sensor/share/ph_sensor/hook/pythonpath.ps1'
[18.937s] INFO:colcon.colcon_core.shell:Creating environment descriptor '/workspace/ph_sys_ws/install/ph_sensor/share/ph_sensor/hook/pythonpath.dsv'
[18.940s] INFO:colcon.colcon_core.shell:Creating environment hook '/workspace/ph_sys_ws/install/ph_sensor/share/ph_sensor/hook/pythonpath.sh'
[18.944s] Level 1:colcon.colcon_core.environment:checking '/workspace/ph_sys_ws/install/ph_sensor/bin'
[18.945s] Level 1:colcon.colcon_core.environment:create_environment_scripts_only(ph_sensor)
[18.947s] INFO:colcon.colcon_core.shell:Creating package script '/workspace/ph_sys_ws/install/ph_sensor/share/ph_sensor/package.ps1'
[18.950s] INFO:colcon.colcon_core.shell:Creating package descriptor '/workspace/ph_sys_ws/install/ph_sensor/share/ph_sensor/package.dsv'
[18.954s] INFO:colcon.colcon_core.shell:Creating package script '/workspace/ph_sys_ws/install/ph_sensor/share/ph_sensor/package.sh'
[18.957s] INFO:colcon.colcon_core.shell:Creating package script '/workspace/ph_sys_ws/install/ph_sensor/share/ph_sensor/package.bash'
[18.960s] INFO:colcon.colcon_core.shell:Creating package script '/workspace/ph_sys_ws/install/ph_sensor/share/ph_sensor/package.zsh'
[18.962s] Level 1:colcon.colcon_core.environment:create_file_with_runtime_dependencies(/workspace/ph_sys_ws/install/ph_sensor/share/colcon-core/packages/ph_sensor)
[20.874s] Level 1:colcon.colcon_core.shell:create_environment_hook('utils', 'pythonpath_develop')
[20.877s] INFO:colcon.colcon_core.shell:Creating environment hook '/workspace/ph_sys_ws/build/utils/share/utils/hook/pythonpath_develop.ps1'
[20.879s] DEBUG:colcon.colcon_core.event_handler.log_command:Invoked command in '/workspace/ph_sys_ws/build/utils' returned '0': PYTHONPATH=/workspace/ph_sys_ws/build/utils/prefix_override:/usr/lib/python3/dist-packages/colcon_core/task/python/colcon_distutils_commands:/workspace/ph_sys_ws/install/utils/lib/python3.10/site-packages:${PYTHONPATH} /usr/bin/python3 -W ignore:setup.py install is deprecated -W ignore:easy_install command is deprecated setup.py develop --editable --build-directory /workspace/ph_sys_ws/build/utils/build --no-deps symlink_data
[20.887s] INFO:colcon.colcon_core.shell:Creating environment descriptor '/workspace/ph_sys_ws/build/utils/share/utils/hook/pythonpath_develop.dsv'
[20.892s] INFO:colcon.colcon_core.shell:Creating environment hook '/workspace/ph_sys_ws/build/utils/share/utils/hook/pythonpath_develop.sh'
[20.901s] Level 1:colcon.colcon_core.environment:checking '/workspace/ph_sys_ws/install/utils' for CMake module files
[20.905s] Level 1:colcon.colcon_core.environment:checking '/workspace/ph_sys_ws/install/utils' for CMake config files
[20.907s] Level 1:colcon.colcon_core.environment:checking '/workspace/ph_sys_ws/install/utils/lib'
[20.907s] Level 1:colcon.colcon_core.environment:checking '/workspace/ph_sys_ws/install/utils/bin'
[20.912s] Level 1:colcon.colcon_core.environment:checking '/workspace/ph_sys_ws/install/utils/lib/pkgconfig/utils.pc'
[20.914s] Level 1:colcon.colcon_core.environment:checking '/workspace/ph_sys_ws/install/utils/lib/python3.10/site-packages'
[20.915s] Level 1:colcon.colcon_core.shell:create_environment_hook('utils', 'pythonpath')
[20.916s] INFO:colcon.colcon_core.shell:Creating environment hook '/workspace/ph_sys_ws/install/utils/share/utils/hook/pythonpath.ps1'
[20.918s] INFO:colcon.colcon_core.shell:Creating environment descriptor '/workspace/ph_sys_ws/install/utils/share/utils/hook/pythonpath.dsv'
[20.920s] INFO:colcon.colcon_core.shell:Creating environment hook '/workspace/ph_sys_ws/install/utils/share/utils/hook/pythonpath.sh'
[20.923s] Level 1:colcon.colcon_core.environment:checking '/workspace/ph_sys_ws/install/utils/bin'
[20.924s] Level 1:colcon.colcon_core.environment:create_environment_scripts_only(utils)
[20.926s] INFO:colcon.colcon_core.shell:Creating package script '/workspace/ph_sys_ws/install/utils/share/utils/package.ps1'
[20.935s] INFO:colcon.colcon_core.shell:Creating package descriptor '/workspace/ph_sys_ws/install/utils/share/utils/package.dsv'
[20.944s] INFO:colcon.colcon_core.shell:Creating package script '/workspace/ph_sys_ws/install/utils/share/utils/package.sh'
[20.948s] INFO:colcon.colcon_core.shell:Creating package script '/workspace/ph_sys_ws/install/utils/share/utils/package.bash'
[20.951s] INFO:colcon.colcon_core.shell:Creating package script '/workspace/ph_sys_ws/install/utils/share/utils/package.zsh'
[20.957s] Level 1:colcon.colcon_core.environment:create_file_with_runtime_dependencies(/workspace/ph_sys_ws/install/utils/share/colcon-core/packages/utils)
[20.964s] DEBUG:colcon.colcon_parallel_executor.executor.parallel:closing loop
[20.967s] DEBUG:colcon.colcon_parallel_executor.executor.parallel:loop closed
[20.969s] DEBUG:colcon.colcon_parallel_executor.executor.parallel:run_until_complete finished with '0'
[20.970s] DEBUG:colcon.colcon_core.event_reactor:joining thread
[21.018s] INFO:colcon.colcon_core.plugin_system:Skipping extension 'colcon_notification.desktop_notification.notify_send': Could not find 'notify-send'
[21.018s] INFO:colcon.colcon_core.plugin_system:Skipping extension 'colcon_notification.desktop_notification.terminal_notifier': Not used on non-Darwin systems
[21.019s] INFO:colcon.colcon_core.plugin_system:Skipping extension 'colcon_notification.desktop_notification.win32': Not used on non-Windows systems
[21.019s] INFO:colcon.colcon_notification.desktop_notification:Sending desktop notification using 'notify2'
[21.022s] DEBUG:colcon.colcon_notification.desktop_notification.notify2:Failed to initialize notify2: org.freedesktop.DBus.Error.NotSupported: Unable to autolaunch a dbus-daemon without a $DISPLAY for X11
[21.023s] DEBUG:colcon.colcon_core.event_reactor:joined thread
[21.024s] INFO:colcon.colcon_core.shell:Creating prefix script '/workspace/ph_sys_ws/install/local_setup.ps1'
[21.031s] INFO:colcon.colcon_core.shell:Creating prefix util module '/workspace/ph_sys_ws/install/_local_setup_util_ps1.py'
[21.044s] INFO:colcon.colcon_core.shell:Creating prefix chain script '/workspace/ph_sys_ws/install/setup.ps1'
[21.050s] INFO:colcon.colcon_core.shell:Creating prefix script '/workspace/ph_sys_ws/install/local_setup.sh'
[21.058s] INFO:colcon.colcon_core.shell:Creating prefix util module '/workspace/ph_sys_ws/install/_local_setup_util_sh.py'
[21.065s] INFO:colcon.colcon_core.shell:Creating prefix chain script '/workspace/ph_sys_ws/install/setup.sh'
[21.071s] INFO:colcon.colcon_core.shell:Creating prefix script '/workspace/ph_sys_ws/install/local_setup.bash'
[21.077s] INFO:colcon.colcon_core.shell:Creating prefix chain script '/workspace/ph_sys_ws/install/setup.bash'
[21.083s] INFO:colcon.colcon_core.shell:Creating prefix script '/workspace/ph_sys_ws/install/local_setup.zsh'
[21.087s] INFO:colcon.colcon_core.shell:Creating prefix chain script '/workspace/ph_sys_ws/install/setup.zsh'
