running develop
running egg_info
creating utils.egg-info
writing utils.egg-info/PKG-INFO
writing dependency_links to utils.egg-info/dependency_links.txt
writing entry points to utils.egg-info/entry_points.txt
writing requirements to utils.egg-info/requires.txt
writing top-level names to utils.egg-info/top_level.txt
writing manifest file 'utils.egg-info/SOURCES.txt'
reading manifest file 'utils.egg-info/SOURCES.txt'
writing manifest file 'utils.egg-info/SOURCES.txt'
running build_ext
Creating /workspace/ph_sys_ws/install/utils/lib/python3.10/site-packages/utils.egg-link (link to .)

Installed /workspace/ph_sys_ws/build/utils
running symlink_data
creating /workspace/ph_sys_ws/install/utils/share/ament_index
creating /workspace/ph_sys_ws/install/utils/share/ament_index/resource_index
creating /workspace/ph_sys_ws/install/utils/share/ament_index/resource_index/packages
symbolically linking /workspace/ph_sys_ws/build/utils/resource/utils -> /workspace/ph_sys_ws/install/utils/share/ament_index/resource_index/packages
symbolically linking /workspace/ph_sys_ws/build/utils/package.xml -> /workspace/ph_sys_ws/install/utils/share/utils
