[7.088s] Invoking command in '/workspace/ph_sys_ws/build/hardware': PYTHONPATH=/workspace/ph_sys_ws/build/hardware/prefix_override:/usr/lib/python3/dist-packages/colcon_core/task/python/colcon_distutils_commands:/workspace/ph_sys_ws/install/hardware/lib/python3.10/site-packages:${PYTHONPATH} /usr/bin/python3 -W ignore:setup.py install is deprecated -W ignore:easy_install command is deprecated setup.py develop --editable --build-directory /workspace/ph_sys_ws/build/hardware/build --no-deps symlink_data
[8.839s] running develop
[9.840s] running egg_info
[9.841s] creating hardware.egg-info
[9.841s] writing hardware.egg-info/PKG-INFO
[9.842s] writing dependency_links to hardware.egg-info/dependency_links.txt
[9.843s] writing entry points to hardware.egg-info/entry_points.txt
[9.843s] writing requirements to hardware.egg-info/requires.txt
[9.844s] writing top-level names to hardware.egg-info/top_level.txt
[9.844s] writing manifest file 'hardware.egg-info/SOURCES.txt'
[9.849s] reading manifest file 'hardware.egg-info/SOURCES.txt'
[9.852s] writing manifest file 'hardware.egg-info/SOURCES.txt'
[9.858s] running build_ext
[9.859s] Creating /workspace/ph_sys_ws/install/hardware/lib/python3.10/site-packages/hardware.egg-link (link to .)
[9.862s] 
[9.863s] Installed /workspace/ph_sys_ws/build/hardware
[9.863s] running symlink_data
[9.864s] creating /workspace/ph_sys_ws/install/hardware/share/ament_index
[9.865s] creating /workspace/ph_sys_ws/install/hardware/share/ament_index/resource_index
[9.866s] creating /workspace/ph_sys_ws/install/hardware/share/ament_index/resource_index/packages
[9.867s] symbolically linking /workspace/ph_sys_ws/build/hardware/resource/hardware -> /workspace/ph_sys_ws/install/hardware/share/ament_index/resource_index/packages
[9.868s] symbolically linking /workspace/ph_sys_ws/build/hardware/package.xml -> /workspace/ph_sys_ws/install/hardware/share/hardware
[12.257s] Invoked command in '/workspace/ph_sys_ws/build/hardware' returned '0': PYTHONPATH=/workspace/ph_sys_ws/build/hardware/prefix_override:/usr/lib/python3/dist-packages/colcon_core/task/python/colcon_distutils_commands:/workspace/ph_sys_ws/install/hardware/lib/python3.10/site-packages:${PYTHONPATH} /usr/bin/python3 -W ignore:setup.py install is deprecated -W ignore:easy_install command is deprecated setup.py develop --editable --build-directory /workspace/ph_sys_ws/build/hardware/build --no-deps symlink_data
