[4.525s] Invoking command in '/workspace/ph_sys_ws/build/hardware': PYTHONPATH=/workspace/ph_sys_ws/build/hardware/prefix_override:/usr/lib/python3/dist-packages/colcon_core/task/python/colcon_distutils_commands:/workspace/ph_sys_ws/install/hardware/lib/python3.10/site-packages:${PYTHONPATH} /usr/bin/python3 -W ignore:setup.py install is deprecated -W ignore:easy_install command is deprecated setup.py develop --editable --build-directory /workspace/ph_sys_ws/build/hardware/build --no-deps symlink_data
[6.906s] running develop
[8.094s] running egg_info
[8.095s] creating hardware.egg-info
[8.095s] writing hardware.egg-info/PKG-INFO
[8.095s] writing dependency_links to hardware.egg-info/dependency_links.txt
[8.096s] writing entry points to hardware.egg-info/entry_points.txt
[8.096s] writing requirements to hardware.egg-info/requires.txt
[8.097s] writing top-level names to hardware.egg-info/top_level.txt
[8.098s] writing manifest file 'hardware.egg-info/SOURCES.txt'
[8.108s] reading manifest file 'hardware.egg-info/SOURCES.txt'
[8.108s] writing manifest file 'hardware.egg-info/SOURCES.txt'
[8.115s] running build_ext
[8.117s] Creating /workspace/ph_sys_ws/install/hardware/lib/python3.10/site-packages/hardware.egg-link (link to .)
[8.122s] 
[8.124s] Installed /workspace/ph_sys_ws/build/hardware
[8.124s] running symlink_data
[8.125s] creating /workspace/ph_sys_ws/install/hardware/share/ament_index
[8.127s] creating /workspace/ph_sys_ws/install/hardware/share/ament_index/resource_index
[8.127s] creating /workspace/ph_sys_ws/install/hardware/share/ament_index/resource_index/packages
[8.128s] symbolically linking /workspace/ph_sys_ws/build/hardware/resource/hardware -> /workspace/ph_sys_ws/install/hardware/share/ament_index/resource_index/packages
[8.128s] symbolically linking /workspace/ph_sys_ws/build/hardware/package.xml -> /workspace/ph_sys_ws/install/hardware/share/hardware
[8.319s] Invoked command in '/workspace/ph_sys_ws/build/hardware' returned '0': PYTHONPATH=/workspace/ph_sys_ws/build/hardware/prefix_override:/usr/lib/python3/dist-packages/colcon_core/task/python/colcon_distutils_commands:/workspace/ph_sys_ws/install/hardware/lib/python3.10/site-packages:${PYTHONPATH} /usr/bin/python3 -W ignore:setup.py install is deprecated -W ignore:easy_install command is deprecated setup.py develop --editable --build-directory /workspace/ph_sys_ws/build/hardware/build --no-deps symlink_data
