running develop
Removing /workspace/ph_sys_ws/install/ph_sensor/lib/python3.10/site-packages/ph-sensor.egg-link (link to .)
running egg_info
writing ../../build/ph_sensor/ph_sensor.egg-info/PKG-INFO
writing dependency_links to ../../build/ph_sensor/ph_sensor.egg-info/dependency_links.txt
writing entry points to ../../build/ph_sensor/ph_sensor.egg-info/entry_points.txt
writing requirements to ../../build/ph_sensor/ph_sensor.egg-info/requires.txt
writing top-level names to ../../build/ph_sensor/ph_sensor.egg-info/top_level.txt
reading manifest file '../../build/ph_sensor/ph_sensor.egg-info/SOURCES.txt'
writing manifest file '../../build/ph_sensor/ph_sensor.egg-info/SOURCES.txt'
running build
running build_py
creating /workspace/ph_sys_ws/build/ph_sensor/build
creating /workspace/ph_sys_ws/build/ph_sensor/build/lib
creating /workspace/ph_sys_ws/build/ph_sensor/build/lib/ph_sensor
copying ph_sensor/ezo_ph_sensor.py -> /workspace/ph_sys_ws/build/ph_sensor/build/lib/ph_sensor
copying ph_sensor/__init__.py -> /workspace/ph_sys_ws/build/ph_sensor/build/lib/ph_sensor
copying ph_sensor/ph_sensor_node.py -> /workspace/ph_sys_ws/build/ph_sensor/build/lib/ph_sensor
running install
running install_lib
creating /workspace/ph_sys_ws/install/ph_sensor/lib/python3.10/site-packages/ph_sensor
copying /workspace/ph_sys_ws/build/ph_sensor/build/lib/ph_sensor/ezo_ph_sensor.py -> /workspace/ph_sys_ws/install/ph_sensor/lib/python3.10/site-packages/ph_sensor
copying /workspace/ph_sys_ws/build/ph_sensor/build/lib/ph_sensor/__init__.py -> /workspace/ph_sys_ws/install/ph_sensor/lib/python3.10/site-packages/ph_sensor
copying /workspace/ph_sys_ws/build/ph_sensor/build/lib/ph_sensor/ph_sensor_node.py -> /workspace/ph_sys_ws/install/ph_sensor/lib/python3.10/site-packages/ph_sensor
byte-compiling /workspace/ph_sys_ws/install/ph_sensor/lib/python3.10/site-packages/ph_sensor/ezo_ph_sensor.py to ezo_ph_sensor.cpython-310.pyc
byte-compiling /workspace/ph_sys_ws/install/ph_sensor/lib/python3.10/site-packages/ph_sensor/__init__.py to __init__.cpython-310.pyc
byte-compiling /workspace/ph_sys_ws/install/ph_sensor/lib/python3.10/site-packages/ph_sensor/ph_sensor_node.py to ph_sensor_node.cpython-310.pyc
running install_data
copying resource/ph_sensor -> /workspace/ph_sys_ws/install/ph_sensor/share/ament_index/resource_index/packages
copying package.xml -> /workspace/ph_sys_ws/install/ph_sensor/share/ph_sensor
running install_egg_info
Copying ../../build/ph_sensor/ph_sensor.egg-info to /workspace/ph_sys_ws/install/ph_sensor/lib/python3.10/site-packages/ph_sensor-0.0.0-py3.10.egg-info
running install_scripts
Installing ph_sensor_node script to /workspace/ph_sys_ws/install/ph_sensor/lib/ph_sensor
writing list of installed files to '/workspace/ph_sys_ws/build/ph_sensor/install.log'
