[8.739s] Invoking command in '/workspace/ph_sys_ws/build/ph_sensor': PYTHONPATH=/workspace/ph_sys_ws/build/ph_sensor/prefix_override:/usr/lib/python3/dist-packages/colcon_core/task/python/colcon_distutils_commands:/workspace/ph_sys_ws/install/ph_sensor/lib/python3.10/site-packages:${PYTHONPATH} /usr/bin/python3 -W ignore:setup.py install is deprecated -W ignore:easy_install command is deprecated setup.py develop --uninstall --editable --build-directory /workspace/ph_sys_ws/build/ph_sensor/build
[10.147s] running develop
[10.835s] Removing /workspace/ph_sys_ws/install/ph_sensor/lib/python3.10/site-packages/ph-sensor.egg-link (link to .)
[11.005s] Invoked command in '/workspace/ph_sys_ws/build/ph_sensor' returned '0': PYTHONPATH=/workspace/ph_sys_ws/build/ph_sensor/prefix_override:/usr/lib/python3/dist-packages/colcon_core/task/python/colcon_distutils_commands:/workspace/ph_sys_ws/install/ph_sensor/lib/python3.10/site-packages:${PYTHONPATH} /usr/bin/python3 -W ignore:setup.py install is deprecated -W ignore:easy_install command is deprecated setup.py develop --uninstall --editable --build-directory /workspace/ph_sys_ws/build/ph_sensor/build
[11.010s] Invoking command in '/workspace/ph_sys_ws/src/ph_sensor': PYTHONPATH=/workspace/ph_sys_ws/build/ph_sensor/prefix_override:/usr/lib/python3/dist-packages/colcon_core/task/python/colcon_distutils_commands:/workspace/ph_sys_ws/install/ph_sensor/lib/python3.10/site-packages:${PYTHONPATH} /usr/bin/python3 -W ignore:setup.py install is deprecated -W ignore:easy_install command is deprecated setup.py egg_info --egg-base ../../build/ph_sensor build --build-base /workspace/ph_sys_ws/build/ph_sensor/build install --record /workspace/ph_sys_ws/build/ph_sensor/install.log --single-version-externally-managed install_data --force
[12.127s] running egg_info
[12.129s] writing ../../build/ph_sensor/ph_sensor.egg-info/PKG-INFO
[12.130s] writing dependency_links to ../../build/ph_sensor/ph_sensor.egg-info/dependency_links.txt
[12.132s] writing entry points to ../../build/ph_sensor/ph_sensor.egg-info/entry_points.txt
[12.133s] writing requirements to ../../build/ph_sensor/ph_sensor.egg-info/requires.txt
[12.133s] writing top-level names to ../../build/ph_sensor/ph_sensor.egg-info/top_level.txt
[12.141s] reading manifest file '../../build/ph_sensor/ph_sensor.egg-info/SOURCES.txt'
[12.144s] writing manifest file '../../build/ph_sensor/ph_sensor.egg-info/SOURCES.txt'
[12.144s] running build
[12.145s] running build_py
[12.146s] creating /workspace/ph_sys_ws/build/ph_sensor/build
[12.147s] creating /workspace/ph_sys_ws/build/ph_sensor/build/lib
[12.147s] creating /workspace/ph_sys_ws/build/ph_sensor/build/lib/ph_sensor
[12.148s] copying ph_sensor/ezo_ph_sensor.py -> /workspace/ph_sys_ws/build/ph_sensor/build/lib/ph_sensor
[12.148s] copying ph_sensor/__init__.py -> /workspace/ph_sys_ws/build/ph_sensor/build/lib/ph_sensor
[12.149s] copying ph_sensor/ph_sensor_node.py -> /workspace/ph_sys_ws/build/ph_sensor/build/lib/ph_sensor
[12.149s] running install
[12.150s] running install_lib
[12.153s] creating /workspace/ph_sys_ws/install/ph_sensor/lib/python3.10/site-packages/ph_sensor
[12.154s] copying /workspace/ph_sys_ws/build/ph_sensor/build/lib/ph_sensor/ezo_ph_sensor.py -> /workspace/ph_sys_ws/install/ph_sensor/lib/python3.10/site-packages/ph_sensor
[12.155s] copying /workspace/ph_sys_ws/build/ph_sensor/build/lib/ph_sensor/__init__.py -> /workspace/ph_sys_ws/install/ph_sensor/lib/python3.10/site-packages/ph_sensor
[12.155s] copying /workspace/ph_sys_ws/build/ph_sensor/build/lib/ph_sensor/ph_sensor_node.py -> /workspace/ph_sys_ws/install/ph_sensor/lib/python3.10/site-packages/ph_sensor
[12.157s] byte-compiling /workspace/ph_sys_ws/install/ph_sensor/lib/python3.10/site-packages/ph_sensor/ezo_ph_sensor.py to ezo_ph_sensor.cpython-310.pyc
[12.162s] byte-compiling /workspace/ph_sys_ws/install/ph_sensor/lib/python3.10/site-packages/ph_sensor/__init__.py to __init__.cpython-310.pyc
[12.163s] byte-compiling /workspace/ph_sys_ws/install/ph_sensor/lib/python3.10/site-packages/ph_sensor/ph_sensor_node.py to ph_sensor_node.cpython-310.pyc
[12.167s] running install_data
[12.168s] copying resource/ph_sensor -> /workspace/ph_sys_ws/install/ph_sensor/share/ament_index/resource_index/packages
[12.168s] copying package.xml -> /workspace/ph_sys_ws/install/ph_sensor/share/ph_sensor
[12.169s] running install_egg_info
[12.178s] Copying ../../build/ph_sensor/ph_sensor.egg-info to /workspace/ph_sys_ws/install/ph_sensor/lib/python3.10/site-packages/ph_sensor-0.0.0-py3.10.egg-info
[12.179s] running install_scripts
[12.258s] Installing ph_sensor_node script to /workspace/ph_sys_ws/install/ph_sensor/lib/ph_sensor
[12.261s] writing list of installed files to '/workspace/ph_sys_ws/build/ph_sensor/install.log'
[12.415s] Invoked command in '/workspace/ph_sys_ws/src/ph_sensor' returned '0': PYTHONPATH=/workspace/ph_sys_ws/build/ph_sensor/prefix_override:/usr/lib/python3/dist-packages/colcon_core/task/python/colcon_distutils_commands:/workspace/ph_sys_ws/install/ph_sensor/lib/python3.10/site-packages:${PYTHONPATH} /usr/bin/python3 -W ignore:setup.py install is deprecated -W ignore:easy_install command is deprecated setup.py egg_info --egg-base ../../build/ph_sensor build --build-base /workspace/ph_sys_ws/build/ph_sensor/build install --record /workspace/ph_sys_ws/build/ph_sensor/install.log --single-version-externally-managed install_data --force
