[5.894s] Invoking command in '/workspace/ph_sys_ws/build/brain': PYTHONPATH=/workspace/ph_sys_ws/build/brain/prefix_override:/usr/lib/python3/dist-packages/colcon_core/task/python/colcon_distutils_commands:/workspace/ph_sys_ws/install/brain/lib/python3.10/site-packages:${PYTHONPATH} /usr/bin/python3 -W ignore:setup.py install is deprecated -W ignore:easy_install command is deprecated setup.py develop --uninstall --editable --build-directory /workspace/ph_sys_ws/build/brain/build
[7.420s] running develop
[8.199s] Removing /workspace/ph_sys_ws/install/brain/lib/python3.10/site-packages/brain.egg-link (link to .)
[8.395s] Invoked command in '/workspace/ph_sys_ws/build/brain' returned '0': PYTHONPATH=/workspace/ph_sys_ws/build/brain/prefix_override:/usr/lib/python3/dist-packages/colcon_core/task/python/colcon_distutils_commands:/workspace/ph_sys_ws/install/brain/lib/python3.10/site-packages:${PYTHONPATH} /usr/bin/python3 -W ignore:setup.py install is deprecated -W ignore:easy_install command is deprecated setup.py develop --uninstall --editable --build-directory /workspace/ph_sys_ws/build/brain/build
[8.404s] Invoking command in '/workspace/ph_sys_ws/src/brain': PYTHONPATH=/workspace/ph_sys_ws/build/brain/prefix_override:/usr/lib/python3/dist-packages/colcon_core/task/python/colcon_distutils_commands:/workspace/ph_sys_ws/install/brain/lib/python3.10/site-packages:${PYTHONPATH} /usr/bin/python3 -W ignore:setup.py install is deprecated -W ignore:easy_install command is deprecated setup.py egg_info --egg-base ../../build/brain build --build-base /workspace/ph_sys_ws/build/brain/build install --record /workspace/ph_sys_ws/build/brain/install.log --single-version-externally-managed install_data --force
[9.979s] running egg_info
[9.981s] writing ../../build/brain/brain.egg-info/PKG-INFO
[9.982s] writing dependency_links to ../../build/brain/brain.egg-info/dependency_links.txt
[9.983s] writing entry points to ../../build/brain/brain.egg-info/entry_points.txt
[9.986s] writing requirements to ../../build/brain/brain.egg-info/requires.txt
[9.988s] writing top-level names to ../../build/brain/brain.egg-info/top_level.txt
[9.994s] reading manifest file '../../build/brain/brain.egg-info/SOURCES.txt'
[9.999s] writing manifest file '../../build/brain/brain.egg-info/SOURCES.txt'
[10.001s] running build
[10.007s] running install
[10.010s] running install_data
[10.012s] copying resource/brain -> /workspace/ph_sys_ws/install/brain/share/ament_index/resource_index/packages
[10.013s] copying package.xml -> /workspace/ph_sys_ws/install/brain/share/brain
[10.013s] running install_egg_info
[10.024s] Copying ../../build/brain/brain.egg-info to /workspace/ph_sys_ws/install/brain/lib/python3.10/site-packages/brain-0.0.0-py3.10.egg-info
[10.026s] running install_scripts
[10.127s] writing list of installed files to '/workspace/ph_sys_ws/build/brain/install.log'
[10.331s] Invoked command in '/workspace/ph_sys_ws/src/brain' returned '0': PYTHONPATH=/workspace/ph_sys_ws/build/brain/prefix_override:/usr/lib/python3/dist-packages/colcon_core/task/python/colcon_distutils_commands:/workspace/ph_sys_ws/install/brain/lib/python3.10/site-packages:${PYTHONPATH} /usr/bin/python3 -W ignore:setup.py install is deprecated -W ignore:easy_install command is deprecated setup.py egg_info --egg-base ../../build/brain build --build-base /workspace/ph_sys_ws/build/brain/build install --record /workspace/ph_sys_ws/build/brain/install.log --single-version-externally-managed install_data --force
