[8.803s] Invoking command in '/workspace/ph_sys_ws/build/ph_controller': PYTHONPATH=/workspace/ph_sys_ws/build/ph_controller/prefix_override:/usr/lib/python3/dist-packages/colcon_core/task/python/colcon_distutils_commands:/workspace/ph_sys_ws/install/ph_controller/lib/python3.10/site-packages:${PYTHONPATH} /usr/bin/python3 -W ignore:setup.py install is deprecated -W ignore:easy_install command is deprecated setup.py develop --uninstall --editable --build-directory /workspace/ph_sys_ws/build/ph_controller/build
[11.045s] running develop
[12.608s] Removing /workspace/ph_sys_ws/install/ph_controller/lib/python3.10/site-packages/ph-controller.egg-link (link to .)
[12.857s] Invoked command in '/workspace/ph_sys_ws/build/ph_controller' returned '0': PYTHONPATH=/workspace/ph_sys_ws/build/ph_controller/prefix_override:/usr/lib/python3/dist-packages/colcon_core/task/python/colcon_distutils_commands:/workspace/ph_sys_ws/install/ph_controller/lib/python3.10/site-packages:${PYTHONPATH} /usr/bin/python3 -W ignore:setup.py install is deprecated -W ignore:easy_install command is deprecated setup.py develop --uninstall --editable --build-directory /workspace/ph_sys_ws/build/ph_controller/build
[12.859s] Invoking command in '/workspace/ph_sys_ws/src/ph_controller': PYTHONPATH=/workspace/ph_sys_ws/build/ph_controller/prefix_override:/usr/lib/python3/dist-packages/colcon_core/task/python/colcon_distutils_commands:/workspace/ph_sys_ws/install/ph_controller/lib/python3.10/site-packages:${PYTHONPATH} /usr/bin/python3 -W ignore:setup.py install is deprecated -W ignore:easy_install command is deprecated setup.py egg_info --egg-base ../../build/ph_controller build --build-base /workspace/ph_sys_ws/build/ph_controller/build install --record /workspace/ph_sys_ws/build/ph_controller/install.log --single-version-externally-managed install_data --force
[14.860s] running egg_info
[14.868s] writing ../../build/ph_controller/ph_controller.egg-info/PKG-INFO
[14.884s] writing dependency_links to ../../build/ph_controller/ph_controller.egg-info/dependency_links.txt
[14.885s] writing entry points to ../../build/ph_controller/ph_controller.egg-info/entry_points.txt
[14.891s] writing requirements to ../../build/ph_controller/ph_controller.egg-info/requires.txt
[14.896s] writing top-level names to ../../build/ph_controller/ph_controller.egg-info/top_level.txt
[14.905s] reading manifest file '../../build/ph_controller/ph_controller.egg-info/SOURCES.txt'
[14.917s] writing manifest file '../../build/ph_controller/ph_controller.egg-info/SOURCES.txt'
[14.918s] running build
[14.918s] running build_py
[14.919s] creating /workspace/ph_sys_ws/build/ph_controller/build
[14.919s] creating /workspace/ph_sys_ws/build/ph_controller/build/lib
[14.919s] creating /workspace/ph_sys_ws/build/ph_controller/build/lib/ph_controller
[14.927s] copying ph_controller/ph_controller_node.py -> /workspace/ph_sys_ws/build/ph_controller/build/lib/ph_controller
[14.928s] copying ph_controller/controller_ph.py -> /workspace/ph_sys_ws/build/ph_controller/build/lib/ph_controller
[14.936s] copying ph_controller/__init__.py -> /workspace/ph_sys_ws/build/ph_controller/build/lib/ph_controller
[14.951s] running install
[14.955s] running install_lib
[14.959s] creating /workspace/ph_sys_ws/install/ph_controller/lib/python3.10/site-packages/ph_controller
[14.964s] copying /workspace/ph_sys_ws/build/ph_controller/build/lib/ph_controller/ph_controller_node.py -> /workspace/ph_sys_ws/install/ph_controller/lib/python3.10/site-packages/ph_controller
[14.965s] copying /workspace/ph_sys_ws/build/ph_controller/build/lib/ph_controller/controller_ph.py -> /workspace/ph_sys_ws/install/ph_controller/lib/python3.10/site-packages/ph_controller
[14.965s] copying /workspace/ph_sys_ws/build/ph_controller/build/lib/ph_controller/__init__.py -> /workspace/ph_sys_ws/install/ph_controller/lib/python3.10/site-packages/ph_controller
[14.968s] byte-compiling /workspace/ph_sys_ws/install/ph_controller/lib/python3.10/site-packages/ph_controller/ph_controller_node.py to ph_controller_node.cpython-310.pyc
[14.977s] byte-compiling /workspace/ph_sys_ws/install/ph_controller/lib/python3.10/site-packages/ph_controller/controller_ph.py to controller_ph.cpython-310.pyc
[14.984s] byte-compiling /workspace/ph_sys_ws/install/ph_controller/lib/python3.10/site-packages/ph_controller/__init__.py to __init__.cpython-310.pyc
[14.985s] running install_data
[14.987s] copying resource/ph_controller -> /workspace/ph_sys_ws/install/ph_controller/share/ament_index/resource_index/packages
[14.989s] copying package.xml -> /workspace/ph_sys_ws/install/ph_controller/share/ph_controller
[14.992s] running install_egg_info
[15.014s] Copying ../../build/ph_controller/ph_controller.egg-info to /workspace/ph_sys_ws/install/ph_controller/lib/python3.10/site-packages/ph_controller-0.0.0-py3.10.egg-info
[15.029s] running install_scripts
[15.170s] Installing ph_controller_node script to /workspace/ph_sys_ws/install/ph_controller/lib/ph_controller
[15.186s] writing list of installed files to '/workspace/ph_sys_ws/build/ph_controller/install.log'
[15.423s] Invoked command in '/workspace/ph_sys_ws/src/ph_controller' returned '0': PYTHONPATH=/workspace/ph_sys_ws/build/ph_controller/prefix_override:/usr/lib/python3/dist-packages/colcon_core/task/python/colcon_distutils_commands:/workspace/ph_sys_ws/install/ph_controller/lib/python3.10/site-packages:${PYTHONPATH} /usr/bin/python3 -W ignore:setup.py install is deprecated -W ignore:easy_install command is deprecated setup.py egg_info --egg-base ../../build/ph_controller build --build-base /workspace/ph_sys_ws/build/ph_controller/build install --record /workspace/ph_sys_ws/build/ph_controller/install.log --single-version-externally-managed install_data --force
