[0.410s] DEBUG:colcon:Command line arguments: ['/usr/bin/colcon', 'build', '--symlink-install']
[0.410s] DEBUG:colcon:Parsed command line arguments: Namespace(log_base=None, log_level=None, verb_name='build', build_base='build', install_base='install', merge_install=False, symlink_install=True, test_result_base=None, continue_on_error=False, executor='parallel', parallel_workers=4, event_handlers=None, ignore_user_meta=False, metas=['./colcon.meta'], base_paths=['.'], packages_ignore=None, packages_ignore_regex=None, paths=None, packages_up_to=None, packages_up_to_regex=None, packages_above=None, packages_above_and_dependencies=None, packages_above_depth=None, packages_select_by_dep=None, packages_skip_by_dep=None, packages_skip_up_to=None, packages_select_build_failed=False, packages_skip_build_finished=False, packages_select_test_failures=False, packages_skip_test_passed=False, packages_select=None, packages_skip=None, packages_select_regex=None, packages_skip_regex=None, packages_start=None, packages_end=None, cmake_args=None, cmake_target=None, cmake_target_skip_unavailable=False, cmake_clean_cache=False, cmake_clean_first=False, cmake_force_configure=False, ament_cmake_args=None, catkin_cmake_args=None, catkin_skip_building_tests=False, mixin_files=None, mixin=None, verb_parser=<colcon_mixin.mixin.mixin_argument.MixinArgumentDecorator object at 0x7f9a16da20>, verb_extension=<colcon_core.verb.build.BuildVerb object at 0x7f9a16d4b0>, main=<bound method BuildVerb.main of <colcon_core.verb.build.BuildVerb object at 0x7f9a16d4b0>>, mixin_verb=('build',))
[0.941s] Level 1:colcon.colcon_core.package_discovery:discover_packages(colcon_meta) check parameters
[0.943s] INFO:colcon.colcon_metadata.package_discovery.colcon_meta:Using configuration from '/root/.colcon/metadata/default/Gazebo.meta'
[0.945s] INFO:colcon.colcon_metadata.package_discovery.colcon_meta:Using configuration from '/root/.colcon/metadata/default/fastdds.meta'
[0.947s] INFO:colcon.colcon_metadata.package_discovery.colcon_meta:Using configuration from '/root/.colcon/metadata/default/fastrtps.meta'
[0.947s] Level 1:colcon.colcon_core.package_discovery:discover_packages(recursive) check parameters
[0.947s] Level 1:colcon.colcon_core.package_discovery:discover_packages(ignore) check parameters
[0.947s] Level 1:colcon.colcon_core.package_discovery:discover_packages(path) check parameters
[0.947s] Level 1:colcon.colcon_core.package_discovery:discover_packages(colcon_meta) discover
[0.947s] Level 1:colcon.colcon_core.package_discovery:discover_packages(recursive) discover
[0.947s] INFO:colcon.colcon_core.package_discovery:Crawling recursively for packages in '/workspace/ph_sys_ws'
[0.948s] Level 1:colcon.colcon_core.package_identification:_identify(.) by extensions ['ignore', 'ignore_ament_install']
[0.948s] Level 1:colcon.colcon_core.package_identification:_identify(.) by extension 'ignore'
[0.948s] Level 1:colcon.colcon_core.package_identification:_identify(.) by extension 'ignore_ament_install'
[0.948s] Level 1:colcon.colcon_core.package_identification:_identify(.) by extensions ['colcon_pkg']
[0.949s] Level 1:colcon.colcon_core.package_identification:_identify(.) by extension 'colcon_pkg'
[0.949s] Level 1:colcon.colcon_core.package_identification:_identify(.) by extensions ['colcon_meta']
[0.949s] Level 1:colcon.colcon_core.package_identification:_identify(.) by extension 'colcon_meta'
[0.949s] Level 1:colcon.colcon_core.package_identification:_identify(.) by extensions ['ros']
[0.949s] Level 1:colcon.colcon_core.package_identification:_identify(.) by extension 'ros'
[0.990s] Level 1:colcon.colcon_core.package_identification:_identify(.) by extensions ['cmake', 'python']
[0.991s] Level 1:colcon.colcon_core.package_identification:_identify(.) by extension 'cmake'
[0.991s] Level 1:colcon.colcon_core.package_identification:_identify(.) by extension 'python'
[0.991s] Level 1:colcon.colcon_core.package_identification:_identify(.) by extensions ['python_setup_py']
[0.991s] Level 1:colcon.colcon_core.package_identification:_identify(.) by extension 'python_setup_py'
[0.991s] Level 1:colcon.colcon_core.package_identification:_identify(build) by extensions ['ignore', 'ignore_ament_install']
[0.992s] Level 1:colcon.colcon_core.package_identification:_identify(build) by extension 'ignore'
[0.992s] Level 1:colcon.colcon_core.package_identification:_identify(build) ignored
[0.992s] Level 1:colcon.colcon_core.package_identification:_identify(docker) by extensions ['ignore', 'ignore_ament_install']
[0.993s] Level 1:colcon.colcon_core.package_identification:_identify(docker) by extension 'ignore'
[0.993s] Level 1:colcon.colcon_core.package_identification:_identify(docker) by extension 'ignore_ament_install'
[0.993s] Level 1:colcon.colcon_core.package_identification:_identify(docker) by extensions ['colcon_pkg']
[0.993s] Level 1:colcon.colcon_core.package_identification:_identify(docker) by extension 'colcon_pkg'
[0.993s] Level 1:colcon.colcon_core.package_identification:_identify(docker) by extensions ['colcon_meta']
[0.993s] Level 1:colcon.colcon_core.package_identification:_identify(docker) by extension 'colcon_meta'
[0.993s] Level 1:colcon.colcon_core.package_identification:_identify(docker) by extensions ['ros']
[0.993s] Level 1:colcon.colcon_core.package_identification:_identify(docker) by extension 'ros'
[0.994s] Level 1:colcon.colcon_core.package_identification:_identify(docker) by extensions ['cmake', 'python']
[0.994s] Level 1:colcon.colcon_core.package_identification:_identify(docker) by extension 'cmake'
[0.994s] Level 1:colcon.colcon_core.package_identification:_identify(docker) by extension 'python'
[0.994s] Level 1:colcon.colcon_core.package_identification:_identify(docker) by extensions ['python_setup_py']
[0.994s] Level 1:colcon.colcon_core.package_identification:_identify(docker) by extension 'python_setup_py'
[0.994s] Level 1:colcon.colcon_core.package_identification:_identify(install) by extensions ['ignore', 'ignore_ament_install']
[0.995s] Level 1:colcon.colcon_core.package_identification:_identify(install) by extension 'ignore'
[0.995s] Level 1:colcon.colcon_core.package_identification:_identify(install) ignored
[0.995s] Level 1:colcon.colcon_core.package_identification:_identify(log) by extensions ['ignore', 'ignore_ament_install']
[0.995s] Level 1:colcon.colcon_core.package_identification:_identify(log) by extension 'ignore'
[0.995s] Level 1:colcon.colcon_core.package_identification:_identify(log) ignored
[0.996s] Level 1:colcon.colcon_core.package_identification:_identify(src) by extensions ['ignore', 'ignore_ament_install']
[0.996s] Level 1:colcon.colcon_core.package_identification:_identify(src) by extension 'ignore'
[0.996s] Level 1:colcon.colcon_core.package_identification:_identify(src) by extension 'ignore_ament_install'
[0.996s] Level 1:colcon.colcon_core.package_identification:_identify(src) by extensions ['colcon_pkg']
[0.996s] Level 1:colcon.colcon_core.package_identification:_identify(src) by extension 'colcon_pkg'
[0.997s] Level 1:colcon.colcon_core.package_identification:_identify(src) by extensions ['colcon_meta']
[0.997s] Level 1:colcon.colcon_core.package_identification:_identify(src) by extension 'colcon_meta'
[0.997s] Level 1:colcon.colcon_core.package_identification:_identify(src) by extensions ['ros']
[0.997s] Level 1:colcon.colcon_core.package_identification:_identify(src) by extension 'ros'
[0.997s] Level 1:colcon.colcon_core.package_identification:_identify(src) by extensions ['cmake', 'python']
[0.997s] Level 1:colcon.colcon_core.package_identification:_identify(src) by extension 'cmake'
[0.997s] Level 1:colcon.colcon_core.package_identification:_identify(src) by extension 'python'
[0.998s] Level 1:colcon.colcon_core.package_identification:_identify(src) by extensions ['python_setup_py']
[0.998s] Level 1:colcon.colcon_core.package_identification:_identify(src) by extension 'python_setup_py'
[0.998s] Level 1:colcon.colcon_core.package_identification:_identify(src/brain) by extensions ['ignore', 'ignore_ament_install']
[0.998s] Level 1:colcon.colcon_core.package_identification:_identify(src/brain) by extension 'ignore'
[0.998s] Level 1:colcon.colcon_core.package_identification:_identify(src/brain) by extension 'ignore_ament_install'
[0.999s] Level 1:colcon.colcon_core.package_identification:_identify(src/brain) by extensions ['colcon_pkg']
[0.999s] Level 1:colcon.colcon_core.package_identification:_identify(src/brain) by extension 'colcon_pkg'
[0.999s] Level 1:colcon.colcon_core.package_identification:_identify(src/brain) by extensions ['colcon_meta']
[0.999s] Level 1:colcon.colcon_core.package_identification:_identify(src/brain) by extension 'colcon_meta'
[0.999s] Level 1:colcon.colcon_core.package_identification:_identify(src/brain) by extensions ['ros']
[0.999s] Level 1:colcon.colcon_core.package_identification:_identify(src/brain) by extension 'ros'
[1.008s] DEBUG:colcon.colcon_core.package_identification:Package 'src/brain' with type 'ros.ament_python' and name 'brain'
[1.009s] Level 1:colcon.colcon_core.package_identification:_identify(src/external) by extensions ['ignore', 'ignore_ament_install']
[1.009s] Level 1:colcon.colcon_core.package_identification:_identify(src/external) by extension 'ignore'
[1.010s] Level 1:colcon.colcon_core.package_identification:_identify(src/external) by extension 'ignore_ament_install'
[1.010s] Level 1:colcon.colcon_core.package_identification:_identify(src/external) by extensions ['colcon_pkg']
[1.010s] Level 1:colcon.colcon_core.package_identification:_identify(src/external) by extension 'colcon_pkg'
[1.010s] Level 1:colcon.colcon_core.package_identification:_identify(src/external) by extensions ['colcon_meta']
[1.010s] Level 1:colcon.colcon_core.package_identification:_identify(src/external) by extension 'colcon_meta'
[1.010s] Level 1:colcon.colcon_core.package_identification:_identify(src/external) by extensions ['ros']
[1.010s] Level 1:colcon.colcon_core.package_identification:_identify(src/external) by extension 'ros'
[1.013s] DEBUG:colcon.colcon_core.package_identification:Package 'src/external' with type 'ros.ament_python' and name 'external'
[1.013s] Level 1:colcon.colcon_core.package_identification:_identify(src/first_package) by extensions ['ignore', 'ignore_ament_install']
[1.014s] Level 1:colcon.colcon_core.package_identification:_identify(src/first_package) by extension 'ignore'
[1.014s] Level 1:colcon.colcon_core.package_identification:_identify(src/first_package) by extension 'ignore_ament_install'
[1.014s] Level 1:colcon.colcon_core.package_identification:_identify(src/first_package) by extensions ['colcon_pkg']
[1.014s] Level 1:colcon.colcon_core.package_identification:_identify(src/first_package) by extension 'colcon_pkg'
[1.014s] Level 1:colcon.colcon_core.package_identification:_identify(src/first_package) by extensions ['colcon_meta']
[1.015s] Level 1:colcon.colcon_core.package_identification:_identify(src/first_package) by extension 'colcon_meta'
[1.015s] Level 1:colcon.colcon_core.package_identification:_identify(src/first_package) by extensions ['ros']
[1.015s] Level 1:colcon.colcon_core.package_identification:_identify(src/first_package) by extension 'ros'
[1.018s] DEBUG:colcon.colcon_core.package_identification:Package 'src/first_package' with type 'ros.ament_python' and name 'first_package'
[1.018s] Level 1:colcon.colcon_core.package_identification:_identify(src/hardware) by extensions ['ignore', 'ignore_ament_install']
[1.019s] Level 1:colcon.colcon_core.package_identification:_identify(src/hardware) by extension 'ignore'
[1.019s] Level 1:colcon.colcon_core.package_identification:_identify(src/hardware) by extension 'ignore_ament_install'
[1.019s] Level 1:colcon.colcon_core.package_identification:_identify(src/hardware) by extensions ['colcon_pkg']
[1.019s] Level 1:colcon.colcon_core.package_identification:_identify(src/hardware) by extension 'colcon_pkg'
[1.019s] Level 1:colcon.colcon_core.package_identification:_identify(src/hardware) by extensions ['colcon_meta']
[1.019s] Level 1:colcon.colcon_core.package_identification:_identify(src/hardware) by extension 'colcon_meta'
[1.020s] Level 1:colcon.colcon_core.package_identification:_identify(src/hardware) by extensions ['ros']
[1.020s] Level 1:colcon.colcon_core.package_identification:_identify(src/hardware) by extension 'ros'
[1.022s] DEBUG:colcon.colcon_core.package_identification:Package 'src/hardware' with type 'ros.ament_python' and name 'hardware'
[1.022s] Level 1:colcon.colcon_core.package_identification:_identify(src/interfaces) by extensions ['ignore', 'ignore_ament_install']
[1.023s] Level 1:colcon.colcon_core.package_identification:_identify(src/interfaces) by extension 'ignore'
[1.023s] Level 1:colcon.colcon_core.package_identification:_identify(src/interfaces) by extension 'ignore_ament_install'
[1.023s] Level 1:colcon.colcon_core.package_identification:_identify(src/interfaces) by extensions ['colcon_pkg']
[1.023s] Level 1:colcon.colcon_core.package_identification:_identify(src/interfaces) by extension 'colcon_pkg'
[1.023s] Level 1:colcon.colcon_core.package_identification:_identify(src/interfaces) by extensions ['colcon_meta']
[1.023s] Level 1:colcon.colcon_core.package_identification:_identify(src/interfaces) by extension 'colcon_meta'
[1.024s] Level 1:colcon.colcon_core.package_identification:_identify(src/interfaces) by extensions ['ros']
[1.024s] Level 1:colcon.colcon_core.package_identification:_identify(src/interfaces) by extension 'ros'
[1.026s] DEBUG:colcon.colcon_core.package_identification:Package 'src/interfaces' with type 'ros.ament_cmake' and name 'interfaces'
[1.027s] Level 1:colcon.colcon_core.package_identification:_identify(src/peristaltic_pump) by extensions ['ignore', 'ignore_ament_install']
[1.027s] Level 1:colcon.colcon_core.package_identification:_identify(src/peristaltic_pump) by extension 'ignore'
[1.027s] Level 1:colcon.colcon_core.package_identification:_identify(src/peristaltic_pump) by extension 'ignore_ament_install'
[1.027s] Level 1:colcon.colcon_core.package_identification:_identify(src/peristaltic_pump) by extensions ['colcon_pkg']
[1.028s] Level 1:colcon.colcon_core.package_identification:_identify(src/peristaltic_pump) by extension 'colcon_pkg'
[1.029s] Level 1:colcon.colcon_core.package_identification:_identify(src/peristaltic_pump) by extensions ['colcon_meta']
[1.029s] Level 1:colcon.colcon_core.package_identification:_identify(src/peristaltic_pump) by extension 'colcon_meta'
[1.030s] Level 1:colcon.colcon_core.package_identification:_identify(src/peristaltic_pump) by extensions ['ros']
[1.030s] Level 1:colcon.colcon_core.package_identification:_identify(src/peristaltic_pump) by extension 'ros'
[1.032s] DEBUG:colcon.colcon_core.package_identification:Package 'src/peristaltic_pump' with type 'ros.ament_python' and name 'peristaltic_pump'
[1.033s] Level 1:colcon.colcon_core.package_identification:_identify(src/ph_controller) by extensions ['ignore', 'ignore_ament_install']
[1.033s] Level 1:colcon.colcon_core.package_identification:_identify(src/ph_controller) by extension 'ignore'
[1.033s] Level 1:colcon.colcon_core.package_identification:_identify(src/ph_controller) by extension 'ignore_ament_install'
[1.033s] Level 1:colcon.colcon_core.package_identification:_identify(src/ph_controller) by extensions ['colcon_pkg']
[1.033s] Level 1:colcon.colcon_core.package_identification:_identify(src/ph_controller) by extension 'colcon_pkg'
[1.034s] Level 1:colcon.colcon_core.package_identification:_identify(src/ph_controller) by extensions ['colcon_meta']
[1.034s] Level 1:colcon.colcon_core.package_identification:_identify(src/ph_controller) by extension 'colcon_meta'
[1.034s] Level 1:colcon.colcon_core.package_identification:_identify(src/ph_controller) by extensions ['ros']
[1.034s] Level 1:colcon.colcon_core.package_identification:_identify(src/ph_controller) by extension 'ros'
[1.037s] DEBUG:colcon.colcon_core.package_identification:Package 'src/ph_controller' with type 'ros.ament_python' and name 'ph_controller'
[1.038s] Level 1:colcon.colcon_core.package_identification:_identify(src/ph_sensor) by extensions ['ignore', 'ignore_ament_install']
[1.038s] Level 1:colcon.colcon_core.package_identification:_identify(src/ph_sensor) by extension 'ignore'
[1.038s] Level 1:colcon.colcon_core.package_identification:_identify(src/ph_sensor) by extension 'ignore_ament_install'
[1.038s] Level 1:colcon.colcon_core.package_identification:_identify(src/ph_sensor) by extensions ['colcon_pkg']
[1.039s] Level 1:colcon.colcon_core.package_identification:_identify(src/ph_sensor) by extension 'colcon_pkg'
[1.039s] Level 1:colcon.colcon_core.package_identification:_identify(src/ph_sensor) by extensions ['colcon_meta']
[1.039s] Level 1:colcon.colcon_core.package_identification:_identify(src/ph_sensor) by extension 'colcon_meta'
[1.039s] Level 1:colcon.colcon_core.package_identification:_identify(src/ph_sensor) by extensions ['ros']
[1.039s] Level 1:colcon.colcon_core.package_identification:_identify(src/ph_sensor) by extension 'ros'
[1.041s] DEBUG:colcon.colcon_core.package_identification:Package 'src/ph_sensor' with type 'ros.ament_python' and name 'ph_sensor'
[1.042s] Level 1:colcon.colcon_core.package_identification:_identify(tools) by extensions ['ignore', 'ignore_ament_install']
[1.042s] Level 1:colcon.colcon_core.package_identification:_identify(tools) by extension 'ignore'
[1.043s] Level 1:colcon.colcon_core.package_identification:_identify(tools) by extension 'ignore_ament_install'
[1.043s] Level 1:colcon.colcon_core.package_identification:_identify(tools) by extensions ['colcon_pkg']
[1.043s] Level 1:colcon.colcon_core.package_identification:_identify(tools) by extension 'colcon_pkg'
[1.043s] Level 1:colcon.colcon_core.package_identification:_identify(tools) by extensions ['colcon_meta']
[1.043s] Level 1:colcon.colcon_core.package_identification:_identify(tools) by extension 'colcon_meta'
[1.044s] Level 1:colcon.colcon_core.package_identification:_identify(tools) by extensions ['ros']
[1.044s] Level 1:colcon.colcon_core.package_identification:_identify(tools) by extension 'ros'
[1.044s] Level 1:colcon.colcon_core.package_identification:_identify(tools) by extensions ['cmake', 'python']
[1.044s] Level 1:colcon.colcon_core.package_identification:_identify(tools) by extension 'cmake'
[1.044s] Level 1:colcon.colcon_core.package_identification:_identify(tools) by extension 'python'
[1.044s] Level 1:colcon.colcon_core.package_identification:_identify(tools) by extensions ['python_setup_py']
[1.045s] Level 1:colcon.colcon_core.package_identification:_identify(tools) by extension 'python_setup_py'
[1.045s] Level 1:colcon.colcon_core.package_discovery:discover_packages(recursive) using defaults
[1.045s] Level 1:colcon.colcon_core.package_discovery:discover_packages(ignore) discover
[1.045s] Level 1:colcon.colcon_core.package_discovery:discover_packages(ignore) using defaults
[1.045s] Level 1:colcon.colcon_core.package_discovery:discover_packages(path) discover
[1.045s] Level 1:colcon.colcon_core.package_discovery:discover_packages(path) using defaults
[1.154s] Level 5:colcon.colcon_core.verb:set package 'brain' build argument 'cmake_args' from command line to 'None'
[1.154s] Level 5:colcon.colcon_core.verb:set package 'brain' build argument 'cmake_target' from command line to 'None'
[1.155s] Level 5:colcon.colcon_core.verb:set package 'brain' build argument 'cmake_target_skip_unavailable' from command line to 'False'
[1.155s] Level 5:colcon.colcon_core.verb:set package 'brain' build argument 'cmake_clean_cache' from command line to 'False'
[1.155s] Level 5:colcon.colcon_core.verb:set package 'brain' build argument 'cmake_clean_first' from command line to 'False'
[1.155s] Level 5:colcon.colcon_core.verb:set package 'brain' build argument 'cmake_force_configure' from command line to 'False'
[1.155s] Level 5:colcon.colcon_core.verb:set package 'brain' build argument 'ament_cmake_args' from command line to 'None'
[1.155s] Level 5:colcon.colcon_core.verb:set package 'brain' build argument 'catkin_cmake_args' from command line to 'None'
[1.155s] Level 5:colcon.colcon_core.verb:set package 'brain' build argument 'catkin_skip_building_tests' from command line to 'False'
[1.155s] DEBUG:colcon.colcon_core.verb:Building package 'brain' with the following arguments: {'ament_cmake_args': None, 'build_base': '/workspace/ph_sys_ws/build/brain', 'catkin_cmake_args': None, 'catkin_skip_building_tests': False, 'cmake_args': None, 'cmake_clean_cache': False, 'cmake_clean_first': False, 'cmake_force_configure': False, 'cmake_target': None, 'cmake_target_skip_unavailable': False, 'install_base': '/workspace/ph_sys_ws/install/brain', 'merge_install': False, 'path': '/workspace/ph_sys_ws/src/brain', 'symlink_install': True, 'test_result_base': None}
[1.157s] Level 5:colcon.colcon_core.verb:set package 'external' build argument 'cmake_args' from command line to 'None'
[1.157s] Level 5:colcon.colcon_core.verb:set package 'external' build argument 'cmake_target' from command line to 'None'
[1.157s] Level 5:colcon.colcon_core.verb:set package 'external' build argument 'cmake_target_skip_unavailable' from command line to 'False'
[1.157s] Level 5:colcon.colcon_core.verb:set package 'external' build argument 'cmake_clean_cache' from command line to 'False'
[1.157s] Level 5:colcon.colcon_core.verb:set package 'external' build argument 'cmake_clean_first' from command line to 'False'
[1.157s] Level 5:colcon.colcon_core.verb:set package 'external' build argument 'cmake_force_configure' from command line to 'False'
[1.157s] Level 5:colcon.colcon_core.verb:set package 'external' build argument 'ament_cmake_args' from command line to 'None'
[1.157s] Level 5:colcon.colcon_core.verb:set package 'external' build argument 'catkin_cmake_args' from command line to 'None'
[1.157s] Level 5:colcon.colcon_core.verb:set package 'external' build argument 'catkin_skip_building_tests' from command line to 'False'
[1.157s] DEBUG:colcon.colcon_core.verb:Building package 'external' with the following arguments: {'ament_cmake_args': None, 'build_base': '/workspace/ph_sys_ws/build/external', 'catkin_cmake_args': None, 'catkin_skip_building_tests': False, 'cmake_args': None, 'cmake_clean_cache': False, 'cmake_clean_first': False, 'cmake_force_configure': False, 'cmake_target': None, 'cmake_target_skip_unavailable': False, 'install_base': '/workspace/ph_sys_ws/install/external', 'merge_install': False, 'path': '/workspace/ph_sys_ws/src/external', 'symlink_install': True, 'test_result_base': None}
[1.159s] Level 5:colcon.colcon_core.verb:set package 'first_package' build argument 'cmake_args' from command line to 'None'
[1.159s] Level 5:colcon.colcon_core.verb:set package 'first_package' build argument 'cmake_target' from command line to 'None'
[1.159s] Level 5:colcon.colcon_core.verb:set package 'first_package' build argument 'cmake_target_skip_unavailable' from command line to 'False'
[1.159s] Level 5:colcon.colcon_core.verb:set package 'first_package' build argument 'cmake_clean_cache' from command line to 'False'
[1.159s] Level 5:colcon.colcon_core.verb:set package 'first_package' build argument 'cmake_clean_first' from command line to 'False'
[1.159s] Level 5:colcon.colcon_core.verb:set package 'first_package' build argument 'cmake_force_configure' from command line to 'False'
[1.159s] Level 5:colcon.colcon_core.verb:set package 'first_package' build argument 'ament_cmake_args' from command line to 'None'
[1.159s] Level 5:colcon.colcon_core.verb:set package 'first_package' build argument 'catkin_cmake_args' from command line to 'None'
[1.159s] Level 5:colcon.colcon_core.verb:set package 'first_package' build argument 'catkin_skip_building_tests' from command line to 'False'
[1.159s] DEBUG:colcon.colcon_core.verb:Building package 'first_package' with the following arguments: {'ament_cmake_args': None, 'build_base': '/workspace/ph_sys_ws/build/first_package', 'catkin_cmake_args': None, 'catkin_skip_building_tests': False, 'cmake_args': None, 'cmake_clean_cache': False, 'cmake_clean_first': False, 'cmake_force_configure': False, 'cmake_target': None, 'cmake_target_skip_unavailable': False, 'install_base': '/workspace/ph_sys_ws/install/first_package', 'merge_install': False, 'path': '/workspace/ph_sys_ws/src/first_package', 'symlink_install': True, 'test_result_base': None}
[1.161s] Level 5:colcon.colcon_core.verb:set package 'hardware' build argument 'cmake_args' from command line to 'None'
[1.161s] Level 5:colcon.colcon_core.verb:set package 'hardware' build argument 'cmake_target' from command line to 'None'
[1.161s] Level 5:colcon.colcon_core.verb:set package 'hardware' build argument 'cmake_target_skip_unavailable' from command line to 'False'
[1.161s] Level 5:colcon.colcon_core.verb:set package 'hardware' build argument 'cmake_clean_cache' from command line to 'False'
[1.161s] Level 5:colcon.colcon_core.verb:set package 'hardware' build argument 'cmake_clean_first' from command line to 'False'
[1.161s] Level 5:colcon.colcon_core.verb:set package 'hardware' build argument 'cmake_force_configure' from command line to 'False'
[1.161s] Level 5:colcon.colcon_core.verb:set package 'hardware' build argument 'ament_cmake_args' from command line to 'None'
[1.161s] Level 5:colcon.colcon_core.verb:set package 'hardware' build argument 'catkin_cmake_args' from command line to 'None'
[1.162s] Level 5:colcon.colcon_core.verb:set package 'hardware' build argument 'catkin_skip_building_tests' from command line to 'False'
[1.162s] DEBUG:colcon.colcon_core.verb:Building package 'hardware' with the following arguments: {'ament_cmake_args': None, 'build_base': '/workspace/ph_sys_ws/build/hardware', 'catkin_cmake_args': None, 'catkin_skip_building_tests': False, 'cmake_args': None, 'cmake_clean_cache': False, 'cmake_clean_first': False, 'cmake_force_configure': False, 'cmake_target': None, 'cmake_target_skip_unavailable': False, 'install_base': '/workspace/ph_sys_ws/install/hardware', 'merge_install': False, 'path': '/workspace/ph_sys_ws/src/hardware', 'symlink_install': True, 'test_result_base': None}
[1.163s] Level 5:colcon.colcon_core.verb:set package 'interfaces' build argument 'cmake_args' from command line to 'None'
[1.163s] Level 5:colcon.colcon_core.verb:set package 'interfaces' build argument 'cmake_target' from command line to 'None'
[1.163s] Level 5:colcon.colcon_core.verb:set package 'interfaces' build argument 'cmake_target_skip_unavailable' from command line to 'False'
[1.163s] Level 5:colcon.colcon_core.verb:set package 'interfaces' build argument 'cmake_clean_cache' from command line to 'False'
[1.163s] Level 5:colcon.colcon_core.verb:set package 'interfaces' build argument 'cmake_clean_first' from command line to 'False'
[1.163s] Level 5:colcon.colcon_core.verb:set package 'interfaces' build argument 'cmake_force_configure' from command line to 'False'
[1.163s] Level 5:colcon.colcon_core.verb:set package 'interfaces' build argument 'ament_cmake_args' from command line to 'None'
[1.164s] Level 5:colcon.colcon_core.verb:set package 'interfaces' build argument 'catkin_cmake_args' from command line to 'None'
[1.164s] Level 5:colcon.colcon_core.verb:set package 'interfaces' build argument 'catkin_skip_building_tests' from command line to 'False'
[1.164s] DEBUG:colcon.colcon_core.verb:Building package 'interfaces' with the following arguments: {'ament_cmake_args': None, 'build_base': '/workspace/ph_sys_ws/build/interfaces', 'catkin_cmake_args': None, 'catkin_skip_building_tests': False, 'cmake_args': None, 'cmake_clean_cache': False, 'cmake_clean_first': False, 'cmake_force_configure': False, 'cmake_target': None, 'cmake_target_skip_unavailable': False, 'install_base': '/workspace/ph_sys_ws/install/interfaces', 'merge_install': False, 'path': '/workspace/ph_sys_ws/src/interfaces', 'symlink_install': True, 'test_result_base': None}
[1.165s] Level 5:colcon.colcon_core.verb:set package 'peristaltic_pump' build argument 'cmake_args' from command line to 'None'
[1.165s] Level 5:colcon.colcon_core.verb:set package 'peristaltic_pump' build argument 'cmake_target' from command line to 'None'
[1.165s] Level 5:colcon.colcon_core.verb:set package 'peristaltic_pump' build argument 'cmake_target_skip_unavailable' from command line to 'False'
[1.165s] Level 5:colcon.colcon_core.verb:set package 'peristaltic_pump' build argument 'cmake_clean_cache' from command line to 'False'
[1.165s] Level 5:colcon.colcon_core.verb:set package 'peristaltic_pump' build argument 'cmake_clean_first' from command line to 'False'
[1.165s] Level 5:colcon.colcon_core.verb:set package 'peristaltic_pump' build argument 'cmake_force_configure' from command line to 'False'
[1.166s] Level 5:colcon.colcon_core.verb:set package 'peristaltic_pump' build argument 'ament_cmake_args' from command line to 'None'
[1.166s] Level 5:colcon.colcon_core.verb:set package 'peristaltic_pump' build argument 'catkin_cmake_args' from command line to 'None'
[1.166s] Level 5:colcon.colcon_core.verb:set package 'peristaltic_pump' build argument 'catkin_skip_building_tests' from command line to 'False'
[1.166s] DEBUG:colcon.colcon_core.verb:Building package 'peristaltic_pump' with the following arguments: {'ament_cmake_args': None, 'build_base': '/workspace/ph_sys_ws/build/peristaltic_pump', 'catkin_cmake_args': None, 'catkin_skip_building_tests': False, 'cmake_args': None, 'cmake_clean_cache': False, 'cmake_clean_first': False, 'cmake_force_configure': False, 'cmake_target': None, 'cmake_target_skip_unavailable': False, 'install_base': '/workspace/ph_sys_ws/install/peristaltic_pump', 'merge_install': False, 'path': '/workspace/ph_sys_ws/src/peristaltic_pump', 'symlink_install': True, 'test_result_base': None}
[1.167s] Level 5:colcon.colcon_core.verb:set package 'ph_controller' build argument 'cmake_args' from command line to 'None'
[1.167s] Level 5:colcon.colcon_core.verb:set package 'ph_controller' build argument 'cmake_target' from command line to 'None'
[1.167s] Level 5:colcon.colcon_core.verb:set package 'ph_controller' build argument 'cmake_target_skip_unavailable' from command line to 'False'
[1.167s] Level 5:colcon.colcon_core.verb:set package 'ph_controller' build argument 'cmake_clean_cache' from command line to 'False'
[1.167s] Level 5:colcon.colcon_core.verb:set package 'ph_controller' build argument 'cmake_clean_first' from command line to 'False'
[1.167s] Level 5:colcon.colcon_core.verb:set package 'ph_controller' build argument 'cmake_force_configure' from command line to 'False'
[1.168s] Level 5:colcon.colcon_core.verb:set package 'ph_controller' build argument 'ament_cmake_args' from command line to 'None'
[1.168s] Level 5:colcon.colcon_core.verb:set package 'ph_controller' build argument 'catkin_cmake_args' from command line to 'None'
[1.168s] Level 5:colcon.colcon_core.verb:set package 'ph_controller' build argument 'catkin_skip_building_tests' from command line to 'False'
[1.168s] DEBUG:colcon.colcon_core.verb:Building package 'ph_controller' with the following arguments: {'ament_cmake_args': None, 'build_base': '/workspace/ph_sys_ws/build/ph_controller', 'catkin_cmake_args': None, 'catkin_skip_building_tests': False, 'cmake_args': None, 'cmake_clean_cache': False, 'cmake_clean_first': False, 'cmake_force_configure': False, 'cmake_target': None, 'cmake_target_skip_unavailable': False, 'install_base': '/workspace/ph_sys_ws/install/ph_controller', 'merge_install': False, 'path': '/workspace/ph_sys_ws/src/ph_controller', 'symlink_install': True, 'test_result_base': None}
[1.169s] Level 5:colcon.colcon_core.verb:set package 'ph_sensor' build argument 'cmake_args' from command line to 'None'
[1.169s] Level 5:colcon.colcon_core.verb:set package 'ph_sensor' build argument 'cmake_target' from command line to 'None'
[1.169s] Level 5:colcon.colcon_core.verb:set package 'ph_sensor' build argument 'cmake_target_skip_unavailable' from command line to 'False'
[1.169s] Level 5:colcon.colcon_core.verb:set package 'ph_sensor' build argument 'cmake_clean_cache' from command line to 'False'
[1.170s] Level 5:colcon.colcon_core.verb:set package 'ph_sensor' build argument 'cmake_clean_first' from command line to 'False'
[1.170s] Level 5:colcon.colcon_core.verb:set package 'ph_sensor' build argument 'cmake_force_configure' from command line to 'False'
[1.170s] Level 5:colcon.colcon_core.verb:set package 'ph_sensor' build argument 'ament_cmake_args' from command line to 'None'
[1.170s] Level 5:colcon.colcon_core.verb:set package 'ph_sensor' build argument 'catkin_cmake_args' from command line to 'None'
[1.170s] Level 5:colcon.colcon_core.verb:set package 'ph_sensor' build argument 'catkin_skip_building_tests' from command line to 'False'
[1.170s] DEBUG:colcon.colcon_core.verb:Building package 'ph_sensor' with the following arguments: {'ament_cmake_args': None, 'build_base': '/workspace/ph_sys_ws/build/ph_sensor', 'catkin_cmake_args': None, 'catkin_skip_building_tests': False, 'cmake_args': None, 'cmake_clean_cache': False, 'cmake_clean_first': False, 'cmake_force_configure': False, 'cmake_target': None, 'cmake_target_skip_unavailable': False, 'install_base': '/workspace/ph_sys_ws/install/ph_sensor', 'merge_install': False, 'path': '/workspace/ph_sys_ws/src/ph_sensor', 'symlink_install': True, 'test_result_base': None}
[1.170s] INFO:colcon.colcon_core.executor:Executing jobs using 'parallel' executor
[1.174s] DEBUG:colcon.colcon_parallel_executor.executor.parallel:run_until_complete
[1.174s] INFO:colcon.colcon_ros.task.ament_python.build:Building ROS package in '/workspace/ph_sys_ws/src/brain' with build type 'ament_python'
[1.175s] Level 1:colcon.colcon_core.shell:create_environment_hook('brain', 'ament_prefix_path')
[1.183s] INFO:colcon.colcon_core.plugin_system:Skipping extension 'colcon_core.shell.bat': Not used on non-Windows systems
[1.184s] INFO:colcon.colcon_core.shell:Creating environment hook '/workspace/ph_sys_ws/install/brain/share/brain/hook/ament_prefix_path.ps1'
[1.186s] INFO:colcon.colcon_core.shell:Creating environment descriptor '/workspace/ph_sys_ws/install/brain/share/brain/hook/ament_prefix_path.dsv'
[1.188s] INFO:colcon.colcon_core.shell:Creating environment hook '/workspace/ph_sys_ws/install/brain/share/brain/hook/ament_prefix_path.sh'
[1.191s] INFO:colcon.colcon_core.shell:Skip shell extension 'powershell' for command environment: Not usable outside of PowerShell
[1.191s] DEBUG:colcon.colcon_core.shell:Skip shell extension 'dsv' for command environment
[1.195s] WARNING:colcon.colcon_ros.prefix_path.ament:The path '/workspace/ph_sys_ws/install/ph_sensor' in the environment variable AMENT_PREFIX_PATH doesn't exist
[1.195s] WARNING:colcon.colcon_ros.prefix_path.ament:The path '/workspace/ph_sys_ws/install/ph_controller' in the environment variable AMENT_PREFIX_PATH doesn't exist
[1.195s] WARNING:colcon.colcon_ros.prefix_path.ament:The path '/workspace/ph_sys_ws/install/peristaltic_pump' in the environment variable AMENT_PREFIX_PATH doesn't exist
[1.195s] WARNING:colcon.colcon_ros.prefix_path.ament:The path '/workspace/ph_sys_ws/install/interfaces' in the environment variable AMENT_PREFIX_PATH doesn't exist
[1.196s] WARNING:colcon.colcon_ros.prefix_path.ament:The path '/workspace/ph_sys_ws/install/hardware' in the environment variable AMENT_PREFIX_PATH doesn't exist
[1.196s] WARNING:colcon.colcon_ros.prefix_path.ament:The path '/workspace/ph_sys_ws/install/first_package' in the environment variable AMENT_PREFIX_PATH doesn't exist
[1.196s] WARNING:colcon.colcon_ros.prefix_path.ament:The path '/workspace/ph_sys_ws/install/external' in the environment variable AMENT_PREFIX_PATH doesn't exist
[1.197s] WARNING:colcon.colcon_ros.prefix_path.catkin:The path '/workspace/ph_sys_ws/install/interfaces' in the environment variable CMAKE_PREFIX_PATH doesn't exist
[1.207s] INFO:colcon.colcon_ros.task.ament_python.build:Building ROS package in '/workspace/ph_sys_ws/src/external' with build type 'ament_python'
[1.208s] Level 1:colcon.colcon_core.shell:create_environment_hook('external', 'ament_prefix_path')
[1.209s] INFO:colcon.colcon_core.shell:Creating environment hook '/workspace/ph_sys_ws/install/external/share/external/hook/ament_prefix_path.ps1'
[1.211s] INFO:colcon.colcon_core.shell:Creating environment descriptor '/workspace/ph_sys_ws/install/external/share/external/hook/ament_prefix_path.dsv'
[1.213s] INFO:colcon.colcon_core.shell:Creating environment hook '/workspace/ph_sys_ws/install/external/share/external/hook/ament_prefix_path.sh'
[1.214s] INFO:colcon.colcon_core.shell:Skip shell extension 'powershell' for command environment: Not usable outside of PowerShell
[1.215s] DEBUG:colcon.colcon_core.shell:Skip shell extension 'dsv' for command environment
[1.223s] INFO:colcon.colcon_ros.task.ament_python.build:Building ROS package in '/workspace/ph_sys_ws/src/first_package' with build type 'ament_python'
[1.224s] Level 1:colcon.colcon_core.shell:create_environment_hook('first_package', 'ament_prefix_path')
[1.225s] INFO:colcon.colcon_core.shell:Creating environment hook '/workspace/ph_sys_ws/install/first_package/share/first_package/hook/ament_prefix_path.ps1'
[1.229s] INFO:colcon.colcon_core.shell:Creating environment descriptor '/workspace/ph_sys_ws/install/first_package/share/first_package/hook/ament_prefix_path.dsv'
[1.231s] INFO:colcon.colcon_core.shell:Creating environment hook '/workspace/ph_sys_ws/install/first_package/share/first_package/hook/ament_prefix_path.sh'
[1.233s] INFO:colcon.colcon_core.shell:Skip shell extension 'powershell' for command environment: Not usable outside of PowerShell
[1.234s] DEBUG:colcon.colcon_core.shell:Skip shell extension 'dsv' for command environment
[1.243s] INFO:colcon.colcon_ros.task.ament_python.build:Building ROS package in '/workspace/ph_sys_ws/src/hardware' with build type 'ament_python'
[1.243s] Level 1:colcon.colcon_core.shell:create_environment_hook('hardware', 'ament_prefix_path')
[1.244s] INFO:colcon.colcon_core.shell:Creating environment hook '/workspace/ph_sys_ws/install/hardware/share/hardware/hook/ament_prefix_path.ps1'
[1.248s] INFO:colcon.colcon_core.shell:Creating environment descriptor '/workspace/ph_sys_ws/install/hardware/share/hardware/hook/ament_prefix_path.dsv'
[1.250s] INFO:colcon.colcon_core.shell:Creating environment hook '/workspace/ph_sys_ws/install/hardware/share/hardware/hook/ament_prefix_path.sh'
[1.252s] INFO:colcon.colcon_core.shell:Skip shell extension 'powershell' for command environment: Not usable outside of PowerShell
[1.252s] DEBUG:colcon.colcon_core.shell:Skip shell extension 'dsv' for command environment
[2.164s] INFO:colcon.colcon_core.task.python.build:Building Python package in '/workspace/ph_sys_ws/src/brain'
[2.165s] INFO:colcon.colcon_core.shell:Skip shell extension 'powershell' for command environment: Not usable outside of PowerShell
[2.165s] DEBUG:colcon.colcon_core.shell:Skip shell extension 'dsv' for command environment
[3.041s] INFO:colcon.colcon_core.task.python.build:Building Python package in '/workspace/ph_sys_ws/src/external'
[3.042s] INFO:colcon.colcon_core.shell:Skip shell extension 'powershell' for command environment: Not usable outside of PowerShell
[3.042s] DEBUG:colcon.colcon_core.shell:Skip shell extension 'dsv' for command environment
[3.916s] INFO:colcon.colcon_core.task.python.build:Building Python package in '/workspace/ph_sys_ws/src/first_package'
[3.917s] INFO:colcon.colcon_core.shell:Skip shell extension 'powershell' for command environment: Not usable outside of PowerShell
[3.918s] DEBUG:colcon.colcon_core.shell:Skip shell extension 'dsv' for command environment
[4.783s] INFO:colcon.colcon_core.task.python.build:Building Python package in '/workspace/ph_sys_ws/src/hardware'
[4.784s] INFO:colcon.colcon_core.shell:Skip shell extension 'powershell' for command environment: Not usable outside of PowerShell
[4.784s] DEBUG:colcon.colcon_core.shell:Skip shell extension 'dsv' for command environment
[7.516s] DEBUG:colcon.colcon_core.event_handler.log_command:Invoking command in '/workspace/ph_sys_ws/build/brain': PYTHONPATH=/workspace/ph_sys_ws/build/brain/prefix_override:/usr/lib/python3/dist-packages/colcon_core/task/python/colcon_distutils_commands:/workspace/ph_sys_ws/install/brain/lib/python3.10/site-packages:${PYTHONPATH} /usr/bin/python3 -W ignore:setup.py install is deprecated -W ignore:easy_install command is deprecated setup.py develop --editable --build-directory /workspace/ph_sys_ws/build/brain/build --no-deps symlink_data
[7.615s] DEBUG:colcon.colcon_core.event_handler.log_command:Invoking command in '/workspace/ph_sys_ws/build/first_package': PYTHONPATH=/workspace/ph_sys_ws/build/first_package/prefix_override:/usr/lib/python3/dist-packages/colcon_core/task/python/colcon_distutils_commands:/workspace/ph_sys_ws/install/first_package/lib/python3.10/site-packages:${PYTHONPATH} /usr/bin/python3 -W ignore:setup.py install is deprecated -W ignore:easy_install command is deprecated setup.py develop --editable --build-directory /workspace/ph_sys_ws/build/first_package/build --no-deps symlink_data
[8.100s] DEBUG:colcon.colcon_core.event_handler.log_command:Invoking command in '/workspace/ph_sys_ws/build/external': PYTHONPATH=/workspace/ph_sys_ws/build/external/prefix_override:/usr/lib/python3/dist-packages/colcon_core/task/python/colcon_distutils_commands:/workspace/ph_sys_ws/install/external/lib/python3.10/site-packages:${PYTHONPATH} /usr/bin/python3 -W ignore:setup.py install is deprecated -W ignore:easy_install command is deprecated setup.py develop --editable --build-directory /workspace/ph_sys_ws/build/external/build --no-deps symlink_data
[8.334s] DEBUG:colcon.colcon_core.event_handler.log_command:Invoking command in '/workspace/ph_sys_ws/build/hardware': PYTHONPATH=/workspace/ph_sys_ws/build/hardware/prefix_override:/usr/lib/python3/dist-packages/colcon_core/task/python/colcon_distutils_commands:/workspace/ph_sys_ws/install/hardware/lib/python3.10/site-packages:${PYTHONPATH} /usr/bin/python3 -W ignore:setup.py install is deprecated -W ignore:easy_install command is deprecated setup.py develop --editable --build-directory /workspace/ph_sys_ws/build/hardware/build --no-deps symlink_data
[10.722s] Level 1:colcon.colcon_core.shell:create_environment_hook('external', 'pythonpath_develop')
[10.724s] INFO:colcon.colcon_core.shell:Creating environment hook '/workspace/ph_sys_ws/build/external/share/external/hook/pythonpath_develop.ps1'
[10.728s] DEBUG:colcon.colcon_core.event_handler.log_command:Invoked command in '/workspace/ph_sys_ws/build/external' returned '0': PYTHONPATH=/workspace/ph_sys_ws/build/external/prefix_override:/usr/lib/python3/dist-packages/colcon_core/task/python/colcon_distutils_commands:/workspace/ph_sys_ws/install/external/lib/python3.10/site-packages:${PYTHONPATH} /usr/bin/python3 -W ignore:setup.py install is deprecated -W ignore:easy_install command is deprecated setup.py develop --editable --build-directory /workspace/ph_sys_ws/build/external/build --no-deps symlink_data
[10.744s] INFO:colcon.colcon_core.shell:Creating environment descriptor '/workspace/ph_sys_ws/build/external/share/external/hook/pythonpath_develop.dsv'
[10.761s] INFO:colcon.colcon_core.shell:Creating environment hook '/workspace/ph_sys_ws/build/external/share/external/hook/pythonpath_develop.sh'
[10.836s] Level 1:colcon.colcon_core.environment:checking '/workspace/ph_sys_ws/install/external' for CMake module files
[10.839s] Level 1:colcon.colcon_core.environment:checking '/workspace/ph_sys_ws/install/external' for CMake config files
[10.857s] Level 1:colcon.colcon_core.environment:checking '/workspace/ph_sys_ws/install/external/lib'
[10.858s] Level 1:colcon.colcon_core.environment:checking '/workspace/ph_sys_ws/install/external/bin'
[10.859s] Level 1:colcon.colcon_core.environment:checking '/workspace/ph_sys_ws/install/external/lib/pkgconfig/external.pc'
[10.864s] Level 1:colcon.colcon_core.environment:checking '/workspace/ph_sys_ws/install/external/lib/python3.10/site-packages'
[10.865s] Level 1:colcon.colcon_core.shell:create_environment_hook('external', 'pythonpath')
[10.866s] INFO:colcon.colcon_core.shell:Creating environment hook '/workspace/ph_sys_ws/install/external/share/external/hook/pythonpath.ps1'
[10.868s] INFO:colcon.colcon_core.shell:Creating environment descriptor '/workspace/ph_sys_ws/install/external/share/external/hook/pythonpath.dsv'
[10.869s] INFO:colcon.colcon_core.shell:Creating environment hook '/workspace/ph_sys_ws/install/external/share/external/hook/pythonpath.sh'
[10.872s] Level 1:colcon.colcon_core.environment:checking '/workspace/ph_sys_ws/install/external/bin'
[10.872s] Level 1:colcon.colcon_core.environment:create_environment_scripts_only(external)
[10.874s] INFO:colcon.colcon_core.shell:Creating package script '/workspace/ph_sys_ws/install/external/share/external/package.ps1'
[10.878s] INFO:colcon.colcon_core.shell:Creating package descriptor '/workspace/ph_sys_ws/install/external/share/external/package.dsv'
[10.881s] INFO:colcon.colcon_core.shell:Creating package script '/workspace/ph_sys_ws/install/external/share/external/package.sh'
[10.884s] INFO:colcon.colcon_core.shell:Creating package script '/workspace/ph_sys_ws/install/external/share/external/package.bash'
[10.888s] INFO:colcon.colcon_core.shell:Creating package script '/workspace/ph_sys_ws/install/external/share/external/package.zsh'
[10.891s] Level 1:colcon.colcon_core.environment:create_file_with_runtime_dependencies(/workspace/ph_sys_ws/install/external/share/colcon-core/packages/external)
[10.895s] INFO:colcon.colcon_ros.task.ament_cmake.build:Building ROS package in '/workspace/ph_sys_ws/src/interfaces' with build type 'ament_cmake'
[10.896s] INFO:colcon.colcon_cmake.task.cmake.build:Building CMake package in '/workspace/ph_sys_ws/src/interfaces'
[10.898s] INFO:colcon.colcon_core.shell:Skip shell extension 'powershell' for command environment: Not usable outside of PowerShell
[10.898s] DEBUG:colcon.colcon_core.shell:Skip shell extension 'dsv' for command environment
[10.913s] Level 1:colcon.colcon_core.shell:create_environment_hook('brain', 'pythonpath_develop')
[10.914s] INFO:colcon.colcon_core.shell:Creating environment hook '/workspace/ph_sys_ws/build/brain/share/brain/hook/pythonpath_develop.ps1'
[10.916s] DEBUG:colcon.colcon_core.event_handler.log_command:Invoked command in '/workspace/ph_sys_ws/build/brain' returned '0': PYTHONPATH=/workspace/ph_sys_ws/build/brain/prefix_override:/usr/lib/python3/dist-packages/colcon_core/task/python/colcon_distutils_commands:/workspace/ph_sys_ws/install/brain/lib/python3.10/site-packages:${PYTHONPATH} /usr/bin/python3 -W ignore:setup.py install is deprecated -W ignore:easy_install command is deprecated setup.py develop --editable --build-directory /workspace/ph_sys_ws/build/brain/build --no-deps symlink_data
[10.918s] INFO:colcon.colcon_core.shell:Creating environment descriptor '/workspace/ph_sys_ws/build/brain/share/brain/hook/pythonpath_develop.dsv'
[10.920s] INFO:colcon.colcon_core.shell:Creating environment hook '/workspace/ph_sys_ws/build/brain/share/brain/hook/pythonpath_develop.sh'
[10.923s] Level 1:colcon.colcon_core.environment:checking '/workspace/ph_sys_ws/install/brain' for CMake module files
[10.926s] Level 1:colcon.colcon_core.environment:checking '/workspace/ph_sys_ws/install/brain' for CMake config files
[10.928s] Level 1:colcon.colcon_core.environment:checking '/workspace/ph_sys_ws/install/brain/lib'
[10.929s] Level 1:colcon.colcon_core.environment:checking '/workspace/ph_sys_ws/install/brain/bin'
[10.929s] Level 1:colcon.colcon_core.environment:checking '/workspace/ph_sys_ws/install/brain/lib/pkgconfig/brain.pc'
[10.931s] Level 1:colcon.colcon_core.environment:checking '/workspace/ph_sys_ws/install/brain/lib/python3.10/site-packages'
[10.931s] Level 1:colcon.colcon_core.shell:create_environment_hook('brain', 'pythonpath')
[10.932s] INFO:colcon.colcon_core.shell:Creating environment hook '/workspace/ph_sys_ws/install/brain/share/brain/hook/pythonpath.ps1'
[10.934s] INFO:colcon.colcon_core.shell:Creating environment descriptor '/workspace/ph_sys_ws/install/brain/share/brain/hook/pythonpath.dsv'
[10.936s] INFO:colcon.colcon_core.shell:Creating environment hook '/workspace/ph_sys_ws/install/brain/share/brain/hook/pythonpath.sh'
[10.939s] Level 1:colcon.colcon_core.environment:checking '/workspace/ph_sys_ws/install/brain/bin'
[10.940s] Level 1:colcon.colcon_core.environment:create_environment_scripts_only(brain)
[10.942s] INFO:colcon.colcon_core.shell:Creating package script '/workspace/ph_sys_ws/install/brain/share/brain/package.ps1'
[10.945s] INFO:colcon.colcon_core.shell:Creating package descriptor '/workspace/ph_sys_ws/install/brain/share/brain/package.dsv'
[10.947s] INFO:colcon.colcon_core.shell:Creating package script '/workspace/ph_sys_ws/install/brain/share/brain/package.sh'
[10.950s] INFO:colcon.colcon_core.shell:Creating package script '/workspace/ph_sys_ws/install/brain/share/brain/package.bash'
[10.952s] INFO:colcon.colcon_core.shell:Creating package script '/workspace/ph_sys_ws/install/brain/share/brain/package.zsh'
[10.953s] Level 1:colcon.colcon_core.environment:create_file_with_runtime_dependencies(/workspace/ph_sys_ws/install/brain/share/colcon-core/packages/brain)
[10.955s] Level 1:colcon.colcon_core.shell:create_environment_hook('first_package', 'pythonpath_develop')
[10.959s] INFO:colcon.colcon_core.shell:Creating environment hook '/workspace/ph_sys_ws/build/first_package/share/first_package/hook/pythonpath_develop.ps1'
[10.958s] DEBUG:colcon.colcon_core.event_handler.log_command:Invoked command in '/workspace/ph_sys_ws/build/first_package' returned '0': PYTHONPATH=/workspace/ph_sys_ws/build/first_package/prefix_override:/usr/lib/python3/dist-packages/colcon_core/task/python/colcon_distutils_commands:/workspace/ph_sys_ws/install/first_package/lib/python3.10/site-packages:${PYTHONPATH} /usr/bin/python3 -W ignore:setup.py install is deprecated -W ignore:easy_install command is deprecated setup.py develop --editable --build-directory /workspace/ph_sys_ws/build/first_package/build --no-deps symlink_data
[10.962s] INFO:colcon.colcon_core.shell:Creating environment descriptor '/workspace/ph_sys_ws/build/first_package/share/first_package/hook/pythonpath_develop.dsv'
[10.963s] INFO:colcon.colcon_core.shell:Creating environment hook '/workspace/ph_sys_ws/build/first_package/share/first_package/hook/pythonpath_develop.sh'
[10.966s] Level 1:colcon.colcon_core.environment:checking '/workspace/ph_sys_ws/install/first_package' for CMake module files
[10.968s] Level 1:colcon.colcon_core.environment:checking '/workspace/ph_sys_ws/install/first_package' for CMake config files
[10.969s] Level 1:colcon.colcon_core.environment:checking '/workspace/ph_sys_ws/install/first_package/lib'
[10.970s] Level 1:colcon.colcon_core.environment:checking '/workspace/ph_sys_ws/install/first_package/bin'
[10.970s] Level 1:colcon.colcon_core.environment:checking '/workspace/ph_sys_ws/install/first_package/lib/pkgconfig/first_package.pc'
[10.971s] Level 1:colcon.colcon_core.environment:checking '/workspace/ph_sys_ws/install/first_package/lib/python3.10/site-packages'
[10.972s] Level 1:colcon.colcon_core.shell:create_environment_hook('first_package', 'pythonpath')
[10.973s] INFO:colcon.colcon_core.shell:Creating environment hook '/workspace/ph_sys_ws/install/first_package/share/first_package/hook/pythonpath.ps1'
[10.975s] INFO:colcon.colcon_core.shell:Creating environment descriptor '/workspace/ph_sys_ws/install/first_package/share/first_package/hook/pythonpath.dsv'
[10.976s] INFO:colcon.colcon_core.shell:Creating environment hook '/workspace/ph_sys_ws/install/first_package/share/first_package/hook/pythonpath.sh'
[10.979s] Level 1:colcon.colcon_core.environment:checking '/workspace/ph_sys_ws/install/first_package/bin'
[10.980s] Level 1:colcon.colcon_core.environment:create_environment_scripts_only(first_package)
[10.981s] INFO:colcon.colcon_core.shell:Creating package script '/workspace/ph_sys_ws/install/first_package/share/first_package/package.ps1'
[10.984s] INFO:colcon.colcon_core.shell:Creating package descriptor '/workspace/ph_sys_ws/install/first_package/share/first_package/package.dsv'
[10.986s] INFO:colcon.colcon_core.shell:Creating package script '/workspace/ph_sys_ws/install/first_package/share/first_package/package.sh'
[10.989s] INFO:colcon.colcon_core.shell:Creating package script '/workspace/ph_sys_ws/install/first_package/share/first_package/package.bash'
[10.991s] INFO:colcon.colcon_core.shell:Creating package script '/workspace/ph_sys_ws/install/first_package/share/first_package/package.zsh'
[10.993s] Level 1:colcon.colcon_core.environment:create_file_with_runtime_dependencies(/workspace/ph_sys_ws/install/first_package/share/colcon-core/packages/first_package)
[10.996s] INFO:colcon.colcon_ros.task.ament_python.build:Building ROS package in '/workspace/ph_sys_ws/src/peristaltic_pump' with build type 'ament_python'
[10.997s] Level 1:colcon.colcon_core.shell:create_environment_hook('peristaltic_pump', 'ament_prefix_path')
[10.998s] INFO:colcon.colcon_core.shell:Creating environment hook '/workspace/ph_sys_ws/install/peristaltic_pump/share/peristaltic_pump/hook/ament_prefix_path.ps1'
[11.001s] INFO:colcon.colcon_core.shell:Creating environment descriptor '/workspace/ph_sys_ws/install/peristaltic_pump/share/peristaltic_pump/hook/ament_prefix_path.dsv'
[11.003s] INFO:colcon.colcon_core.shell:Creating environment hook '/workspace/ph_sys_ws/install/peristaltic_pump/share/peristaltic_pump/hook/ament_prefix_path.sh'
[11.006s] INFO:colcon.colcon_core.shell:Skip shell extension 'powershell' for command environment: Not usable outside of PowerShell
[11.006s] DEBUG:colcon.colcon_core.shell:Skip shell extension 'dsv' for command environment
[11.017s] INFO:colcon.colcon_ros.task.ament_python.build:Building ROS package in '/workspace/ph_sys_ws/src/ph_controller' with build type 'ament_python'
[11.018s] Level 1:colcon.colcon_core.shell:create_environment_hook('ph_controller', 'ament_prefix_path')
[11.019s] INFO:colcon.colcon_core.shell:Creating environment hook '/workspace/ph_sys_ws/install/ph_controller/share/ph_controller/hook/ament_prefix_path.ps1'
[11.022s] INFO:colcon.colcon_core.shell:Creating environment descriptor '/workspace/ph_sys_ws/install/ph_controller/share/ph_controller/hook/ament_prefix_path.dsv'
[11.024s] INFO:colcon.colcon_core.shell:Creating environment hook '/workspace/ph_sys_ws/install/ph_controller/share/ph_controller/hook/ament_prefix_path.sh'
[11.027s] INFO:colcon.colcon_core.shell:Skip shell extension 'powershell' for command environment: Not usable outside of PowerShell
[11.027s] DEBUG:colcon.colcon_core.shell:Skip shell extension 'dsv' for command environment
[11.055s] DEBUG:colcon.colcon_core.event_handler.log_command:Invoking command in '/workspace/ph_sys_ws/build/interfaces': CMAKE_PREFIX_PATH=${CMAKE_PREFIX_PATH}:/workspace/ph_sys_ws/install/ph_sensor:/workspace/ph_sys_ws/install/ph_controller:/workspace/ph_sys_ws/install/peristaltic_pump:/workspace/ph_sys_ws/install/hardware:/workspace/ph_sys_ws/install/first_package:/workspace/ph_sys_ws/install/external:/workspace/ph_sys_ws/install/brain:/opt/ros/humble /usr/bin/cmake /workspace/ph_sys_ws/src/interfaces -DAMENT_CMAKE_SYMLINK_INSTALL=1 -DCMAKE_INSTALL_PREFIX=/workspace/ph_sys_ws/install/interfaces
[12.327s] INFO:colcon.colcon_core.task.python.build:Building Python package in '/workspace/ph_sys_ws/src/peristaltic_pump'
[12.328s] INFO:colcon.colcon_core.shell:Skip shell extension 'powershell' for command environment: Not usable outside of PowerShell
[12.328s] DEBUG:colcon.colcon_core.shell:Skip shell extension 'dsv' for command environment
[13.485s] INFO:colcon.colcon_core.task.python.build:Building Python package in '/workspace/ph_sys_ws/src/ph_controller'
[13.487s] INFO:colcon.colcon_core.shell:Skip shell extension 'powershell' for command environment: Not usable outside of PowerShell
[13.487s] DEBUG:colcon.colcon_core.shell:Skip shell extension 'dsv' for command environment
[13.500s] Level 1:colcon.colcon_core.shell:create_environment_hook('hardware', 'pythonpath_develop')
[13.501s] INFO:colcon.colcon_core.shell:Creating environment hook '/workspace/ph_sys_ws/build/hardware/share/hardware/hook/pythonpath_develop.ps1'
[13.503s] DEBUG:colcon.colcon_core.event_handler.log_command:Invoked command in '/workspace/ph_sys_ws/build/hardware' returned '0': PYTHONPATH=/workspace/ph_sys_ws/build/hardware/prefix_override:/usr/lib/python3/dist-packages/colcon_core/task/python/colcon_distutils_commands:/workspace/ph_sys_ws/install/hardware/lib/python3.10/site-packages:${PYTHONPATH} /usr/bin/python3 -W ignore:setup.py install is deprecated -W ignore:easy_install command is deprecated setup.py develop --editable --build-directory /workspace/ph_sys_ws/build/hardware/build --no-deps symlink_data
[13.504s] INFO:colcon.colcon_core.shell:Creating environment descriptor '/workspace/ph_sys_ws/build/hardware/share/hardware/hook/pythonpath_develop.dsv'
[13.506s] INFO:colcon.colcon_core.shell:Creating environment hook '/workspace/ph_sys_ws/build/hardware/share/hardware/hook/pythonpath_develop.sh'
[13.508s] Level 1:colcon.colcon_core.environment:checking '/workspace/ph_sys_ws/install/hardware' for CMake module files
[13.510s] Level 1:colcon.colcon_core.environment:checking '/workspace/ph_sys_ws/install/hardware' for CMake config files
[13.511s] Level 1:colcon.colcon_core.environment:checking '/workspace/ph_sys_ws/install/hardware/lib'
[13.512s] Level 1:colcon.colcon_core.environment:checking '/workspace/ph_sys_ws/install/hardware/bin'
[13.512s] Level 1:colcon.colcon_core.environment:checking '/workspace/ph_sys_ws/install/hardware/lib/pkgconfig/hardware.pc'
[13.513s] Level 1:colcon.colcon_core.environment:checking '/workspace/ph_sys_ws/install/hardware/lib/python3.10/site-packages'
[13.513s] Level 1:colcon.colcon_core.shell:create_environment_hook('hardware', 'pythonpath')
[13.514s] INFO:colcon.colcon_core.shell:Creating environment hook '/workspace/ph_sys_ws/install/hardware/share/hardware/hook/pythonpath.ps1'
[13.516s] INFO:colcon.colcon_core.shell:Creating environment descriptor '/workspace/ph_sys_ws/install/hardware/share/hardware/hook/pythonpath.dsv'
[13.517s] INFO:colcon.colcon_core.shell:Creating environment hook '/workspace/ph_sys_ws/install/hardware/share/hardware/hook/pythonpath.sh'
[13.520s] Level 1:colcon.colcon_core.environment:checking '/workspace/ph_sys_ws/install/hardware/bin'
[13.520s] Level 1:colcon.colcon_core.environment:create_environment_scripts_only(hardware)
[13.521s] INFO:colcon.colcon_core.shell:Creating package script '/workspace/ph_sys_ws/install/hardware/share/hardware/package.ps1'
[13.523s] INFO:colcon.colcon_core.shell:Creating package descriptor '/workspace/ph_sys_ws/install/hardware/share/hardware/package.dsv'
[13.526s] INFO:colcon.colcon_core.shell:Creating package script '/workspace/ph_sys_ws/install/hardware/share/hardware/package.sh'
[13.528s] INFO:colcon.colcon_core.shell:Creating package script '/workspace/ph_sys_ws/install/hardware/share/hardware/package.bash'
[13.530s] INFO:colcon.colcon_core.shell:Creating package script '/workspace/ph_sys_ws/install/hardware/share/hardware/package.zsh'
[13.532s] Level 1:colcon.colcon_core.environment:create_file_with_runtime_dependencies(/workspace/ph_sys_ws/install/hardware/share/colcon-core/packages/hardware)
[13.535s] INFO:colcon.colcon_ros.task.ament_python.build:Building ROS package in '/workspace/ph_sys_ws/src/ph_sensor' with build type 'ament_python'
[13.536s] Level 1:colcon.colcon_core.shell:create_environment_hook('ph_sensor', 'ament_prefix_path')
[13.537s] INFO:colcon.colcon_core.shell:Creating environment hook '/workspace/ph_sys_ws/install/ph_sensor/share/ph_sensor/hook/ament_prefix_path.ps1'
[13.541s] INFO:colcon.colcon_core.shell:Creating environment descriptor '/workspace/ph_sys_ws/install/ph_sensor/share/ph_sensor/hook/ament_prefix_path.dsv'
[13.544s] INFO:colcon.colcon_core.shell:Creating environment hook '/workspace/ph_sys_ws/install/ph_sensor/share/ph_sensor/hook/ament_prefix_path.sh'
[13.546s] INFO:colcon.colcon_core.shell:Skip shell extension 'powershell' for command environment: Not usable outside of PowerShell
[13.547s] DEBUG:colcon.colcon_core.shell:Skip shell extension 'dsv' for command environment
[15.000s] INFO:colcon.colcon_core.task.python.build:Building Python package in '/workspace/ph_sys_ws/src/ph_sensor'
[15.002s] INFO:colcon.colcon_core.shell:Skip shell extension 'powershell' for command environment: Not usable outside of PowerShell
[15.002s] DEBUG:colcon.colcon_core.shell:Skip shell extension 'dsv' for command environment
[15.458s] DEBUG:colcon.colcon_core.event_handler.log_command:Invoking command in '/workspace/ph_sys_ws/build/ph_controller': PYTHONPATH=/workspace/ph_sys_ws/build/ph_controller/prefix_override:/usr/lib/python3/dist-packages/colcon_core/task/python/colcon_distutils_commands:/workspace/ph_sys_ws/install/ph_controller/lib/python3.10/site-packages:${PYTHONPATH} /usr/bin/python3 -W ignore:setup.py install is deprecated -W ignore:easy_install command is deprecated setup.py develop --editable --build-directory /workspace/ph_sys_ws/build/ph_controller/build --no-deps symlink_data
[15.627s] DEBUG:colcon.colcon_core.event_handler.log_command:Invoking command in '/workspace/ph_sys_ws/build/peristaltic_pump': PYTHONPATH=/workspace/ph_sys_ws/build/peristaltic_pump/prefix_override:/usr/lib/python3/dist-packages/colcon_core/task/python/colcon_distutils_commands:/workspace/ph_sys_ws/install/peristaltic_pump/lib/python3.10/site-packages:${PYTHONPATH} /usr/bin/python3 -W ignore:setup.py install is deprecated -W ignore:easy_install command is deprecated setup.py develop --editable --build-directory /workspace/ph_sys_ws/build/peristaltic_pump/build --no-deps symlink_data
[17.026s] DEBUG:colcon.colcon_core.event_handler.log_command:Invoking command in '/workspace/ph_sys_ws/build/ph_sensor': PYTHONPATH=/workspace/ph_sys_ws/build/ph_sensor/prefix_override:/usr/lib/python3/dist-packages/colcon_core/task/python/colcon_distutils_commands:/workspace/ph_sys_ws/install/ph_sensor/lib/python3.10/site-packages:${PYTHONPATH} /usr/bin/python3 -W ignore:setup.py install is deprecated -W ignore:easy_install command is deprecated setup.py develop --editable --build-directory /workspace/ph_sys_ws/build/ph_sensor/build --no-deps symlink_data
[18.251s] Level 1:colcon.colcon_core.shell:create_environment_hook('ph_controller', 'pythonpath_develop')
[18.252s] INFO:colcon.colcon_core.shell:Creating environment hook '/workspace/ph_sys_ws/build/ph_controller/share/ph_controller/hook/pythonpath_develop.ps1'
[18.254s] DEBUG:colcon.colcon_core.event_handler.log_command:Invoked command in '/workspace/ph_sys_ws/build/ph_controller' returned '0': PYTHONPATH=/workspace/ph_sys_ws/build/ph_controller/prefix_override:/usr/lib/python3/dist-packages/colcon_core/task/python/colcon_distutils_commands:/workspace/ph_sys_ws/install/ph_controller/lib/python3.10/site-packages:${PYTHONPATH} /usr/bin/python3 -W ignore:setup.py install is deprecated -W ignore:easy_install command is deprecated setup.py develop --editable --build-directory /workspace/ph_sys_ws/build/ph_controller/build --no-deps symlink_data
[18.260s] INFO:colcon.colcon_core.shell:Creating environment descriptor '/workspace/ph_sys_ws/build/ph_controller/share/ph_controller/hook/pythonpath_develop.dsv'
[18.262s] INFO:colcon.colcon_core.shell:Creating environment hook '/workspace/ph_sys_ws/build/ph_controller/share/ph_controller/hook/pythonpath_develop.sh'
[18.265s] Level 1:colcon.colcon_core.environment:checking '/workspace/ph_sys_ws/install/ph_controller' for CMake module files
[18.267s] Level 1:colcon.colcon_core.environment:checking '/workspace/ph_sys_ws/install/ph_controller' for CMake config files
[18.269s] Level 1:colcon.colcon_core.environment:checking '/workspace/ph_sys_ws/install/ph_controller/lib'
[18.270s] Level 1:colcon.colcon_core.environment:checking '/workspace/ph_sys_ws/install/ph_controller/bin'
[18.270s] Level 1:colcon.colcon_core.environment:checking '/workspace/ph_sys_ws/install/ph_controller/lib/pkgconfig/ph_controller.pc'
[18.276s] Level 1:colcon.colcon_core.environment:checking '/workspace/ph_sys_ws/install/ph_controller/lib/python3.10/site-packages'
[18.277s] Level 1:colcon.colcon_core.shell:create_environment_hook('ph_controller', 'pythonpath')
[18.278s] INFO:colcon.colcon_core.shell:Creating environment hook '/workspace/ph_sys_ws/install/ph_controller/share/ph_controller/hook/pythonpath.ps1'
[18.281s] INFO:colcon.colcon_core.shell:Creating environment descriptor '/workspace/ph_sys_ws/install/ph_controller/share/ph_controller/hook/pythonpath.dsv'
[18.282s] INFO:colcon.colcon_core.shell:Creating environment hook '/workspace/ph_sys_ws/install/ph_controller/share/ph_controller/hook/pythonpath.sh'
[18.292s] Level 1:colcon.colcon_core.environment:checking '/workspace/ph_sys_ws/install/ph_controller/bin'
[18.292s] Level 1:colcon.colcon_core.environment:create_environment_scripts_only(ph_controller)
[18.294s] INFO:colcon.colcon_core.shell:Creating package script '/workspace/ph_sys_ws/install/ph_controller/share/ph_controller/package.ps1'
[18.303s] INFO:colcon.colcon_core.shell:Creating package descriptor '/workspace/ph_sys_ws/install/ph_controller/share/ph_controller/package.dsv'
[18.310s] INFO:colcon.colcon_core.shell:Creating package script '/workspace/ph_sys_ws/install/ph_controller/share/ph_controller/package.sh'
[18.314s] INFO:colcon.colcon_core.shell:Creating package script '/workspace/ph_sys_ws/install/ph_controller/share/ph_controller/package.bash'
[18.316s] INFO:colcon.colcon_core.shell:Creating package script '/workspace/ph_sys_ws/install/ph_controller/share/ph_controller/package.zsh'
[18.319s] Level 1:colcon.colcon_core.environment:create_file_with_runtime_dependencies(/workspace/ph_sys_ws/install/ph_controller/share/colcon-core/packages/ph_controller)
[18.630s] Level 1:colcon.colcon_core.shell:create_environment_hook('peristaltic_pump', 'pythonpath_develop')
[18.632s] INFO:colcon.colcon_core.shell:Creating environment hook '/workspace/ph_sys_ws/build/peristaltic_pump/share/peristaltic_pump/hook/pythonpath_develop.ps1'
[18.633s] DEBUG:colcon.colcon_core.event_handler.log_command:Invoked command in '/workspace/ph_sys_ws/build/peristaltic_pump' returned '0': PYTHONPATH=/workspace/ph_sys_ws/build/peristaltic_pump/prefix_override:/usr/lib/python3/dist-packages/colcon_core/task/python/colcon_distutils_commands:/workspace/ph_sys_ws/install/peristaltic_pump/lib/python3.10/site-packages:${PYTHONPATH} /usr/bin/python3 -W ignore:setup.py install is deprecated -W ignore:easy_install command is deprecated setup.py develop --editable --build-directory /workspace/ph_sys_ws/build/peristaltic_pump/build --no-deps symlink_data
[18.636s] INFO:colcon.colcon_core.shell:Creating environment descriptor '/workspace/ph_sys_ws/build/peristaltic_pump/share/peristaltic_pump/hook/pythonpath_develop.dsv'
[18.637s] INFO:colcon.colcon_core.shell:Creating environment hook '/workspace/ph_sys_ws/build/peristaltic_pump/share/peristaltic_pump/hook/pythonpath_develop.sh'
[18.640s] Level 1:colcon.colcon_core.environment:checking '/workspace/ph_sys_ws/install/peristaltic_pump' for CMake module files
[18.642s] Level 1:colcon.colcon_core.environment:checking '/workspace/ph_sys_ws/install/peristaltic_pump' for CMake config files
[18.644s] Level 1:colcon.colcon_core.environment:checking '/workspace/ph_sys_ws/install/peristaltic_pump/lib'
[18.645s] Level 1:colcon.colcon_core.environment:checking '/workspace/ph_sys_ws/install/peristaltic_pump/bin'
[18.645s] Level 1:colcon.colcon_core.environment:checking '/workspace/ph_sys_ws/install/peristaltic_pump/lib/pkgconfig/peristaltic_pump.pc'
[18.647s] Level 1:colcon.colcon_core.environment:checking '/workspace/ph_sys_ws/install/peristaltic_pump/lib/python3.10/site-packages'
[18.647s] Level 1:colcon.colcon_core.shell:create_environment_hook('peristaltic_pump', 'pythonpath')
[18.648s] INFO:colcon.colcon_core.shell:Creating environment hook '/workspace/ph_sys_ws/install/peristaltic_pump/share/peristaltic_pump/hook/pythonpath.ps1'
[18.650s] INFO:colcon.colcon_core.shell:Creating environment descriptor '/workspace/ph_sys_ws/install/peristaltic_pump/share/peristaltic_pump/hook/pythonpath.dsv'
[18.652s] INFO:colcon.colcon_core.shell:Creating environment hook '/workspace/ph_sys_ws/install/peristaltic_pump/share/peristaltic_pump/hook/pythonpath.sh'
[18.655s] Level 1:colcon.colcon_core.environment:checking '/workspace/ph_sys_ws/install/peristaltic_pump/bin'
[18.655s] Level 1:colcon.colcon_core.environment:create_environment_scripts_only(peristaltic_pump)
[18.657s] INFO:colcon.colcon_core.shell:Creating package script '/workspace/ph_sys_ws/install/peristaltic_pump/share/peristaltic_pump/package.ps1'
[18.659s] INFO:colcon.colcon_core.shell:Creating package descriptor '/workspace/ph_sys_ws/install/peristaltic_pump/share/peristaltic_pump/package.dsv'
[18.661s] INFO:colcon.colcon_core.shell:Creating package script '/workspace/ph_sys_ws/install/peristaltic_pump/share/peristaltic_pump/package.sh'
[18.664s] INFO:colcon.colcon_core.shell:Creating package script '/workspace/ph_sys_ws/install/peristaltic_pump/share/peristaltic_pump/package.bash'
[18.666s] INFO:colcon.colcon_core.shell:Creating package script '/workspace/ph_sys_ws/install/peristaltic_pump/share/peristaltic_pump/package.zsh'
[18.667s] Level 1:colcon.colcon_core.environment:create_file_with_runtime_dependencies(/workspace/ph_sys_ws/install/peristaltic_pump/share/colcon-core/packages/peristaltic_pump)
[19.440s] Level 1:colcon.colcon_core.shell:create_environment_hook('ph_sensor', 'pythonpath_develop')
[19.441s] INFO:colcon.colcon_core.shell:Creating environment hook '/workspace/ph_sys_ws/build/ph_sensor/share/ph_sensor/hook/pythonpath_develop.ps1'
[19.443s] INFO:colcon.colcon_core.shell:Creating environment descriptor '/workspace/ph_sys_ws/build/ph_sensor/share/ph_sensor/hook/pythonpath_develop.dsv'
[19.444s] DEBUG:colcon.colcon_core.event_handler.log_command:Invoked command in '/workspace/ph_sys_ws/build/ph_sensor' returned '0': PYTHONPATH=/workspace/ph_sys_ws/build/ph_sensor/prefix_override:/usr/lib/python3/dist-packages/colcon_core/task/python/colcon_distutils_commands:/workspace/ph_sys_ws/install/ph_sensor/lib/python3.10/site-packages:${PYTHONPATH} /usr/bin/python3 -W ignore:setup.py install is deprecated -W ignore:easy_install command is deprecated setup.py develop --editable --build-directory /workspace/ph_sys_ws/build/ph_sensor/build --no-deps symlink_data
[19.446s] INFO:colcon.colcon_core.shell:Creating environment hook '/workspace/ph_sys_ws/build/ph_sensor/share/ph_sensor/hook/pythonpath_develop.sh'
[19.449s] Level 1:colcon.colcon_core.environment:checking '/workspace/ph_sys_ws/install/ph_sensor' for CMake module files
[19.450s] Level 1:colcon.colcon_core.environment:checking '/workspace/ph_sys_ws/install/ph_sensor' for CMake config files
[19.452s] Level 1:colcon.colcon_core.environment:checking '/workspace/ph_sys_ws/install/ph_sensor/lib'
[19.452s] Level 1:colcon.colcon_core.environment:checking '/workspace/ph_sys_ws/install/ph_sensor/bin'
[19.453s] Level 1:colcon.colcon_core.environment:checking '/workspace/ph_sys_ws/install/ph_sensor/lib/pkgconfig/ph_sensor.pc'
[19.454s] Level 1:colcon.colcon_core.environment:checking '/workspace/ph_sys_ws/install/ph_sensor/lib/python3.10/site-packages'
[19.454s] Level 1:colcon.colcon_core.shell:create_environment_hook('ph_sensor', 'pythonpath')
[19.455s] INFO:colcon.colcon_core.shell:Creating environment hook '/workspace/ph_sys_ws/install/ph_sensor/share/ph_sensor/hook/pythonpath.ps1'
[19.457s] INFO:colcon.colcon_core.shell:Creating environment descriptor '/workspace/ph_sys_ws/install/ph_sensor/share/ph_sensor/hook/pythonpath.dsv'
[19.458s] INFO:colcon.colcon_core.shell:Creating environment hook '/workspace/ph_sys_ws/install/ph_sensor/share/ph_sensor/hook/pythonpath.sh'
[19.460s] Level 1:colcon.colcon_core.environment:checking '/workspace/ph_sys_ws/install/ph_sensor/bin'
[19.461s] Level 1:colcon.colcon_core.environment:create_environment_scripts_only(ph_sensor)
[19.462s] INFO:colcon.colcon_core.shell:Creating package script '/workspace/ph_sys_ws/install/ph_sensor/share/ph_sensor/package.ps1'
[19.465s] INFO:colcon.colcon_core.shell:Creating package descriptor '/workspace/ph_sys_ws/install/ph_sensor/share/ph_sensor/package.dsv'
[19.467s] INFO:colcon.colcon_core.shell:Creating package script '/workspace/ph_sys_ws/install/ph_sensor/share/ph_sensor/package.sh'
[19.469s] INFO:colcon.colcon_core.shell:Creating package script '/workspace/ph_sys_ws/install/ph_sensor/share/ph_sensor/package.bash'
[19.470s] INFO:colcon.colcon_core.shell:Creating package script '/workspace/ph_sys_ws/install/ph_sensor/share/ph_sensor/package.zsh'
[19.472s] Level 1:colcon.colcon_core.environment:create_file_with_runtime_dependencies(/workspace/ph_sys_ws/install/ph_sensor/share/colcon-core/packages/ph_sensor)
[20.605s] DEBUG:colcon.colcon_core.event_handler.log_command:Invoked command in '/workspace/ph_sys_ws/build/interfaces' returned '0': CMAKE_PREFIX_PATH=${CMAKE_PREFIX_PATH}:/workspace/ph_sys_ws/install/ph_sensor:/workspace/ph_sys_ws/install/ph_controller:/workspace/ph_sys_ws/install/peristaltic_pump:/workspace/ph_sys_ws/install/hardware:/workspace/ph_sys_ws/install/first_package:/workspace/ph_sys_ws/install/external:/workspace/ph_sys_ws/install/brain:/opt/ros/humble /usr/bin/cmake /workspace/ph_sys_ws/src/interfaces -DAMENT_CMAKE_SYMLINK_INSTALL=1 -DCMAKE_INSTALL_PREFIX=/workspace/ph_sys_ws/install/interfaces
[20.610s] DEBUG:colcon.colcon_core.event_handler.log_command:Invoking command in '/workspace/ph_sys_ws/build/interfaces': CMAKE_PREFIX_PATH=${CMAKE_PREFIX_PATH}:/workspace/ph_sys_ws/install/ph_sensor:/workspace/ph_sys_ws/install/ph_controller:/workspace/ph_sys_ws/install/peristaltic_pump:/workspace/ph_sys_ws/install/hardware:/workspace/ph_sys_ws/install/first_package:/workspace/ph_sys_ws/install/external:/workspace/ph_sys_ws/install/brain:/opt/ros/humble /usr/bin/cmake --build /workspace/ph_sys_ws/build/interfaces -- -j4 -l4
[189.666s] DEBUG:colcon.colcon_core.event_handler.log_command:Invoked command in '/workspace/ph_sys_ws/build/interfaces' returned '0': CMAKE_PREFIX_PATH=${CMAKE_PREFIX_PATH}:/workspace/ph_sys_ws/install/ph_sensor:/workspace/ph_sys_ws/install/ph_controller:/workspace/ph_sys_ws/install/peristaltic_pump:/workspace/ph_sys_ws/install/hardware:/workspace/ph_sys_ws/install/first_package:/workspace/ph_sys_ws/install/external:/workspace/ph_sys_ws/install/brain:/opt/ros/humble /usr/bin/cmake --build /workspace/ph_sys_ws/build/interfaces -- -j4 -l4
[189.691s] DEBUG:colcon.colcon_core.event_handler.log_command:Invoking command in '/workspace/ph_sys_ws/build/interfaces': CMAKE_PREFIX_PATH=${CMAKE_PREFIX_PATH}:/workspace/ph_sys_ws/install/ph_sensor:/workspace/ph_sys_ws/install/ph_controller:/workspace/ph_sys_ws/install/peristaltic_pump:/workspace/ph_sys_ws/install/hardware:/workspace/ph_sys_ws/install/first_package:/workspace/ph_sys_ws/install/external:/workspace/ph_sys_ws/install/brain:/opt/ros/humble /usr/bin/cmake --install /workspace/ph_sys_ws/build/interfaces
[209.925s] Level 1:colcon.colcon_core.environment:create_environment_scripts_only(interfaces)
[209.927s] Level 1:colcon.colcon_core.environment:checking '/workspace/ph_sys_ws/install/interfaces' for CMake module files
[209.929s] DEBUG:colcon.colcon_core.event_handler.log_command:Invoked command in '/workspace/ph_sys_ws/build/interfaces' returned '0': CMAKE_PREFIX_PATH=${CMAKE_PREFIX_PATH}:/workspace/ph_sys_ws/install/ph_sensor:/workspace/ph_sys_ws/install/ph_controller:/workspace/ph_sys_ws/install/peristaltic_pump:/workspace/ph_sys_ws/install/hardware:/workspace/ph_sys_ws/install/first_package:/workspace/ph_sys_ws/install/external:/workspace/ph_sys_ws/install/brain:/opt/ros/humble /usr/bin/cmake --install /workspace/ph_sys_ws/build/interfaces
[209.931s] Level 1:colcon.colcon_core.environment:checking '/workspace/ph_sys_ws/install/interfaces' for CMake config files
[209.934s] Level 1:colcon.colcon_core.shell:create_environment_hook('interfaces', 'cmake_prefix_path')
[209.935s] INFO:colcon.colcon_core.shell:Creating environment hook '/workspace/ph_sys_ws/install/interfaces/share/interfaces/hook/cmake_prefix_path.ps1'
[209.937s] INFO:colcon.colcon_core.shell:Creating environment descriptor '/workspace/ph_sys_ws/install/interfaces/share/interfaces/hook/cmake_prefix_path.dsv'
[209.939s] INFO:colcon.colcon_core.shell:Creating environment hook '/workspace/ph_sys_ws/install/interfaces/share/interfaces/hook/cmake_prefix_path.sh'
[209.941s] Level 1:colcon.colcon_core.environment:checking '/workspace/ph_sys_ws/install/interfaces/lib'
[209.942s] Level 1:colcon.colcon_core.shell:create_environment_hook('interfaces', 'ld_library_path_lib')
[209.943s] INFO:colcon.colcon_core.shell:Creating environment hook '/workspace/ph_sys_ws/install/interfaces/share/interfaces/hook/ld_library_path_lib.ps1'
[209.944s] INFO:colcon.colcon_core.shell:Creating environment descriptor '/workspace/ph_sys_ws/install/interfaces/share/interfaces/hook/ld_library_path_lib.dsv'
[209.946s] INFO:colcon.colcon_core.shell:Creating environment hook '/workspace/ph_sys_ws/install/interfaces/share/interfaces/hook/ld_library_path_lib.sh'
[209.947s] Level 1:colcon.colcon_core.environment:checking '/workspace/ph_sys_ws/install/interfaces/bin'
[209.947s] Level 1:colcon.colcon_core.environment:checking '/workspace/ph_sys_ws/install/interfaces/lib/pkgconfig/interfaces.pc'
[209.948s] Level 1:colcon.colcon_core.environment:checking '/workspace/ph_sys_ws/install/interfaces/lib/python3.10/site-packages'
[209.949s] Level 1:colcon.colcon_core.environment:checking '/workspace/ph_sys_ws/install/interfaces/bin'
[209.950s] INFO:colcon.colcon_core.shell:Creating package script '/workspace/ph_sys_ws/install/interfaces/share/interfaces/package.ps1'
[209.952s] INFO:colcon.colcon_core.shell:Creating package descriptor '/workspace/ph_sys_ws/install/interfaces/share/interfaces/package.dsv'
[209.954s] INFO:colcon.colcon_core.shell:Creating package script '/workspace/ph_sys_ws/install/interfaces/share/interfaces/package.sh'
[209.955s] INFO:colcon.colcon_core.shell:Creating package script '/workspace/ph_sys_ws/install/interfaces/share/interfaces/package.bash'
[209.956s] INFO:colcon.colcon_core.shell:Creating package script '/workspace/ph_sys_ws/install/interfaces/share/interfaces/package.zsh'
[209.958s] Level 1:colcon.colcon_core.environment:create_file_with_runtime_dependencies(/workspace/ph_sys_ws/install/interfaces/share/colcon-core/packages/interfaces)
[209.960s] Level 1:colcon.colcon_core.environment:create_environment_scripts_only(interfaces)
[209.961s] Level 1:colcon.colcon_core.environment:checking '/workspace/ph_sys_ws/install/interfaces' for CMake module files
[209.963s] Level 1:colcon.colcon_core.environment:checking '/workspace/ph_sys_ws/install/interfaces' for CMake config files
[209.966s] Level 1:colcon.colcon_core.shell:create_environment_hook('interfaces', 'cmake_prefix_path')
[209.967s] INFO:colcon.colcon_core.shell:Creating environment hook '/workspace/ph_sys_ws/install/interfaces/share/interfaces/hook/cmake_prefix_path.ps1'
[209.968s] INFO:colcon.colcon_core.shell:Creating environment descriptor '/workspace/ph_sys_ws/install/interfaces/share/interfaces/hook/cmake_prefix_path.dsv'
[209.970s] INFO:colcon.colcon_core.shell:Creating environment hook '/workspace/ph_sys_ws/install/interfaces/share/interfaces/hook/cmake_prefix_path.sh'
[209.972s] Level 1:colcon.colcon_core.environment:checking '/workspace/ph_sys_ws/install/interfaces/lib'
[209.972s] Level 1:colcon.colcon_core.shell:create_environment_hook('interfaces', 'ld_library_path_lib')
[209.973s] INFO:colcon.colcon_core.shell:Creating environment hook '/workspace/ph_sys_ws/install/interfaces/share/interfaces/hook/ld_library_path_lib.ps1'
[209.975s] INFO:colcon.colcon_core.shell:Creating environment descriptor '/workspace/ph_sys_ws/install/interfaces/share/interfaces/hook/ld_library_path_lib.dsv'
[209.976s] INFO:colcon.colcon_core.shell:Creating environment hook '/workspace/ph_sys_ws/install/interfaces/share/interfaces/hook/ld_library_path_lib.sh'
[209.978s] Level 1:colcon.colcon_core.environment:checking '/workspace/ph_sys_ws/install/interfaces/bin'
[209.978s] Level 1:colcon.colcon_core.environment:checking '/workspace/ph_sys_ws/install/interfaces/lib/pkgconfig/interfaces.pc'
[209.979s] Level 1:colcon.colcon_core.environment:checking '/workspace/ph_sys_ws/install/interfaces/lib/python3.10/site-packages'
[209.980s] Level 1:colcon.colcon_core.environment:checking '/workspace/ph_sys_ws/install/interfaces/bin'
[209.981s] INFO:colcon.colcon_core.shell:Creating package script '/workspace/ph_sys_ws/install/interfaces/share/interfaces/package.ps1'
[209.983s] INFO:colcon.colcon_core.shell:Creating package descriptor '/workspace/ph_sys_ws/install/interfaces/share/interfaces/package.dsv'
[209.985s] INFO:colcon.colcon_core.shell:Creating package script '/workspace/ph_sys_ws/install/interfaces/share/interfaces/package.sh'
[209.987s] INFO:colcon.colcon_core.shell:Creating package script '/workspace/ph_sys_ws/install/interfaces/share/interfaces/package.bash'
[209.990s] INFO:colcon.colcon_core.shell:Creating package script '/workspace/ph_sys_ws/install/interfaces/share/interfaces/package.zsh'
[209.992s] Level 1:colcon.colcon_core.environment:create_file_with_runtime_dependencies(/workspace/ph_sys_ws/install/interfaces/share/colcon-core/packages/interfaces)
[209.994s] DEBUG:colcon.colcon_parallel_executor.executor.parallel:closing loop
[209.995s] DEBUG:colcon.colcon_parallel_executor.executor.parallel:loop closed
[209.996s] DEBUG:colcon.colcon_parallel_executor.executor.parallel:run_until_complete finished with '0'
[209.996s] DEBUG:colcon.colcon_core.event_reactor:joining thread
[210.014s] INFO:colcon.colcon_core.plugin_system:Skipping extension 'colcon_notification.desktop_notification.notify_send': Could not find 'notify-send'
[210.015s] INFO:colcon.colcon_core.plugin_system:Skipping extension 'colcon_notification.desktop_notification.terminal_notifier': Not used on non-Darwin systems
[210.015s] INFO:colcon.colcon_core.plugin_system:Skipping extension 'colcon_notification.desktop_notification.win32': Not used on non-Windows systems
[210.015s] INFO:colcon.colcon_notification.desktop_notification:Sending desktop notification using 'notify2'
[210.015s] DEBUG:colcon.colcon_notification.desktop_notification.notify2:Failed to initialize notify2: org.freedesktop.DBus.Error.NotSupported: Unable to autolaunch a dbus-daemon without a $DISPLAY for X11
[210.016s] DEBUG:colcon.colcon_core.event_reactor:joined thread
[210.017s] INFO:colcon.colcon_core.shell:Creating prefix script '/workspace/ph_sys_ws/install/local_setup.ps1'
[210.020s] INFO:colcon.colcon_core.shell:Creating prefix util module '/workspace/ph_sys_ws/install/_local_setup_util_ps1.py'
[210.028s] INFO:colcon.colcon_core.shell:Creating prefix chain script '/workspace/ph_sys_ws/install/setup.ps1'
[210.033s] INFO:colcon.colcon_core.shell:Creating prefix script '/workspace/ph_sys_ws/install/local_setup.sh'
[210.035s] INFO:colcon.colcon_core.shell:Creating prefix util module '/workspace/ph_sys_ws/install/_local_setup_util_sh.py'
[210.037s] INFO:colcon.colcon_core.shell:Creating prefix chain script '/workspace/ph_sys_ws/install/setup.sh'
[210.041s] INFO:colcon.colcon_core.shell:Creating prefix script '/workspace/ph_sys_ws/install/local_setup.bash'
[210.043s] INFO:colcon.colcon_core.shell:Creating prefix chain script '/workspace/ph_sys_ws/install/setup.bash'
[210.048s] INFO:colcon.colcon_core.shell:Creating prefix script '/workspace/ph_sys_ws/install/local_setup.zsh'
[210.050s] INFO:colcon.colcon_core.shell:Creating prefix chain script '/workspace/ph_sys_ws/install/setup.zsh'
