[4.438s] Invoking command in '/workspace/ph_sys_ws/build/ph_controller': PYTHONPATH=/workspace/ph_sys_ws/build/ph_controller/prefix_override:/usr/lib/python3/dist-packages/colcon_core/task/python/colcon_distutils_commands:/workspace/ph_sys_ws/install/ph_controller/lib/python3.10/site-packages:${PYTHONPATH} /usr/bin/python3 -W ignore:setup.py install is deprecated -W ignore:easy_install command is deprecated setup.py develop --editable --build-directory /workspace/ph_sys_ws/build/ph_controller/build --no-deps symlink_data
[6.125s] running develop
[6.971s] running egg_info
[6.972s] creating ph_controller.egg-info
[6.972s] writing ph_controller.egg-info/PKG-INFO
[6.974s] writing dependency_links to ph_controller.egg-info/dependency_links.txt
[6.975s] writing entry points to ph_controller.egg-info/entry_points.txt
[6.980s] writing requirements to ph_controller.egg-info/requires.txt
[6.981s] writing top-level names to ph_controller.egg-info/top_level.txt
[6.981s] writing manifest file 'ph_controller.egg-info/SOURCES.txt'
[6.986s] reading manifest file 'ph_controller.egg-info/SOURCES.txt'
[6.989s] writing manifest file 'ph_controller.egg-info/SOURCES.txt'
[6.997s] running build_ext
[6.998s] Creating /workspace/ph_sys_ws/install/ph_controller/lib/python3.10/site-packages/ph-controller.egg-link (link to .)
[7.008s] Installing ph_controller_node script to /workspace/ph_sys_ws/install/ph_controller/lib/ph_controller
[7.009s] 
[7.009s] Installed /workspace/ph_sys_ws/build/ph_controller
[7.010s] running symlink_data
[7.013s] creating /workspace/ph_sys_ws/install/ph_controller/share/ament_index
[7.014s] creating /workspace/ph_sys_ws/install/ph_controller/share/ament_index/resource_index
[7.020s] creating /workspace/ph_sys_ws/install/ph_controller/share/ament_index/resource_index/packages
[7.022s] symbolically linking /workspace/ph_sys_ws/build/ph_controller/resource/ph_controller -> /workspace/ph_sys_ws/install/ph_controller/share/ament_index/resource_index/packages
[7.023s] symbolically linking /workspace/ph_sys_ws/build/ph_controller/package.xml -> /workspace/ph_sys_ws/install/ph_controller/share/ph_controller
[7.234s] Invoked command in '/workspace/ph_sys_ws/build/ph_controller' returned '0': PYTHONPATH=/workspace/ph_sys_ws/build/ph_controller/prefix_override:/usr/lib/python3/dist-packages/colcon_core/task/python/colcon_distutils_commands:/workspace/ph_sys_ws/install/ph_controller/lib/python3.10/site-packages:${PYTHONPATH} /usr/bin/python3 -W ignore:setup.py install is deprecated -W ignore:easy_install command is deprecated setup.py develop --editable --build-directory /workspace/ph_sys_ws/build/ph_controller/build --no-deps symlink_data
