[4.726s] Invoking command in '/workspace/ph_sys_ws/build/first_package': PYTHONPATH=/workspace/ph_sys_ws/build/first_package/prefix_override:/usr/lib/python3/dist-packages/colcon_core/task/python/colcon_distutils_commands:/workspace/ph_sys_ws/install/first_package/lib/python3.10/site-packages:${PYTHONPATH} /usr/bin/python3 -W ignore:setup.py install is deprecated -W ignore:easy_install command is deprecated setup.py develop --editable --build-directory /workspace/ph_sys_ws/build/first_package/build --no-deps symlink_data
[7.515s] running develop
[8.425s] running egg_info
[8.427s] creating first_package.egg-info
[8.428s] writing first_package.egg-info/PKG-INFO
[8.428s] writing dependency_links to first_package.egg-info/dependency_links.txt
[8.428s] writing entry points to first_package.egg-info/entry_points.txt
[8.431s] writing requirements to first_package.egg-info/requires.txt
[8.432s] writing top-level names to first_package.egg-info/top_level.txt
[8.432s] writing manifest file 'first_package.egg-info/SOURCES.txt'
[8.443s] reading manifest file 'first_package.egg-info/SOURCES.txt'
[8.443s] writing manifest file 'first_package.egg-info/SOURCES.txt'
[8.450s] running build_ext
[8.451s] Creating /workspace/ph_sys_ws/install/first_package/lib/python3.10/site-packages/first-package.egg-link (link to .)
[8.454s] Installing first_package_node script to /workspace/ph_sys_ws/install/first_package/lib/first_package
[8.456s] 
[8.459s] Installed /workspace/ph_sys_ws/build/first_package
[8.459s] running symlink_data
[8.460s] creating /workspace/ph_sys_ws/install/first_package/share/ament_index
[8.461s] creating /workspace/ph_sys_ws/install/first_package/share/ament_index/resource_index
[8.461s] creating /workspace/ph_sys_ws/install/first_package/share/ament_index/resource_index/packages
[8.467s] symbolically linking /workspace/ph_sys_ws/build/first_package/resource/first_package -> /workspace/ph_sys_ws/install/first_package/share/ament_index/resource_index/packages
[8.468s] symbolically linking /workspace/ph_sys_ws/build/first_package/package.xml -> /workspace/ph_sys_ws/install/first_package/share/first_package
[9.625s] Invoked command in '/workspace/ph_sys_ws/build/first_package' returned '0': PYTHONPATH=/workspace/ph_sys_ws/build/first_package/prefix_override:/usr/lib/python3/dist-packages/colcon_core/task/python/colcon_distutils_commands:/workspace/ph_sys_ws/install/first_package/lib/python3.10/site-packages:${PYTHONPATH} /usr/bin/python3 -W ignore:setup.py install is deprecated -W ignore:easy_install command is deprecated setup.py develop --editable --build-directory /workspace/ph_sys_ws/build/first_package/build --no-deps symlink_data
