[5.781s] Invoking command in '/workspace/ph_sys_ws/build/ph_sensor': PYTHONPATH=/workspace/ph_sys_ws/build/ph_sensor/prefix_override:/usr/lib/python3/dist-packages/colcon_core/task/python/colcon_distutils_commands:/workspace/ph_sys_ws/install/ph_sensor/lib/python3.10/site-packages:${PYTHONPATH} /usr/bin/python3 -W ignore:setup.py install is deprecated -W ignore:easy_install command is deprecated setup.py develop --editable --build-directory /workspace/ph_sys_ws/build/ph_sensor/build --no-deps symlink_data
[8.905s] running develop
[9.635s] running egg_info
[9.636s] creating ph_sensor.egg-info
[9.636s] writing ph_sensor.egg-info/PKG-INFO
[9.637s] writing dependency_links to ph_sensor.egg-info/dependency_links.txt
[9.638s] writing entry points to ph_sensor.egg-info/entry_points.txt
[9.638s] writing requirements to ph_sensor.egg-info/requires.txt
[9.639s] writing top-level names to ph_sensor.egg-info/top_level.txt
[9.639s] writing manifest file 'ph_sensor.egg-info/SOURCES.txt'
[9.645s] reading manifest file 'ph_sensor.egg-info/SOURCES.txt'
[9.648s] writing manifest file 'ph_sensor.egg-info/SOURCES.txt'
[9.653s] running build_ext
[9.654s] Creating /workspace/ph_sys_ws/install/ph_sensor/lib/python3.10/site-packages/ph-sensor.egg-link (link to .)
[9.657s] Installing ph_sensor_node script to /workspace/ph_sys_ws/install/ph_sensor/lib/ph_sensor
[9.658s] 
[9.659s] Installed /workspace/ph_sys_ws/build/ph_sensor
[9.660s] running symlink_data
[9.660s] creating /workspace/ph_sys_ws/install/ph_sensor/share/ament_index
[9.661s] creating /workspace/ph_sys_ws/install/ph_sensor/share/ament_index/resource_index
[9.662s] creating /workspace/ph_sys_ws/install/ph_sensor/share/ament_index/resource_index/packages
[9.663s] symbolically linking /workspace/ph_sys_ws/build/ph_sensor/resource/ph_sensor -> /workspace/ph_sys_ws/install/ph_sensor/share/ament_index/resource_index/packages
[9.663s] symbolically linking /workspace/ph_sys_ws/build/ph_sensor/package.xml -> /workspace/ph_sys_ws/install/ph_sensor/share/ph_sensor
[9.916s] Invoked command in '/workspace/ph_sys_ws/build/ph_sensor' returned '0': PYTHONPATH=/workspace/ph_sys_ws/build/ph_sensor/prefix_override:/usr/lib/python3/dist-packages/colcon_core/task/python/colcon_distutils_commands:/workspace/ph_sys_ws/install/ph_sensor/lib/python3.10/site-packages:${PYTHONPATH} /usr/bin/python3 -W ignore:setup.py install is deprecated -W ignore:easy_install command is deprecated setup.py develop --editable --build-directory /workspace/ph_sys_ws/build/ph_sensor/build --no-deps symlink_data
