[5.241s] Invoking command in '/workspace/ph_sys_ws/src/hardware': PYTHONPATH=/workspace/ph_sys_ws/build/hardware/prefix_override:/usr/lib/python3/dist-packages/colcon_core/task/python/colcon_distutils_commands:/workspace/ph_sys_ws/install/hardware/lib/python3.10/site-packages:${PYTHONPATH} /usr/bin/python3 -W ignore:setup.py install is deprecated -W ignore:easy_install command is deprecated setup.py egg_info --egg-base ../../build/hardware build --build-base /workspace/ph_sys_ws/build/hardware/build install --record /workspace/ph_sys_ws/build/hardware/install.log --single-version-externally-managed install_data
[6.578s] running egg_info
[6.586s] writing ../../build/hardware/hardware.egg-info/PKG-INFO
[6.587s] writing dependency_links to ../../build/hardware/hardware.egg-info/dependency_links.txt
[6.588s] writing entry points to ../../build/hardware/hardware.egg-info/entry_points.txt
[6.589s] writing requirements to ../../build/hardware/hardware.egg-info/requires.txt
[6.589s] writing top-level names to ../../build/hardware/hardware.egg-info/top_level.txt
[6.603s] reading manifest file '../../build/hardware/hardware.egg-info/SOURCES.txt'
[6.608s] writing manifest file '../../build/hardware/hardware.egg-info/SOURCES.txt'
[6.610s] running build
[6.610s] running build_py
[6.613s] running install
[6.618s] running install_lib
[6.630s] running install_data
[6.632s] running install_egg_info
[6.650s] removing '/workspace/ph_sys_ws/install/hardware/lib/python3.10/site-packages/hardware-0.0.0-py3.10.egg-info' (and everything under it)
[6.655s] Copying ../../build/hardware/hardware.egg-info to /workspace/ph_sys_ws/install/hardware/lib/python3.10/site-packages/hardware-0.0.0-py3.10.egg-info
[6.682s] running install_scripts
[6.785s] writing list of installed files to '/workspace/ph_sys_ws/build/hardware/install.log'
[7.154s] Invoked command in '/workspace/ph_sys_ws/src/hardware' returned '0': PYTHONPATH=/workspace/ph_sys_ws/build/hardware/prefix_override:/usr/lib/python3/dist-packages/colcon_core/task/python/colcon_distutils_commands:/workspace/ph_sys_ws/install/hardware/lib/python3.10/site-packages:${PYTHONPATH} /usr/bin/python3 -W ignore:setup.py install is deprecated -W ignore:easy_install command is deprecated setup.py egg_info --egg-base ../../build/hardware build --build-base /workspace/ph_sys_ws/build/hardware/build install --record /workspace/ph_sys_ws/build/hardware/install.log --single-version-externally-managed install_data
