running develop
running egg_info
creating ph_sensor.egg-info
writing ph_sensor.egg-info/PKG-INFO
writing dependency_links to ph_sensor.egg-info/dependency_links.txt
writing entry points to ph_sensor.egg-info/entry_points.txt
writing requirements to ph_sensor.egg-info/requires.txt
writing top-level names to ph_sensor.egg-info/top_level.txt
writing manifest file 'ph_sensor.egg-info/SOURCES.txt'
reading manifest file 'ph_sensor.egg-info/SOURCES.txt'
writing manifest file 'ph_sensor.egg-info/SOURCES.txt'
running build_ext
Creating /workspace/ph_sys_ws/install/ph_sensor/lib/python3.10/site-packages/ph-sensor.egg-link (link to .)
Installing ph_sensor_node script to /workspace/ph_sys_ws/install/ph_sensor/lib/ph_sensor

Installed /workspace/ph_sys_ws/build/ph_sensor
running symlink_data
creating /workspace/ph_sys_ws/install/ph_sensor/share/ament_index
creating /workspace/ph_sys_ws/install/ph_sensor/share/ament_index/resource_index
creating /workspace/ph_sys_ws/install/ph_sensor/share/ament_index/resource_index/packages
symbolically linking /workspace/ph_sys_ws/build/ph_sensor/resource/ph_sensor -> /workspace/ph_sys_ws/install/ph_sensor/share/ament_index/resource_index/packages
symbolically linking /workspace/ph_sys_ws/build/ph_sensor/package.xml -> /workspace/ph_sys_ws/install/ph_sensor/share/ph_sensor
