[7.493s] Invoking command in '/workspace/ph_sys_ws/build/ph_sensor': PYTHONPATH=/workspace/ph_sys_ws/build/ph_sensor/prefix_override:/usr/lib/python3/dist-packages/colcon_core/task/python/colcon_distutils_commands:/workspace/ph_sys_ws/install/ph_sensor/lib/python3.10/site-packages:${PYTHONPATH} /usr/bin/python3 -W ignore:setup.py install is deprecated -W ignore:easy_install command is deprecated setup.py develop --editable --build-directory /workspace/ph_sys_ws/build/ph_sensor/build --no-deps symlink_data
[9.172s] running develop
[9.831s] running egg_info
[9.836s] creating ph_sensor.egg-info
[9.837s] writing ph_sensor.egg-info/PKG-INFO
[9.838s] writing dependency_links to ph_sensor.egg-info/dependency_links.txt
[9.838s] writing entry points to ph_sensor.egg-info/entry_points.txt
[9.839s] writing requirements to ph_sensor.egg-info/requires.txt
[9.844s] writing top-level names to ph_sensor.egg-info/top_level.txt
[9.845s] writing manifest file 'ph_sensor.egg-info/SOURCES.txt'
[9.856s] reading manifest file 'ph_sensor.egg-info/SOURCES.txt'
[9.860s] writing manifest file 'ph_sensor.egg-info/SOURCES.txt'
[9.873s] running build_ext
[9.882s] Creating /workspace/ph_sys_ws/install/ph_sensor/lib/python3.10/site-packages/ph-sensor.egg-link (link to .)
[9.883s] Installing ph_sensor_node script to /workspace/ph_sys_ws/install/ph_sensor/lib/ph_sensor
[9.887s] 
[9.888s] Installed /workspace/ph_sys_ws/build/ph_sensor
[9.889s] running symlink_data
[9.893s] creating /workspace/ph_sys_ws/install/ph_sensor/share/ament_index
[9.894s] creating /workspace/ph_sys_ws/install/ph_sensor/share/ament_index/resource_index
[9.894s] creating /workspace/ph_sys_ws/install/ph_sensor/share/ament_index/resource_index/packages
[9.895s] symbolically linking /workspace/ph_sys_ws/build/ph_sensor/resource/ph_sensor -> /workspace/ph_sys_ws/install/ph_sensor/share/ament_index/resource_index/packages
[9.900s] symbolically linking /workspace/ph_sys_ws/build/ph_sensor/package.xml -> /workspace/ph_sys_ws/install/ph_sensor/share/ph_sensor
[10.116s] Invoked command in '/workspace/ph_sys_ws/build/ph_sensor' returned '0': PYTHONPATH=/workspace/ph_sys_ws/build/ph_sensor/prefix_override:/usr/lib/python3/dist-packages/colcon_core/task/python/colcon_distutils_commands:/workspace/ph_sys_ws/install/ph_sensor/lib/python3.10/site-packages:${PYTHONPATH} /usr/bin/python3 -W ignore:setup.py install is deprecated -W ignore:easy_install command is deprecated setup.py develop --editable --build-directory /workspace/ph_sys_ws/build/ph_sensor/build --no-deps symlink_data
