[6.503s] Invoking command in '/workspace/ph_sys_ws/src/ph_controller': PYTHONPATH=/workspace/ph_sys_ws/build/ph_controller/prefix_override:/usr/lib/python3/dist-packages/colcon_core/task/python/colcon_distutils_commands:/workspace/ph_sys_ws/install/ph_controller/lib/python3.10/site-packages:${PYTHONPATH} /usr/bin/python3 -W ignore:setup.py install is deprecated -W ignore:easy_install command is deprecated setup.py egg_info --egg-base ../../build/ph_controller build --build-base /workspace/ph_sys_ws/build/ph_controller/build install --record /workspace/ph_sys_ws/build/ph_controller/install.log --single-version-externally-managed install_data
[8.424s] running egg_info
[8.428s] writing ../../build/ph_controller/ph_controller.egg-info/PKG-INFO
[8.430s] writing dependency_links to ../../build/ph_controller/ph_controller.egg-info/dependency_links.txt
[8.433s] writing entry points to ../../build/ph_controller/ph_controller.egg-info/entry_points.txt
[8.434s] writing requirements to ../../build/ph_controller/ph_controller.egg-info/requires.txt
[8.436s] writing top-level names to ../../build/ph_controller/ph_controller.egg-info/top_level.txt
[8.449s] reading manifest file '../../build/ph_controller/ph_controller.egg-info/SOURCES.txt'
[8.450s] writing manifest file '../../build/ph_controller/ph_controller.egg-info/SOURCES.txt'
[8.452s] running build
[8.457s] running build_py
[8.478s] running install
[8.482s] running install_lib
[8.489s] running install_data
[8.490s] running install_egg_info
[8.499s] removing '/workspace/ph_sys_ws/install/ph_controller/lib/python3.10/site-packages/ph_controller-0.0.0-py3.10.egg-info' (and everything under it)
[8.511s] Copying ../../build/ph_controller/ph_controller.egg-info to /workspace/ph_sys_ws/install/ph_controller/lib/python3.10/site-packages/ph_controller-0.0.0-py3.10.egg-info
[8.529s] running install_scripts
[8.622s] Installing ph_controller_node script to /workspace/ph_sys_ws/install/ph_controller/lib/ph_controller
[8.622s] writing list of installed files to '/workspace/ph_sys_ws/build/ph_controller/install.log'
[8.794s] Invoked command in '/workspace/ph_sys_ws/src/ph_controller' returned '0': PYTHONPATH=/workspace/ph_sys_ws/build/ph_controller/prefix_override:/usr/lib/python3/dist-packages/colcon_core/task/python/colcon_distutils_commands:/workspace/ph_sys_ws/install/ph_controller/lib/python3.10/site-packages:${PYTHONPATH} /usr/bin/python3 -W ignore:setup.py install is deprecated -W ignore:easy_install command is deprecated setup.py egg_info --egg-base ../../build/ph_controller build --build-base /workspace/ph_sys_ws/build/ph_controller/build install --record /workspace/ph_sys_ws/build/ph_controller/install.log --single-version-externally-managed install_data
