[5.046s] Invoking command in '/workspace/ph_sys_ws/build/ph_controller': PYTHONPATH=/workspace/ph_sys_ws/build/ph_controller/prefix_override:/usr/lib/python3/dist-packages/colcon_core/task/python/colcon_distutils_commands:/workspace/ph_sys_ws/install/ph_controller/lib/python3.10/site-packages:${PYTHONPATH} /usr/bin/python3 -W ignore:setup.py install is deprecated -W ignore:easy_install command is deprecated setup.py develop --editable --build-directory /workspace/ph_sys_ws/build/ph_controller/build --no-deps symlink_data
[7.931s] running develop
[8.773s] running egg_info
[8.774s] creating ph_controller.egg-info
[8.780s] writing ph_controller.egg-info/PKG-INFO
[8.780s] writing dependency_links to ph_controller.egg-info/dependency_links.txt
[8.781s] writing entry points to ph_controller.egg-info/entry_points.txt
[8.783s] writing requirements to ph_controller.egg-info/requires.txt
[8.784s] writing top-level names to ph_controller.egg-info/top_level.txt
[8.786s] writing manifest file 'ph_controller.egg-info/SOURCES.txt'
[8.794s] reading manifest file 'ph_controller.egg-info/SOURCES.txt'
[8.796s] writing manifest file 'ph_controller.egg-info/SOURCES.txt'
[8.803s] running build_ext
[8.808s] Creating /workspace/ph_sys_ws/install/ph_controller/lib/python3.10/site-packages/ph-controller.egg-link (link to .)
[8.808s] Installing ph_controller_node script to /workspace/ph_sys_ws/install/ph_controller/lib/ph_controller
[8.811s] 
[8.812s] Installed /workspace/ph_sys_ws/build/ph_controller
[8.812s] running symlink_data
[8.816s] creating /workspace/ph_sys_ws/install/ph_controller/share/ament_index
[8.816s] creating /workspace/ph_sys_ws/install/ph_controller/share/ament_index/resource_index
[8.816s] creating /workspace/ph_sys_ws/install/ph_controller/share/ament_index/resource_index/packages
[8.817s] symbolically linking /workspace/ph_sys_ws/build/ph_controller/resource/ph_controller -> /workspace/ph_sys_ws/install/ph_controller/share/ament_index/resource_index/packages
[8.818s] symbolically linking /workspace/ph_sys_ws/build/ph_controller/package.xml -> /workspace/ph_sys_ws/install/ph_controller/share/ph_controller
[9.001s] Invoked command in '/workspace/ph_sys_ws/build/ph_controller' returned '0': PYTHONPATH=/workspace/ph_sys_ws/build/ph_controller/prefix_override:/usr/lib/python3/dist-packages/colcon_core/task/python/colcon_distutils_commands:/workspace/ph_sys_ws/install/ph_controller/lib/python3.10/site-packages:${PYTHONPATH} /usr/bin/python3 -W ignore:setup.py install is deprecated -W ignore:easy_install command is deprecated setup.py develop --editable --build-directory /workspace/ph_sys_ws/build/ph_controller/build --no-deps symlink_data
