[6.330s] Invoking command in '/workspace/ph_sys_ws/build/hardware': PYTHONPATH=/workspace/ph_sys_ws/build/hardware/prefix_override:/usr/lib/python3/dist-packages/colcon_core/task/python/colcon_distutils_commands:/workspace/ph_sys_ws/install/hardware/lib/python3.10/site-packages:${PYTHONPATH} /usr/bin/python3 -W ignore:setup.py install is deprecated -W ignore:easy_install command is deprecated setup.py develop --editable --build-directory /workspace/ph_sys_ws/build/hardware/build --no-deps symlink_data
[8.553s] running develop
[9.914s] running egg_info
[9.915s] creating hardware.egg-info
[9.915s] writing hardware.egg-info/PKG-INFO
[9.915s] writing dependency_links to hardware.egg-info/dependency_links.txt
[9.916s] writing entry points to hardware.egg-info/entry_points.txt
[9.916s] writing requirements to hardware.egg-info/requires.txt
[9.916s] writing top-level names to hardware.egg-info/top_level.txt
[9.917s] writing manifest file 'hardware.egg-info/SOURCES.txt'
[9.921s] reading manifest file 'hardware.egg-info/SOURCES.txt'
[9.924s] writing manifest file 'hardware.egg-info/SOURCES.txt'
[9.933s] running build_ext
[9.934s] Creating /workspace/ph_sys_ws/install/hardware/lib/python3.10/site-packages/hardware.egg-link (link to .)
[9.938s] 
[9.939s] Installed /workspace/ph_sys_ws/build/hardware
[9.940s] running symlink_data
[9.942s] creating /workspace/ph_sys_ws/install/hardware/share/ament_index
[9.943s] creating /workspace/ph_sys_ws/install/hardware/share/ament_index/resource_index
[9.944s] creating /workspace/ph_sys_ws/install/hardware/share/ament_index/resource_index/packages
[9.946s] symbolically linking /workspace/ph_sys_ws/build/hardware/resource/hardware -> /workspace/ph_sys_ws/install/hardware/share/ament_index/resource_index/packages
[9.947s] symbolically linking /workspace/ph_sys_ws/build/hardware/package.xml -> /workspace/ph_sys_ws/install/hardware/share/hardware
[10.962s] Invoked command in '/workspace/ph_sys_ws/build/hardware' returned '0': PYTHONPATH=/workspace/ph_sys_ws/build/hardware/prefix_override:/usr/lib/python3/dist-packages/colcon_core/task/python/colcon_distutils_commands:/workspace/ph_sys_ws/install/hardware/lib/python3.10/site-packages:${PYTHONPATH} /usr/bin/python3 -W ignore:setup.py install is deprecated -W ignore:easy_install command is deprecated setup.py develop --editable --build-directory /workspace/ph_sys_ws/build/hardware/build --no-deps symlink_data
