[5.220s] Invoking command in '/workspace/ph_sys_ws/src/ph_controller': PYTHONPATH=/workspace/ph_sys_ws/build/ph_controller/prefix_override:/usr/lib/python3/dist-packages/colcon_core/task/python/colcon_distutils_commands:/workspace/ph_sys_ws/install/ph_controller/lib/python3.10/site-packages:${PYTHONPATH} /usr/bin/python3 -W ignore:setup.py install is deprecated -W ignore:easy_install command is deprecated setup.py egg_info --egg-base ../../build/ph_controller build --build-base /workspace/ph_sys_ws/build/ph_controller/build install --record /workspace/ph_sys_ws/build/ph_controller/install.log --single-version-externally-managed install_data
[6.595s] running egg_info
[6.597s] writing ../../build/ph_controller/ph_controller.egg-info/PKG-INFO
[6.599s] writing dependency_links to ../../build/ph_controller/ph_controller.egg-info/dependency_links.txt
[6.600s] writing entry points to ../../build/ph_controller/ph_controller.egg-info/entry_points.txt
[6.602s] writing requirements to ../../build/ph_controller/ph_controller.egg-info/requires.txt
[6.603s] writing top-level names to ../../build/ph_controller/ph_controller.egg-info/top_level.txt
[6.606s] reading manifest file '../../build/ph_controller/ph_controller.egg-info/SOURCES.txt'
[6.611s] writing manifest file '../../build/ph_controller/ph_controller.egg-info/SOURCES.txt'
[6.612s] running build
[6.615s] running build_py
[6.616s] running install
[6.617s] running install_lib
[6.623s] running install_data
[6.623s] running install_egg_info
[6.630s] removing '/workspace/ph_sys_ws/install/ph_controller/lib/python3.10/site-packages/ph_controller-0.0.0-py3.10.egg-info' (and everything under it)
[6.631s] Copying ../../build/ph_controller/ph_controller.egg-info to /workspace/ph_sys_ws/install/ph_controller/lib/python3.10/site-packages/ph_controller-0.0.0-py3.10.egg-info
[6.637s] running install_scripts
[6.716s] Installing ph_controller_node script to /workspace/ph_sys_ws/install/ph_controller/lib/ph_controller
[6.717s] writing list of installed files to '/workspace/ph_sys_ws/build/ph_controller/install.log'
[6.870s] Invoked command in '/workspace/ph_sys_ws/src/ph_controller' returned '0': PYTHONPATH=/workspace/ph_sys_ws/build/ph_controller/prefix_override:/usr/lib/python3/dist-packages/colcon_core/task/python/colcon_distutils_commands:/workspace/ph_sys_ws/install/ph_controller/lib/python3.10/site-packages:${PYTHONPATH} /usr/bin/python3 -W ignore:setup.py install is deprecated -W ignore:easy_install command is deprecated setup.py egg_info --egg-base ../../build/ph_controller build --build-base /workspace/ph_sys_ws/build/ph_controller/build install --record /workspace/ph_sys_ws/build/ph_controller/install.log --single-version-externally-managed install_data
