[5.956s] Invoking command in '/workspace/ph_sys_ws/build/hardware': PYTHONPATH=/workspace/ph_sys_ws/build/hardware/prefix_override:/usr/lib/python3/dist-packages/colcon_core/task/python/colcon_distutils_commands:/workspace/ph_sys_ws/install/hardware/lib/python3.10/site-packages:${PYTHONPATH} /usr/bin/python3 -W ignore:setup.py install is deprecated -W ignore:easy_install command is deprecated setup.py develop --uninstall --editable --build-directory /workspace/ph_sys_ws/build/hardware/build
[7.493s] running develop
[8.400s] Removing /workspace/ph_sys_ws/install/hardware/lib/python3.10/site-packages/hardware.egg-link (link to .)
[8.725s] Invoked command in '/workspace/ph_sys_ws/build/hardware' returned '0': PYTHONPATH=/workspace/ph_sys_ws/build/hardware/prefix_override:/usr/lib/python3/dist-packages/colcon_core/task/python/colcon_distutils_commands:/workspace/ph_sys_ws/install/hardware/lib/python3.10/site-packages:${PYTHONPATH} /usr/bin/python3 -W ignore:setup.py install is deprecated -W ignore:easy_install command is deprecated setup.py develop --uninstall --editable --build-directory /workspace/ph_sys_ws/build/hardware/build
[8.730s] Invoking command in '/workspace/ph_sys_ws/src/hardware': PYTHONPATH=/workspace/ph_sys_ws/build/hardware/prefix_override:/usr/lib/python3/dist-packages/colcon_core/task/python/colcon_distutils_commands:/workspace/ph_sys_ws/install/hardware/lib/python3.10/site-packages:${PYTHONPATH} /usr/bin/python3 -W ignore:setup.py install is deprecated -W ignore:easy_install command is deprecated setup.py egg_info --egg-base ../../build/hardware build --build-base /workspace/ph_sys_ws/build/hardware/build install --record /workspace/ph_sys_ws/build/hardware/install.log --single-version-externally-managed install_data --force
[10.285s] running egg_info
[10.295s] writing ../../build/hardware/hardware.egg-info/PKG-INFO
[10.298s] writing dependency_links to ../../build/hardware/hardware.egg-info/dependency_links.txt
[10.299s] writing entry points to ../../build/hardware/hardware.egg-info/entry_points.txt
[10.300s] writing requirements to ../../build/hardware/hardware.egg-info/requires.txt
[10.300s] writing top-level names to ../../build/hardware/hardware.egg-info/top_level.txt
[10.318s] reading manifest file '../../build/hardware/hardware.egg-info/SOURCES.txt'
[10.337s] writing manifest file '../../build/hardware/hardware.egg-info/SOURCES.txt'
[10.358s] running build
[10.366s] running build_py
[10.367s] creating /workspace/ph_sys_ws/build/hardware/build
[10.372s] creating /workspace/ph_sys_ws/build/hardware/build/lib
[10.398s] creating /workspace/ph_sys_ws/build/hardware/build/lib/hardware
[10.399s] copying hardware/config.py -> /workspace/ph_sys_ws/build/hardware/build/lib/hardware
[10.417s] copying hardware/__init__.py -> /workspace/ph_sys_ws/build/hardware/build/lib/hardware
[10.439s] running install
[10.445s] running install_lib
[10.451s] creating /workspace/ph_sys_ws/install/hardware/lib/python3.10/site-packages/hardware
[10.456s] copying /workspace/ph_sys_ws/build/hardware/build/lib/hardware/config.py -> /workspace/ph_sys_ws/install/hardware/lib/python3.10/site-packages/hardware
[10.457s] copying /workspace/ph_sys_ws/build/hardware/build/lib/hardware/__init__.py -> /workspace/ph_sys_ws/install/hardware/lib/python3.10/site-packages/hardware
[10.458s] byte-compiling /workspace/ph_sys_ws/install/hardware/lib/python3.10/site-packages/hardware/config.py to config.cpython-310.pyc
[10.489s] byte-compiling /workspace/ph_sys_ws/install/hardware/lib/python3.10/site-packages/hardware/__init__.py to __init__.cpython-310.pyc
[10.490s] running install_data
[10.497s] copying resource/hardware -> /workspace/ph_sys_ws/install/hardware/share/ament_index/resource_index/packages
[10.501s] copying package.xml -> /workspace/ph_sys_ws/install/hardware/share/hardware
[10.505s] running install_egg_info
[10.554s] Copying ../../build/hardware/hardware.egg-info to /workspace/ph_sys_ws/install/hardware/lib/python3.10/site-packages/hardware-0.0.0-py3.10.egg-info
[10.569s] running install_scripts
[10.698s] writing list of installed files to '/workspace/ph_sys_ws/build/hardware/install.log'
[10.815s] Invoked command in '/workspace/ph_sys_ws/src/hardware' returned '0': PYTHONPATH=/workspace/ph_sys_ws/build/hardware/prefix_override:/usr/lib/python3/dist-packages/colcon_core/task/python/colcon_distutils_commands:/workspace/ph_sys_ws/install/hardware/lib/python3.10/site-packages:${PYTHONPATH} /usr/bin/python3 -W ignore:setup.py install is deprecated -W ignore:easy_install command is deprecated setup.py egg_info --egg-base ../../build/hardware build --build-base /workspace/ph_sys_ws/build/hardware/build install --record /workspace/ph_sys_ws/build/hardware/install.log --single-version-externally-managed install_data --force
