running develop
Removing /workspace/ph_sys_ws/install/utils/lib/python3.10/site-packages/utils.egg-link (link to .)
running egg_info
writing ../../build/utils/utils.egg-info/PKG-INFO
writing dependency_links to ../../build/utils/utils.egg-info/dependency_links.txt
writing entry points to ../../build/utils/utils.egg-info/entry_points.txt
writing requirements to ../../build/utils/utils.egg-info/requires.txt
writing top-level names to ../../build/utils/utils.egg-info/top_level.txt
reading manifest file '../../build/utils/utils.egg-info/SOURCES.txt'
writing manifest file '../../build/utils/utils.egg-info/SOURCES.txt'
running build
running build_py
creating /workspace/ph_sys_ws/build/utils/build
creating /workspace/ph_sys_ws/build/utils/build/lib
creating /workspace/ph_sys_ws/build/utils/build/lib/utils
copying utils/log.py -> /workspace/ph_sys_ws/build/utils/build/lib/utils
copying utils/__init__.py -> /workspace/ph_sys_ws/build/utils/build/lib/utils
running install
running install_lib
creating /workspace/ph_sys_ws/install/utils/lib/python3.10/site-packages/utils
copying /workspace/ph_sys_ws/build/utils/build/lib/utils/log.py -> /workspace/ph_sys_ws/install/utils/lib/python3.10/site-packages/utils
copying /workspace/ph_sys_ws/build/utils/build/lib/utils/__init__.py -> /workspace/ph_sys_ws/install/utils/lib/python3.10/site-packages/utils
byte-compiling /workspace/ph_sys_ws/install/utils/lib/python3.10/site-packages/utils/log.py to log.cpython-310.pyc
byte-compiling /workspace/ph_sys_ws/install/utils/lib/python3.10/site-packages/utils/__init__.py to __init__.cpython-310.pyc
running install_data
copying resource/utils -> /workspace/ph_sys_ws/install/utils/share/ament_index/resource_index/packages
copying package.xml -> /workspace/ph_sys_ws/install/utils/share/utils
running install_egg_info
Copying ../../build/utils/utils.egg-info to /workspace/ph_sys_ws/install/utils/lib/python3.10/site-packages/utils-0.0.0-py3.10.egg-info
running install_scripts
writing list of installed files to '/workspace/ph_sys_ws/build/utils/install.log'
