[6.332s] Invoking command in '/workspace/ph_sys_ws/build/brain': PYTHONPATH=/workspace/ph_sys_ws/build/brain/prefix_override:/usr/lib/python3/dist-packages/colcon_core/task/python/colcon_distutils_commands:/workspace/ph_sys_ws/install/brain/lib/python3.10/site-packages:${PYTHONPATH} /usr/bin/python3 -W ignore:setup.py install is deprecated -W ignore:easy_install command is deprecated setup.py develop --editable --build-directory /workspace/ph_sys_ws/build/brain/build --no-deps symlink_data
[8.610s] running develop
[9.340s] running egg_info
[9.340s] creating brain.egg-info
[9.341s] writing brain.egg-info/PKG-INFO
[9.341s] writing dependency_links to brain.egg-info/dependency_links.txt
[9.342s] writing entry points to brain.egg-info/entry_points.txt
[9.347s] writing requirements to brain.egg-info/requires.txt
[9.348s] writing top-level names to brain.egg-info/top_level.txt
[9.348s] writing manifest file 'brain.egg-info/SOURCES.txt'
[9.350s] reading manifest file 'brain.egg-info/SOURCES.txt'
[9.357s] writing manifest file 'brain.egg-info/SOURCES.txt'
[9.368s] running build_ext
[9.370s] Creating /workspace/ph_sys_ws/install/brain/lib/python3.10/site-packages/brain.egg-link (link to .)
[9.383s] 
[9.384s] Installed /workspace/ph_sys_ws/build/brain
[9.386s] running symlink_data
[9.391s] creating /workspace/ph_sys_ws/install/brain/share/ament_index
[9.393s] creating /workspace/ph_sys_ws/install/brain/share/ament_index/resource_index
[9.394s] creating /workspace/ph_sys_ws/install/brain/share/ament_index/resource_index/packages
[9.400s] symbolically linking /workspace/ph_sys_ws/build/brain/resource/brain -> /workspace/ph_sys_ws/install/brain/share/ament_index/resource_index/packages
[9.401s] symbolically linking /workspace/ph_sys_ws/build/brain/package.xml -> /workspace/ph_sys_ws/install/brain/share/brain
[9.739s] Invoked command in '/workspace/ph_sys_ws/build/brain' returned '0': PYTHONPATH=/workspace/ph_sys_ws/build/brain/prefix_override:/usr/lib/python3/dist-packages/colcon_core/task/python/colcon_distutils_commands:/workspace/ph_sys_ws/install/brain/lib/python3.10/site-packages:${PYTHONPATH} /usr/bin/python3 -W ignore:setup.py install is deprecated -W ignore:easy_install command is deprecated setup.py develop --editable --build-directory /workspace/ph_sys_ws/build/brain/build --no-deps symlink_data
