[6.081s] Invoking command in '/workspace/ph_sys_ws/src/hardware': PYTHONPATH=/workspace/ph_sys_ws/build/hardware/prefix_override:/usr/lib/python3/dist-packages/colcon_core/task/python/colcon_distutils_commands:/workspace/ph_sys_ws/install/hardware/lib/python3.10/site-packages:${PYTHONPATH} /usr/bin/python3 -W ignore:setup.py install is deprecated -W ignore:easy_install command is deprecated setup.py egg_info --egg-base ../../build/hardware build --build-base /workspace/ph_sys_ws/build/hardware/build install --record /workspace/ph_sys_ws/build/hardware/install.log --single-version-externally-managed install_data
[8.239s] running egg_info
[8.250s] writing ../../build/hardware/hardware.egg-info/PKG-INFO
[8.250s] writing dependency_links to ../../build/hardware/hardware.egg-info/dependency_links.txt
[8.251s] writing entry points to ../../build/hardware/hardware.egg-info/entry_points.txt
[8.251s] writing requirements to ../../build/hardware/hardware.egg-info/requires.txt
[8.268s] writing top-level names to ../../build/hardware/hardware.egg-info/top_level.txt
[8.269s] reading manifest file '../../build/hardware/hardware.egg-info/SOURCES.txt'
[8.269s] writing manifest file '../../build/hardware/hardware.egg-info/SOURCES.txt'
[8.288s] running build
[8.289s] running build_py
[8.290s] running install
[8.291s] running install_lib
[8.291s] running install_data
[8.295s] running install_egg_info
[8.306s] removing '/workspace/ph_sys_ws/install/hardware/lib/python3.10/site-packages/hardware-0.0.0-py3.10.egg-info' (and everything under it)
[8.310s] Copying ../../build/hardware/hardware.egg-info to /workspace/ph_sys_ws/install/hardware/lib/python3.10/site-packages/hardware-0.0.0-py3.10.egg-info
[8.329s] running install_scripts
[8.457s] writing list of installed files to '/workspace/ph_sys_ws/build/hardware/install.log'
[11.041s] Invoked command in '/workspace/ph_sys_ws/src/hardware' returned '0': PYTHONPATH=/workspace/ph_sys_ws/build/hardware/prefix_override:/usr/lib/python3/dist-packages/colcon_core/task/python/colcon_distutils_commands:/workspace/ph_sys_ws/install/hardware/lib/python3.10/site-packages:${PYTHONPATH} /usr/bin/python3 -W ignore:setup.py install is deprecated -W ignore:easy_install command is deprecated setup.py egg_info --egg-base ../../build/hardware build --build-base /workspace/ph_sys_ws/build/hardware/build install --record /workspace/ph_sys_ws/build/hardware/install.log --single-version-externally-managed install_data
