[5.225s] Invoking command in '/workspace/ph_sys_ws/src/first_package': PYTHONPATH=/workspace/ph_sys_ws/build/first_package/prefix_override:/usr/lib/python3/dist-packages/colcon_core/task/python/colcon_distutils_commands:/workspace/ph_sys_ws/install/first_package/lib/python3.10/site-packages:${PYTHONPATH} /usr/bin/python3 -W ignore:setup.py install is deprecated -W ignore:easy_install command is deprecated setup.py egg_info --egg-base ../../build/first_package build --build-base /workspace/ph_sys_ws/build/first_package/build install --record /workspace/ph_sys_ws/build/first_package/install.log --single-version-externally-managed install_data
[6.591s] running egg_info
[6.595s] writing ../../build/first_package/first_package.egg-info/PKG-INFO
[6.601s] writing dependency_links to ../../build/first_package/first_package.egg-info/dependency_links.txt
[6.603s] writing entry points to ../../build/first_package/first_package.egg-info/entry_points.txt
[6.604s] writing requirements to ../../build/first_package/first_package.egg-info/requires.txt
[6.605s] writing top-level names to ../../build/first_package/first_package.egg-info/top_level.txt
[6.625s] reading manifest file '../../build/first_package/first_package.egg-info/SOURCES.txt'
[6.632s] writing manifest file '../../build/first_package/first_package.egg-info/SOURCES.txt'
[6.635s] running build
[6.635s] running build_py
[6.636s] running install
[6.641s] running install_lib
[6.651s] running install_data
[6.657s] running install_egg_info
[6.673s] removing '/workspace/ph_sys_ws/install/first_package/lib/python3.10/site-packages/first_package-0.0.0-py3.10.egg-info' (and everything under it)
[6.674s] Copying ../../build/first_package/first_package.egg-info to /workspace/ph_sys_ws/install/first_package/lib/python3.10/site-packages/first_package-0.0.0-py3.10.egg-info
[6.693s] running install_scripts
[6.798s] Installing first_package_node script to /workspace/ph_sys_ws/install/first_package/lib/first_package
[6.802s] writing list of installed files to '/workspace/ph_sys_ws/build/first_package/install.log'
[7.062s] Invoked command in '/workspace/ph_sys_ws/src/first_package' returned '0': PYTHONPATH=/workspace/ph_sys_ws/build/first_package/prefix_override:/usr/lib/python3/dist-packages/colcon_core/task/python/colcon_distutils_commands:/workspace/ph_sys_ws/install/first_package/lib/python3.10/site-packages:${PYTHONPATH} /usr/bin/python3 -W ignore:setup.py install is deprecated -W ignore:easy_install command is deprecated setup.py egg_info --egg-base ../../build/first_package build --build-base /workspace/ph_sys_ws/build/first_package/build install --record /workspace/ph_sys_ws/build/first_package/install.log --single-version-externally-managed install_data
