[6.223s] Invoking command in '/workspace/ph_sys_ws/build/first_package': PYTHONPATH=/workspace/ph_sys_ws/build/first_package/prefix_override:/usr/lib/python3/dist-packages/colcon_core/task/python/colcon_distutils_commands:/workspace/ph_sys_ws/install/first_package/lib/python3.10/site-packages:${PYTHONPATH} /usr/bin/python3 -W ignore:setup.py install is deprecated -W ignore:easy_install command is deprecated setup.py develop --editable --build-directory /workspace/ph_sys_ws/build/first_package/build --no-deps symlink_data
[8.605s] running develop
[9.638s] running egg_info
[9.640s] creating first_package.egg-info
[9.640s] writing first_package.egg-info/PKG-INFO
[9.641s] writing dependency_links to first_package.egg-info/dependency_links.txt
[9.641s] writing entry points to first_package.egg-info/entry_points.txt
[9.642s] writing requirements to first_package.egg-info/requires.txt
[9.642s] writing top-level names to first_package.egg-info/top_level.txt
[9.642s] writing manifest file 'first_package.egg-info/SOURCES.txt'
[9.648s] reading manifest file 'first_package.egg-info/SOURCES.txt'
[9.650s] writing manifest file 'first_package.egg-info/SOURCES.txt'
[9.655s] running build_ext
[9.656s] Creating /workspace/ph_sys_ws/install/first_package/lib/python3.10/site-packages/first-package.egg-link (link to .)
[9.662s] Installing first_package_node script to /workspace/ph_sys_ws/install/first_package/lib/first_package
[9.670s] 
[9.671s] Installed /workspace/ph_sys_ws/build/first_package
[9.672s] running symlink_data
[9.679s] creating /workspace/ph_sys_ws/install/first_package/share/ament_index
[9.680s] creating /workspace/ph_sys_ws/install/first_package/share/ament_index/resource_index
[9.681s] creating /workspace/ph_sys_ws/install/first_package/share/ament_index/resource_index/packages
[9.682s] symbolically linking /workspace/ph_sys_ws/build/first_package/resource/first_package -> /workspace/ph_sys_ws/install/first_package/share/ament_index/resource_index/packages
[9.684s] symbolically linking /workspace/ph_sys_ws/build/first_package/package.xml -> /workspace/ph_sys_ws/install/first_package/share/first_package
[10.948s] Invoked command in '/workspace/ph_sys_ws/build/first_package' returned '0': PYTHONPATH=/workspace/ph_sys_ws/build/first_package/prefix_override:/usr/lib/python3/dist-packages/colcon_core/task/python/colcon_distutils_commands:/workspace/ph_sys_ws/install/first_package/lib/python3.10/site-packages:${PYTHONPATH} /usr/bin/python3 -W ignore:setup.py install is deprecated -W ignore:easy_install command is deprecated setup.py develop --editable --build-directory /workspace/ph_sys_ws/build/first_package/build --no-deps symlink_data
