[4.801s] Invoking command in '/workspace/ph_sys_ws/build/first_package': PYTHONPATH=/workspace/ph_sys_ws/build/first_package/prefix_override:/usr/lib/python3/dist-packages/colcon_core/task/python/colcon_distutils_commands:/workspace/ph_sys_ws/install/first_package/lib/python3.10/site-packages:${PYTHONPATH} /usr/bin/python3 -W ignore:setup.py install is deprecated -W ignore:easy_install command is deprecated setup.py develop --uninstall --editable --build-directory /workspace/ph_sys_ws/build/first_package/build
[6.231s] running develop
[7.038s] Removing /workspace/ph_sys_ws/install/first_package/lib/python3.10/site-packages/first-package.egg-link (link to .)
[7.248s] Invoked command in '/workspace/ph_sys_ws/build/first_package' returned '0': PYTHONPATH=/workspace/ph_sys_ws/build/first_package/prefix_override:/usr/lib/python3/dist-packages/colcon_core/task/python/colcon_distutils_commands:/workspace/ph_sys_ws/install/first_package/lib/python3.10/site-packages:${PYTHONPATH} /usr/bin/python3 -W ignore:setup.py install is deprecated -W ignore:easy_install command is deprecated setup.py develop --uninstall --editable --build-directory /workspace/ph_sys_ws/build/first_package/build
[7.258s] Invoking command in '/workspace/ph_sys_ws/src/first_package': PYTHONPATH=/workspace/ph_sys_ws/build/first_package/prefix_override:/usr/lib/python3/dist-packages/colcon_core/task/python/colcon_distutils_commands:/workspace/ph_sys_ws/install/first_package/lib/python3.10/site-packages:${PYTHONPATH} /usr/bin/python3 -W ignore:setup.py install is deprecated -W ignore:easy_install command is deprecated setup.py egg_info --egg-base ../../build/first_package build --build-base /workspace/ph_sys_ws/build/first_package/build install --record /workspace/ph_sys_ws/build/first_package/install.log --single-version-externally-managed install_data --force
[8.783s] running egg_info
[8.787s] writing ../../build/first_package/first_package.egg-info/PKG-INFO
[8.788s] writing dependency_links to ../../build/first_package/first_package.egg-info/dependency_links.txt
[8.791s] writing entry points to ../../build/first_package/first_package.egg-info/entry_points.txt
[8.791s] writing requirements to ../../build/first_package/first_package.egg-info/requires.txt
[8.792s] writing top-level names to ../../build/first_package/first_package.egg-info/top_level.txt
[8.806s] reading manifest file '../../build/first_package/first_package.egg-info/SOURCES.txt'
[8.806s] writing manifest file '../../build/first_package/first_package.egg-info/SOURCES.txt'
[8.807s] running build
[8.807s] running build_py
[8.808s] creating /workspace/ph_sys_ws/build/first_package/build
[8.809s] creating /workspace/ph_sys_ws/build/first_package/build/lib
[8.812s] creating /workspace/ph_sys_ws/build/first_package/build/lib/first_package
[8.817s] copying first_package/first_package_node.py -> /workspace/ph_sys_ws/build/first_package/build/lib/first_package
[8.818s] copying first_package/__init__.py -> /workspace/ph_sys_ws/build/first_package/build/lib/first_package
[8.818s] running install
[8.819s] running install_lib
[8.819s] creating /workspace/ph_sys_ws/install/first_package/lib/python3.10/site-packages/first_package
[8.820s] copying /workspace/ph_sys_ws/build/first_package/build/lib/first_package/first_package_node.py -> /workspace/ph_sys_ws/install/first_package/lib/python3.10/site-packages/first_package
[8.820s] copying /workspace/ph_sys_ws/build/first_package/build/lib/first_package/__init__.py -> /workspace/ph_sys_ws/install/first_package/lib/python3.10/site-packages/first_package
[8.821s] byte-compiling /workspace/ph_sys_ws/install/first_package/lib/python3.10/site-packages/first_package/first_package_node.py to first_package_node.cpython-310.pyc
[8.826s] byte-compiling /workspace/ph_sys_ws/install/first_package/lib/python3.10/site-packages/first_package/__init__.py to __init__.cpython-310.pyc
[8.828s] running install_data
[8.829s] copying resource/first_package -> /workspace/ph_sys_ws/install/first_package/share/ament_index/resource_index/packages
[8.834s] copying package.xml -> /workspace/ph_sys_ws/install/first_package/share/first_package
[8.837s] running install_egg_info
[8.840s] Copying ../../build/first_package/first_package.egg-info to /workspace/ph_sys_ws/install/first_package/lib/python3.10/site-packages/first_package-0.0.0-py3.10.egg-info
[8.856s] running install_scripts
[8.951s] Installing first_package_node script to /workspace/ph_sys_ws/install/first_package/lib/first_package
[8.953s] writing list of installed files to '/workspace/ph_sys_ws/build/first_package/install.log'
[9.146s] Invoked command in '/workspace/ph_sys_ws/src/first_package' returned '0': PYTHONPATH=/workspace/ph_sys_ws/build/first_package/prefix_override:/usr/lib/python3/dist-packages/colcon_core/task/python/colcon_distutils_commands:/workspace/ph_sys_ws/install/first_package/lib/python3.10/site-packages:${PYTHONPATH} /usr/bin/python3 -W ignore:setup.py install is deprecated -W ignore:easy_install command is deprecated setup.py egg_info --egg-base ../../build/first_package build --build-base /workspace/ph_sys_ws/build/first_package/build install --record /workspace/ph_sys_ws/build/first_package/install.log --single-version-externally-managed install_data --force
