[0.410s] DEBUG:colcon:Command line arguments: ['/usr/bin/colcon', 'build', '--symlink-install']
[0.410s] DEBUG:colcon:Parsed command line arguments: Namespace(log_base=None, log_level=None, verb_name='build', build_base='build', install_base='install', merge_install=False, symlink_install=True, test_result_base=None, continue_on_error=False, executor='parallel', parallel_workers=4, event_handlers=None, ignore_user_meta=False, metas=['./colcon.meta'], base_paths=['.'], packages_ignore=None, packages_ignore_regex=None, paths=None, packages_up_to=None, packages_up_to_regex=None, packages_above=None, packages_above_and_dependencies=None, packages_above_depth=None, packages_select_by_dep=None, packages_skip_by_dep=None, packages_skip_up_to=None, packages_select_build_failed=False, packages_skip_build_finished=False, packages_select_test_failures=False, packages_skip_test_passed=False, packages_select=None, packages_skip=None, packages_select_regex=None, packages_skip_regex=None, packages_start=None, packages_end=None, cmake_args=None, cmake_target=None, cmake_target_skip_unavailable=False, cmake_clean_cache=False, cmake_clean_first=False, cmake_force_configure=False, ament_cmake_args=None, catkin_cmake_args=None, catkin_skip_building_tests=False, mixin_files=None, mixin=None, verb_parser=<colcon_mixin.mixin.mixin_argument.MixinArgumentDecorator object at 0x7f99fcbf70>, verb_extension=<colcon_core.verb.build.BuildVerb object at 0x7f99fcba00>, main=<bound method BuildVerb.main of <colcon_core.verb.build.BuildVerb object at 0x7f99fcba00>>, mixin_verb=('build',))
[0.914s] Level 1:colcon.colcon_core.package_discovery:discover_packages(colcon_meta) check parameters
[0.916s] INFO:colcon.colcon_metadata.package_discovery.colcon_meta:Using configuration from '/root/.colcon/metadata/default/Gazebo.meta'
[0.918s] INFO:colcon.colcon_metadata.package_discovery.colcon_meta:Using configuration from '/root/.colcon/metadata/default/fastdds.meta'
[0.920s] INFO:colcon.colcon_metadata.package_discovery.colcon_meta:Using configuration from '/root/.colcon/metadata/default/fastrtps.meta'
[0.920s] Level 1:colcon.colcon_core.package_discovery:discover_packages(recursive) check parameters
[0.920s] Level 1:colcon.colcon_core.package_discovery:discover_packages(ignore) check parameters
[0.920s] Level 1:colcon.colcon_core.package_discovery:discover_packages(path) check parameters
[0.920s] Level 1:colcon.colcon_core.package_discovery:discover_packages(colcon_meta) discover
[0.921s] Level 1:colcon.colcon_core.package_discovery:discover_packages(recursive) discover
[0.921s] INFO:colcon.colcon_core.package_discovery:Crawling recursively for packages in '/workspace/ph_sys_ws'
[0.921s] Level 1:colcon.colcon_core.package_identification:_identify(.) by extensions ['ignore', 'ignore_ament_install']
[0.921s] Level 1:colcon.colcon_core.package_identification:_identify(.) by extension 'ignore'
[0.922s] Level 1:colcon.colcon_core.package_identification:_identify(.) by extension 'ignore_ament_install'
[0.922s] Level 1:colcon.colcon_core.package_identification:_identify(.) by extensions ['colcon_pkg']
[0.922s] Level 1:colcon.colcon_core.package_identification:_identify(.) by extension 'colcon_pkg'
[0.922s] Level 1:colcon.colcon_core.package_identification:_identify(.) by extensions ['colcon_meta']
[0.922s] Level 1:colcon.colcon_core.package_identification:_identify(.) by extension 'colcon_meta'
[0.922s] Level 1:colcon.colcon_core.package_identification:_identify(.) by extensions ['ros']
[0.922s] Level 1:colcon.colcon_core.package_identification:_identify(.) by extension 'ros'
[0.964s] Level 1:colcon.colcon_core.package_identification:_identify(.) by extensions ['cmake', 'python']
[0.964s] Level 1:colcon.colcon_core.package_identification:_identify(.) by extension 'cmake'
[0.965s] Level 1:colcon.colcon_core.package_identification:_identify(.) by extension 'python'
[0.965s] Level 1:colcon.colcon_core.package_identification:_identify(.) by extensions ['python_setup_py']
[0.965s] Level 1:colcon.colcon_core.package_identification:_identify(.) by extension 'python_setup_py'
[0.965s] Level 1:colcon.colcon_core.package_identification:_identify(build) by extensions ['ignore', 'ignore_ament_install']
[0.966s] Level 1:colcon.colcon_core.package_identification:_identify(build) by extension 'ignore'
[0.966s] Level 1:colcon.colcon_core.package_identification:_identify(build) ignored
[0.966s] Level 1:colcon.colcon_core.package_identification:_identify(docker) by extensions ['ignore', 'ignore_ament_install']
[0.966s] Level 1:colcon.colcon_core.package_identification:_identify(docker) by extension 'ignore'
[0.967s] Level 1:colcon.colcon_core.package_identification:_identify(docker) by extension 'ignore_ament_install'
[0.967s] Level 1:colcon.colcon_core.package_identification:_identify(docker) by extensions ['colcon_pkg']
[0.967s] Level 1:colcon.colcon_core.package_identification:_identify(docker) by extension 'colcon_pkg'
[0.967s] Level 1:colcon.colcon_core.package_identification:_identify(docker) by extensions ['colcon_meta']
[0.967s] Level 1:colcon.colcon_core.package_identification:_identify(docker) by extension 'colcon_meta'
[0.967s] Level 1:colcon.colcon_core.package_identification:_identify(docker) by extensions ['ros']
[0.967s] Level 1:colcon.colcon_core.package_identification:_identify(docker) by extension 'ros'
[0.968s] Level 1:colcon.colcon_core.package_identification:_identify(docker) by extensions ['cmake', 'python']
[0.968s] Level 1:colcon.colcon_core.package_identification:_identify(docker) by extension 'cmake'
[0.968s] Level 1:colcon.colcon_core.package_identification:_identify(docker) by extension 'python'
[0.968s] Level 1:colcon.colcon_core.package_identification:_identify(docker) by extensions ['python_setup_py']
[0.968s] Level 1:colcon.colcon_core.package_identification:_identify(docker) by extension 'python_setup_py'
[0.968s] Level 1:colcon.colcon_core.package_identification:_identify(install) by extensions ['ignore', 'ignore_ament_install']
[0.969s] Level 1:colcon.colcon_core.package_identification:_identify(install) by extension 'ignore'
[0.969s] Level 1:colcon.colcon_core.package_identification:_identify(install) ignored
[0.969s] Level 1:colcon.colcon_core.package_identification:_identify(log) by extensions ['ignore', 'ignore_ament_install']
[0.969s] Level 1:colcon.colcon_core.package_identification:_identify(log) by extension 'ignore'
[0.969s] Level 1:colcon.colcon_core.package_identification:_identify(log) ignored
[0.970s] Level 1:colcon.colcon_core.package_identification:_identify(src) by extensions ['ignore', 'ignore_ament_install']
[0.970s] Level 1:colcon.colcon_core.package_identification:_identify(src) by extension 'ignore'
[0.970s] Level 1:colcon.colcon_core.package_identification:_identify(src) by extension 'ignore_ament_install'
[0.970s] Level 1:colcon.colcon_core.package_identification:_identify(src) by extensions ['colcon_pkg']
[0.970s] Level 1:colcon.colcon_core.package_identification:_identify(src) by extension 'colcon_pkg'
[0.970s] Level 1:colcon.colcon_core.package_identification:_identify(src) by extensions ['colcon_meta']
[0.970s] Level 1:colcon.colcon_core.package_identification:_identify(src) by extension 'colcon_meta'
[0.971s] Level 1:colcon.colcon_core.package_identification:_identify(src) by extensions ['ros']
[0.971s] Level 1:colcon.colcon_core.package_identification:_identify(src) by extension 'ros'
[0.971s] Level 1:colcon.colcon_core.package_identification:_identify(src) by extensions ['cmake', 'python']
[0.971s] Level 1:colcon.colcon_core.package_identification:_identify(src) by extension 'cmake'
[0.971s] Level 1:colcon.colcon_core.package_identification:_identify(src) by extension 'python'
[0.971s] Level 1:colcon.colcon_core.package_identification:_identify(src) by extensions ['python_setup_py']
[0.971s] Level 1:colcon.colcon_core.package_identification:_identify(src) by extension 'python_setup_py'
[0.972s] Level 1:colcon.colcon_core.package_identification:_identify(src/external) by extensions ['ignore', 'ignore_ament_install']
[0.972s] Level 1:colcon.colcon_core.package_identification:_identify(src/external) by extension 'ignore'
[0.972s] Level 1:colcon.colcon_core.package_identification:_identify(src/external) by extension 'ignore_ament_install'
[0.972s] Level 1:colcon.colcon_core.package_identification:_identify(src/external) by extensions ['colcon_pkg']
[0.972s] Level 1:colcon.colcon_core.package_identification:_identify(src/external) by extension 'colcon_pkg'
[0.973s] Level 1:colcon.colcon_core.package_identification:_identify(src/external) by extensions ['colcon_meta']
[0.973s] Level 1:colcon.colcon_core.package_identification:_identify(src/external) by extension 'colcon_meta'
[0.973s] Level 1:colcon.colcon_core.package_identification:_identify(src/external) by extensions ['ros']
[0.973s] Level 1:colcon.colcon_core.package_identification:_identify(src/external) by extension 'ros'
[0.981s] DEBUG:colcon.colcon_core.package_identification:Package 'src/external' with type 'ros.ament_python' and name 'external'
[0.982s] Level 1:colcon.colcon_core.package_identification:_identify(src/first_package) by extensions ['ignore', 'ignore_ament_install']
[0.982s] Level 1:colcon.colcon_core.package_identification:_identify(src/first_package) by extension 'ignore'
[0.983s] Level 1:colcon.colcon_core.package_identification:_identify(src/first_package) by extension 'ignore_ament_install'
[0.983s] Level 1:colcon.colcon_core.package_identification:_identify(src/first_package) by extensions ['colcon_pkg']
[0.983s] Level 1:colcon.colcon_core.package_identification:_identify(src/first_package) by extension 'colcon_pkg'
[0.983s] Level 1:colcon.colcon_core.package_identification:_identify(src/first_package) by extensions ['colcon_meta']
[0.983s] Level 1:colcon.colcon_core.package_identification:_identify(src/first_package) by extension 'colcon_meta'
[0.983s] Level 1:colcon.colcon_core.package_identification:_identify(src/first_package) by extensions ['ros']
[0.983s] Level 1:colcon.colcon_core.package_identification:_identify(src/first_package) by extension 'ros'
[0.986s] DEBUG:colcon.colcon_core.package_identification:Package 'src/first_package' with type 'ros.ament_python' and name 'first_package'
[0.986s] Level 1:colcon.colcon_core.package_identification:_identify(src/hardware) by extensions ['ignore', 'ignore_ament_install']
[0.986s] Level 1:colcon.colcon_core.package_identification:_identify(src/hardware) by extension 'ignore'
[0.987s] Level 1:colcon.colcon_core.package_identification:_identify(src/hardware) by extension 'ignore_ament_install'
[0.987s] Level 1:colcon.colcon_core.package_identification:_identify(src/hardware) by extensions ['colcon_pkg']
[0.987s] Level 1:colcon.colcon_core.package_identification:_identify(src/hardware) by extension 'colcon_pkg'
[0.987s] Level 1:colcon.colcon_core.package_identification:_identify(src/hardware) by extensions ['colcon_meta']
[0.987s] Level 1:colcon.colcon_core.package_identification:_identify(src/hardware) by extension 'colcon_meta'
[0.987s] Level 1:colcon.colcon_core.package_identification:_identify(src/hardware) by extensions ['ros']
[0.987s] Level 1:colcon.colcon_core.package_identification:_identify(src/hardware) by extension 'ros'
[0.990s] DEBUG:colcon.colcon_core.package_identification:Package 'src/hardware' with type 'ros.ament_python' and name 'hardware'
[0.990s] Level 1:colcon.colcon_core.package_identification:_identify(src/interfaces) by extensions ['ignore', 'ignore_ament_install']
[0.990s] Level 1:colcon.colcon_core.package_identification:_identify(src/interfaces) by extension 'ignore'
[0.991s] Level 1:colcon.colcon_core.package_identification:_identify(src/interfaces) by extension 'ignore_ament_install'
[0.991s] Level 1:colcon.colcon_core.package_identification:_identify(src/interfaces) by extensions ['colcon_pkg']
[0.991s] Level 1:colcon.colcon_core.package_identification:_identify(src/interfaces) by extension 'colcon_pkg'
[0.991s] Level 1:colcon.colcon_core.package_identification:_identify(src/interfaces) by extensions ['colcon_meta']
[0.991s] Level 1:colcon.colcon_core.package_identification:_identify(src/interfaces) by extension 'colcon_meta'
[0.991s] Level 1:colcon.colcon_core.package_identification:_identify(src/interfaces) by extensions ['ros']
[0.991s] Level 1:colcon.colcon_core.package_identification:_identify(src/interfaces) by extension 'ros'
[0.993s] DEBUG:colcon.colcon_core.package_identification:Package 'src/interfaces' with type 'ros.ament_cmake' and name 'interfaces'
[0.994s] Level 1:colcon.colcon_core.package_identification:_identify(src/peristaltic_pump) by extensions ['ignore', 'ignore_ament_install']
[0.995s] Level 1:colcon.colcon_core.package_identification:_identify(src/peristaltic_pump) by extension 'ignore'
[0.995s] Level 1:colcon.colcon_core.package_identification:_identify(src/peristaltic_pump) by extension 'ignore_ament_install'
[0.995s] Level 1:colcon.colcon_core.package_identification:_identify(src/peristaltic_pump) by extensions ['colcon_pkg']
[0.995s] Level 1:colcon.colcon_core.package_identification:_identify(src/peristaltic_pump) by extension 'colcon_pkg'
[0.995s] Level 1:colcon.colcon_core.package_identification:_identify(src/peristaltic_pump) by extensions ['colcon_meta']
[0.995s] Level 1:colcon.colcon_core.package_identification:_identify(src/peristaltic_pump) by extension 'colcon_meta'
[0.996s] Level 1:colcon.colcon_core.package_identification:_identify(src/peristaltic_pump) by extensions ['ros']
[0.996s] Level 1:colcon.colcon_core.package_identification:_identify(src/peristaltic_pump) by extension 'ros'
[0.998s] DEBUG:colcon.colcon_core.package_identification:Package 'src/peristaltic_pump' with type 'ros.ament_python' and name 'peristaltic_pump'
[0.999s] Level 1:colcon.colcon_core.package_identification:_identify(src/ph_controller) by extensions ['ignore', 'ignore_ament_install']
[0.999s] Level 1:colcon.colcon_core.package_identification:_identify(src/ph_controller) by extension 'ignore'
[0.999s] Level 1:colcon.colcon_core.package_identification:_identify(src/ph_controller) by extension 'ignore_ament_install'
[0.999s] Level 1:colcon.colcon_core.package_identification:_identify(src/ph_controller) by extensions ['colcon_pkg']
[0.999s] Level 1:colcon.colcon_core.package_identification:_identify(src/ph_controller) by extension 'colcon_pkg'
[1.000s] Level 1:colcon.colcon_core.package_identification:_identify(src/ph_controller) by extensions ['colcon_meta']
[1.000s] Level 1:colcon.colcon_core.package_identification:_identify(src/ph_controller) by extension 'colcon_meta'
[1.000s] Level 1:colcon.colcon_core.package_identification:_identify(src/ph_controller) by extensions ['ros']
[1.000s] Level 1:colcon.colcon_core.package_identification:_identify(src/ph_controller) by extension 'ros'
[1.002s] DEBUG:colcon.colcon_core.package_identification:Package 'src/ph_controller' with type 'ros.ament_python' and name 'ph_controller'
[1.003s] Level 1:colcon.colcon_core.package_identification:_identify(src/ph_sensor) by extensions ['ignore', 'ignore_ament_install']
[1.003s] Level 1:colcon.colcon_core.package_identification:_identify(src/ph_sensor) by extension 'ignore'
[1.003s] Level 1:colcon.colcon_core.package_identification:_identify(src/ph_sensor) by extension 'ignore_ament_install'
[1.004s] Level 1:colcon.colcon_core.package_identification:_identify(src/ph_sensor) by extensions ['colcon_pkg']
[1.004s] Level 1:colcon.colcon_core.package_identification:_identify(src/ph_sensor) by extension 'colcon_pkg'
[1.004s] Level 1:colcon.colcon_core.package_identification:_identify(src/ph_sensor) by extensions ['colcon_meta']
[1.004s] Level 1:colcon.colcon_core.package_identification:_identify(src/ph_sensor) by extension 'colcon_meta'
[1.004s] Level 1:colcon.colcon_core.package_identification:_identify(src/ph_sensor) by extensions ['ros']
[1.004s] Level 1:colcon.colcon_core.package_identification:_identify(src/ph_sensor) by extension 'ros'
[1.007s] DEBUG:colcon.colcon_core.package_identification:Package 'src/ph_sensor' with type 'ros.ament_python' and name 'ph_sensor'
[1.007s] Level 1:colcon.colcon_core.package_identification:_identify(tools) by extensions ['ignore', 'ignore_ament_install']
[1.008s] Level 1:colcon.colcon_core.package_identification:_identify(tools) by extension 'ignore'
[1.008s] Level 1:colcon.colcon_core.package_identification:_identify(tools) by extension 'ignore_ament_install'
[1.008s] Level 1:colcon.colcon_core.package_identification:_identify(tools) by extensions ['colcon_pkg']
[1.008s] Level 1:colcon.colcon_core.package_identification:_identify(tools) by extension 'colcon_pkg'
[1.008s] Level 1:colcon.colcon_core.package_identification:_identify(tools) by extensions ['colcon_meta']
[1.008s] Level 1:colcon.colcon_core.package_identification:_identify(tools) by extension 'colcon_meta'
[1.009s] Level 1:colcon.colcon_core.package_identification:_identify(tools) by extensions ['ros']
[1.009s] Level 1:colcon.colcon_core.package_identification:_identify(tools) by extension 'ros'
[1.009s] Level 1:colcon.colcon_core.package_identification:_identify(tools) by extensions ['cmake', 'python']
[1.009s] Level 1:colcon.colcon_core.package_identification:_identify(tools) by extension 'cmake'
[1.009s] Level 1:colcon.colcon_core.package_identification:_identify(tools) by extension 'python'
[1.009s] Level 1:colcon.colcon_core.package_identification:_identify(tools) by extensions ['python_setup_py']
[1.009s] Level 1:colcon.colcon_core.package_identification:_identify(tools) by extension 'python_setup_py'
[1.010s] Level 1:colcon.colcon_core.package_discovery:discover_packages(recursive) using defaults
[1.010s] Level 1:colcon.colcon_core.package_discovery:discover_packages(ignore) discover
[1.010s] Level 1:colcon.colcon_core.package_discovery:discover_packages(ignore) using defaults
[1.010s] Level 1:colcon.colcon_core.package_discovery:discover_packages(path) discover
[1.010s] Level 1:colcon.colcon_core.package_discovery:discover_packages(path) using defaults
[1.119s] Level 5:colcon.colcon_core.verb:set package 'external' build argument 'cmake_args' from command line to 'None'
[1.119s] Level 5:colcon.colcon_core.verb:set package 'external' build argument 'cmake_target' from command line to 'None'
[1.119s] Level 5:colcon.colcon_core.verb:set package 'external' build argument 'cmake_target_skip_unavailable' from command line to 'False'
[1.119s] Level 5:colcon.colcon_core.verb:set package 'external' build argument 'cmake_clean_cache' from command line to 'False'
[1.119s] Level 5:colcon.colcon_core.verb:set package 'external' build argument 'cmake_clean_first' from command line to 'False'
[1.119s] Level 5:colcon.colcon_core.verb:set package 'external' build argument 'cmake_force_configure' from command line to 'False'
[1.119s] Level 5:colcon.colcon_core.verb:set package 'external' build argument 'ament_cmake_args' from command line to 'None'
[1.119s] Level 5:colcon.colcon_core.verb:set package 'external' build argument 'catkin_cmake_args' from command line to 'None'
[1.120s] Level 5:colcon.colcon_core.verb:set package 'external' build argument 'catkin_skip_building_tests' from command line to 'False'
[1.120s] DEBUG:colcon.colcon_core.verb:Building package 'external' with the following arguments: {'ament_cmake_args': None, 'build_base': '/workspace/ph_sys_ws/build/external', 'catkin_cmake_args': None, 'catkin_skip_building_tests': False, 'cmake_args': None, 'cmake_clean_cache': False, 'cmake_clean_first': False, 'cmake_force_configure': False, 'cmake_target': None, 'cmake_target_skip_unavailable': False, 'install_base': '/workspace/ph_sys_ws/install/external', 'merge_install': False, 'path': '/workspace/ph_sys_ws/src/external', 'symlink_install': True, 'test_result_base': None}
[1.121s] Level 5:colcon.colcon_core.verb:set package 'first_package' build argument 'cmake_args' from command line to 'None'
[1.121s] Level 5:colcon.colcon_core.verb:set package 'first_package' build argument 'cmake_target' from command line to 'None'
[1.121s] Level 5:colcon.colcon_core.verb:set package 'first_package' build argument 'cmake_target_skip_unavailable' from command line to 'False'
[1.121s] Level 5:colcon.colcon_core.verb:set package 'first_package' build argument 'cmake_clean_cache' from command line to 'False'
[1.121s] Level 5:colcon.colcon_core.verb:set package 'first_package' build argument 'cmake_clean_first' from command line to 'False'
[1.121s] Level 5:colcon.colcon_core.verb:set package 'first_package' build argument 'cmake_force_configure' from command line to 'False'
[1.122s] Level 5:colcon.colcon_core.verb:set package 'first_package' build argument 'ament_cmake_args' from command line to 'None'
[1.122s] Level 5:colcon.colcon_core.verb:set package 'first_package' build argument 'catkin_cmake_args' from command line to 'None'
[1.122s] Level 5:colcon.colcon_core.verb:set package 'first_package' build argument 'catkin_skip_building_tests' from command line to 'False'
[1.122s] DEBUG:colcon.colcon_core.verb:Building package 'first_package' with the following arguments: {'ament_cmake_args': None, 'build_base': '/workspace/ph_sys_ws/build/first_package', 'catkin_cmake_args': None, 'catkin_skip_building_tests': False, 'cmake_args': None, 'cmake_clean_cache': False, 'cmake_clean_first': False, 'cmake_force_configure': False, 'cmake_target': None, 'cmake_target_skip_unavailable': False, 'install_base': '/workspace/ph_sys_ws/install/first_package', 'merge_install': False, 'path': '/workspace/ph_sys_ws/src/first_package', 'symlink_install': True, 'test_result_base': None}
[1.123s] Level 5:colcon.colcon_core.verb:set package 'hardware' build argument 'cmake_args' from command line to 'None'
[1.123s] Level 5:colcon.colcon_core.verb:set package 'hardware' build argument 'cmake_target' from command line to 'None'
[1.123s] Level 5:colcon.colcon_core.verb:set package 'hardware' build argument 'cmake_target_skip_unavailable' from command line to 'False'
[1.123s] Level 5:colcon.colcon_core.verb:set package 'hardware' build argument 'cmake_clean_cache' from command line to 'False'
[1.124s] Level 5:colcon.colcon_core.verb:set package 'hardware' build argument 'cmake_clean_first' from command line to 'False'
[1.124s] Level 5:colcon.colcon_core.verb:set package 'hardware' build argument 'cmake_force_configure' from command line to 'False'
[1.124s] Level 5:colcon.colcon_core.verb:set package 'hardware' build argument 'ament_cmake_args' from command line to 'None'
[1.124s] Level 5:colcon.colcon_core.verb:set package 'hardware' build argument 'catkin_cmake_args' from command line to 'None'
[1.124s] Level 5:colcon.colcon_core.verb:set package 'hardware' build argument 'catkin_skip_building_tests' from command line to 'False'
[1.124s] DEBUG:colcon.colcon_core.verb:Building package 'hardware' with the following arguments: {'ament_cmake_args': None, 'build_base': '/workspace/ph_sys_ws/build/hardware', 'catkin_cmake_args': None, 'catkin_skip_building_tests': False, 'cmake_args': None, 'cmake_clean_cache': False, 'cmake_clean_first': False, 'cmake_force_configure': False, 'cmake_target': None, 'cmake_target_skip_unavailable': False, 'install_base': '/workspace/ph_sys_ws/install/hardware', 'merge_install': False, 'path': '/workspace/ph_sys_ws/src/hardware', 'symlink_install': True, 'test_result_base': None}
[1.125s] Level 5:colcon.colcon_core.verb:set package 'interfaces' build argument 'cmake_args' from command line to 'None'
[1.125s] Level 5:colcon.colcon_core.verb:set package 'interfaces' build argument 'cmake_target' from command line to 'None'
[1.125s] Level 5:colcon.colcon_core.verb:set package 'interfaces' build argument 'cmake_target_skip_unavailable' from command line to 'False'
[1.126s] Level 5:colcon.colcon_core.verb:set package 'interfaces' build argument 'cmake_clean_cache' from command line to 'False'
[1.126s] Level 5:colcon.colcon_core.verb:set package 'interfaces' build argument 'cmake_clean_first' from command line to 'False'
[1.126s] Level 5:colcon.colcon_core.verb:set package 'interfaces' build argument 'cmake_force_configure' from command line to 'False'
[1.126s] Level 5:colcon.colcon_core.verb:set package 'interfaces' build argument 'ament_cmake_args' from command line to 'None'
[1.126s] Level 5:colcon.colcon_core.verb:set package 'interfaces' build argument 'catkin_cmake_args' from command line to 'None'
[1.126s] Level 5:colcon.colcon_core.verb:set package 'interfaces' build argument 'catkin_skip_building_tests' from command line to 'False'
[1.126s] DEBUG:colcon.colcon_core.verb:Building package 'interfaces' with the following arguments: {'ament_cmake_args': None, 'build_base': '/workspace/ph_sys_ws/build/interfaces', 'catkin_cmake_args': None, 'catkin_skip_building_tests': False, 'cmake_args': None, 'cmake_clean_cache': False, 'cmake_clean_first': False, 'cmake_force_configure': False, 'cmake_target': None, 'cmake_target_skip_unavailable': False, 'install_base': '/workspace/ph_sys_ws/install/interfaces', 'merge_install': False, 'path': '/workspace/ph_sys_ws/src/interfaces', 'symlink_install': True, 'test_result_base': None}
[1.127s] Level 5:colcon.colcon_core.verb:set package 'peristaltic_pump' build argument 'cmake_args' from command line to 'None'
[1.127s] Level 5:colcon.colcon_core.verb:set package 'peristaltic_pump' build argument 'cmake_target' from command line to 'None'
[1.128s] Level 5:colcon.colcon_core.verb:set package 'peristaltic_pump' build argument 'cmake_target_skip_unavailable' from command line to 'False'
[1.128s] Level 5:colcon.colcon_core.verb:set package 'peristaltic_pump' build argument 'cmake_clean_cache' from command line to 'False'
[1.128s] Level 5:colcon.colcon_core.verb:set package 'peristaltic_pump' build argument 'cmake_clean_first' from command line to 'False'
[1.128s] Level 5:colcon.colcon_core.verb:set package 'peristaltic_pump' build argument 'cmake_force_configure' from command line to 'False'
[1.128s] Level 5:colcon.colcon_core.verb:set package 'peristaltic_pump' build argument 'ament_cmake_args' from command line to 'None'
[1.128s] Level 5:colcon.colcon_core.verb:set package 'peristaltic_pump' build argument 'catkin_cmake_args' from command line to 'None'
[1.128s] Level 5:colcon.colcon_core.verb:set package 'peristaltic_pump' build argument 'catkin_skip_building_tests' from command line to 'False'
[1.128s] DEBUG:colcon.colcon_core.verb:Building package 'peristaltic_pump' with the following arguments: {'ament_cmake_args': None, 'build_base': '/workspace/ph_sys_ws/build/peristaltic_pump', 'catkin_cmake_args': None, 'catkin_skip_building_tests': False, 'cmake_args': None, 'cmake_clean_cache': False, 'cmake_clean_first': False, 'cmake_force_configure': False, 'cmake_target': None, 'cmake_target_skip_unavailable': False, 'install_base': '/workspace/ph_sys_ws/install/peristaltic_pump', 'merge_install': False, 'path': '/workspace/ph_sys_ws/src/peristaltic_pump', 'symlink_install': True, 'test_result_base': None}
[1.130s] Level 5:colcon.colcon_core.verb:set package 'ph_controller' build argument 'cmake_args' from command line to 'None'
[1.130s] Level 5:colcon.colcon_core.verb:set package 'ph_controller' build argument 'cmake_target' from command line to 'None'
[1.130s] Level 5:colcon.colcon_core.verb:set package 'ph_controller' build argument 'cmake_target_skip_unavailable' from command line to 'False'
[1.130s] Level 5:colcon.colcon_core.verb:set package 'ph_controller' build argument 'cmake_clean_cache' from command line to 'False'
[1.130s] Level 5:colcon.colcon_core.verb:set package 'ph_controller' build argument 'cmake_clean_first' from command line to 'False'
[1.130s] Level 5:colcon.colcon_core.verb:set package 'ph_controller' build argument 'cmake_force_configure' from command line to 'False'
[1.130s] Level 5:colcon.colcon_core.verb:set package 'ph_controller' build argument 'ament_cmake_args' from command line to 'None'
[1.130s] Level 5:colcon.colcon_core.verb:set package 'ph_controller' build argument 'catkin_cmake_args' from command line to 'None'
[1.130s] Level 5:colcon.colcon_core.verb:set package 'ph_controller' build argument 'catkin_skip_building_tests' from command line to 'False'
[1.131s] DEBUG:colcon.colcon_core.verb:Building package 'ph_controller' with the following arguments: {'ament_cmake_args': None, 'build_base': '/workspace/ph_sys_ws/build/ph_controller', 'catkin_cmake_args': None, 'catkin_skip_building_tests': False, 'cmake_args': None, 'cmake_clean_cache': False, 'cmake_clean_first': False, 'cmake_force_configure': False, 'cmake_target': None, 'cmake_target_skip_unavailable': False, 'install_base': '/workspace/ph_sys_ws/install/ph_controller', 'merge_install': False, 'path': '/workspace/ph_sys_ws/src/ph_controller', 'symlink_install': True, 'test_result_base': None}
[1.132s] Level 5:colcon.colcon_core.verb:set package 'ph_sensor' build argument 'cmake_args' from command line to 'None'
[1.132s] Level 5:colcon.colcon_core.verb:set package 'ph_sensor' build argument 'cmake_target' from command line to 'None'
[1.132s] Level 5:colcon.colcon_core.verb:set package 'ph_sensor' build argument 'cmake_target_skip_unavailable' from command line to 'False'
[1.132s] Level 5:colcon.colcon_core.verb:set package 'ph_sensor' build argument 'cmake_clean_cache' from command line to 'False'
[1.132s] Level 5:colcon.colcon_core.verb:set package 'ph_sensor' build argument 'cmake_clean_first' from command line to 'False'
[1.132s] Level 5:colcon.colcon_core.verb:set package 'ph_sensor' build argument 'cmake_force_configure' from command line to 'False'
[1.132s] Level 5:colcon.colcon_core.verb:set package 'ph_sensor' build argument 'ament_cmake_args' from command line to 'None'
[1.133s] Level 5:colcon.colcon_core.verb:set package 'ph_sensor' build argument 'catkin_cmake_args' from command line to 'None'
[1.133s] Level 5:colcon.colcon_core.verb:set package 'ph_sensor' build argument 'catkin_skip_building_tests' from command line to 'False'
[1.133s] DEBUG:colcon.colcon_core.verb:Building package 'ph_sensor' with the following arguments: {'ament_cmake_args': None, 'build_base': '/workspace/ph_sys_ws/build/ph_sensor', 'catkin_cmake_args': None, 'catkin_skip_building_tests': False, 'cmake_args': None, 'cmake_clean_cache': False, 'cmake_clean_first': False, 'cmake_force_configure': False, 'cmake_target': None, 'cmake_target_skip_unavailable': False, 'install_base': '/workspace/ph_sys_ws/install/ph_sensor', 'merge_install': False, 'path': '/workspace/ph_sys_ws/src/ph_sensor', 'symlink_install': True, 'test_result_base': None}
[1.133s] INFO:colcon.colcon_core.executor:Executing jobs using 'parallel' executor
[1.137s] DEBUG:colcon.colcon_parallel_executor.executor.parallel:run_until_complete
[1.138s] INFO:colcon.colcon_ros.task.ament_python.build:Building ROS package in '/workspace/ph_sys_ws/src/external' with build type 'ament_python'
[1.139s] Level 1:colcon.colcon_core.shell:create_environment_hook('external', 'ament_prefix_path')
[1.146s] INFO:colcon.colcon_core.plugin_system:Skipping extension 'colcon_core.shell.bat': Not used on non-Windows systems
[1.147s] INFO:colcon.colcon_core.shell:Creating environment hook '/workspace/ph_sys_ws/install/external/share/external/hook/ament_prefix_path.ps1'
[1.149s] INFO:colcon.colcon_core.shell:Creating environment descriptor '/workspace/ph_sys_ws/install/external/share/external/hook/ament_prefix_path.dsv'
[1.151s] INFO:colcon.colcon_core.shell:Creating environment hook '/workspace/ph_sys_ws/install/external/share/external/hook/ament_prefix_path.sh'
[1.154s] INFO:colcon.colcon_core.shell:Skip shell extension 'powershell' for command environment: Not usable outside of PowerShell
[1.154s] DEBUG:colcon.colcon_core.shell:Skip shell extension 'dsv' for command environment
[1.157s] WARNING:colcon.colcon_ros.prefix_path.ament:The path '/workspace/ph_sys_ws/install/ph_sensor' in the environment variable AMENT_PREFIX_PATH doesn't exist
[1.157s] WARNING:colcon.colcon_ros.prefix_path.ament:The path '/workspace/ph_sys_ws/install/ph_controller' in the environment variable AMENT_PREFIX_PATH doesn't exist
[1.158s] WARNING:colcon.colcon_ros.prefix_path.ament:The path '/workspace/ph_sys_ws/install/peristaltic_pump' in the environment variable AMENT_PREFIX_PATH doesn't exist
[1.158s] WARNING:colcon.colcon_ros.prefix_path.ament:The path '/workspace/ph_sys_ws/install/interfaces' in the environment variable AMENT_PREFIX_PATH doesn't exist
[1.158s] WARNING:colcon.colcon_ros.prefix_path.ament:The path '/workspace/ph_sys_ws/install/hardware' in the environment variable AMENT_PREFIX_PATH doesn't exist
[1.159s] WARNING:colcon.colcon_ros.prefix_path.ament:The path '/workspace/ph_sys_ws/install/first_package' in the environment variable AMENT_PREFIX_PATH doesn't exist
[1.160s] WARNING:colcon.colcon_ros.prefix_path.catkin:The path '/workspace/ph_sys_ws/install/interfaces' in the environment variable CMAKE_PREFIX_PATH doesn't exist
[1.170s] INFO:colcon.colcon_ros.task.ament_python.build:Building ROS package in '/workspace/ph_sys_ws/src/first_package' with build type 'ament_python'
[1.171s] Level 1:colcon.colcon_core.shell:create_environment_hook('first_package', 'ament_prefix_path')
[1.172s] INFO:colcon.colcon_core.shell:Creating environment hook '/workspace/ph_sys_ws/install/first_package/share/first_package/hook/ament_prefix_path.ps1'
[1.174s] INFO:colcon.colcon_core.shell:Creating environment descriptor '/workspace/ph_sys_ws/install/first_package/share/first_package/hook/ament_prefix_path.dsv'
[1.176s] INFO:colcon.colcon_core.shell:Creating environment hook '/workspace/ph_sys_ws/install/first_package/share/first_package/hook/ament_prefix_path.sh'
[1.178s] INFO:colcon.colcon_core.shell:Skip shell extension 'powershell' for command environment: Not usable outside of PowerShell
[1.178s] DEBUG:colcon.colcon_core.shell:Skip shell extension 'dsv' for command environment
[1.186s] INFO:colcon.colcon_ros.task.ament_python.build:Building ROS package in '/workspace/ph_sys_ws/src/hardware' with build type 'ament_python'
[1.186s] Level 1:colcon.colcon_core.shell:create_environment_hook('hardware', 'ament_prefix_path')
[1.188s] INFO:colcon.colcon_core.shell:Creating environment hook '/workspace/ph_sys_ws/install/hardware/share/hardware/hook/ament_prefix_path.ps1'
[1.191s] INFO:colcon.colcon_core.shell:Creating environment descriptor '/workspace/ph_sys_ws/install/hardware/share/hardware/hook/ament_prefix_path.dsv'
[1.192s] INFO:colcon.colcon_core.shell:Creating environment hook '/workspace/ph_sys_ws/install/hardware/share/hardware/hook/ament_prefix_path.sh'
[1.195s] INFO:colcon.colcon_core.shell:Skip shell extension 'powershell' for command environment: Not usable outside of PowerShell
[1.195s] DEBUG:colcon.colcon_core.shell:Skip shell extension 'dsv' for command environment
[1.204s] INFO:colcon.colcon_ros.task.ament_cmake.build:Building ROS package in '/workspace/ph_sys_ws/src/interfaces' with build type 'ament_cmake'
[1.205s] INFO:colcon.colcon_cmake.task.cmake.build:Building CMake package in '/workspace/ph_sys_ws/src/interfaces'
[1.206s] INFO:colcon.colcon_core.shell:Skip shell extension 'powershell' for command environment: Not usable outside of PowerShell
[1.206s] DEBUG:colcon.colcon_core.shell:Skip shell extension 'dsv' for command environment
[2.076s] INFO:colcon.colcon_core.task.python.build:Building Python package in '/workspace/ph_sys_ws/src/external'
[2.077s] INFO:colcon.colcon_core.shell:Skip shell extension 'powershell' for command environment: Not usable outside of PowerShell
[2.077s] DEBUG:colcon.colcon_core.shell:Skip shell extension 'dsv' for command environment
[2.904s] INFO:colcon.colcon_core.task.python.build:Building Python package in '/workspace/ph_sys_ws/src/first_package'
[2.905s] INFO:colcon.colcon_core.shell:Skip shell extension 'powershell' for command environment: Not usable outside of PowerShell
[2.905s] DEBUG:colcon.colcon_core.shell:Skip shell extension 'dsv' for command environment
[3.733s] INFO:colcon.colcon_core.task.python.build:Building Python package in '/workspace/ph_sys_ws/src/hardware'
[3.734s] INFO:colcon.colcon_core.shell:Skip shell extension 'powershell' for command environment: Not usable outside of PowerShell
[3.734s] DEBUG:colcon.colcon_core.shell:Skip shell extension 'dsv' for command environment
[3.749s] DEBUG:colcon.colcon_core.event_handler.log_command:Invoking command in '/workspace/ph_sys_ws/build/interfaces': CMAKE_PREFIX_PATH=${CMAKE_PREFIX_PATH}:/workspace/ph_sys_ws/install/ph_sensor:/workspace/ph_sys_ws/install/ph_controller:/workspace/ph_sys_ws/install/peristaltic_pump:/workspace/ph_sys_ws/install/hardware:/workspace/ph_sys_ws/install/first_package:/workspace/ph_sys_ws/install/external:/opt/ros/humble /usr/bin/cmake /workspace/ph_sys_ws/src/interfaces -DAMENT_CMAKE_SYMLINK_INSTALL=1 -DCMAKE_INSTALL_PREFIX=/workspace/ph_sys_ws/install/interfaces
[5.718s] DEBUG:colcon.colcon_core.event_handler.log_command:Invoking command in '/workspace/ph_sys_ws/build/hardware': PYTHONPATH=/workspace/ph_sys_ws/build/hardware/prefix_override:/usr/lib/python3/dist-packages/colcon_core/task/python/colcon_distutils_commands:/workspace/ph_sys_ws/install/hardware/lib/python3.10/site-packages:${PYTHONPATH} /usr/bin/python3 -W ignore:setup.py install is deprecated -W ignore:easy_install command is deprecated setup.py develop --editable --build-directory /workspace/ph_sys_ws/build/hardware/build --no-deps symlink_data
[5.898s] DEBUG:colcon.colcon_core.event_handler.log_command:Invoking command in '/workspace/ph_sys_ws/build/first_package': PYTHONPATH=/workspace/ph_sys_ws/build/first_package/prefix_override:/usr/lib/python3/dist-packages/colcon_core/task/python/colcon_distutils_commands:/workspace/ph_sys_ws/install/first_package/lib/python3.10/site-packages:${PYTHONPATH} /usr/bin/python3 -W ignore:setup.py install is deprecated -W ignore:easy_install command is deprecated setup.py develop --editable --build-directory /workspace/ph_sys_ws/build/first_package/build --no-deps symlink_data
[5.931s] DEBUG:colcon.colcon_core.event_handler.log_command:Invoking command in '/workspace/ph_sys_ws/build/external': PYTHONPATH=/workspace/ph_sys_ws/build/external/prefix_override:/usr/lib/python3/dist-packages/colcon_core/task/python/colcon_distutils_commands:/workspace/ph_sys_ws/install/external/lib/python3.10/site-packages:${PYTHONPATH} /usr/bin/python3 -W ignore:setup.py install is deprecated -W ignore:easy_install command is deprecated setup.py develop --editable --build-directory /workspace/ph_sys_ws/build/external/build --no-deps symlink_data
[9.507s] Level 1:colcon.colcon_core.shell:create_environment_hook('hardware', 'pythonpath_develop')
[9.509s] DEBUG:colcon.colcon_core.event_handler.log_command:Invoked command in '/workspace/ph_sys_ws/build/hardware' returned '0': PYTHONPATH=/workspace/ph_sys_ws/build/hardware/prefix_override:/usr/lib/python3/dist-packages/colcon_core/task/python/colcon_distutils_commands:/workspace/ph_sys_ws/install/hardware/lib/python3.10/site-packages:${PYTHONPATH} /usr/bin/python3 -W ignore:setup.py install is deprecated -W ignore:easy_install command is deprecated setup.py develop --editable --build-directory /workspace/ph_sys_ws/build/hardware/build --no-deps symlink_data
[9.510s] INFO:colcon.colcon_core.shell:Creating environment hook '/workspace/ph_sys_ws/build/hardware/share/hardware/hook/pythonpath_develop.ps1'
[9.513s] INFO:colcon.colcon_core.shell:Creating environment descriptor '/workspace/ph_sys_ws/build/hardware/share/hardware/hook/pythonpath_develop.dsv'
[9.514s] INFO:colcon.colcon_core.shell:Creating environment hook '/workspace/ph_sys_ws/build/hardware/share/hardware/hook/pythonpath_develop.sh'
[9.527s] Level 1:colcon.colcon_core.environment:checking '/workspace/ph_sys_ws/install/hardware' for CMake module files
[9.529s] Level 1:colcon.colcon_core.environment:checking '/workspace/ph_sys_ws/install/hardware' for CMake config files
[9.531s] Level 1:colcon.colcon_core.environment:checking '/workspace/ph_sys_ws/install/hardware/lib'
[9.532s] Level 1:colcon.colcon_core.environment:checking '/workspace/ph_sys_ws/install/hardware/bin'
[9.533s] Level 1:colcon.colcon_core.environment:checking '/workspace/ph_sys_ws/install/hardware/lib/pkgconfig/hardware.pc'
[9.534s] Level 1:colcon.colcon_core.environment:checking '/workspace/ph_sys_ws/install/hardware/lib/python3.10/site-packages'
[9.534s] Level 1:colcon.colcon_core.shell:create_environment_hook('hardware', 'pythonpath')
[9.535s] INFO:colcon.colcon_core.shell:Creating environment hook '/workspace/ph_sys_ws/install/hardware/share/hardware/hook/pythonpath.ps1'
[9.537s] INFO:colcon.colcon_core.shell:Creating environment descriptor '/workspace/ph_sys_ws/install/hardware/share/hardware/hook/pythonpath.dsv'
[9.539s] INFO:colcon.colcon_core.shell:Creating environment hook '/workspace/ph_sys_ws/install/hardware/share/hardware/hook/pythonpath.sh'
[9.542s] Level 1:colcon.colcon_core.environment:checking '/workspace/ph_sys_ws/install/hardware/bin'
[9.543s] Level 1:colcon.colcon_core.environment:create_environment_scripts_only(hardware)
[9.544s] INFO:colcon.colcon_core.shell:Creating package script '/workspace/ph_sys_ws/install/hardware/share/hardware/package.ps1'
[9.551s] INFO:colcon.colcon_core.shell:Creating package descriptor '/workspace/ph_sys_ws/install/hardware/share/hardware/package.dsv'
[9.554s] INFO:colcon.colcon_core.shell:Creating package script '/workspace/ph_sys_ws/install/hardware/share/hardware/package.sh'
[9.558s] INFO:colcon.colcon_core.shell:Creating package script '/workspace/ph_sys_ws/install/hardware/share/hardware/package.bash'
[9.564s] INFO:colcon.colcon_core.shell:Creating package script '/workspace/ph_sys_ws/install/hardware/share/hardware/package.zsh'
[9.568s] Level 1:colcon.colcon_core.environment:create_file_with_runtime_dependencies(/workspace/ph_sys_ws/install/hardware/share/colcon-core/packages/hardware)
[9.574s] INFO:colcon.colcon_ros.task.ament_python.build:Building ROS package in '/workspace/ph_sys_ws/src/peristaltic_pump' with build type 'ament_python'
[9.577s] Level 1:colcon.colcon_core.shell:create_environment_hook('peristaltic_pump', 'ament_prefix_path')
[9.578s] INFO:colcon.colcon_core.shell:Creating environment hook '/workspace/ph_sys_ws/install/peristaltic_pump/share/peristaltic_pump/hook/ament_prefix_path.ps1'
[9.580s] INFO:colcon.colcon_core.shell:Creating environment descriptor '/workspace/ph_sys_ws/install/peristaltic_pump/share/peristaltic_pump/hook/ament_prefix_path.dsv'
[9.582s] INFO:colcon.colcon_core.shell:Creating environment hook '/workspace/ph_sys_ws/install/peristaltic_pump/share/peristaltic_pump/hook/ament_prefix_path.sh'
[9.584s] INFO:colcon.colcon_core.shell:Skip shell extension 'powershell' for command environment: Not usable outside of PowerShell
[9.585s] DEBUG:colcon.colcon_core.shell:Skip shell extension 'dsv' for command environment
[10.777s] INFO:colcon.colcon_core.task.python.build:Building Python package in '/workspace/ph_sys_ws/src/peristaltic_pump'
[10.778s] INFO:colcon.colcon_core.shell:Skip shell extension 'powershell' for command environment: Not usable outside of PowerShell
[10.779s] DEBUG:colcon.colcon_core.shell:Skip shell extension 'dsv' for command environment
[10.795s] Level 1:colcon.colcon_core.shell:create_environment_hook('first_package', 'pythonpath_develop')
[10.796s] INFO:colcon.colcon_core.shell:Creating environment hook '/workspace/ph_sys_ws/build/first_package/share/first_package/hook/pythonpath_develop.ps1'
[10.797s] DEBUG:colcon.colcon_core.event_handler.log_command:Invoked command in '/workspace/ph_sys_ws/build/first_package' returned '0': PYTHONPATH=/workspace/ph_sys_ws/build/first_package/prefix_override:/usr/lib/python3/dist-packages/colcon_core/task/python/colcon_distutils_commands:/workspace/ph_sys_ws/install/first_package/lib/python3.10/site-packages:${PYTHONPATH} /usr/bin/python3 -W ignore:setup.py install is deprecated -W ignore:easy_install command is deprecated setup.py develop --editable --build-directory /workspace/ph_sys_ws/build/first_package/build --no-deps symlink_data
[10.799s] INFO:colcon.colcon_core.shell:Creating environment descriptor '/workspace/ph_sys_ws/build/first_package/share/first_package/hook/pythonpath_develop.dsv'
[10.801s] INFO:colcon.colcon_core.shell:Creating environment hook '/workspace/ph_sys_ws/build/first_package/share/first_package/hook/pythonpath_develop.sh'
[10.803s] Level 1:colcon.colcon_core.environment:checking '/workspace/ph_sys_ws/install/first_package' for CMake module files
[10.805s] Level 1:colcon.colcon_core.environment:checking '/workspace/ph_sys_ws/install/first_package' for CMake config files
[10.806s] Level 1:colcon.colcon_core.environment:checking '/workspace/ph_sys_ws/install/first_package/lib'
[10.807s] Level 1:colcon.colcon_core.environment:checking '/workspace/ph_sys_ws/install/first_package/bin'
[10.807s] Level 1:colcon.colcon_core.environment:checking '/workspace/ph_sys_ws/install/first_package/lib/pkgconfig/first_package.pc'
[10.808s] Level 1:colcon.colcon_core.environment:checking '/workspace/ph_sys_ws/install/first_package/lib/python3.10/site-packages'
[10.808s] Level 1:colcon.colcon_core.shell:create_environment_hook('first_package', 'pythonpath')
[10.809s] INFO:colcon.colcon_core.shell:Creating environment hook '/workspace/ph_sys_ws/install/first_package/share/first_package/hook/pythonpath.ps1'
[10.811s] INFO:colcon.colcon_core.shell:Creating environment descriptor '/workspace/ph_sys_ws/install/first_package/share/first_package/hook/pythonpath.dsv'
[10.812s] INFO:colcon.colcon_core.shell:Creating environment hook '/workspace/ph_sys_ws/install/first_package/share/first_package/hook/pythonpath.sh'
[10.815s] Level 1:colcon.colcon_core.environment:checking '/workspace/ph_sys_ws/install/first_package/bin'
[10.815s] Level 1:colcon.colcon_core.environment:create_environment_scripts_only(first_package)
[10.817s] INFO:colcon.colcon_core.shell:Creating package script '/workspace/ph_sys_ws/install/first_package/share/first_package/package.ps1'
[10.819s] INFO:colcon.colcon_core.shell:Creating package descriptor '/workspace/ph_sys_ws/install/first_package/share/first_package/package.dsv'
[10.821s] INFO:colcon.colcon_core.shell:Creating package script '/workspace/ph_sys_ws/install/first_package/share/first_package/package.sh'
[10.823s] INFO:colcon.colcon_core.shell:Creating package script '/workspace/ph_sys_ws/install/first_package/share/first_package/package.bash'
[10.825s] INFO:colcon.colcon_core.shell:Creating package script '/workspace/ph_sys_ws/install/first_package/share/first_package/package.zsh'
[10.826s] Level 1:colcon.colcon_core.environment:create_file_with_runtime_dependencies(/workspace/ph_sys_ws/install/first_package/share/colcon-core/packages/first_package)
[10.828s] Level 1:colcon.colcon_core.shell:create_environment_hook('external', 'pythonpath_develop')
[10.829s] INFO:colcon.colcon_core.shell:Creating environment hook '/workspace/ph_sys_ws/build/external/share/external/hook/pythonpath_develop.ps1'
[10.833s] DEBUG:colcon.colcon_core.event_handler.log_command:Invoked command in '/workspace/ph_sys_ws/build/external' returned '0': PYTHONPATH=/workspace/ph_sys_ws/build/external/prefix_override:/usr/lib/python3/dist-packages/colcon_core/task/python/colcon_distutils_commands:/workspace/ph_sys_ws/install/external/lib/python3.10/site-packages:${PYTHONPATH} /usr/bin/python3 -W ignore:setup.py install is deprecated -W ignore:easy_install command is deprecated setup.py develop --editable --build-directory /workspace/ph_sys_ws/build/external/build --no-deps symlink_data
[10.835s] INFO:colcon.colcon_core.shell:Creating environment descriptor '/workspace/ph_sys_ws/build/external/share/external/hook/pythonpath_develop.dsv'
[10.837s] INFO:colcon.colcon_core.shell:Creating environment hook '/workspace/ph_sys_ws/build/external/share/external/hook/pythonpath_develop.sh'
[10.842s] Level 1:colcon.colcon_core.environment:checking '/workspace/ph_sys_ws/install/external' for CMake module files
[10.845s] Level 1:colcon.colcon_core.environment:checking '/workspace/ph_sys_ws/install/external' for CMake config files
[10.847s] Level 1:colcon.colcon_core.environment:checking '/workspace/ph_sys_ws/install/external/lib'
[10.848s] Level 1:colcon.colcon_core.environment:checking '/workspace/ph_sys_ws/install/external/bin'
[10.848s] Level 1:colcon.colcon_core.environment:checking '/workspace/ph_sys_ws/install/external/lib/pkgconfig/external.pc'
[10.850s] Level 1:colcon.colcon_core.environment:checking '/workspace/ph_sys_ws/install/external/lib/python3.10/site-packages'
[10.850s] Level 1:colcon.colcon_core.shell:create_environment_hook('external', 'pythonpath')
[10.852s] INFO:colcon.colcon_core.shell:Creating environment hook '/workspace/ph_sys_ws/install/external/share/external/hook/pythonpath.ps1'
[10.855s] INFO:colcon.colcon_core.shell:Creating environment descriptor '/workspace/ph_sys_ws/install/external/share/external/hook/pythonpath.dsv'
[10.858s] INFO:colcon.colcon_core.shell:Creating environment hook '/workspace/ph_sys_ws/install/external/share/external/hook/pythonpath.sh'
[10.864s] Level 1:colcon.colcon_core.environment:checking '/workspace/ph_sys_ws/install/external/bin'
[10.865s] Level 1:colcon.colcon_core.environment:create_environment_scripts_only(external)
[10.867s] INFO:colcon.colcon_core.shell:Creating package script '/workspace/ph_sys_ws/install/external/share/external/package.ps1'
[10.872s] INFO:colcon.colcon_core.shell:Creating package descriptor '/workspace/ph_sys_ws/install/external/share/external/package.dsv'
[10.876s] INFO:colcon.colcon_core.shell:Creating package script '/workspace/ph_sys_ws/install/external/share/external/package.sh'
[10.880s] INFO:colcon.colcon_core.shell:Creating package script '/workspace/ph_sys_ws/install/external/share/external/package.bash'
[10.882s] INFO:colcon.colcon_core.shell:Creating package script '/workspace/ph_sys_ws/install/external/share/external/package.zsh'
[10.884s] Level 1:colcon.colcon_core.environment:create_file_with_runtime_dependencies(/workspace/ph_sys_ws/install/external/share/colcon-core/packages/external)
[10.886s] INFO:colcon.colcon_ros.task.ament_python.build:Building ROS package in '/workspace/ph_sys_ws/src/ph_controller' with build type 'ament_python'
[10.886s] Level 1:colcon.colcon_core.shell:create_environment_hook('ph_controller', 'ament_prefix_path')
[10.887s] INFO:colcon.colcon_core.shell:Creating environment hook '/workspace/ph_sys_ws/install/ph_controller/share/ph_controller/hook/ament_prefix_path.ps1'
[10.890s] INFO:colcon.colcon_core.shell:Creating environment descriptor '/workspace/ph_sys_ws/install/ph_controller/share/ph_controller/hook/ament_prefix_path.dsv'
[10.894s] INFO:colcon.colcon_core.shell:Creating environment hook '/workspace/ph_sys_ws/install/ph_controller/share/ph_controller/hook/ament_prefix_path.sh'
[10.897s] INFO:colcon.colcon_core.shell:Skip shell extension 'powershell' for command environment: Not usable outside of PowerShell
[10.897s] DEBUG:colcon.colcon_core.shell:Skip shell extension 'dsv' for command environment
[10.907s] INFO:colcon.colcon_ros.task.ament_python.build:Building ROS package in '/workspace/ph_sys_ws/src/ph_sensor' with build type 'ament_python'
[10.908s] Level 1:colcon.colcon_core.shell:create_environment_hook('ph_sensor', 'ament_prefix_path')
[10.909s] INFO:colcon.colcon_core.shell:Creating environment hook '/workspace/ph_sys_ws/install/ph_sensor/share/ph_sensor/hook/ament_prefix_path.ps1'
[10.912s] INFO:colcon.colcon_core.shell:Creating environment descriptor '/workspace/ph_sys_ws/install/ph_sensor/share/ph_sensor/hook/ament_prefix_path.dsv'
[10.913s] INFO:colcon.colcon_core.shell:Creating environment hook '/workspace/ph_sys_ws/install/ph_sensor/share/ph_sensor/hook/ament_prefix_path.sh'
[10.917s] INFO:colcon.colcon_core.shell:Skip shell extension 'powershell' for command environment: Not usable outside of PowerShell
[10.917s] DEBUG:colcon.colcon_core.shell:Skip shell extension 'dsv' for command environment
[12.640s] INFO:colcon.colcon_core.task.python.build:Building Python package in '/workspace/ph_sys_ws/src/ph_controller'
[12.641s] INFO:colcon.colcon_core.shell:Skip shell extension 'powershell' for command environment: Not usable outside of PowerShell
[12.641s] DEBUG:colcon.colcon_core.shell:Skip shell extension 'dsv' for command environment
[14.382s] INFO:colcon.colcon_core.task.python.build:Building Python package in '/workspace/ph_sys_ws/src/ph_sensor'
[14.383s] INFO:colcon.colcon_core.shell:Skip shell extension 'powershell' for command environment: Not usable outside of PowerShell
[14.383s] DEBUG:colcon.colcon_core.shell:Skip shell extension 'dsv' for command environment
[14.420s] DEBUG:colcon.colcon_core.event_handler.log_command:Invoking command in '/workspace/ph_sys_ws/build/peristaltic_pump': PYTHONPATH=/workspace/ph_sys_ws/build/peristaltic_pump/prefix_override:/usr/lib/python3/dist-packages/colcon_core/task/python/colcon_distutils_commands:/workspace/ph_sys_ws/install/peristaltic_pump/lib/python3.10/site-packages:${PYTHONPATH} /usr/bin/python3 -W ignore:setup.py install is deprecated -W ignore:easy_install command is deprecated setup.py develop --editable --build-directory /workspace/ph_sys_ws/build/peristaltic_pump/build --no-deps symlink_data
[15.275s] DEBUG:colcon.colcon_core.event_handler.log_command:Invoked command in '/workspace/ph_sys_ws/build/interfaces' returned '0': CMAKE_PREFIX_PATH=${CMAKE_PREFIX_PATH}:/workspace/ph_sys_ws/install/ph_sensor:/workspace/ph_sys_ws/install/ph_controller:/workspace/ph_sys_ws/install/peristaltic_pump:/workspace/ph_sys_ws/install/hardware:/workspace/ph_sys_ws/install/first_package:/workspace/ph_sys_ws/install/external:/opt/ros/humble /usr/bin/cmake /workspace/ph_sys_ws/src/interfaces -DAMENT_CMAKE_SYMLINK_INSTALL=1 -DCMAKE_INSTALL_PREFIX=/workspace/ph_sys_ws/install/interfaces
[15.276s] DEBUG:colcon.colcon_core.event_handler.log_command:Invoking command in '/workspace/ph_sys_ws/build/interfaces': CMAKE_PREFIX_PATH=${CMAKE_PREFIX_PATH}:/workspace/ph_sys_ws/install/ph_sensor:/workspace/ph_sys_ws/install/ph_controller:/workspace/ph_sys_ws/install/peristaltic_pump:/workspace/ph_sys_ws/install/hardware:/workspace/ph_sys_ws/install/first_package:/workspace/ph_sys_ws/install/external:/opt/ros/humble /usr/bin/cmake --build /workspace/ph_sys_ws/build/interfaces -- -j4 -l4
[17.854s] DEBUG:colcon.colcon_core.event_handler.log_command:Invoking command in '/workspace/ph_sys_ws/build/ph_controller': PYTHONPATH=/workspace/ph_sys_ws/build/ph_controller/prefix_override:/usr/lib/python3/dist-packages/colcon_core/task/python/colcon_distutils_commands:/workspace/ph_sys_ws/install/ph_controller/lib/python3.10/site-packages:${PYTHONPATH} /usr/bin/python3 -W ignore:setup.py install is deprecated -W ignore:easy_install command is deprecated setup.py develop --editable --build-directory /workspace/ph_sys_ws/build/ph_controller/build --no-deps symlink_data
[18.400s] DEBUG:colcon.colcon_core.event_handler.log_command:Invoking command in '/workspace/ph_sys_ws/build/ph_sensor': PYTHONPATH=/workspace/ph_sys_ws/build/ph_sensor/prefix_override:/usr/lib/python3/dist-packages/colcon_core/task/python/colcon_distutils_commands:/workspace/ph_sys_ws/install/ph_sensor/lib/python3.10/site-packages:${PYTHONPATH} /usr/bin/python3 -W ignore:setup.py install is deprecated -W ignore:easy_install command is deprecated setup.py develop --editable --build-directory /workspace/ph_sys_ws/build/ph_sensor/build --no-deps symlink_data
[19.463s] Level 1:colcon.colcon_core.shell:create_environment_hook('peristaltic_pump', 'pythonpath_develop')
[19.464s] INFO:colcon.colcon_core.shell:Creating environment hook '/workspace/ph_sys_ws/build/peristaltic_pump/share/peristaltic_pump/hook/pythonpath_develop.ps1'
[19.466s] DEBUG:colcon.colcon_core.event_handler.log_command:Invoked command in '/workspace/ph_sys_ws/build/peristaltic_pump' returned '0': PYTHONPATH=/workspace/ph_sys_ws/build/peristaltic_pump/prefix_override:/usr/lib/python3/dist-packages/colcon_core/task/python/colcon_distutils_commands:/workspace/ph_sys_ws/install/peristaltic_pump/lib/python3.10/site-packages:${PYTHONPATH} /usr/bin/python3 -W ignore:setup.py install is deprecated -W ignore:easy_install command is deprecated setup.py develop --editable --build-directory /workspace/ph_sys_ws/build/peristaltic_pump/build --no-deps symlink_data
[19.471s] INFO:colcon.colcon_core.shell:Creating environment descriptor '/workspace/ph_sys_ws/build/peristaltic_pump/share/peristaltic_pump/hook/pythonpath_develop.dsv'
[19.473s] INFO:colcon.colcon_core.shell:Creating environment hook '/workspace/ph_sys_ws/build/peristaltic_pump/share/peristaltic_pump/hook/pythonpath_develop.sh'
[19.480s] Level 1:colcon.colcon_core.environment:checking '/workspace/ph_sys_ws/install/peristaltic_pump' for CMake module files
[19.481s] Level 1:colcon.colcon_core.environment:checking '/workspace/ph_sys_ws/install/peristaltic_pump' for CMake config files
[19.483s] Level 1:colcon.colcon_core.environment:checking '/workspace/ph_sys_ws/install/peristaltic_pump/lib'
[19.483s] Level 1:colcon.colcon_core.environment:checking '/workspace/ph_sys_ws/install/peristaltic_pump/bin'
[19.484s] Level 1:colcon.colcon_core.environment:checking '/workspace/ph_sys_ws/install/peristaltic_pump/lib/pkgconfig/peristaltic_pump.pc'
[19.485s] Level 1:colcon.colcon_core.environment:checking '/workspace/ph_sys_ws/install/peristaltic_pump/lib/python3.10/site-packages'
[19.485s] Level 1:colcon.colcon_core.shell:create_environment_hook('peristaltic_pump', 'pythonpath')
[19.486s] INFO:colcon.colcon_core.shell:Creating environment hook '/workspace/ph_sys_ws/install/peristaltic_pump/share/peristaltic_pump/hook/pythonpath.ps1'
[19.490s] INFO:colcon.colcon_core.shell:Creating environment descriptor '/workspace/ph_sys_ws/install/peristaltic_pump/share/peristaltic_pump/hook/pythonpath.dsv'
[19.492s] INFO:colcon.colcon_core.shell:Creating environment hook '/workspace/ph_sys_ws/install/peristaltic_pump/share/peristaltic_pump/hook/pythonpath.sh'
[19.496s] Level 1:colcon.colcon_core.environment:checking '/workspace/ph_sys_ws/install/peristaltic_pump/bin'
[19.496s] Level 1:colcon.colcon_core.environment:create_environment_scripts_only(peristaltic_pump)
[19.498s] INFO:colcon.colcon_core.shell:Creating package script '/workspace/ph_sys_ws/install/peristaltic_pump/share/peristaltic_pump/package.ps1'
[19.500s] INFO:colcon.colcon_core.shell:Creating package descriptor '/workspace/ph_sys_ws/install/peristaltic_pump/share/peristaltic_pump/package.dsv'
[19.502s] INFO:colcon.colcon_core.shell:Creating package script '/workspace/ph_sys_ws/install/peristaltic_pump/share/peristaltic_pump/package.sh'
[19.505s] INFO:colcon.colcon_core.shell:Creating package script '/workspace/ph_sys_ws/install/peristaltic_pump/share/peristaltic_pump/package.bash'
[19.507s] INFO:colcon.colcon_core.shell:Creating package script '/workspace/ph_sys_ws/install/peristaltic_pump/share/peristaltic_pump/package.zsh'
[19.509s] Level 1:colcon.colcon_core.environment:create_file_with_runtime_dependencies(/workspace/ph_sys_ws/install/peristaltic_pump/share/colcon-core/packages/peristaltic_pump)
[20.941s] Level 1:colcon.colcon_core.shell:create_environment_hook('ph_controller', 'pythonpath_develop')
[20.943s] INFO:colcon.colcon_core.shell:Creating environment hook '/workspace/ph_sys_ws/build/ph_controller/share/ph_controller/hook/pythonpath_develop.ps1'
[20.945s] DEBUG:colcon.colcon_core.event_handler.log_command:Invoked command in '/workspace/ph_sys_ws/build/ph_controller' returned '0': PYTHONPATH=/workspace/ph_sys_ws/build/ph_controller/prefix_override:/usr/lib/python3/dist-packages/colcon_core/task/python/colcon_distutils_commands:/workspace/ph_sys_ws/install/ph_controller/lib/python3.10/site-packages:${PYTHONPATH} /usr/bin/python3 -W ignore:setup.py install is deprecated -W ignore:easy_install command is deprecated setup.py develop --editable --build-directory /workspace/ph_sys_ws/build/ph_controller/build --no-deps symlink_data
[20.948s] INFO:colcon.colcon_core.shell:Creating environment descriptor '/workspace/ph_sys_ws/build/ph_controller/share/ph_controller/hook/pythonpath_develop.dsv'
[20.951s] INFO:colcon.colcon_core.shell:Creating environment hook '/workspace/ph_sys_ws/build/ph_controller/share/ph_controller/hook/pythonpath_develop.sh'
[20.956s] Level 1:colcon.colcon_core.environment:checking '/workspace/ph_sys_ws/install/ph_controller' for CMake module files
[20.959s] Level 1:colcon.colcon_core.environment:checking '/workspace/ph_sys_ws/install/ph_controller' for CMake config files
[20.962s] Level 1:colcon.colcon_core.environment:checking '/workspace/ph_sys_ws/install/ph_controller/lib'
[20.963s] Level 1:colcon.colcon_core.environment:checking '/workspace/ph_sys_ws/install/ph_controller/bin'
[20.964s] Level 1:colcon.colcon_core.environment:checking '/workspace/ph_sys_ws/install/ph_controller/lib/pkgconfig/ph_controller.pc'
[20.965s] Level 1:colcon.colcon_core.environment:checking '/workspace/ph_sys_ws/install/ph_controller/lib/python3.10/site-packages'
[20.966s] Level 1:colcon.colcon_core.shell:create_environment_hook('ph_controller', 'pythonpath')
[20.968s] INFO:colcon.colcon_core.shell:Creating environment hook '/workspace/ph_sys_ws/install/ph_controller/share/ph_controller/hook/pythonpath.ps1'
[20.972s] INFO:colcon.colcon_core.shell:Creating environment descriptor '/workspace/ph_sys_ws/install/ph_controller/share/ph_controller/hook/pythonpath.dsv'
[20.974s] INFO:colcon.colcon_core.shell:Creating environment hook '/workspace/ph_sys_ws/install/ph_controller/share/ph_controller/hook/pythonpath.sh'
[20.979s] Level 1:colcon.colcon_core.environment:checking '/workspace/ph_sys_ws/install/ph_controller/bin'
[20.979s] Level 1:colcon.colcon_core.environment:create_environment_scripts_only(ph_controller)
[20.981s] INFO:colcon.colcon_core.shell:Creating package script '/workspace/ph_sys_ws/install/ph_controller/share/ph_controller/package.ps1'
[20.984s] INFO:colcon.colcon_core.shell:Creating package descriptor '/workspace/ph_sys_ws/install/ph_controller/share/ph_controller/package.dsv'
[20.987s] INFO:colcon.colcon_core.shell:Creating package script '/workspace/ph_sys_ws/install/ph_controller/share/ph_controller/package.sh'
[20.990s] INFO:colcon.colcon_core.shell:Creating package script '/workspace/ph_sys_ws/install/ph_controller/share/ph_controller/package.bash'
[20.993s] INFO:colcon.colcon_core.shell:Creating package script '/workspace/ph_sys_ws/install/ph_controller/share/ph_controller/package.zsh'
[20.995s] Level 1:colcon.colcon_core.environment:create_file_with_runtime_dependencies(/workspace/ph_sys_ws/install/ph_controller/share/colcon-core/packages/ph_controller)
[21.019s] Level 1:colcon.colcon_core.shell:create_environment_hook('ph_sensor', 'pythonpath_develop')
[21.020s] INFO:colcon.colcon_core.shell:Creating environment hook '/workspace/ph_sys_ws/build/ph_sensor/share/ph_sensor/hook/pythonpath_develop.ps1'
[21.022s] INFO:colcon.colcon_core.shell:Creating environment descriptor '/workspace/ph_sys_ws/build/ph_sensor/share/ph_sensor/hook/pythonpath_develop.dsv'
[21.023s] DEBUG:colcon.colcon_core.event_handler.log_command:Invoked command in '/workspace/ph_sys_ws/build/ph_sensor' returned '0': PYTHONPATH=/workspace/ph_sys_ws/build/ph_sensor/prefix_override:/usr/lib/python3/dist-packages/colcon_core/task/python/colcon_distutils_commands:/workspace/ph_sys_ws/install/ph_sensor/lib/python3.10/site-packages:${PYTHONPATH} /usr/bin/python3 -W ignore:setup.py install is deprecated -W ignore:easy_install command is deprecated setup.py develop --editable --build-directory /workspace/ph_sys_ws/build/ph_sensor/build --no-deps symlink_data
[21.024s] INFO:colcon.colcon_core.shell:Creating environment hook '/workspace/ph_sys_ws/build/ph_sensor/share/ph_sensor/hook/pythonpath_develop.sh'
[21.027s] Level 1:colcon.colcon_core.environment:checking '/workspace/ph_sys_ws/install/ph_sensor' for CMake module files
[21.028s] Level 1:colcon.colcon_core.environment:checking '/workspace/ph_sys_ws/install/ph_sensor' for CMake config files
[21.030s] Level 1:colcon.colcon_core.environment:checking '/workspace/ph_sys_ws/install/ph_sensor/lib'
[21.030s] Level 1:colcon.colcon_core.environment:checking '/workspace/ph_sys_ws/install/ph_sensor/bin'
[21.031s] Level 1:colcon.colcon_core.environment:checking '/workspace/ph_sys_ws/install/ph_sensor/lib/pkgconfig/ph_sensor.pc'
[21.031s] Level 1:colcon.colcon_core.environment:checking '/workspace/ph_sys_ws/install/ph_sensor/lib/python3.10/site-packages'
[21.032s] Level 1:colcon.colcon_core.shell:create_environment_hook('ph_sensor', 'pythonpath')
[21.033s] INFO:colcon.colcon_core.shell:Creating environment hook '/workspace/ph_sys_ws/install/ph_sensor/share/ph_sensor/hook/pythonpath.ps1'
[21.034s] INFO:colcon.colcon_core.shell:Creating environment descriptor '/workspace/ph_sys_ws/install/ph_sensor/share/ph_sensor/hook/pythonpath.dsv'
[21.036s] INFO:colcon.colcon_core.shell:Creating environment hook '/workspace/ph_sys_ws/install/ph_sensor/share/ph_sensor/hook/pythonpath.sh'
[21.038s] Level 1:colcon.colcon_core.environment:checking '/workspace/ph_sys_ws/install/ph_sensor/bin'
[21.038s] Level 1:colcon.colcon_core.environment:create_environment_scripts_only(ph_sensor)
[21.040s] INFO:colcon.colcon_core.shell:Creating package script '/workspace/ph_sys_ws/install/ph_sensor/share/ph_sensor/package.ps1'
[21.042s] INFO:colcon.colcon_core.shell:Creating package descriptor '/workspace/ph_sys_ws/install/ph_sensor/share/ph_sensor/package.dsv'
[21.044s] INFO:colcon.colcon_core.shell:Creating package script '/workspace/ph_sys_ws/install/ph_sensor/share/ph_sensor/package.sh'
[21.046s] INFO:colcon.colcon_core.shell:Creating package script '/workspace/ph_sys_ws/install/ph_sensor/share/ph_sensor/package.bash'
[21.048s] INFO:colcon.colcon_core.shell:Creating package script '/workspace/ph_sys_ws/install/ph_sensor/share/ph_sensor/package.zsh'
[21.049s] Level 1:colcon.colcon_core.environment:create_file_with_runtime_dependencies(/workspace/ph_sys_ws/install/ph_sensor/share/colcon-core/packages/ph_sensor)
[183.962s] DEBUG:colcon.colcon_core.event_handler.log_command:Invoked command in '/workspace/ph_sys_ws/build/interfaces' returned '0': CMAKE_PREFIX_PATH=${CMAKE_PREFIX_PATH}:/workspace/ph_sys_ws/install/ph_sensor:/workspace/ph_sys_ws/install/ph_controller:/workspace/ph_sys_ws/install/peristaltic_pump:/workspace/ph_sys_ws/install/hardware:/workspace/ph_sys_ws/install/first_package:/workspace/ph_sys_ws/install/external:/opt/ros/humble /usr/bin/cmake --build /workspace/ph_sys_ws/build/interfaces -- -j4 -l4
[183.983s] DEBUG:colcon.colcon_core.event_handler.log_command:Invoking command in '/workspace/ph_sys_ws/build/interfaces': CMAKE_PREFIX_PATH=${CMAKE_PREFIX_PATH}:/workspace/ph_sys_ws/install/ph_sensor:/workspace/ph_sys_ws/install/ph_controller:/workspace/ph_sys_ws/install/peristaltic_pump:/workspace/ph_sys_ws/install/hardware:/workspace/ph_sys_ws/install/first_package:/workspace/ph_sys_ws/install/external:/opt/ros/humble /usr/bin/cmake --install /workspace/ph_sys_ws/build/interfaces
[203.155s] Level 1:colcon.colcon_core.environment:create_environment_scripts_only(interfaces)
[203.156s] Level 1:colcon.colcon_core.environment:checking '/workspace/ph_sys_ws/install/interfaces' for CMake module files
[203.157s] DEBUG:colcon.colcon_core.event_handler.log_command:Invoked command in '/workspace/ph_sys_ws/build/interfaces' returned '0': CMAKE_PREFIX_PATH=${CMAKE_PREFIX_PATH}:/workspace/ph_sys_ws/install/ph_sensor:/workspace/ph_sys_ws/install/ph_controller:/workspace/ph_sys_ws/install/peristaltic_pump:/workspace/ph_sys_ws/install/hardware:/workspace/ph_sys_ws/install/first_package:/workspace/ph_sys_ws/install/external:/opt/ros/humble /usr/bin/cmake --install /workspace/ph_sys_ws/build/interfaces
[203.159s] Level 1:colcon.colcon_core.environment:checking '/workspace/ph_sys_ws/install/interfaces' for CMake config files
[203.162s] Level 1:colcon.colcon_core.shell:create_environment_hook('interfaces', 'cmake_prefix_path')
[203.162s] INFO:colcon.colcon_core.shell:Creating environment hook '/workspace/ph_sys_ws/install/interfaces/share/interfaces/hook/cmake_prefix_path.ps1'
[203.164s] INFO:colcon.colcon_core.shell:Creating environment descriptor '/workspace/ph_sys_ws/install/interfaces/share/interfaces/hook/cmake_prefix_path.dsv'
[203.165s] INFO:colcon.colcon_core.shell:Creating environment hook '/workspace/ph_sys_ws/install/interfaces/share/interfaces/hook/cmake_prefix_path.sh'
[203.167s] Level 1:colcon.colcon_core.environment:checking '/workspace/ph_sys_ws/install/interfaces/lib'
[203.167s] Level 1:colcon.colcon_core.shell:create_environment_hook('interfaces', 'ld_library_path_lib')
[203.168s] INFO:colcon.colcon_core.shell:Creating environment hook '/workspace/ph_sys_ws/install/interfaces/share/interfaces/hook/ld_library_path_lib.ps1'
[203.170s] INFO:colcon.colcon_core.shell:Creating environment descriptor '/workspace/ph_sys_ws/install/interfaces/share/interfaces/hook/ld_library_path_lib.dsv'
[203.171s] INFO:colcon.colcon_core.shell:Creating environment hook '/workspace/ph_sys_ws/install/interfaces/share/interfaces/hook/ld_library_path_lib.sh'
[203.172s] Level 1:colcon.colcon_core.environment:checking '/workspace/ph_sys_ws/install/interfaces/bin'
[203.173s] Level 1:colcon.colcon_core.environment:checking '/workspace/ph_sys_ws/install/interfaces/lib/pkgconfig/interfaces.pc'
[203.173s] Level 1:colcon.colcon_core.environment:checking '/workspace/ph_sys_ws/install/interfaces/lib/python3.10/site-packages'
[203.174s] Level 1:colcon.colcon_core.environment:checking '/workspace/ph_sys_ws/install/interfaces/bin'
[203.175s] INFO:colcon.colcon_core.shell:Creating package script '/workspace/ph_sys_ws/install/interfaces/share/interfaces/package.ps1'
[203.177s] INFO:colcon.colcon_core.shell:Creating package descriptor '/workspace/ph_sys_ws/install/interfaces/share/interfaces/package.dsv'
[203.179s] INFO:colcon.colcon_core.shell:Creating package script '/workspace/ph_sys_ws/install/interfaces/share/interfaces/package.sh'
[203.180s] INFO:colcon.colcon_core.shell:Creating package script '/workspace/ph_sys_ws/install/interfaces/share/interfaces/package.bash'
[203.181s] INFO:colcon.colcon_core.shell:Creating package script '/workspace/ph_sys_ws/install/interfaces/share/interfaces/package.zsh'
[203.183s] Level 1:colcon.colcon_core.environment:create_file_with_runtime_dependencies(/workspace/ph_sys_ws/install/interfaces/share/colcon-core/packages/interfaces)
[203.185s] Level 1:colcon.colcon_core.environment:create_environment_scripts_only(interfaces)
[203.186s] Level 1:colcon.colcon_core.environment:checking '/workspace/ph_sys_ws/install/interfaces' for CMake module files
[203.188s] Level 1:colcon.colcon_core.environment:checking '/workspace/ph_sys_ws/install/interfaces' for CMake config files
[203.190s] Level 1:colcon.colcon_core.shell:create_environment_hook('interfaces', 'cmake_prefix_path')
[203.191s] INFO:colcon.colcon_core.shell:Creating environment hook '/workspace/ph_sys_ws/install/interfaces/share/interfaces/hook/cmake_prefix_path.ps1'
[203.194s] INFO:colcon.colcon_core.shell:Creating environment descriptor '/workspace/ph_sys_ws/install/interfaces/share/interfaces/hook/cmake_prefix_path.dsv'
[203.196s] INFO:colcon.colcon_core.shell:Creating environment hook '/workspace/ph_sys_ws/install/interfaces/share/interfaces/hook/cmake_prefix_path.sh'
[203.198s] Level 1:colcon.colcon_core.environment:checking '/workspace/ph_sys_ws/install/interfaces/lib'
[203.198s] Level 1:colcon.colcon_core.shell:create_environment_hook('interfaces', 'ld_library_path_lib')
[203.199s] INFO:colcon.colcon_core.shell:Creating environment hook '/workspace/ph_sys_ws/install/interfaces/share/interfaces/hook/ld_library_path_lib.ps1'
[203.200s] INFO:colcon.colcon_core.shell:Creating environment descriptor '/workspace/ph_sys_ws/install/interfaces/share/interfaces/hook/ld_library_path_lib.dsv'
[203.202s] INFO:colcon.colcon_core.shell:Creating environment hook '/workspace/ph_sys_ws/install/interfaces/share/interfaces/hook/ld_library_path_lib.sh'
[203.203s] Level 1:colcon.colcon_core.environment:checking '/workspace/ph_sys_ws/install/interfaces/bin'
[203.204s] Level 1:colcon.colcon_core.environment:checking '/workspace/ph_sys_ws/install/interfaces/lib/pkgconfig/interfaces.pc'
[203.205s] Level 1:colcon.colcon_core.environment:checking '/workspace/ph_sys_ws/install/interfaces/lib/python3.10/site-packages'
[203.205s] Level 1:colcon.colcon_core.environment:checking '/workspace/ph_sys_ws/install/interfaces/bin'
[203.207s] INFO:colcon.colcon_core.shell:Creating package script '/workspace/ph_sys_ws/install/interfaces/share/interfaces/package.ps1'
[203.209s] INFO:colcon.colcon_core.shell:Creating package descriptor '/workspace/ph_sys_ws/install/interfaces/share/interfaces/package.dsv'
[203.211s] INFO:colcon.colcon_core.shell:Creating package script '/workspace/ph_sys_ws/install/interfaces/share/interfaces/package.sh'
[203.213s] INFO:colcon.colcon_core.shell:Creating package script '/workspace/ph_sys_ws/install/interfaces/share/interfaces/package.bash'
[203.214s] INFO:colcon.colcon_core.shell:Creating package script '/workspace/ph_sys_ws/install/interfaces/share/interfaces/package.zsh'
[203.216s] Level 1:colcon.colcon_core.environment:create_file_with_runtime_dependencies(/workspace/ph_sys_ws/install/interfaces/share/colcon-core/packages/interfaces)
[203.218s] DEBUG:colcon.colcon_parallel_executor.executor.parallel:closing loop
[203.220s] DEBUG:colcon.colcon_parallel_executor.executor.parallel:loop closed
[203.221s] DEBUG:colcon.colcon_parallel_executor.executor.parallel:run_until_complete finished with '0'
[203.221s] DEBUG:colcon.colcon_core.event_reactor:joining thread
[203.242s] INFO:colcon.colcon_core.plugin_system:Skipping extension 'colcon_notification.desktop_notification.notify_send': Could not find 'notify-send'
[203.242s] INFO:colcon.colcon_core.plugin_system:Skipping extension 'colcon_notification.desktop_notification.terminal_notifier': Not used on non-Darwin systems
[203.243s] INFO:colcon.colcon_core.plugin_system:Skipping extension 'colcon_notification.desktop_notification.win32': Not used on non-Windows systems
[203.243s] INFO:colcon.colcon_notification.desktop_notification:Sending desktop notification using 'notify2'
[203.243s] DEBUG:colcon.colcon_notification.desktop_notification.notify2:Failed to initialize notify2: org.freedesktop.DBus.Error.NotSupported: Unable to autolaunch a dbus-daemon without a $DISPLAY for X11
[203.243s] DEBUG:colcon.colcon_core.event_reactor:joined thread
[203.244s] INFO:colcon.colcon_core.shell:Creating prefix script '/workspace/ph_sys_ws/install/local_setup.ps1'
[203.248s] INFO:colcon.colcon_core.shell:Creating prefix util module '/workspace/ph_sys_ws/install/_local_setup_util_ps1.py'
[203.253s] INFO:colcon.colcon_core.shell:Creating prefix chain script '/workspace/ph_sys_ws/install/setup.ps1'
[203.257s] INFO:colcon.colcon_core.shell:Creating prefix script '/workspace/ph_sys_ws/install/local_setup.sh'
[203.259s] INFO:colcon.colcon_core.shell:Creating prefix util module '/workspace/ph_sys_ws/install/_local_setup_util_sh.py'
[203.261s] INFO:colcon.colcon_core.shell:Creating prefix chain script '/workspace/ph_sys_ws/install/setup.sh'
[203.265s] INFO:colcon.colcon_core.shell:Creating prefix script '/workspace/ph_sys_ws/install/local_setup.bash'
[203.267s] INFO:colcon.colcon_core.shell:Creating prefix chain script '/workspace/ph_sys_ws/install/setup.bash'
[203.272s] INFO:colcon.colcon_core.shell:Creating prefix script '/workspace/ph_sys_ws/install/local_setup.zsh'
[203.274s] INFO:colcon.colcon_core.shell:Creating prefix chain script '/workspace/ph_sys_ws/install/setup.zsh'
