[3.939s] Invoking command in '/workspace/ph_sys_ws/src/ph_sensor': PYTHONPATH=/workspace/ph_sys_ws/build/ph_sensor/prefix_override:/usr/lib/python3/dist-packages/colcon_core/task/python/colcon_distutils_commands:/workspace/ph_sys_ws/install/ph_sensor/lib/python3.10/site-packages:${PYTHONPATH} /usr/bin/python3 -W ignore:setup.py install is deprecated -W ignore:easy_install command is deprecated setup.py egg_info --egg-base ../../build/ph_sensor build --build-base /workspace/ph_sys_ws/build/ph_sensor/build install --record /workspace/ph_sys_ws/build/ph_sensor/install.log --single-version-externally-managed install_data
[4.874s] running egg_info
[4.875s] writing ../../build/ph_sensor/ph_sensor.egg-info/PKG-INFO
[4.877s] writing dependency_links to ../../build/ph_sensor/ph_sensor.egg-info/dependency_links.txt
[4.879s] writing entry points to ../../build/ph_sensor/ph_sensor.egg-info/entry_points.txt
[4.880s] writing requirements to ../../build/ph_sensor/ph_sensor.egg-info/requires.txt
[4.881s] writing top-level names to ../../build/ph_sensor/ph_sensor.egg-info/top_level.txt
[4.886s] reading manifest file '../../build/ph_sensor/ph_sensor.egg-info/SOURCES.txt'
[4.889s] writing manifest file '../../build/ph_sensor/ph_sensor.egg-info/SOURCES.txt'
[4.890s] running build
[4.892s] running build_py
[4.893s] running install
[4.894s] running install_lib
[4.897s] running install_data
[4.898s] running install_egg_info
[4.904s] removing '/workspace/ph_sys_ws/install/ph_sensor/lib/python3.10/site-packages/ph_sensor-0.0.0-py3.10.egg-info' (and everything under it)
[4.906s] Copying ../../build/ph_sensor/ph_sensor.egg-info to /workspace/ph_sys_ws/install/ph_sensor/lib/python3.10/site-packages/ph_sensor-0.0.0-py3.10.egg-info
[4.908s] running install_scripts
[4.980s] Installing ph_sensor_node script to /workspace/ph_sys_ws/install/ph_sensor/lib/ph_sensor
[4.981s] writing list of installed files to '/workspace/ph_sys_ws/build/ph_sensor/install.log'
[5.104s] Invoked command in '/workspace/ph_sys_ws/src/ph_sensor' returned '0': PYTHONPATH=/workspace/ph_sys_ws/build/ph_sensor/prefix_override:/usr/lib/python3/dist-packages/colcon_core/task/python/colcon_distutils_commands:/workspace/ph_sys_ws/install/ph_sensor/lib/python3.10/site-packages:${PYTHONPATH} /usr/bin/python3 -W ignore:setup.py install is deprecated -W ignore:easy_install command is deprecated setup.py egg_info --egg-base ../../build/ph_sensor build --build-base /workspace/ph_sys_ws/build/ph_sensor/build install --record /workspace/ph_sys_ws/build/ph_sensor/install.log --single-version-externally-managed install_data
