[5.933s] Invoking command in '/workspace/ph_sys_ws/src/first_package': PYTHONPATH=/workspace/ph_sys_ws/build/first_package/prefix_override:/usr/lib/python3/dist-packages/colcon_core/task/python/colcon_distutils_commands:/workspace/ph_sys_ws/install/first_package/lib/python3.10/site-packages:${PYTHONPATH} /usr/bin/python3 -W ignore:setup.py install is deprecated -W ignore:easy_install command is deprecated setup.py egg_info --egg-base ../../build/first_package build --build-base /workspace/ph_sys_ws/build/first_package/build install --record /workspace/ph_sys_ws/build/first_package/install.log --single-version-externally-managed install_data
[7.720s] running egg_info
[7.741s] writing ../../build/first_package/first_package.egg-info/PKG-INFO
[7.749s] writing dependency_links to ../../build/first_package/first_package.egg-info/dependency_links.txt
[7.771s] writing entry points to ../../build/first_package/first_package.egg-info/entry_points.txt
[7.779s] writing requirements to ../../build/first_package/first_package.egg-info/requires.txt
[7.798s] writing top-level names to ../../build/first_package/first_package.egg-info/top_level.txt
[7.815s] reading manifest file '../../build/first_package/first_package.egg-info/SOURCES.txt'
[7.824s] writing manifest file '../../build/first_package/first_package.egg-info/SOURCES.txt'
[7.826s] running build
[7.826s] running build_py
[7.832s] running install
[7.835s] running install_lib
[7.839s] running install_data
[7.846s] running install_egg_info
[7.860s] removing '/workspace/ph_sys_ws/install/first_package/lib/python3.10/site-packages/first_package-0.0.0-py3.10.egg-info' (and everything under it)
[7.865s] Copying ../../build/first_package/first_package.egg-info to /workspace/ph_sys_ws/install/first_package/lib/python3.10/site-packages/first_package-0.0.0-py3.10.egg-info
[7.881s] running install_scripts
[8.024s] Installing first_package_node script to /workspace/ph_sys_ws/install/first_package/lib/first_package
[8.027s] writing list of installed files to '/workspace/ph_sys_ws/build/first_package/install.log'
[8.265s] Invoked command in '/workspace/ph_sys_ws/src/first_package' returned '0': PYTHONPATH=/workspace/ph_sys_ws/build/first_package/prefix_override:/usr/lib/python3/dist-packages/colcon_core/task/python/colcon_distutils_commands:/workspace/ph_sys_ws/install/first_package/lib/python3.10/site-packages:${PYTHONPATH} /usr/bin/python3 -W ignore:setup.py install is deprecated -W ignore:easy_install command is deprecated setup.py egg_info --egg-base ../../build/first_package build --build-base /workspace/ph_sys_ws/build/first_package/build install --record /workspace/ph_sys_ws/build/first_package/install.log --single-version-externally-managed install_data
