running develop
Removing /workspace/ph_sys_ws/install/peristaltic_pump/lib/python3.10/site-packages/peristaltic-pump.egg-link (link to .)
running egg_info
writing ../../build/peristaltic_pump/peristaltic_pump.egg-info/PKG-INFO
writing dependency_links to ../../build/peristaltic_pump/peristaltic_pump.egg-info/dependency_links.txt
writing entry points to ../../build/peristaltic_pump/peristaltic_pump.egg-info/entry_points.txt
writing requirements to ../../build/peristaltic_pump/peristaltic_pump.egg-info/requires.txt
writing top-level names to ../../build/peristaltic_pump/peristaltic_pump.egg-info/top_level.txt
reading manifest file '../../build/peristaltic_pump/peristaltic_pump.egg-info/SOURCES.txt'
writing manifest file '../../build/peristaltic_pump/peristaltic_pump.egg-info/SOURCES.txt'
running build
running build_py
creating /workspace/ph_sys_ws/build/peristaltic_pump/build
creating /workspace/ph_sys_ws/build/peristaltic_pump/build/lib
creating /workspace/ph_sys_ws/build/peristaltic_pump/build/lib/peristaltic_pump
copying peristaltic_pump/peristaltic_pump_node.py -> /workspace/ph_sys_ws/build/peristaltic_pump/build/lib/peristaltic_pump
copying peristaltic_pump/ezo_peristaltic_pump.py -> /workspace/ph_sys_ws/build/peristaltic_pump/build/lib/peristaltic_pump
copying peristaltic_pump/__init__.py -> /workspace/ph_sys_ws/build/peristaltic_pump/build/lib/peristaltic_pump
running install
running install_lib
creating /workspace/ph_sys_ws/install/peristaltic_pump/lib/python3.10/site-packages/peristaltic_pump
copying /workspace/ph_sys_ws/build/peristaltic_pump/build/lib/peristaltic_pump/peristaltic_pump_node.py -> /workspace/ph_sys_ws/install/peristaltic_pump/lib/python3.10/site-packages/peristaltic_pump
copying /workspace/ph_sys_ws/build/peristaltic_pump/build/lib/peristaltic_pump/ezo_peristaltic_pump.py -> /workspace/ph_sys_ws/install/peristaltic_pump/lib/python3.10/site-packages/peristaltic_pump
copying /workspace/ph_sys_ws/build/peristaltic_pump/build/lib/peristaltic_pump/__init__.py -> /workspace/ph_sys_ws/install/peristaltic_pump/lib/python3.10/site-packages/peristaltic_pump
byte-compiling /workspace/ph_sys_ws/install/peristaltic_pump/lib/python3.10/site-packages/peristaltic_pump/peristaltic_pump_node.py to peristaltic_pump_node.cpython-310.pyc
byte-compiling /workspace/ph_sys_ws/install/peristaltic_pump/lib/python3.10/site-packages/peristaltic_pump/ezo_peristaltic_pump.py to ezo_peristaltic_pump.cpython-310.pyc
byte-compiling /workspace/ph_sys_ws/install/peristaltic_pump/lib/python3.10/site-packages/peristaltic_pump/__init__.py to __init__.cpython-310.pyc
running install_data
copying resource/peristaltic_pump -> /workspace/ph_sys_ws/install/peristaltic_pump/share/ament_index/resource_index/packages
copying package.xml -> /workspace/ph_sys_ws/install/peristaltic_pump/share/peristaltic_pump
running install_egg_info
Copying ../../build/peristaltic_pump/peristaltic_pump.egg-info to /workspace/ph_sys_ws/install/peristaltic_pump/lib/python3.10/site-packages/peristaltic_pump-0.0.0-py3.10.egg-info
running install_scripts
Installing peristaltic_pump_node script to /workspace/ph_sys_ws/install/peristaltic_pump/lib/peristaltic_pump
writing list of installed files to '/workspace/ph_sys_ws/build/peristaltic_pump/install.log'
