[0.449s] DEBUG:colcon:Command line arguments: ['/usr/bin/colcon', 'build', '--symlink-install']
[0.449s] DEBUG:colcon:Parsed command line arguments: Namespace(log_base=None, log_level=None, verb_name='build', build_base='build', install_base='install', merge_install=False, symlink_install=True, test_result_base=None, continue_on_error=False, executor='parallel', parallel_workers=4, event_handlers=None, ignore_user_meta=False, metas=['./colcon.meta'], base_paths=['.'], packages_ignore=None, packages_ignore_regex=None, paths=None, packages_up_to=None, packages_up_to_regex=None, packages_above=None, packages_above_and_dependencies=None, packages_above_depth=None, packages_select_by_dep=None, packages_skip_by_dep=None, packages_skip_up_to=None, packages_select_build_failed=False, packages_skip_build_finished=False, packages_select_test_failures=False, packages_skip_test_passed=False, packages_select=None, packages_skip=None, packages_select_regex=None, packages_skip_regex=None, packages_start=None, packages_end=None, cmake_args=None, cmake_target=None, cmake_target_skip_unavailable=False, cmake_clean_cache=False, cmake_clean_first=False, cmake_force_configure=False, ament_cmake_args=None, catkin_cmake_args=None, catkin_skip_building_tests=False, mixin_files=None, mixin=None, verb_parser=<colcon_mixin.mixin.mixin_argument.MixinArgumentDecorator object at 0x7fb2219600>, verb_extension=<colcon_core.verb.build.BuildVerb object at 0x7fb2219090>, main=<bound method BuildVerb.main of <colcon_core.verb.build.BuildVerb object at 0x7fb2219090>>, mixin_verb=('build',))
[1.016s] Level 1:colcon.colcon_core.package_discovery:discover_packages(colcon_meta) check parameters
[1.019s] INFO:colcon.colcon_metadata.package_discovery.colcon_meta:Using configuration from '/root/.colcon/metadata/default/Gazebo.meta'
[1.021s] INFO:colcon.colcon_metadata.package_discovery.colcon_meta:Using configuration from '/root/.colcon/metadata/default/fastdds.meta'
[1.024s] INFO:colcon.colcon_metadata.package_discovery.colcon_meta:Using configuration from '/root/.colcon/metadata/default/fastrtps.meta'
[1.024s] Level 1:colcon.colcon_core.package_discovery:discover_packages(recursive) check parameters
[1.024s] Level 1:colcon.colcon_core.package_discovery:discover_packages(ignore) check parameters
[1.025s] Level 1:colcon.colcon_core.package_discovery:discover_packages(path) check parameters
[1.025s] Level 1:colcon.colcon_core.package_discovery:discover_packages(colcon_meta) discover
[1.025s] Level 1:colcon.colcon_core.package_discovery:discover_packages(recursive) discover
[1.026s] INFO:colcon.colcon_core.package_discovery:Crawling recursively for packages in '/workspace/ph_sys_ws'
[1.026s] Level 1:colcon.colcon_core.package_identification:_identify(.) by extensions ['ignore', 'ignore_ament_install']
[1.026s] Level 1:colcon.colcon_core.package_identification:_identify(.) by extension 'ignore'
[1.027s] Level 1:colcon.colcon_core.package_identification:_identify(.) by extension 'ignore_ament_install'
[1.027s] Level 1:colcon.colcon_core.package_identification:_identify(.) by extensions ['colcon_pkg']
[1.027s] Level 1:colcon.colcon_core.package_identification:_identify(.) by extension 'colcon_pkg'
[1.028s] Level 1:colcon.colcon_core.package_identification:_identify(.) by extensions ['colcon_meta']
[1.028s] Level 1:colcon.colcon_core.package_identification:_identify(.) by extension 'colcon_meta'
[1.028s] Level 1:colcon.colcon_core.package_identification:_identify(.) by extensions ['ros']
[1.028s] Level 1:colcon.colcon_core.package_identification:_identify(.) by extension 'ros'
[1.070s] Level 1:colcon.colcon_core.package_identification:_identify(.) by extensions ['cmake', 'python']
[1.071s] Level 1:colcon.colcon_core.package_identification:_identify(.) by extension 'cmake'
[1.071s] Level 1:colcon.colcon_core.package_identification:_identify(.) by extension 'python'
[1.071s] Level 1:colcon.colcon_core.package_identification:_identify(.) by extensions ['python_setup_py']
[1.071s] Level 1:colcon.colcon_core.package_identification:_identify(.) by extension 'python_setup_py'
[1.072s] Level 1:colcon.colcon_core.package_identification:_identify(build) by extensions ['ignore', 'ignore_ament_install']
[1.072s] Level 1:colcon.colcon_core.package_identification:_identify(build) by extension 'ignore'
[1.072s] Level 1:colcon.colcon_core.package_identification:_identify(build) ignored
[1.073s] Level 1:colcon.colcon_core.package_identification:_identify(docker) by extensions ['ignore', 'ignore_ament_install']
[1.073s] Level 1:colcon.colcon_core.package_identification:_identify(docker) by extension 'ignore'
[1.073s] Level 1:colcon.colcon_core.package_identification:_identify(docker) by extension 'ignore_ament_install'
[1.074s] Level 1:colcon.colcon_core.package_identification:_identify(docker) by extensions ['colcon_pkg']
[1.074s] Level 1:colcon.colcon_core.package_identification:_identify(docker) by extension 'colcon_pkg'
[1.074s] Level 1:colcon.colcon_core.package_identification:_identify(docker) by extensions ['colcon_meta']
[1.074s] Level 1:colcon.colcon_core.package_identification:_identify(docker) by extension 'colcon_meta'
[1.074s] Level 1:colcon.colcon_core.package_identification:_identify(docker) by extensions ['ros']
[1.074s] Level 1:colcon.colcon_core.package_identification:_identify(docker) by extension 'ros'
[1.074s] Level 1:colcon.colcon_core.package_identification:_identify(docker) by extensions ['cmake', 'python']
[1.075s] Level 1:colcon.colcon_core.package_identification:_identify(docker) by extension 'cmake'
[1.075s] Level 1:colcon.colcon_core.package_identification:_identify(docker) by extension 'python'
[1.075s] Level 1:colcon.colcon_core.package_identification:_identify(docker) by extensions ['python_setup_py']
[1.075s] Level 1:colcon.colcon_core.package_identification:_identify(docker) by extension 'python_setup_py'
[1.075s] Level 1:colcon.colcon_core.package_identification:_identify(install) by extensions ['ignore', 'ignore_ament_install']
[1.076s] Level 1:colcon.colcon_core.package_identification:_identify(install) by extension 'ignore'
[1.076s] Level 1:colcon.colcon_core.package_identification:_identify(install) ignored
[1.076s] Level 1:colcon.colcon_core.package_identification:_identify(log) by extensions ['ignore', 'ignore_ament_install']
[1.076s] Level 1:colcon.colcon_core.package_identification:_identify(log) by extension 'ignore'
[1.077s] Level 1:colcon.colcon_core.package_identification:_identify(log) ignored
[1.077s] Level 1:colcon.colcon_core.package_identification:_identify(logs) by extensions ['ignore', 'ignore_ament_install']
[1.077s] Level 1:colcon.colcon_core.package_identification:_identify(logs) by extension 'ignore'
[1.077s] Level 1:colcon.colcon_core.package_identification:_identify(logs) by extension 'ignore_ament_install'
[1.078s] Level 1:colcon.colcon_core.package_identification:_identify(logs) by extensions ['colcon_pkg']
[1.078s] Level 1:colcon.colcon_core.package_identification:_identify(logs) by extension 'colcon_pkg'
[1.078s] Level 1:colcon.colcon_core.package_identification:_identify(logs) by extensions ['colcon_meta']
[1.078s] Level 1:colcon.colcon_core.package_identification:_identify(logs) by extension 'colcon_meta'
[1.078s] Level 1:colcon.colcon_core.package_identification:_identify(logs) by extensions ['ros']
[1.078s] Level 1:colcon.colcon_core.package_identification:_identify(logs) by extension 'ros'
[1.079s] Level 1:colcon.colcon_core.package_identification:_identify(logs) by extensions ['cmake', 'python']
[1.079s] Level 1:colcon.colcon_core.package_identification:_identify(logs) by extension 'cmake'
[1.079s] Level 1:colcon.colcon_core.package_identification:_identify(logs) by extension 'python'
[1.079s] Level 1:colcon.colcon_core.package_identification:_identify(logs) by extensions ['python_setup_py']
[1.079s] Level 1:colcon.colcon_core.package_identification:_identify(logs) by extension 'python_setup_py'
[1.079s] Level 1:colcon.colcon_core.package_identification:_identify(src) by extensions ['ignore', 'ignore_ament_install']
[1.080s] Level 1:colcon.colcon_core.package_identification:_identify(src) by extension 'ignore'
[1.080s] Level 1:colcon.colcon_core.package_identification:_identify(src) by extension 'ignore_ament_install'
[1.080s] Level 1:colcon.colcon_core.package_identification:_identify(src) by extensions ['colcon_pkg']
[1.080s] Level 1:colcon.colcon_core.package_identification:_identify(src) by extension 'colcon_pkg'
[1.080s] Level 1:colcon.colcon_core.package_identification:_identify(src) by extensions ['colcon_meta']
[1.081s] Level 1:colcon.colcon_core.package_identification:_identify(src) by extension 'colcon_meta'
[1.081s] Level 1:colcon.colcon_core.package_identification:_identify(src) by extensions ['ros']
[1.081s] Level 1:colcon.colcon_core.package_identification:_identify(src) by extension 'ros'
[1.081s] Level 1:colcon.colcon_core.package_identification:_identify(src) by extensions ['cmake', 'python']
[1.081s] Level 1:colcon.colcon_core.package_identification:_identify(src) by extension 'cmake'
[1.081s] Level 1:colcon.colcon_core.package_identification:_identify(src) by extension 'python'
[1.082s] Level 1:colcon.colcon_core.package_identification:_identify(src) by extensions ['python_setup_py']
[1.082s] Level 1:colcon.colcon_core.package_identification:_identify(src) by extension 'python_setup_py'
[1.082s] Level 1:colcon.colcon_core.package_identification:_identify(src/brain) by extensions ['ignore', 'ignore_ament_install']
[1.082s] Level 1:colcon.colcon_core.package_identification:_identify(src/brain) by extension 'ignore'
[1.083s] Level 1:colcon.colcon_core.package_identification:_identify(src/brain) by extension 'ignore_ament_install'
[1.083s] Level 1:colcon.colcon_core.package_identification:_identify(src/brain) by extensions ['colcon_pkg']
[1.083s] Level 1:colcon.colcon_core.package_identification:_identify(src/brain) by extension 'colcon_pkg'
[1.083s] Level 1:colcon.colcon_core.package_identification:_identify(src/brain) by extensions ['colcon_meta']
[1.083s] Level 1:colcon.colcon_core.package_identification:_identify(src/brain) by extension 'colcon_meta'
[1.083s] Level 1:colcon.colcon_core.package_identification:_identify(src/brain) by extensions ['ros']
[1.083s] Level 1:colcon.colcon_core.package_identification:_identify(src/brain) by extension 'ros'
[1.094s] DEBUG:colcon.colcon_core.package_identification:Package 'src/brain' with type 'ros.ament_python' and name 'brain'
[1.094s] Level 1:colcon.colcon_core.package_identification:_identify(src/external) by extensions ['ignore', 'ignore_ament_install']
[1.095s] Level 1:colcon.colcon_core.package_identification:_identify(src/external) by extension 'ignore'
[1.095s] Level 1:colcon.colcon_core.package_identification:_identify(src/external) by extension 'ignore_ament_install'
[1.095s] Level 1:colcon.colcon_core.package_identification:_identify(src/external) by extensions ['colcon_pkg']
[1.095s] Level 1:colcon.colcon_core.package_identification:_identify(src/external) by extension 'colcon_pkg'
[1.096s] Level 1:colcon.colcon_core.package_identification:_identify(src/external) by extensions ['colcon_meta']
[1.096s] Level 1:colcon.colcon_core.package_identification:_identify(src/external) by extension 'colcon_meta'
[1.096s] Level 1:colcon.colcon_core.package_identification:_identify(src/external) by extensions ['ros']
[1.096s] Level 1:colcon.colcon_core.package_identification:_identify(src/external) by extension 'ros'
[1.098s] DEBUG:colcon.colcon_core.package_identification:Package 'src/external' with type 'ros.ament_python' and name 'external'
[1.099s] Level 1:colcon.colcon_core.package_identification:_identify(src/first_package) by extensions ['ignore', 'ignore_ament_install']
[1.099s] Level 1:colcon.colcon_core.package_identification:_identify(src/first_package) by extension 'ignore'
[1.100s] Level 1:colcon.colcon_core.package_identification:_identify(src/first_package) by extension 'ignore_ament_install'
[1.100s] Level 1:colcon.colcon_core.package_identification:_identify(src/first_package) by extensions ['colcon_pkg']
[1.100s] Level 1:colcon.colcon_core.package_identification:_identify(src/first_package) by extension 'colcon_pkg'
[1.100s] Level 1:colcon.colcon_core.package_identification:_identify(src/first_package) by extensions ['colcon_meta']
[1.101s] Level 1:colcon.colcon_core.package_identification:_identify(src/first_package) by extension 'colcon_meta'
[1.101s] Level 1:colcon.colcon_core.package_identification:_identify(src/first_package) by extensions ['ros']
[1.101s] Level 1:colcon.colcon_core.package_identification:_identify(src/first_package) by extension 'ros'
[1.104s] DEBUG:colcon.colcon_core.package_identification:Package 'src/first_package' with type 'ros.ament_python' and name 'first_package'
[1.104s] Level 1:colcon.colcon_core.package_identification:_identify(src/hardware) by extensions ['ignore', 'ignore_ament_install']
[1.105s] Level 1:colcon.colcon_core.package_identification:_identify(src/hardware) by extension 'ignore'
[1.105s] Level 1:colcon.colcon_core.package_identification:_identify(src/hardware) by extension 'ignore_ament_install'
[1.106s] Level 1:colcon.colcon_core.package_identification:_identify(src/hardware) by extensions ['colcon_pkg']
[1.106s] Level 1:colcon.colcon_core.package_identification:_identify(src/hardware) by extension 'colcon_pkg'
[1.106s] Level 1:colcon.colcon_core.package_identification:_identify(src/hardware) by extensions ['colcon_meta']
[1.106s] Level 1:colcon.colcon_core.package_identification:_identify(src/hardware) by extension 'colcon_meta'
[1.106s] Level 1:colcon.colcon_core.package_identification:_identify(src/hardware) by extensions ['ros']
[1.107s] Level 1:colcon.colcon_core.package_identification:_identify(src/hardware) by extension 'ros'
[1.109s] DEBUG:colcon.colcon_core.package_identification:Package 'src/hardware' with type 'ros.ament_python' and name 'hardware'
[1.110s] Level 1:colcon.colcon_core.package_identification:_identify(src/interfaces) by extensions ['ignore', 'ignore_ament_install']
[1.111s] Level 1:colcon.colcon_core.package_identification:_identify(src/interfaces) by extension 'ignore'
[1.111s] Level 1:colcon.colcon_core.package_identification:_identify(src/interfaces) by extension 'ignore_ament_install'
[1.112s] Level 1:colcon.colcon_core.package_identification:_identify(src/interfaces) by extensions ['colcon_pkg']
[1.112s] Level 1:colcon.colcon_core.package_identification:_identify(src/interfaces) by extension 'colcon_pkg'
[1.112s] Level 1:colcon.colcon_core.package_identification:_identify(src/interfaces) by extensions ['colcon_meta']
[1.112s] Level 1:colcon.colcon_core.package_identification:_identify(src/interfaces) by extension 'colcon_meta'
[1.113s] Level 1:colcon.colcon_core.package_identification:_identify(src/interfaces) by extensions ['ros']
[1.113s] Level 1:colcon.colcon_core.package_identification:_identify(src/interfaces) by extension 'ros'
[1.115s] DEBUG:colcon.colcon_core.package_identification:Package 'src/interfaces' with type 'ros.ament_cmake' and name 'interfaces'
[1.116s] Level 1:colcon.colcon_core.package_identification:_identify(src/peristaltic_pump) by extensions ['ignore', 'ignore_ament_install']
[1.116s] Level 1:colcon.colcon_core.package_identification:_identify(src/peristaltic_pump) by extension 'ignore'
[1.117s] Level 1:colcon.colcon_core.package_identification:_identify(src/peristaltic_pump) by extension 'ignore_ament_install'
[1.117s] Level 1:colcon.colcon_core.package_identification:_identify(src/peristaltic_pump) by extensions ['colcon_pkg']
[1.117s] Level 1:colcon.colcon_core.package_identification:_identify(src/peristaltic_pump) by extension 'colcon_pkg'
[1.117s] Level 1:colcon.colcon_core.package_identification:_identify(src/peristaltic_pump) by extensions ['colcon_meta']
[1.117s] Level 1:colcon.colcon_core.package_identification:_identify(src/peristaltic_pump) by extension 'colcon_meta'
[1.118s] Level 1:colcon.colcon_core.package_identification:_identify(src/peristaltic_pump) by extensions ['ros']
[1.118s] Level 1:colcon.colcon_core.package_identification:_identify(src/peristaltic_pump) by extension 'ros'
[1.120s] DEBUG:colcon.colcon_core.package_identification:Package 'src/peristaltic_pump' with type 'ros.ament_python' and name 'peristaltic_pump'
[1.120s] Level 1:colcon.colcon_core.package_identification:_identify(src/ph_controller) by extensions ['ignore', 'ignore_ament_install']
[1.121s] Level 1:colcon.colcon_core.package_identification:_identify(src/ph_controller) by extension 'ignore'
[1.121s] Level 1:colcon.colcon_core.package_identification:_identify(src/ph_controller) by extension 'ignore_ament_install'
[1.121s] Level 1:colcon.colcon_core.package_identification:_identify(src/ph_controller) by extensions ['colcon_pkg']
[1.121s] Level 1:colcon.colcon_core.package_identification:_identify(src/ph_controller) by extension 'colcon_pkg'
[1.122s] Level 1:colcon.colcon_core.package_identification:_identify(src/ph_controller) by extensions ['colcon_meta']
[1.122s] Level 1:colcon.colcon_core.package_identification:_identify(src/ph_controller) by extension 'colcon_meta'
[1.122s] Level 1:colcon.colcon_core.package_identification:_identify(src/ph_controller) by extensions ['ros']
[1.122s] Level 1:colcon.colcon_core.package_identification:_identify(src/ph_controller) by extension 'ros'
[1.125s] DEBUG:colcon.colcon_core.package_identification:Package 'src/ph_controller' with type 'ros.ament_python' and name 'ph_controller'
[1.125s] Level 1:colcon.colcon_core.package_identification:_identify(src/ph_sensor) by extensions ['ignore', 'ignore_ament_install']
[1.125s] Level 1:colcon.colcon_core.package_identification:_identify(src/ph_sensor) by extension 'ignore'
[1.126s] Level 1:colcon.colcon_core.package_identification:_identify(src/ph_sensor) by extension 'ignore_ament_install'
[1.126s] Level 1:colcon.colcon_core.package_identification:_identify(src/ph_sensor) by extensions ['colcon_pkg']
[1.126s] Level 1:colcon.colcon_core.package_identification:_identify(src/ph_sensor) by extension 'colcon_pkg'
[1.126s] Level 1:colcon.colcon_core.package_identification:_identify(src/ph_sensor) by extensions ['colcon_meta']
[1.126s] Level 1:colcon.colcon_core.package_identification:_identify(src/ph_sensor) by extension 'colcon_meta'
[1.126s] Level 1:colcon.colcon_core.package_identification:_identify(src/ph_sensor) by extensions ['ros']
[1.126s] Level 1:colcon.colcon_core.package_identification:_identify(src/ph_sensor) by extension 'ros'
[1.129s] DEBUG:colcon.colcon_core.package_identification:Package 'src/ph_sensor' with type 'ros.ament_python' and name 'ph_sensor'
[1.129s] Level 1:colcon.colcon_core.package_identification:_identify(src/utils) by extensions ['ignore', 'ignore_ament_install']
[1.130s] Level 1:colcon.colcon_core.package_identification:_identify(src/utils) by extension 'ignore'
[1.130s] Level 1:colcon.colcon_core.package_identification:_identify(src/utils) by extension 'ignore_ament_install'
[1.130s] Level 1:colcon.colcon_core.package_identification:_identify(src/utils) by extensions ['colcon_pkg']
[1.130s] Level 1:colcon.colcon_core.package_identification:_identify(src/utils) by extension 'colcon_pkg'
[1.130s] Level 1:colcon.colcon_core.package_identification:_identify(src/utils) by extensions ['colcon_meta']
[1.130s] Level 1:colcon.colcon_core.package_identification:_identify(src/utils) by extension 'colcon_meta'
[1.131s] Level 1:colcon.colcon_core.package_identification:_identify(src/utils) by extensions ['ros']
[1.131s] Level 1:colcon.colcon_core.package_identification:_identify(src/utils) by extension 'ros'
[1.133s] DEBUG:colcon.colcon_core.package_identification:Package 'src/utils' with type 'ros.ament_python' and name 'utils'
[1.133s] Level 1:colcon.colcon_core.package_identification:_identify(tools) by extensions ['ignore', 'ignore_ament_install']
[1.134s] Level 1:colcon.colcon_core.package_identification:_identify(tools) by extension 'ignore'
[1.134s] Level 1:colcon.colcon_core.package_identification:_identify(tools) by extension 'ignore_ament_install'
[1.134s] Level 1:colcon.colcon_core.package_identification:_identify(tools) by extensions ['colcon_pkg']
[1.134s] Level 1:colcon.colcon_core.package_identification:_identify(tools) by extension 'colcon_pkg'
[1.134s] Level 1:colcon.colcon_core.package_identification:_identify(tools) by extensions ['colcon_meta']
[1.135s] Level 1:colcon.colcon_core.package_identification:_identify(tools) by extension 'colcon_meta'
[1.135s] Level 1:colcon.colcon_core.package_identification:_identify(tools) by extensions ['ros']
[1.135s] Level 1:colcon.colcon_core.package_identification:_identify(tools) by extension 'ros'
[1.135s] Level 1:colcon.colcon_core.package_identification:_identify(tools) by extensions ['cmake', 'python']
[1.135s] Level 1:colcon.colcon_core.package_identification:_identify(tools) by extension 'cmake'
[1.135s] Level 1:colcon.colcon_core.package_identification:_identify(tools) by extension 'python'
[1.136s] Level 1:colcon.colcon_core.package_identification:_identify(tools) by extensions ['python_setup_py']
[1.136s] Level 1:colcon.colcon_core.package_identification:_identify(tools) by extension 'python_setup_py'
[1.136s] Level 1:colcon.colcon_core.package_discovery:discover_packages(recursive) using defaults
[1.136s] Level 1:colcon.colcon_core.package_discovery:discover_packages(ignore) discover
[1.136s] Level 1:colcon.colcon_core.package_discovery:discover_packages(ignore) using defaults
[1.136s] Level 1:colcon.colcon_core.package_discovery:discover_packages(path) discover
[1.136s] Level 1:colcon.colcon_core.package_discovery:discover_packages(path) using defaults
[1.253s] Level 5:colcon.colcon_core.verb:set package 'brain' build argument 'cmake_args' from command line to 'None'
[1.253s] Level 5:colcon.colcon_core.verb:set package 'brain' build argument 'cmake_target' from command line to 'None'
[1.253s] Level 5:colcon.colcon_core.verb:set package 'brain' build argument 'cmake_target_skip_unavailable' from command line to 'False'
[1.253s] Level 5:colcon.colcon_core.verb:set package 'brain' build argument 'cmake_clean_cache' from command line to 'False'
[1.253s] Level 5:colcon.colcon_core.verb:set package 'brain' build argument 'cmake_clean_first' from command line to 'False'
[1.253s] Level 5:colcon.colcon_core.verb:set package 'brain' build argument 'cmake_force_configure' from command line to 'False'
[1.253s] Level 5:colcon.colcon_core.verb:set package 'brain' build argument 'ament_cmake_args' from command line to 'None'
[1.254s] Level 5:colcon.colcon_core.verb:set package 'brain' build argument 'catkin_cmake_args' from command line to 'None'
[1.254s] Level 5:colcon.colcon_core.verb:set package 'brain' build argument 'catkin_skip_building_tests' from command line to 'False'
[1.254s] DEBUG:colcon.colcon_core.verb:Building package 'brain' with the following arguments: {'ament_cmake_args': None, 'build_base': '/workspace/ph_sys_ws/build/brain', 'catkin_cmake_args': None, 'catkin_skip_building_tests': False, 'cmake_args': None, 'cmake_clean_cache': False, 'cmake_clean_first': False, 'cmake_force_configure': False, 'cmake_target': None, 'cmake_target_skip_unavailable': False, 'install_base': '/workspace/ph_sys_ws/install/brain', 'merge_install': False, 'path': '/workspace/ph_sys_ws/src/brain', 'symlink_install': True, 'test_result_base': None}
[1.255s] Level 5:colcon.colcon_core.verb:set package 'external' build argument 'cmake_args' from command line to 'None'
[1.255s] Level 5:colcon.colcon_core.verb:set package 'external' build argument 'cmake_target' from command line to 'None'
[1.255s] Level 5:colcon.colcon_core.verb:set package 'external' build argument 'cmake_target_skip_unavailable' from command line to 'False'
[1.256s] Level 5:colcon.colcon_core.verb:set package 'external' build argument 'cmake_clean_cache' from command line to 'False'
[1.256s] Level 5:colcon.colcon_core.verb:set package 'external' build argument 'cmake_clean_first' from command line to 'False'
[1.256s] Level 5:colcon.colcon_core.verb:set package 'external' build argument 'cmake_force_configure' from command line to 'False'
[1.256s] Level 5:colcon.colcon_core.verb:set package 'external' build argument 'ament_cmake_args' from command line to 'None'
[1.256s] Level 5:colcon.colcon_core.verb:set package 'external' build argument 'catkin_cmake_args' from command line to 'None'
[1.256s] Level 5:colcon.colcon_core.verb:set package 'external' build argument 'catkin_skip_building_tests' from command line to 'False'
[1.256s] DEBUG:colcon.colcon_core.verb:Building package 'external' with the following arguments: {'ament_cmake_args': None, 'build_base': '/workspace/ph_sys_ws/build/external', 'catkin_cmake_args': None, 'catkin_skip_building_tests': False, 'cmake_args': None, 'cmake_clean_cache': False, 'cmake_clean_first': False, 'cmake_force_configure': False, 'cmake_target': None, 'cmake_target_skip_unavailable': False, 'install_base': '/workspace/ph_sys_ws/install/external', 'merge_install': False, 'path': '/workspace/ph_sys_ws/src/external', 'symlink_install': True, 'test_result_base': None}
[1.257s] Level 5:colcon.colcon_core.verb:set package 'first_package' build argument 'cmake_args' from command line to 'None'
[1.258s] Level 5:colcon.colcon_core.verb:set package 'first_package' build argument 'cmake_target' from command line to 'None'
[1.258s] Level 5:colcon.colcon_core.verb:set package 'first_package' build argument 'cmake_target_skip_unavailable' from command line to 'False'
[1.258s] Level 5:colcon.colcon_core.verb:set package 'first_package' build argument 'cmake_clean_cache' from command line to 'False'
[1.258s] Level 5:colcon.colcon_core.verb:set package 'first_package' build argument 'cmake_clean_first' from command line to 'False'
[1.258s] Level 5:colcon.colcon_core.verb:set package 'first_package' build argument 'cmake_force_configure' from command line to 'False'
[1.258s] Level 5:colcon.colcon_core.verb:set package 'first_package' build argument 'ament_cmake_args' from command line to 'None'
[1.258s] Level 5:colcon.colcon_core.verb:set package 'first_package' build argument 'catkin_cmake_args' from command line to 'None'
[1.258s] Level 5:colcon.colcon_core.verb:set package 'first_package' build argument 'catkin_skip_building_tests' from command line to 'False'
[1.258s] DEBUG:colcon.colcon_core.verb:Building package 'first_package' with the following arguments: {'ament_cmake_args': None, 'build_base': '/workspace/ph_sys_ws/build/first_package', 'catkin_cmake_args': None, 'catkin_skip_building_tests': False, 'cmake_args': None, 'cmake_clean_cache': False, 'cmake_clean_first': False, 'cmake_force_configure': False, 'cmake_target': None, 'cmake_target_skip_unavailable': False, 'install_base': '/workspace/ph_sys_ws/install/first_package', 'merge_install': False, 'path': '/workspace/ph_sys_ws/src/first_package', 'symlink_install': True, 'test_result_base': None}
[1.260s] Level 5:colcon.colcon_core.verb:set package 'hardware' build argument 'cmake_args' from command line to 'None'
[1.260s] Level 5:colcon.colcon_core.verb:set package 'hardware' build argument 'cmake_target' from command line to 'None'
[1.260s] Level 5:colcon.colcon_core.verb:set package 'hardware' build argument 'cmake_target_skip_unavailable' from command line to 'False'
[1.260s] Level 5:colcon.colcon_core.verb:set package 'hardware' build argument 'cmake_clean_cache' from command line to 'False'
[1.260s] Level 5:colcon.colcon_core.verb:set package 'hardware' build argument 'cmake_clean_first' from command line to 'False'
[1.260s] Level 5:colcon.colcon_core.verb:set package 'hardware' build argument 'cmake_force_configure' from command line to 'False'
[1.260s] Level 5:colcon.colcon_core.verb:set package 'hardware' build argument 'ament_cmake_args' from command line to 'None'
[1.260s] Level 5:colcon.colcon_core.verb:set package 'hardware' build argument 'catkin_cmake_args' from command line to 'None'
[1.260s] Level 5:colcon.colcon_core.verb:set package 'hardware' build argument 'catkin_skip_building_tests' from command line to 'False'
[1.261s] DEBUG:colcon.colcon_core.verb:Building package 'hardware' with the following arguments: {'ament_cmake_args': None, 'build_base': '/workspace/ph_sys_ws/build/hardware', 'catkin_cmake_args': None, 'catkin_skip_building_tests': False, 'cmake_args': None, 'cmake_clean_cache': False, 'cmake_clean_first': False, 'cmake_force_configure': False, 'cmake_target': None, 'cmake_target_skip_unavailable': False, 'install_base': '/workspace/ph_sys_ws/install/hardware', 'merge_install': False, 'path': '/workspace/ph_sys_ws/src/hardware', 'symlink_install': True, 'test_result_base': None}
[1.262s] Level 5:colcon.colcon_core.verb:set package 'interfaces' build argument 'cmake_args' from command line to 'None'
[1.262s] Level 5:colcon.colcon_core.verb:set package 'interfaces' build argument 'cmake_target' from command line to 'None'
[1.263s] Level 5:colcon.colcon_core.verb:set package 'interfaces' build argument 'cmake_target_skip_unavailable' from command line to 'False'
[1.263s] Level 5:colcon.colcon_core.verb:set package 'interfaces' build argument 'cmake_clean_cache' from command line to 'False'
[1.263s] Level 5:colcon.colcon_core.verb:set package 'interfaces' build argument 'cmake_clean_first' from command line to 'False'
[1.263s] Level 5:colcon.colcon_core.verb:set package 'interfaces' build argument 'cmake_force_configure' from command line to 'False'
[1.263s] Level 5:colcon.colcon_core.verb:set package 'interfaces' build argument 'ament_cmake_args' from command line to 'None'
[1.263s] Level 5:colcon.colcon_core.verb:set package 'interfaces' build argument 'catkin_cmake_args' from command line to 'None'
[1.263s] Level 5:colcon.colcon_core.verb:set package 'interfaces' build argument 'catkin_skip_building_tests' from command line to 'False'
[1.263s] DEBUG:colcon.colcon_core.verb:Building package 'interfaces' with the following arguments: {'ament_cmake_args': None, 'build_base': '/workspace/ph_sys_ws/build/interfaces', 'catkin_cmake_args': None, 'catkin_skip_building_tests': False, 'cmake_args': None, 'cmake_clean_cache': False, 'cmake_clean_first': False, 'cmake_force_configure': False, 'cmake_target': None, 'cmake_target_skip_unavailable': False, 'install_base': '/workspace/ph_sys_ws/install/interfaces', 'merge_install': False, 'path': '/workspace/ph_sys_ws/src/interfaces', 'symlink_install': True, 'test_result_base': None}
[1.265s] Level 5:colcon.colcon_core.verb:set package 'peristaltic_pump' build argument 'cmake_args' from command line to 'None'
[1.265s] Level 5:colcon.colcon_core.verb:set package 'peristaltic_pump' build argument 'cmake_target' from command line to 'None'
[1.265s] Level 5:colcon.colcon_core.verb:set package 'peristaltic_pump' build argument 'cmake_target_skip_unavailable' from command line to 'False'
[1.265s] Level 5:colcon.colcon_core.verb:set package 'peristaltic_pump' build argument 'cmake_clean_cache' from command line to 'False'
[1.265s] Level 5:colcon.colcon_core.verb:set package 'peristaltic_pump' build argument 'cmake_clean_first' from command line to 'False'
[1.266s] Level 5:colcon.colcon_core.verb:set package 'peristaltic_pump' build argument 'cmake_force_configure' from command line to 'False'
[1.266s] Level 5:colcon.colcon_core.verb:set package 'peristaltic_pump' build argument 'ament_cmake_args' from command line to 'None'
[1.266s] Level 5:colcon.colcon_core.verb:set package 'peristaltic_pump' build argument 'catkin_cmake_args' from command line to 'None'
[1.266s] Level 5:colcon.colcon_core.verb:set package 'peristaltic_pump' build argument 'catkin_skip_building_tests' from command line to 'False'
[1.266s] DEBUG:colcon.colcon_core.verb:Building package 'peristaltic_pump' with the following arguments: {'ament_cmake_args': None, 'build_base': '/workspace/ph_sys_ws/build/peristaltic_pump', 'catkin_cmake_args': None, 'catkin_skip_building_tests': False, 'cmake_args': None, 'cmake_clean_cache': False, 'cmake_clean_first': False, 'cmake_force_configure': False, 'cmake_target': None, 'cmake_target_skip_unavailable': False, 'install_base': '/workspace/ph_sys_ws/install/peristaltic_pump', 'merge_install': False, 'path': '/workspace/ph_sys_ws/src/peristaltic_pump', 'symlink_install': True, 'test_result_base': None}
[1.268s] Level 5:colcon.colcon_core.verb:set package 'ph_controller' build argument 'cmake_args' from command line to 'None'
[1.268s] Level 5:colcon.colcon_core.verb:set package 'ph_controller' build argument 'cmake_target' from command line to 'None'
[1.268s] Level 5:colcon.colcon_core.verb:set package 'ph_controller' build argument 'cmake_target_skip_unavailable' from command line to 'False'
[1.268s] Level 5:colcon.colcon_core.verb:set package 'ph_controller' build argument 'cmake_clean_cache' from command line to 'False'
[1.268s] Level 5:colcon.colcon_core.verb:set package 'ph_controller' build argument 'cmake_clean_first' from command line to 'False'
[1.269s] Level 5:colcon.colcon_core.verb:set package 'ph_controller' build argument 'cmake_force_configure' from command line to 'False'
[1.269s] Level 5:colcon.colcon_core.verb:set package 'ph_controller' build argument 'ament_cmake_args' from command line to 'None'
[1.269s] Level 5:colcon.colcon_core.verb:set package 'ph_controller' build argument 'catkin_cmake_args' from command line to 'None'
[1.269s] Level 5:colcon.colcon_core.verb:set package 'ph_controller' build argument 'catkin_skip_building_tests' from command line to 'False'
[1.269s] DEBUG:colcon.colcon_core.verb:Building package 'ph_controller' with the following arguments: {'ament_cmake_args': None, 'build_base': '/workspace/ph_sys_ws/build/ph_controller', 'catkin_cmake_args': None, 'catkin_skip_building_tests': False, 'cmake_args': None, 'cmake_clean_cache': False, 'cmake_clean_first': False, 'cmake_force_configure': False, 'cmake_target': None, 'cmake_target_skip_unavailable': False, 'install_base': '/workspace/ph_sys_ws/install/ph_controller', 'merge_install': False, 'path': '/workspace/ph_sys_ws/src/ph_controller', 'symlink_install': True, 'test_result_base': None}
[1.271s] Level 5:colcon.colcon_core.verb:set package 'ph_sensor' build argument 'cmake_args' from command line to 'None'
[1.271s] Level 5:colcon.colcon_core.verb:set package 'ph_sensor' build argument 'cmake_target' from command line to 'None'
[1.271s] Level 5:colcon.colcon_core.verb:set package 'ph_sensor' build argument 'cmake_target_skip_unavailable' from command line to 'False'
[1.271s] Level 5:colcon.colcon_core.verb:set package 'ph_sensor' build argument 'cmake_clean_cache' from command line to 'False'
[1.271s] Level 5:colcon.colcon_core.verb:set package 'ph_sensor' build argument 'cmake_clean_first' from command line to 'False'
[1.271s] Level 5:colcon.colcon_core.verb:set package 'ph_sensor' build argument 'cmake_force_configure' from command line to 'False'
[1.272s] Level 5:colcon.colcon_core.verb:set package 'ph_sensor' build argument 'ament_cmake_args' from command line to 'None'
[1.272s] Level 5:colcon.colcon_core.verb:set package 'ph_sensor' build argument 'catkin_cmake_args' from command line to 'None'
[1.272s] Level 5:colcon.colcon_core.verb:set package 'ph_sensor' build argument 'catkin_skip_building_tests' from command line to 'False'
[1.272s] DEBUG:colcon.colcon_core.verb:Building package 'ph_sensor' with the following arguments: {'ament_cmake_args': None, 'build_base': '/workspace/ph_sys_ws/build/ph_sensor', 'catkin_cmake_args': None, 'catkin_skip_building_tests': False, 'cmake_args': None, 'cmake_clean_cache': False, 'cmake_clean_first': False, 'cmake_force_configure': False, 'cmake_target': None, 'cmake_target_skip_unavailable': False, 'install_base': '/workspace/ph_sys_ws/install/ph_sensor', 'merge_install': False, 'path': '/workspace/ph_sys_ws/src/ph_sensor', 'symlink_install': True, 'test_result_base': None}
[1.273s] Level 5:colcon.colcon_core.verb:set package 'utils' build argument 'cmake_args' from command line to 'None'
[1.273s] Level 5:colcon.colcon_core.verb:set package 'utils' build argument 'cmake_target' from command line to 'None'
[1.274s] Level 5:colcon.colcon_core.verb:set package 'utils' build argument 'cmake_target_skip_unavailable' from command line to 'False'
[1.274s] Level 5:colcon.colcon_core.verb:set package 'utils' build argument 'cmake_clean_cache' from command line to 'False'
[1.274s] Level 5:colcon.colcon_core.verb:set package 'utils' build argument 'cmake_clean_first' from command line to 'False'
[1.274s] Level 5:colcon.colcon_core.verb:set package 'utils' build argument 'cmake_force_configure' from command line to 'False'
[1.274s] Level 5:colcon.colcon_core.verb:set package 'utils' build argument 'ament_cmake_args' from command line to 'None'
[1.274s] Level 5:colcon.colcon_core.verb:set package 'utils' build argument 'catkin_cmake_args' from command line to 'None'
[1.274s] Level 5:colcon.colcon_core.verb:set package 'utils' build argument 'catkin_skip_building_tests' from command line to 'False'
[1.274s] DEBUG:colcon.colcon_core.verb:Building package 'utils' with the following arguments: {'ament_cmake_args': None, 'build_base': '/workspace/ph_sys_ws/build/utils', 'catkin_cmake_args': None, 'catkin_skip_building_tests': False, 'cmake_args': None, 'cmake_clean_cache': False, 'cmake_clean_first': False, 'cmake_force_configure': False, 'cmake_target': None, 'cmake_target_skip_unavailable': False, 'install_base': '/workspace/ph_sys_ws/install/utils', 'merge_install': False, 'path': '/workspace/ph_sys_ws/src/utils', 'symlink_install': True, 'test_result_base': None}
[1.275s] INFO:colcon.colcon_core.executor:Executing jobs using 'parallel' executor
[1.278s] DEBUG:colcon.colcon_parallel_executor.executor.parallel:run_until_complete
[1.279s] INFO:colcon.colcon_ros.task.ament_python.build:Building ROS package in '/workspace/ph_sys_ws/src/brain' with build type 'ament_python'
[1.280s] Level 1:colcon.colcon_core.shell:create_environment_hook('brain', 'ament_prefix_path')
[1.289s] INFO:colcon.colcon_core.plugin_system:Skipping extension 'colcon_core.shell.bat': Not used on non-Windows systems
[1.290s] INFO:colcon.colcon_core.shell:Creating environment hook '/workspace/ph_sys_ws/install/brain/share/brain/hook/ament_prefix_path.ps1'
[1.293s] INFO:colcon.colcon_core.shell:Creating environment descriptor '/workspace/ph_sys_ws/install/brain/share/brain/hook/ament_prefix_path.dsv'
[1.295s] INFO:colcon.colcon_core.shell:Creating environment hook '/workspace/ph_sys_ws/install/brain/share/brain/hook/ament_prefix_path.sh'
[1.298s] INFO:colcon.colcon_core.shell:Skip shell extension 'powershell' for command environment: Not usable outside of PowerShell
[1.298s] DEBUG:colcon.colcon_core.shell:Skip shell extension 'dsv' for command environment
[1.313s] INFO:colcon.colcon_ros.task.ament_python.build:Building ROS package in '/workspace/ph_sys_ws/src/external' with build type 'ament_python'
[1.313s] Level 1:colcon.colcon_core.shell:create_environment_hook('external', 'ament_prefix_path')
[1.315s] INFO:colcon.colcon_core.shell:Creating environment hook '/workspace/ph_sys_ws/install/external/share/external/hook/ament_prefix_path.ps1'
[1.317s] INFO:colcon.colcon_core.shell:Creating environment descriptor '/workspace/ph_sys_ws/install/external/share/external/hook/ament_prefix_path.dsv'
[1.319s] INFO:colcon.colcon_core.shell:Creating environment hook '/workspace/ph_sys_ws/install/external/share/external/hook/ament_prefix_path.sh'
[1.321s] INFO:colcon.colcon_core.shell:Skip shell extension 'powershell' for command environment: Not usable outside of PowerShell
[1.322s] DEBUG:colcon.colcon_core.shell:Skip shell extension 'dsv' for command environment
[1.332s] INFO:colcon.colcon_ros.task.ament_python.build:Building ROS package in '/workspace/ph_sys_ws/src/first_package' with build type 'ament_python'
[1.332s] Level 1:colcon.colcon_core.shell:create_environment_hook('first_package', 'ament_prefix_path')
[1.334s] INFO:colcon.colcon_core.shell:Creating environment hook '/workspace/ph_sys_ws/install/first_package/share/first_package/hook/ament_prefix_path.ps1'
[1.336s] INFO:colcon.colcon_core.shell:Creating environment descriptor '/workspace/ph_sys_ws/install/first_package/share/first_package/hook/ament_prefix_path.dsv'
[1.338s] INFO:colcon.colcon_core.shell:Creating environment hook '/workspace/ph_sys_ws/install/first_package/share/first_package/hook/ament_prefix_path.sh'
[1.341s] INFO:colcon.colcon_core.shell:Skip shell extension 'powershell' for command environment: Not usable outside of PowerShell
[1.341s] DEBUG:colcon.colcon_core.shell:Skip shell extension 'dsv' for command environment
[1.352s] INFO:colcon.colcon_ros.task.ament_python.build:Building ROS package in '/workspace/ph_sys_ws/src/hardware' with build type 'ament_python'
[1.352s] Level 1:colcon.colcon_core.shell:create_environment_hook('hardware', 'ament_prefix_path')
[1.353s] INFO:colcon.colcon_core.shell:Creating environment hook '/workspace/ph_sys_ws/install/hardware/share/hardware/hook/ament_prefix_path.ps1'
[1.358s] INFO:colcon.colcon_core.shell:Creating environment descriptor '/workspace/ph_sys_ws/install/hardware/share/hardware/hook/ament_prefix_path.dsv'
[1.360s] INFO:colcon.colcon_core.shell:Creating environment hook '/workspace/ph_sys_ws/install/hardware/share/hardware/hook/ament_prefix_path.sh'
[1.362s] INFO:colcon.colcon_core.shell:Skip shell extension 'powershell' for command environment: Not usable outside of PowerShell
[1.362s] DEBUG:colcon.colcon_core.shell:Skip shell extension 'dsv' for command environment
[2.346s] INFO:colcon.colcon_core.task.python.build:Building Python package in '/workspace/ph_sys_ws/src/brain'
[2.347s] INFO:colcon.colcon_core.shell:Skip shell extension 'powershell' for command environment: Not usable outside of PowerShell
[2.347s] DEBUG:colcon.colcon_core.shell:Skip shell extension 'dsv' for command environment
[3.315s] INFO:colcon.colcon_core.task.python.build:Building Python package in '/workspace/ph_sys_ws/src/external'
[3.316s] INFO:colcon.colcon_core.shell:Skip shell extension 'powershell' for command environment: Not usable outside of PowerShell
[3.316s] DEBUG:colcon.colcon_core.shell:Skip shell extension 'dsv' for command environment
[4.269s] INFO:colcon.colcon_core.task.python.build:Building Python package in '/workspace/ph_sys_ws/src/first_package'
[4.270s] INFO:colcon.colcon_core.shell:Skip shell extension 'powershell' for command environment: Not usable outside of PowerShell
[4.270s] DEBUG:colcon.colcon_core.shell:Skip shell extension 'dsv' for command environment
[5.271s] INFO:colcon.colcon_core.task.python.build:Building Python package in '/workspace/ph_sys_ws/src/hardware'
[5.272s] INFO:colcon.colcon_core.shell:Skip shell extension 'powershell' for command environment: Not usable outside of PowerShell
[5.273s] DEBUG:colcon.colcon_core.shell:Skip shell extension 'dsv' for command environment
[7.249s] DEBUG:colcon.colcon_core.event_handler.log_command:Invoking command in '/workspace/ph_sys_ws/build/brain': PYTHONPATH=/workspace/ph_sys_ws/build/brain/prefix_override:/usr/lib/python3/dist-packages/colcon_core/task/python/colcon_distutils_commands:/workspace/ph_sys_ws/install/brain/lib/python3.10/site-packages:${PYTHONPATH} /usr/bin/python3 -W ignore:setup.py install is deprecated -W ignore:easy_install command is deprecated setup.py develop --editable --build-directory /workspace/ph_sys_ws/build/brain/build --no-deps symlink_data
[7.323s] DEBUG:colcon.colcon_core.event_handler.log_command:Invoking command in '/workspace/ph_sys_ws/build/first_package': PYTHONPATH=/workspace/ph_sys_ws/build/first_package/prefix_override:/usr/lib/python3/dist-packages/colcon_core/task/python/colcon_distutils_commands:/workspace/ph_sys_ws/install/first_package/lib/python3.10/site-packages:${PYTHONPATH} /usr/bin/python3 -W ignore:setup.py install is deprecated -W ignore:easy_install command is deprecated setup.py develop --editable --build-directory /workspace/ph_sys_ws/build/first_package/build --no-deps symlink_data
[7.719s] DEBUG:colcon.colcon_core.event_handler.log_command:Invoking command in '/workspace/ph_sys_ws/build/hardware': PYTHONPATH=/workspace/ph_sys_ws/build/hardware/prefix_override:/usr/lib/python3/dist-packages/colcon_core/task/python/colcon_distutils_commands:/workspace/ph_sys_ws/install/hardware/lib/python3.10/site-packages:${PYTHONPATH} /usr/bin/python3 -W ignore:setup.py install is deprecated -W ignore:easy_install command is deprecated setup.py develop --editable --build-directory /workspace/ph_sys_ws/build/hardware/build --no-deps symlink_data
[7.734s] DEBUG:colcon.colcon_core.event_handler.log_command:Invoking command in '/workspace/ph_sys_ws/build/external': PYTHONPATH=/workspace/ph_sys_ws/build/external/prefix_override:/usr/lib/python3/dist-packages/colcon_core/task/python/colcon_distutils_commands:/workspace/ph_sys_ws/install/external/lib/python3.10/site-packages:${PYTHONPATH} /usr/bin/python3 -W ignore:setup.py install is deprecated -W ignore:easy_install command is deprecated setup.py develop --editable --build-directory /workspace/ph_sys_ws/build/external/build --no-deps symlink_data
[9.935s] Level 1:colcon.colcon_core.shell:create_environment_hook('first_package', 'pythonpath_develop')
[9.938s] INFO:colcon.colcon_core.shell:Creating environment hook '/workspace/ph_sys_ws/build/first_package/share/first_package/hook/pythonpath_develop.ps1'
[9.944s] INFO:colcon.colcon_core.shell:Creating environment descriptor '/workspace/ph_sys_ws/build/first_package/share/first_package/hook/pythonpath_develop.dsv'
[9.946s] DEBUG:colcon.colcon_core.event_handler.log_command:Invoked command in '/workspace/ph_sys_ws/build/first_package' returned '0': PYTHONPATH=/workspace/ph_sys_ws/build/first_package/prefix_override:/usr/lib/python3/dist-packages/colcon_core/task/python/colcon_distutils_commands:/workspace/ph_sys_ws/install/first_package/lib/python3.10/site-packages:${PYTHONPATH} /usr/bin/python3 -W ignore:setup.py install is deprecated -W ignore:easy_install command is deprecated setup.py develop --editable --build-directory /workspace/ph_sys_ws/build/first_package/build --no-deps symlink_data
[9.954s] INFO:colcon.colcon_core.shell:Creating environment hook '/workspace/ph_sys_ws/build/first_package/share/first_package/hook/pythonpath_develop.sh'
[9.980s] Level 1:colcon.colcon_core.environment:checking '/workspace/ph_sys_ws/install/first_package' for CMake module files
[9.984s] Level 1:colcon.colcon_core.environment:checking '/workspace/ph_sys_ws/install/first_package' for CMake config files
[9.989s] Level 1:colcon.colcon_core.environment:checking '/workspace/ph_sys_ws/install/first_package/lib'
[9.991s] Level 1:colcon.colcon_core.environment:checking '/workspace/ph_sys_ws/install/first_package/bin'
[9.993s] Level 1:colcon.colcon_core.environment:checking '/workspace/ph_sys_ws/install/first_package/lib/pkgconfig/first_package.pc'
[9.995s] Level 1:colcon.colcon_core.environment:checking '/workspace/ph_sys_ws/install/first_package/lib/python3.10/site-packages'
[9.996s] Level 1:colcon.colcon_core.shell:create_environment_hook('first_package', 'pythonpath')
[9.998s] INFO:colcon.colcon_core.shell:Creating environment hook '/workspace/ph_sys_ws/install/first_package/share/first_package/hook/pythonpath.ps1'
[10.004s] INFO:colcon.colcon_core.shell:Creating environment descriptor '/workspace/ph_sys_ws/install/first_package/share/first_package/hook/pythonpath.dsv'
[10.010s] INFO:colcon.colcon_core.shell:Creating environment hook '/workspace/ph_sys_ws/install/first_package/share/first_package/hook/pythonpath.sh'
[10.022s] Level 1:colcon.colcon_core.environment:checking '/workspace/ph_sys_ws/install/first_package/bin'
[10.023s] Level 1:colcon.colcon_core.environment:create_environment_scripts_only(first_package)
[10.025s] INFO:colcon.colcon_core.shell:Creating package script '/workspace/ph_sys_ws/install/first_package/share/first_package/package.ps1'
[10.037s] INFO:colcon.colcon_core.shell:Creating package descriptor '/workspace/ph_sys_ws/install/first_package/share/first_package/package.dsv'
[10.045s] INFO:colcon.colcon_core.shell:Creating package script '/workspace/ph_sys_ws/install/first_package/share/first_package/package.sh'
[10.061s] INFO:colcon.colcon_core.shell:Creating package script '/workspace/ph_sys_ws/install/first_package/share/first_package/package.bash'
[10.077s] INFO:colcon.colcon_core.shell:Creating package script '/workspace/ph_sys_ws/install/first_package/share/first_package/package.zsh'
[10.086s] Level 1:colcon.colcon_core.environment:create_file_with_runtime_dependencies(/workspace/ph_sys_ws/install/first_package/share/colcon-core/packages/first_package)
[10.096s] INFO:colcon.colcon_ros.task.ament_cmake.build:Building ROS package in '/workspace/ph_sys_ws/src/interfaces' with build type 'ament_cmake'
[10.099s] INFO:colcon.colcon_cmake.task.cmake.build:Building CMake package in '/workspace/ph_sys_ws/src/interfaces'
[10.104s] INFO:colcon.colcon_core.shell:Skip shell extension 'powershell' for command environment: Not usable outside of PowerShell
[10.110s] DEBUG:colcon.colcon_core.shell:Skip shell extension 'dsv' for command environment
[10.228s] DEBUG:colcon.colcon_core.event_handler.log_command:Invoking command in '/workspace/ph_sys_ws/build/interfaces': CMAKE_PREFIX_PATH=${CMAKE_PREFIX_PATH}:/workspace/ph_sys_ws/install/utils:/workspace/ph_sys_ws/install/ph_sensor:/workspace/ph_sys_ws/install/ph_controller:/workspace/ph_sys_ws/install/peristaltic_pump:/workspace/ph_sys_ws/install/hardware:/workspace/ph_sys_ws/install/first_package:/workspace/ph_sys_ws/install/external:/workspace/ph_sys_ws/install/brain:/opt/ros/humble /usr/bin/cmake --build /workspace/ph_sys_ws/build/interfaces -- -j4 -l4
[10.230s] Level 1:colcon.colcon_core.shell:create_environment_hook('brain', 'pythonpath_develop')
[10.244s] INFO:colcon.colcon_core.shell:Creating environment hook '/workspace/ph_sys_ws/build/brain/share/brain/hook/pythonpath_develop.ps1'
[10.246s] DEBUG:colcon.colcon_core.event_handler.log_command:Invoked command in '/workspace/ph_sys_ws/build/brain' returned '0': PYTHONPATH=/workspace/ph_sys_ws/build/brain/prefix_override:/usr/lib/python3/dist-packages/colcon_core/task/python/colcon_distutils_commands:/workspace/ph_sys_ws/install/brain/lib/python3.10/site-packages:${PYTHONPATH} /usr/bin/python3 -W ignore:setup.py install is deprecated -W ignore:easy_install command is deprecated setup.py develop --editable --build-directory /workspace/ph_sys_ws/build/brain/build --no-deps symlink_data
[10.260s] INFO:colcon.colcon_core.shell:Creating environment descriptor '/workspace/ph_sys_ws/build/brain/share/brain/hook/pythonpath_develop.dsv'
[10.271s] INFO:colcon.colcon_core.shell:Creating environment hook '/workspace/ph_sys_ws/build/brain/share/brain/hook/pythonpath_develop.sh'
[10.279s] Level 1:colcon.colcon_core.environment:checking '/workspace/ph_sys_ws/install/brain' for CMake module files
[10.281s] Level 1:colcon.colcon_core.environment:checking '/workspace/ph_sys_ws/install/brain' for CMake config files
[10.287s] Level 1:colcon.colcon_core.environment:checking '/workspace/ph_sys_ws/install/brain/lib'
[10.288s] Level 1:colcon.colcon_core.environment:checking '/workspace/ph_sys_ws/install/brain/bin'
[10.288s] Level 1:colcon.colcon_core.environment:checking '/workspace/ph_sys_ws/install/brain/lib/pkgconfig/brain.pc'
[10.294s] Level 1:colcon.colcon_core.environment:checking '/workspace/ph_sys_ws/install/brain/lib/python3.10/site-packages'
[10.294s] Level 1:colcon.colcon_core.shell:create_environment_hook('brain', 'pythonpath')
[10.296s] INFO:colcon.colcon_core.shell:Creating environment hook '/workspace/ph_sys_ws/install/brain/share/brain/hook/pythonpath.ps1'
[10.303s] INFO:colcon.colcon_core.shell:Creating environment descriptor '/workspace/ph_sys_ws/install/brain/share/brain/hook/pythonpath.dsv'
[10.313s] INFO:colcon.colcon_core.shell:Creating environment hook '/workspace/ph_sys_ws/install/brain/share/brain/hook/pythonpath.sh'
[10.322s] Level 1:colcon.colcon_core.environment:checking '/workspace/ph_sys_ws/install/brain/bin'
[10.322s] Level 1:colcon.colcon_core.environment:create_environment_scripts_only(brain)
[10.324s] INFO:colcon.colcon_core.shell:Creating package script '/workspace/ph_sys_ws/install/brain/share/brain/package.ps1'
[10.332s] INFO:colcon.colcon_core.shell:Creating package descriptor '/workspace/ph_sys_ws/install/brain/share/brain/package.dsv'
[10.346s] INFO:colcon.colcon_core.shell:Creating package script '/workspace/ph_sys_ws/install/brain/share/brain/package.sh'
[10.351s] INFO:colcon.colcon_core.shell:Creating package script '/workspace/ph_sys_ws/install/brain/share/brain/package.bash'
[10.354s] INFO:colcon.colcon_core.shell:Creating package script '/workspace/ph_sys_ws/install/brain/share/brain/package.zsh'
[10.357s] Level 1:colcon.colcon_core.environment:create_file_with_runtime_dependencies(/workspace/ph_sys_ws/install/brain/share/colcon-core/packages/brain)
[10.362s] INFO:colcon.colcon_ros.task.ament_python.build:Building ROS package in '/workspace/ph_sys_ws/src/peristaltic_pump' with build type 'ament_python'
[10.362s] Level 1:colcon.colcon_core.shell:create_environment_hook('peristaltic_pump', 'ament_prefix_path')
[10.364s] INFO:colcon.colcon_core.shell:Creating environment hook '/workspace/ph_sys_ws/install/peristaltic_pump/share/peristaltic_pump/hook/ament_prefix_path.ps1'
[10.369s] INFO:colcon.colcon_core.shell:Creating environment descriptor '/workspace/ph_sys_ws/install/peristaltic_pump/share/peristaltic_pump/hook/ament_prefix_path.dsv'
[10.374s] INFO:colcon.colcon_core.shell:Creating environment hook '/workspace/ph_sys_ws/install/peristaltic_pump/share/peristaltic_pump/hook/ament_prefix_path.sh'
[10.378s] INFO:colcon.colcon_core.shell:Skip shell extension 'powershell' for command environment: Not usable outside of PowerShell
[10.379s] DEBUG:colcon.colcon_core.shell:Skip shell extension 'dsv' for command environment
[10.403s] Level 1:colcon.colcon_core.shell:create_environment_hook('hardware', 'pythonpath_develop')
[10.404s] INFO:colcon.colcon_core.shell:Creating environment hook '/workspace/ph_sys_ws/build/hardware/share/hardware/hook/pythonpath_develop.ps1'
[10.408s] DEBUG:colcon.colcon_core.event_handler.log_command:Invoked command in '/workspace/ph_sys_ws/build/hardware' returned '0': PYTHONPATH=/workspace/ph_sys_ws/build/hardware/prefix_override:/usr/lib/python3/dist-packages/colcon_core/task/python/colcon_distutils_commands:/workspace/ph_sys_ws/install/hardware/lib/python3.10/site-packages:${PYTHONPATH} /usr/bin/python3 -W ignore:setup.py install is deprecated -W ignore:easy_install command is deprecated setup.py develop --editable --build-directory /workspace/ph_sys_ws/build/hardware/build --no-deps symlink_data
[10.410s] INFO:colcon.colcon_core.shell:Creating environment descriptor '/workspace/ph_sys_ws/build/hardware/share/hardware/hook/pythonpath_develop.dsv'
[10.414s] INFO:colcon.colcon_core.shell:Creating environment hook '/workspace/ph_sys_ws/build/hardware/share/hardware/hook/pythonpath_develop.sh'
[10.418s] Level 1:colcon.colcon_core.environment:checking '/workspace/ph_sys_ws/install/hardware' for CMake module files
[10.420s] Level 1:colcon.colcon_core.environment:checking '/workspace/ph_sys_ws/install/hardware' for CMake config files
[10.423s] Level 1:colcon.colcon_core.environment:checking '/workspace/ph_sys_ws/install/hardware/lib'
[10.424s] Level 1:colcon.colcon_core.environment:checking '/workspace/ph_sys_ws/install/hardware/bin'
[10.425s] Level 1:colcon.colcon_core.environment:checking '/workspace/ph_sys_ws/install/hardware/lib/pkgconfig/hardware.pc'
[10.426s] Level 1:colcon.colcon_core.environment:checking '/workspace/ph_sys_ws/install/hardware/lib/python3.10/site-packages'
[10.430s] Level 1:colcon.colcon_core.shell:create_environment_hook('hardware', 'pythonpath')
[10.439s] INFO:colcon.colcon_core.shell:Creating environment hook '/workspace/ph_sys_ws/install/hardware/share/hardware/hook/pythonpath.ps1'
[10.447s] INFO:colcon.colcon_core.shell:Creating environment descriptor '/workspace/ph_sys_ws/install/hardware/share/hardware/hook/pythonpath.dsv'
[10.455s] INFO:colcon.colcon_core.shell:Creating environment hook '/workspace/ph_sys_ws/install/hardware/share/hardware/hook/pythonpath.sh'
[10.464s] Level 1:colcon.colcon_core.environment:checking '/workspace/ph_sys_ws/install/hardware/bin'
[10.465s] Level 1:colcon.colcon_core.environment:create_environment_scripts_only(hardware)
[10.475s] INFO:colcon.colcon_core.shell:Creating package script '/workspace/ph_sys_ws/install/hardware/share/hardware/package.ps1'
[10.486s] INFO:colcon.colcon_core.shell:Creating package descriptor '/workspace/ph_sys_ws/install/hardware/share/hardware/package.dsv'
[10.495s] INFO:colcon.colcon_core.shell:Creating package script '/workspace/ph_sys_ws/install/hardware/share/hardware/package.sh'
[10.527s] INFO:colcon.colcon_core.shell:Creating package script '/workspace/ph_sys_ws/install/hardware/share/hardware/package.bash'
[10.536s] INFO:colcon.colcon_core.shell:Creating package script '/workspace/ph_sys_ws/install/hardware/share/hardware/package.zsh'
[10.545s] Level 1:colcon.colcon_core.environment:create_file_with_runtime_dependencies(/workspace/ph_sys_ws/install/hardware/share/colcon-core/packages/hardware)
[10.555s] INFO:colcon.colcon_ros.task.ament_python.build:Building ROS package in '/workspace/ph_sys_ws/src/ph_controller' with build type 'ament_python'
[10.557s] Level 1:colcon.colcon_core.shell:create_environment_hook('ph_controller', 'ament_prefix_path')
[10.561s] INFO:colcon.colcon_core.shell:Creating environment hook '/workspace/ph_sys_ws/install/ph_controller/share/ph_controller/hook/ament_prefix_path.ps1'
[10.569s] INFO:colcon.colcon_core.shell:Creating environment descriptor '/workspace/ph_sys_ws/install/ph_controller/share/ph_controller/hook/ament_prefix_path.dsv'
[10.576s] INFO:colcon.colcon_core.shell:Creating environment hook '/workspace/ph_sys_ws/install/ph_controller/share/ph_controller/hook/ament_prefix_path.sh'
[10.583s] INFO:colcon.colcon_core.shell:Skip shell extension 'powershell' for command environment: Not usable outside of PowerShell
[10.585s] DEBUG:colcon.colcon_core.shell:Skip shell extension 'dsv' for command environment
[12.145s] INFO:colcon.colcon_core.task.python.build:Building Python package in '/workspace/ph_sys_ws/src/peristaltic_pump'
[12.146s] INFO:colcon.colcon_core.shell:Skip shell extension 'powershell' for command environment: Not usable outside of PowerShell
[12.146s] DEBUG:colcon.colcon_core.shell:Skip shell extension 'dsv' for command environment
[13.189s] INFO:colcon.colcon_core.task.python.build:Building Python package in '/workspace/ph_sys_ws/src/ph_controller'
[13.190s] INFO:colcon.colcon_core.shell:Skip shell extension 'powershell' for command environment: Not usable outside of PowerShell
[13.191s] DEBUG:colcon.colcon_core.shell:Skip shell extension 'dsv' for command environment
[13.202s] Level 1:colcon.colcon_core.shell:create_environment_hook('external', 'pythonpath_develop')
[13.203s] INFO:colcon.colcon_core.shell:Creating environment hook '/workspace/ph_sys_ws/build/external/share/external/hook/pythonpath_develop.ps1'
[13.206s] INFO:colcon.colcon_core.shell:Creating environment descriptor '/workspace/ph_sys_ws/build/external/share/external/hook/pythonpath_develop.dsv'
[13.206s] DEBUG:colcon.colcon_core.event_handler.log_command:Invoked command in '/workspace/ph_sys_ws/build/external' returned '0': PYTHONPATH=/workspace/ph_sys_ws/build/external/prefix_override:/usr/lib/python3/dist-packages/colcon_core/task/python/colcon_distutils_commands:/workspace/ph_sys_ws/install/external/lib/python3.10/site-packages:${PYTHONPATH} /usr/bin/python3 -W ignore:setup.py install is deprecated -W ignore:easy_install command is deprecated setup.py develop --editable --build-directory /workspace/ph_sys_ws/build/external/build --no-deps symlink_data
[13.208s] INFO:colcon.colcon_core.shell:Creating environment hook '/workspace/ph_sys_ws/build/external/share/external/hook/pythonpath_develop.sh'
[13.210s] Level 1:colcon.colcon_core.environment:checking '/workspace/ph_sys_ws/install/external' for CMake module files
[13.212s] Level 1:colcon.colcon_core.environment:checking '/workspace/ph_sys_ws/install/external' for CMake config files
[13.214s] Level 1:colcon.colcon_core.environment:checking '/workspace/ph_sys_ws/install/external/lib'
[13.214s] Level 1:colcon.colcon_core.environment:checking '/workspace/ph_sys_ws/install/external/bin'
[13.214s] Level 1:colcon.colcon_core.environment:checking '/workspace/ph_sys_ws/install/external/lib/pkgconfig/external.pc'
[13.215s] Level 1:colcon.colcon_core.environment:checking '/workspace/ph_sys_ws/install/external/lib/python3.10/site-packages'
[13.215s] Level 1:colcon.colcon_core.shell:create_environment_hook('external', 'pythonpath')
[13.216s] INFO:colcon.colcon_core.shell:Creating environment hook '/workspace/ph_sys_ws/install/external/share/external/hook/pythonpath.ps1'
[13.218s] INFO:colcon.colcon_core.shell:Creating environment descriptor '/workspace/ph_sys_ws/install/external/share/external/hook/pythonpath.dsv'
[13.220s] INFO:colcon.colcon_core.shell:Creating environment hook '/workspace/ph_sys_ws/install/external/share/external/hook/pythonpath.sh'
[13.223s] Level 1:colcon.colcon_core.environment:checking '/workspace/ph_sys_ws/install/external/bin'
[13.223s] Level 1:colcon.colcon_core.environment:create_environment_scripts_only(external)
[13.224s] INFO:colcon.colcon_core.shell:Creating package script '/workspace/ph_sys_ws/install/external/share/external/package.ps1'
[13.226s] INFO:colcon.colcon_core.shell:Creating package descriptor '/workspace/ph_sys_ws/install/external/share/external/package.dsv'
[13.228s] INFO:colcon.colcon_core.shell:Creating package script '/workspace/ph_sys_ws/install/external/share/external/package.sh'
[13.230s] INFO:colcon.colcon_core.shell:Creating package script '/workspace/ph_sys_ws/install/external/share/external/package.bash'
[13.232s] INFO:colcon.colcon_core.shell:Creating package script '/workspace/ph_sys_ws/install/external/share/external/package.zsh'
[13.234s] Level 1:colcon.colcon_core.environment:create_file_with_runtime_dependencies(/workspace/ph_sys_ws/install/external/share/colcon-core/packages/external)
[13.239s] INFO:colcon.colcon_ros.task.ament_python.build:Building ROS package in '/workspace/ph_sys_ws/src/ph_sensor' with build type 'ament_python'
[13.239s] Level 1:colcon.colcon_core.shell:create_environment_hook('ph_sensor', 'ament_prefix_path')
[13.240s] INFO:colcon.colcon_core.shell:Creating environment hook '/workspace/ph_sys_ws/install/ph_sensor/share/ph_sensor/hook/ament_prefix_path.ps1'
[13.243s] INFO:colcon.colcon_core.shell:Creating environment descriptor '/workspace/ph_sys_ws/install/ph_sensor/share/ph_sensor/hook/ament_prefix_path.dsv'
[13.245s] INFO:colcon.colcon_core.shell:Creating environment hook '/workspace/ph_sys_ws/install/ph_sensor/share/ph_sensor/hook/ament_prefix_path.sh'
[13.247s] INFO:colcon.colcon_core.shell:Skip shell extension 'powershell' for command environment: Not usable outside of PowerShell
[13.247s] DEBUG:colcon.colcon_core.shell:Skip shell extension 'dsv' for command environment
[13.260s] DEBUG:colcon.colcon_core.event_handler.log_command:Invoked command in '/workspace/ph_sys_ws/build/interfaces' returned '0': CMAKE_PREFIX_PATH=${CMAKE_PREFIX_PATH}:/workspace/ph_sys_ws/install/utils:/workspace/ph_sys_ws/install/ph_sensor:/workspace/ph_sys_ws/install/ph_controller:/workspace/ph_sys_ws/install/peristaltic_pump:/workspace/ph_sys_ws/install/hardware:/workspace/ph_sys_ws/install/first_package:/workspace/ph_sys_ws/install/external:/workspace/ph_sys_ws/install/brain:/opt/ros/humble /usr/bin/cmake --build /workspace/ph_sys_ws/build/interfaces -- -j4 -l4
[13.287s] DEBUG:colcon.colcon_core.event_handler.log_command:Invoking command in '/workspace/ph_sys_ws/build/interfaces': CMAKE_PREFIX_PATH=${CMAKE_PREFIX_PATH}:/workspace/ph_sys_ws/install/utils:/workspace/ph_sys_ws/install/ph_sensor:/workspace/ph_sys_ws/install/ph_controller:/workspace/ph_sys_ws/install/peristaltic_pump:/workspace/ph_sys_ws/install/hardware:/workspace/ph_sys_ws/install/first_package:/workspace/ph_sys_ws/install/external:/workspace/ph_sys_ws/install/brain:/opt/ros/humble /usr/bin/cmake --install /workspace/ph_sys_ws/build/interfaces
[15.286s] INFO:colcon.colcon_core.task.python.build:Building Python package in '/workspace/ph_sys_ws/src/ph_sensor'
[15.287s] INFO:colcon.colcon_core.shell:Skip shell extension 'powershell' for command environment: Not usable outside of PowerShell
[15.288s] DEBUG:colcon.colcon_core.shell:Skip shell extension 'dsv' for command environment
[15.308s] Level 1:colcon.colcon_core.environment:create_environment_scripts_only(interfaces)
[15.310s] Level 1:colcon.colcon_core.environment:checking '/workspace/ph_sys_ws/install/interfaces' for CMake module files
[15.311s] DEBUG:colcon.colcon_core.event_handler.log_command:Invoked command in '/workspace/ph_sys_ws/build/interfaces' returned '0': CMAKE_PREFIX_PATH=${CMAKE_PREFIX_PATH}:/workspace/ph_sys_ws/install/utils:/workspace/ph_sys_ws/install/ph_sensor:/workspace/ph_sys_ws/install/ph_controller:/workspace/ph_sys_ws/install/peristaltic_pump:/workspace/ph_sys_ws/install/hardware:/workspace/ph_sys_ws/install/first_package:/workspace/ph_sys_ws/install/external:/workspace/ph_sys_ws/install/brain:/opt/ros/humble /usr/bin/cmake --install /workspace/ph_sys_ws/build/interfaces
[15.315s] Level 1:colcon.colcon_core.environment:checking '/workspace/ph_sys_ws/install/interfaces' for CMake config files
[15.319s] Level 1:colcon.colcon_core.shell:create_environment_hook('interfaces', 'cmake_prefix_path')
[15.320s] INFO:colcon.colcon_core.shell:Creating environment hook '/workspace/ph_sys_ws/install/interfaces/share/interfaces/hook/cmake_prefix_path.ps1'
[15.322s] INFO:colcon.colcon_core.shell:Creating environment descriptor '/workspace/ph_sys_ws/install/interfaces/share/interfaces/hook/cmake_prefix_path.dsv'
[15.324s] INFO:colcon.colcon_core.shell:Creating environment hook '/workspace/ph_sys_ws/install/interfaces/share/interfaces/hook/cmake_prefix_path.sh'
[15.327s] Level 1:colcon.colcon_core.environment:checking '/workspace/ph_sys_ws/install/interfaces/lib'
[15.328s] Level 1:colcon.colcon_core.shell:create_environment_hook('interfaces', 'ld_library_path_lib')
[15.329s] INFO:colcon.colcon_core.shell:Creating environment hook '/workspace/ph_sys_ws/install/interfaces/share/interfaces/hook/ld_library_path_lib.ps1'
[15.331s] INFO:colcon.colcon_core.shell:Creating environment descriptor '/workspace/ph_sys_ws/install/interfaces/share/interfaces/hook/ld_library_path_lib.dsv'
[15.333s] INFO:colcon.colcon_core.shell:Creating environment hook '/workspace/ph_sys_ws/install/interfaces/share/interfaces/hook/ld_library_path_lib.sh'
[15.335s] Level 1:colcon.colcon_core.environment:checking '/workspace/ph_sys_ws/install/interfaces/bin'
[15.335s] Level 1:colcon.colcon_core.environment:checking '/workspace/ph_sys_ws/install/interfaces/lib/pkgconfig/interfaces.pc'
[15.337s] Level 1:colcon.colcon_core.environment:checking '/workspace/ph_sys_ws/install/interfaces/lib/python3.10/site-packages'
[15.338s] Level 1:colcon.colcon_core.environment:checking '/workspace/ph_sys_ws/install/interfaces/bin'
[15.339s] INFO:colcon.colcon_core.shell:Creating package script '/workspace/ph_sys_ws/install/interfaces/share/interfaces/package.ps1'
[15.343s] INFO:colcon.colcon_core.shell:Creating package descriptor '/workspace/ph_sys_ws/install/interfaces/share/interfaces/package.dsv'
[15.350s] INFO:colcon.colcon_core.shell:Creating package script '/workspace/ph_sys_ws/install/interfaces/share/interfaces/package.sh'
[15.352s] INFO:colcon.colcon_core.shell:Creating package script '/workspace/ph_sys_ws/install/interfaces/share/interfaces/package.bash'
[15.354s] INFO:colcon.colcon_core.shell:Creating package script '/workspace/ph_sys_ws/install/interfaces/share/interfaces/package.zsh'
[15.356s] Level 1:colcon.colcon_core.environment:create_file_with_runtime_dependencies(/workspace/ph_sys_ws/install/interfaces/share/colcon-core/packages/interfaces)
[15.360s] Level 1:colcon.colcon_core.environment:create_environment_scripts_only(interfaces)
[15.362s] Level 1:colcon.colcon_core.environment:checking '/workspace/ph_sys_ws/install/interfaces' for CMake module files
[15.365s] Level 1:colcon.colcon_core.environment:checking '/workspace/ph_sys_ws/install/interfaces' for CMake config files
[15.369s] Level 1:colcon.colcon_core.shell:create_environment_hook('interfaces', 'cmake_prefix_path')
[15.370s] INFO:colcon.colcon_core.shell:Creating environment hook '/workspace/ph_sys_ws/install/interfaces/share/interfaces/hook/cmake_prefix_path.ps1'
[15.373s] INFO:colcon.colcon_core.shell:Creating environment descriptor '/workspace/ph_sys_ws/install/interfaces/share/interfaces/hook/cmake_prefix_path.dsv'
[15.375s] INFO:colcon.colcon_core.shell:Creating environment hook '/workspace/ph_sys_ws/install/interfaces/share/interfaces/hook/cmake_prefix_path.sh'
[15.379s] Level 1:colcon.colcon_core.environment:checking '/workspace/ph_sys_ws/install/interfaces/lib'
[15.380s] Level 1:colcon.colcon_core.shell:create_environment_hook('interfaces', 'ld_library_path_lib')
[15.381s] INFO:colcon.colcon_core.shell:Creating environment hook '/workspace/ph_sys_ws/install/interfaces/share/interfaces/hook/ld_library_path_lib.ps1'
[15.384s] INFO:colcon.colcon_core.shell:Creating environment descriptor '/workspace/ph_sys_ws/install/interfaces/share/interfaces/hook/ld_library_path_lib.dsv'
[15.386s] INFO:colcon.colcon_core.shell:Creating environment hook '/workspace/ph_sys_ws/install/interfaces/share/interfaces/hook/ld_library_path_lib.sh'
[15.389s] Level 1:colcon.colcon_core.environment:checking '/workspace/ph_sys_ws/install/interfaces/bin'
[15.389s] Level 1:colcon.colcon_core.environment:checking '/workspace/ph_sys_ws/install/interfaces/lib/pkgconfig/interfaces.pc'
[15.390s] Level 1:colcon.colcon_core.environment:checking '/workspace/ph_sys_ws/install/interfaces/lib/python3.10/site-packages'
[15.391s] Level 1:colcon.colcon_core.environment:checking '/workspace/ph_sys_ws/install/interfaces/bin'
[15.393s] INFO:colcon.colcon_core.shell:Creating package script '/workspace/ph_sys_ws/install/interfaces/share/interfaces/package.ps1'
[15.396s] INFO:colcon.colcon_core.shell:Creating package descriptor '/workspace/ph_sys_ws/install/interfaces/share/interfaces/package.dsv'
[15.398s] INFO:colcon.colcon_core.shell:Creating package script '/workspace/ph_sys_ws/install/interfaces/share/interfaces/package.sh'
[15.402s] INFO:colcon.colcon_core.shell:Creating package script '/workspace/ph_sys_ws/install/interfaces/share/interfaces/package.bash'
[15.404s] INFO:colcon.colcon_core.shell:Creating package script '/workspace/ph_sys_ws/install/interfaces/share/interfaces/package.zsh'
[15.407s] Level 1:colcon.colcon_core.environment:create_file_with_runtime_dependencies(/workspace/ph_sys_ws/install/interfaces/share/colcon-core/packages/interfaces)
[15.411s] INFO:colcon.colcon_ros.task.ament_python.build:Building ROS package in '/workspace/ph_sys_ws/src/utils' with build type 'ament_python'
[15.411s] Level 1:colcon.colcon_core.shell:create_environment_hook('utils', 'ament_prefix_path')
[15.413s] INFO:colcon.colcon_core.shell:Creating environment hook '/workspace/ph_sys_ws/install/utils/share/utils/hook/ament_prefix_path.ps1'
[15.417s] INFO:colcon.colcon_core.shell:Creating environment descriptor '/workspace/ph_sys_ws/install/utils/share/utils/hook/ament_prefix_path.dsv'
[15.421s] INFO:colcon.colcon_core.shell:Creating environment hook '/workspace/ph_sys_ws/install/utils/share/utils/hook/ament_prefix_path.sh'
[15.430s] INFO:colcon.colcon_core.shell:Skip shell extension 'powershell' for command environment: Not usable outside of PowerShell
[15.430s] DEBUG:colcon.colcon_core.shell:Skip shell extension 'dsv' for command environment
[16.760s] INFO:colcon.colcon_core.task.python.build:Building Python package in '/workspace/ph_sys_ws/src/utils'
[16.761s] INFO:colcon.colcon_core.shell:Skip shell extension 'powershell' for command environment: Not usable outside of PowerShell
[16.762s] DEBUG:colcon.colcon_core.shell:Skip shell extension 'dsv' for command environment
[16.793s] DEBUG:colcon.colcon_core.event_handler.log_command:Invoking command in '/workspace/ph_sys_ws/build/peristaltic_pump': PYTHONPATH=/workspace/ph_sys_ws/build/peristaltic_pump/prefix_override:/usr/lib/python3/dist-packages/colcon_core/task/python/colcon_distutils_commands:/workspace/ph_sys_ws/install/peristaltic_pump/lib/python3.10/site-packages:${PYTHONPATH} /usr/bin/python3 -W ignore:setup.py install is deprecated -W ignore:easy_install command is deprecated setup.py develop --editable --build-directory /workspace/ph_sys_ws/build/peristaltic_pump/build --no-deps symlink_data
[16.812s] DEBUG:colcon.colcon_core.event_handler.log_command:Invoking command in '/workspace/ph_sys_ws/build/ph_controller': PYTHONPATH=/workspace/ph_sys_ws/build/ph_controller/prefix_override:/usr/lib/python3/dist-packages/colcon_core/task/python/colcon_distutils_commands:/workspace/ph_sys_ws/install/ph_controller/lib/python3.10/site-packages:${PYTHONPATH} /usr/bin/python3 -W ignore:setup.py install is deprecated -W ignore:easy_install command is deprecated setup.py develop --editable --build-directory /workspace/ph_sys_ws/build/ph_controller/build --no-deps symlink_data
[17.242s] DEBUG:colcon.colcon_core.event_handler.log_command:Invoking command in '/workspace/ph_sys_ws/build/ph_sensor': PYTHONPATH=/workspace/ph_sys_ws/build/ph_sensor/prefix_override:/usr/lib/python3/dist-packages/colcon_core/task/python/colcon_distutils_commands:/workspace/ph_sys_ws/install/ph_sensor/lib/python3.10/site-packages:${PYTHONPATH} /usr/bin/python3 -W ignore:setup.py install is deprecated -W ignore:easy_install command is deprecated setup.py develop --editable --build-directory /workspace/ph_sys_ws/build/ph_sensor/build --no-deps symlink_data
[18.847s] DEBUG:colcon.colcon_core.task.python.build:While undoing a previous installation files outside the Python library path are being ignored: /workspace/ph_sys_ws/install/utils/share/ament_index/resource_index/packages/utils
[18.848s] DEBUG:colcon.colcon_core.task.python.build:While undoing a previous installation files outside the Python library path are being ignored: /workspace/ph_sys_ws/install/utils/share/utils/package.xml
[18.867s] DEBUG:colcon.colcon_core.event_handler.log_command:Invoking command in '/workspace/ph_sys_ws/build/utils': PYTHONPATH=/workspace/ph_sys_ws/build/utils/prefix_override:/usr/lib/python3/dist-packages/colcon_core/task/python/colcon_distutils_commands:/workspace/ph_sys_ws/install/utils/lib/python3.10/site-packages:${PYTHONPATH} /usr/bin/python3 -W ignore:setup.py install is deprecated -W ignore:easy_install command is deprecated setup.py develop --editable --build-directory /workspace/ph_sys_ws/build/utils/build --no-deps symlink_data --force
[19.632s] Level 1:colcon.colcon_core.shell:create_environment_hook('peristaltic_pump', 'pythonpath_develop')
[19.634s] INFO:colcon.colcon_core.shell:Creating environment hook '/workspace/ph_sys_ws/build/peristaltic_pump/share/peristaltic_pump/hook/pythonpath_develop.ps1'
[19.638s] DEBUG:colcon.colcon_core.event_handler.log_command:Invoked command in '/workspace/ph_sys_ws/build/peristaltic_pump' returned '0': PYTHONPATH=/workspace/ph_sys_ws/build/peristaltic_pump/prefix_override:/usr/lib/python3/dist-packages/colcon_core/task/python/colcon_distutils_commands:/workspace/ph_sys_ws/install/peristaltic_pump/lib/python3.10/site-packages:${PYTHONPATH} /usr/bin/python3 -W ignore:setup.py install is deprecated -W ignore:easy_install command is deprecated setup.py develop --editable --build-directory /workspace/ph_sys_ws/build/peristaltic_pump/build --no-deps symlink_data
[19.640s] INFO:colcon.colcon_core.shell:Creating environment descriptor '/workspace/ph_sys_ws/build/peristaltic_pump/share/peristaltic_pump/hook/pythonpath_develop.dsv'
[19.643s] INFO:colcon.colcon_core.shell:Creating environment hook '/workspace/ph_sys_ws/build/peristaltic_pump/share/peristaltic_pump/hook/pythonpath_develop.sh'
[19.648s] Level 1:colcon.colcon_core.environment:checking '/workspace/ph_sys_ws/install/peristaltic_pump' for CMake module files
[19.650s] Level 1:colcon.colcon_core.environment:checking '/workspace/ph_sys_ws/install/peristaltic_pump' for CMake config files
[19.652s] Level 1:colcon.colcon_core.environment:checking '/workspace/ph_sys_ws/install/peristaltic_pump/lib'
[19.653s] Level 1:colcon.colcon_core.environment:checking '/workspace/ph_sys_ws/install/peristaltic_pump/bin'
[19.654s] Level 1:colcon.colcon_core.environment:checking '/workspace/ph_sys_ws/install/peristaltic_pump/lib/pkgconfig/peristaltic_pump.pc'
[19.655s] Level 1:colcon.colcon_core.environment:checking '/workspace/ph_sys_ws/install/peristaltic_pump/lib/python3.10/site-packages'
[19.655s] Level 1:colcon.colcon_core.shell:create_environment_hook('peristaltic_pump', 'pythonpath')
[19.656s] INFO:colcon.colcon_core.shell:Creating environment hook '/workspace/ph_sys_ws/install/peristaltic_pump/share/peristaltic_pump/hook/pythonpath.ps1'
[19.660s] INFO:colcon.colcon_core.shell:Creating environment descriptor '/workspace/ph_sys_ws/install/peristaltic_pump/share/peristaltic_pump/hook/pythonpath.dsv'
[19.662s] INFO:colcon.colcon_core.shell:Creating environment hook '/workspace/ph_sys_ws/install/peristaltic_pump/share/peristaltic_pump/hook/pythonpath.sh'
[19.666s] Level 1:colcon.colcon_core.environment:checking '/workspace/ph_sys_ws/install/peristaltic_pump/bin'
[19.666s] Level 1:colcon.colcon_core.environment:create_environment_scripts_only(peristaltic_pump)
[19.668s] INFO:colcon.colcon_core.shell:Creating package script '/workspace/ph_sys_ws/install/peristaltic_pump/share/peristaltic_pump/package.ps1'
[19.673s] INFO:colcon.colcon_core.shell:Creating package descriptor '/workspace/ph_sys_ws/install/peristaltic_pump/share/peristaltic_pump/package.dsv'
[19.676s] INFO:colcon.colcon_core.shell:Creating package script '/workspace/ph_sys_ws/install/peristaltic_pump/share/peristaltic_pump/package.sh'
[19.679s] INFO:colcon.colcon_core.shell:Creating package script '/workspace/ph_sys_ws/install/peristaltic_pump/share/peristaltic_pump/package.bash'
[19.682s] INFO:colcon.colcon_core.shell:Creating package script '/workspace/ph_sys_ws/install/peristaltic_pump/share/peristaltic_pump/package.zsh'
[19.685s] Level 1:colcon.colcon_core.environment:create_file_with_runtime_dependencies(/workspace/ph_sys_ws/install/peristaltic_pump/share/colcon-core/packages/peristaltic_pump)
[19.766s] Level 1:colcon.colcon_core.shell:create_environment_hook('ph_controller', 'pythonpath_develop')
[19.768s] INFO:colcon.colcon_core.shell:Creating environment hook '/workspace/ph_sys_ws/build/ph_controller/share/ph_controller/hook/pythonpath_develop.ps1'
[19.769s] DEBUG:colcon.colcon_core.event_handler.log_command:Invoked command in '/workspace/ph_sys_ws/build/ph_controller' returned '0': PYTHONPATH=/workspace/ph_sys_ws/build/ph_controller/prefix_override:/usr/lib/python3/dist-packages/colcon_core/task/python/colcon_distutils_commands:/workspace/ph_sys_ws/install/ph_controller/lib/python3.10/site-packages:${PYTHONPATH} /usr/bin/python3 -W ignore:setup.py install is deprecated -W ignore:easy_install command is deprecated setup.py develop --editable --build-directory /workspace/ph_sys_ws/build/ph_controller/build --no-deps symlink_data
[19.772s] INFO:colcon.colcon_core.shell:Creating environment descriptor '/workspace/ph_sys_ws/build/ph_controller/share/ph_controller/hook/pythonpath_develop.dsv'
[19.774s] INFO:colcon.colcon_core.shell:Creating environment hook '/workspace/ph_sys_ws/build/ph_controller/share/ph_controller/hook/pythonpath_develop.sh'
[19.779s] Level 1:colcon.colcon_core.environment:checking '/workspace/ph_sys_ws/install/ph_controller' for CMake module files
[19.781s] Level 1:colcon.colcon_core.environment:checking '/workspace/ph_sys_ws/install/ph_controller' for CMake config files
[19.783s] Level 1:colcon.colcon_core.environment:checking '/workspace/ph_sys_ws/install/ph_controller/lib'
[19.784s] Level 1:colcon.colcon_core.environment:checking '/workspace/ph_sys_ws/install/ph_controller/bin'
[19.785s] Level 1:colcon.colcon_core.environment:checking '/workspace/ph_sys_ws/install/ph_controller/lib/pkgconfig/ph_controller.pc'
[19.786s] Level 1:colcon.colcon_core.environment:checking '/workspace/ph_sys_ws/install/ph_controller/lib/python3.10/site-packages'
[19.787s] Level 1:colcon.colcon_core.shell:create_environment_hook('ph_controller', 'pythonpath')
[19.789s] INFO:colcon.colcon_core.shell:Creating environment hook '/workspace/ph_sys_ws/install/ph_controller/share/ph_controller/hook/pythonpath.ps1'
[19.792s] INFO:colcon.colcon_core.shell:Creating environment descriptor '/workspace/ph_sys_ws/install/ph_controller/share/ph_controller/hook/pythonpath.dsv'
[19.795s] INFO:colcon.colcon_core.shell:Creating environment hook '/workspace/ph_sys_ws/install/ph_controller/share/ph_controller/hook/pythonpath.sh'
[19.799s] Level 1:colcon.colcon_core.environment:checking '/workspace/ph_sys_ws/install/ph_controller/bin'
[19.800s] Level 1:colcon.colcon_core.environment:create_environment_scripts_only(ph_controller)
[19.802s] INFO:colcon.colcon_core.shell:Creating package script '/workspace/ph_sys_ws/install/ph_controller/share/ph_controller/package.ps1'
[19.805s] INFO:colcon.colcon_core.shell:Creating package descriptor '/workspace/ph_sys_ws/install/ph_controller/share/ph_controller/package.dsv'
[19.811s] INFO:colcon.colcon_core.shell:Creating package script '/workspace/ph_sys_ws/install/ph_controller/share/ph_controller/package.sh'
[19.814s] INFO:colcon.colcon_core.shell:Creating package script '/workspace/ph_sys_ws/install/ph_controller/share/ph_controller/package.bash'
[19.817s] INFO:colcon.colcon_core.shell:Creating package script '/workspace/ph_sys_ws/install/ph_controller/share/ph_controller/package.zsh'
[19.824s] Level 1:colcon.colcon_core.environment:create_file_with_runtime_dependencies(/workspace/ph_sys_ws/install/ph_controller/share/colcon-core/packages/ph_controller)
[20.002s] Level 1:colcon.colcon_core.shell:create_environment_hook('ph_sensor', 'pythonpath_develop')
[20.005s] INFO:colcon.colcon_core.shell:Creating environment hook '/workspace/ph_sys_ws/build/ph_sensor/share/ph_sensor/hook/pythonpath_develop.ps1'
[20.006s] DEBUG:colcon.colcon_core.event_handler.log_command:Invoked command in '/workspace/ph_sys_ws/build/ph_sensor' returned '0': PYTHONPATH=/workspace/ph_sys_ws/build/ph_sensor/prefix_override:/usr/lib/python3/dist-packages/colcon_core/task/python/colcon_distutils_commands:/workspace/ph_sys_ws/install/ph_sensor/lib/python3.10/site-packages:${PYTHONPATH} /usr/bin/python3 -W ignore:setup.py install is deprecated -W ignore:easy_install command is deprecated setup.py develop --editable --build-directory /workspace/ph_sys_ws/build/ph_sensor/build --no-deps symlink_data
[20.010s] INFO:colcon.colcon_core.shell:Creating environment descriptor '/workspace/ph_sys_ws/build/ph_sensor/share/ph_sensor/hook/pythonpath_develop.dsv'
[20.014s] INFO:colcon.colcon_core.shell:Creating environment hook '/workspace/ph_sys_ws/build/ph_sensor/share/ph_sensor/hook/pythonpath_develop.sh'
[20.017s] Level 1:colcon.colcon_core.environment:checking '/workspace/ph_sys_ws/install/ph_sensor' for CMake module files
[20.019s] Level 1:colcon.colcon_core.environment:checking '/workspace/ph_sys_ws/install/ph_sensor' for CMake config files
[20.021s] Level 1:colcon.colcon_core.environment:checking '/workspace/ph_sys_ws/install/ph_sensor/lib'
[20.022s] Level 1:colcon.colcon_core.environment:checking '/workspace/ph_sys_ws/install/ph_sensor/bin'
[20.023s] Level 1:colcon.colcon_core.environment:checking '/workspace/ph_sys_ws/install/ph_sensor/lib/pkgconfig/ph_sensor.pc'
[20.024s] Level 1:colcon.colcon_core.environment:checking '/workspace/ph_sys_ws/install/ph_sensor/lib/python3.10/site-packages'
[20.025s] Level 1:colcon.colcon_core.shell:create_environment_hook('ph_sensor', 'pythonpath')
[20.026s] INFO:colcon.colcon_core.shell:Creating environment hook '/workspace/ph_sys_ws/install/ph_sensor/share/ph_sensor/hook/pythonpath.ps1'
[20.028s] INFO:colcon.colcon_core.shell:Creating environment descriptor '/workspace/ph_sys_ws/install/ph_sensor/share/ph_sensor/hook/pythonpath.dsv'
[20.031s] INFO:colcon.colcon_core.shell:Creating environment hook '/workspace/ph_sys_ws/install/ph_sensor/share/ph_sensor/hook/pythonpath.sh'
[20.035s] Level 1:colcon.colcon_core.environment:checking '/workspace/ph_sys_ws/install/ph_sensor/bin'
[20.035s] Level 1:colcon.colcon_core.environment:create_environment_scripts_only(ph_sensor)
[20.037s] INFO:colcon.colcon_core.shell:Creating package script '/workspace/ph_sys_ws/install/ph_sensor/share/ph_sensor/package.ps1'
[20.041s] INFO:colcon.colcon_core.shell:Creating package descriptor '/workspace/ph_sys_ws/install/ph_sensor/share/ph_sensor/package.dsv'
[20.044s] INFO:colcon.colcon_core.shell:Creating package script '/workspace/ph_sys_ws/install/ph_sensor/share/ph_sensor/package.sh'
[20.048s] INFO:colcon.colcon_core.shell:Creating package script '/workspace/ph_sys_ws/install/ph_sensor/share/ph_sensor/package.bash'
[20.051s] INFO:colcon.colcon_core.shell:Creating package script '/workspace/ph_sys_ws/install/ph_sensor/share/ph_sensor/package.zsh'
[20.057s] Level 1:colcon.colcon_core.environment:create_file_with_runtime_dependencies(/workspace/ph_sys_ws/install/ph_sensor/share/colcon-core/packages/ph_sensor)
[20.955s] Level 1:colcon.colcon_core.shell:create_environment_hook('utils', 'pythonpath_develop')
[20.956s] INFO:colcon.colcon_core.shell:Creating environment hook '/workspace/ph_sys_ws/build/utils/share/utils/hook/pythonpath_develop.ps1'
[20.958s] DEBUG:colcon.colcon_core.event_handler.log_command:Invoked command in '/workspace/ph_sys_ws/build/utils' returned '0': PYTHONPATH=/workspace/ph_sys_ws/build/utils/prefix_override:/usr/lib/python3/dist-packages/colcon_core/task/python/colcon_distutils_commands:/workspace/ph_sys_ws/install/utils/lib/python3.10/site-packages:${PYTHONPATH} /usr/bin/python3 -W ignore:setup.py install is deprecated -W ignore:easy_install command is deprecated setup.py develop --editable --build-directory /workspace/ph_sys_ws/build/utils/build --no-deps symlink_data --force
[20.960s] INFO:colcon.colcon_core.shell:Creating environment descriptor '/workspace/ph_sys_ws/build/utils/share/utils/hook/pythonpath_develop.dsv'
[20.961s] INFO:colcon.colcon_core.shell:Creating environment hook '/workspace/ph_sys_ws/build/utils/share/utils/hook/pythonpath_develop.sh'
[20.964s] Level 1:colcon.colcon_core.environment:checking '/workspace/ph_sys_ws/install/utils' for CMake module files
[20.966s] Level 1:colcon.colcon_core.environment:checking '/workspace/ph_sys_ws/install/utils' for CMake config files
[20.968s] Level 1:colcon.colcon_core.environment:checking '/workspace/ph_sys_ws/install/utils/lib'
[20.968s] Level 1:colcon.colcon_core.environment:checking '/workspace/ph_sys_ws/install/utils/bin'
[20.969s] Level 1:colcon.colcon_core.environment:checking '/workspace/ph_sys_ws/install/utils/lib/pkgconfig/utils.pc'
[20.970s] Level 1:colcon.colcon_core.environment:checking '/workspace/ph_sys_ws/install/utils/lib/python3.10/site-packages'
[20.971s] Level 1:colcon.colcon_core.shell:create_environment_hook('utils', 'pythonpath')
[20.971s] INFO:colcon.colcon_core.shell:Creating environment hook '/workspace/ph_sys_ws/install/utils/share/utils/hook/pythonpath.ps1'
[20.973s] INFO:colcon.colcon_core.shell:Creating environment descriptor '/workspace/ph_sys_ws/install/utils/share/utils/hook/pythonpath.dsv'
[20.976s] INFO:colcon.colcon_core.shell:Creating environment hook '/workspace/ph_sys_ws/install/utils/share/utils/hook/pythonpath.sh'
[20.978s] Level 1:colcon.colcon_core.environment:checking '/workspace/ph_sys_ws/install/utils/bin'
[20.978s] Level 1:colcon.colcon_core.environment:create_environment_scripts_only(utils)
[20.980s] INFO:colcon.colcon_core.shell:Creating package script '/workspace/ph_sys_ws/install/utils/share/utils/package.ps1'
[20.982s] INFO:colcon.colcon_core.shell:Creating package descriptor '/workspace/ph_sys_ws/install/utils/share/utils/package.dsv'
[20.984s] INFO:colcon.colcon_core.shell:Creating package script '/workspace/ph_sys_ws/install/utils/share/utils/package.sh'
[20.986s] INFO:colcon.colcon_core.shell:Creating package script '/workspace/ph_sys_ws/install/utils/share/utils/package.bash'
[20.988s] INFO:colcon.colcon_core.shell:Creating package script '/workspace/ph_sys_ws/install/utils/share/utils/package.zsh'
[20.989s] Level 1:colcon.colcon_core.environment:create_file_with_runtime_dependencies(/workspace/ph_sys_ws/install/utils/share/colcon-core/packages/utils)
[20.991s] DEBUG:colcon.colcon_parallel_executor.executor.parallel:closing loop
[20.992s] DEBUG:colcon.colcon_parallel_executor.executor.parallel:loop closed
[20.993s] DEBUG:colcon.colcon_parallel_executor.executor.parallel:run_until_complete finished with '0'
[20.994s] DEBUG:colcon.colcon_core.event_reactor:joining thread
[21.012s] INFO:colcon.colcon_core.plugin_system:Skipping extension 'colcon_notification.desktop_notification.notify_send': Could not find 'notify-send'
[21.013s] INFO:colcon.colcon_core.plugin_system:Skipping extension 'colcon_notification.desktop_notification.terminal_notifier': Not used on non-Darwin systems
[21.013s] INFO:colcon.colcon_core.plugin_system:Skipping extension 'colcon_notification.desktop_notification.win32': Not used on non-Windows systems
[21.013s] INFO:colcon.colcon_notification.desktop_notification:Sending desktop notification using 'notify2'
[21.014s] DEBUG:colcon.colcon_notification.desktop_notification.notify2:Failed to initialize notify2: org.freedesktop.DBus.Error.NotSupported: Unable to autolaunch a dbus-daemon without a $DISPLAY for X11
[21.014s] DEBUG:colcon.colcon_core.event_reactor:joined thread
[21.015s] INFO:colcon.colcon_core.shell:Creating prefix script '/workspace/ph_sys_ws/install/local_setup.ps1'
[21.018s] INFO:colcon.colcon_core.shell:Creating prefix util module '/workspace/ph_sys_ws/install/_local_setup_util_ps1.py'
[21.023s] INFO:colcon.colcon_core.shell:Creating prefix chain script '/workspace/ph_sys_ws/install/setup.ps1'
[21.028s] INFO:colcon.colcon_core.shell:Creating prefix script '/workspace/ph_sys_ws/install/local_setup.sh'
[21.030s] INFO:colcon.colcon_core.shell:Creating prefix util module '/workspace/ph_sys_ws/install/_local_setup_util_sh.py'
[21.033s] INFO:colcon.colcon_core.shell:Creating prefix chain script '/workspace/ph_sys_ws/install/setup.sh'
[21.037s] INFO:colcon.colcon_core.shell:Creating prefix script '/workspace/ph_sys_ws/install/local_setup.bash'
[21.039s] INFO:colcon.colcon_core.shell:Creating prefix chain script '/workspace/ph_sys_ws/install/setup.bash'
[21.044s] INFO:colcon.colcon_core.shell:Creating prefix script '/workspace/ph_sys_ws/install/local_setup.zsh'
[21.046s] INFO:colcon.colcon_core.shell:Creating prefix chain script '/workspace/ph_sys_ws/install/setup.zsh'
