[4.844s] Invoking command in '/workspace/ph_sys_ws/build/peristaltic_pump': PYTHONPATH=/workspace/ph_sys_ws/build/peristaltic_pump/prefix_override:/usr/lib/python3/dist-packages/colcon_core/task/python/colcon_distutils_commands:/workspace/ph_sys_ws/install/peristaltic_pump/lib/python3.10/site-packages:${PYTHONPATH} /usr/bin/python3 -W ignore:setup.py install is deprecated -W ignore:easy_install command is deprecated setup.py develop --editable --build-directory /workspace/ph_sys_ws/build/peristaltic_pump/build --no-deps symlink_data
[7.736s] running develop
[9.442s] running egg_info
[9.453s] creating peristaltic_pump.egg-info
[9.454s] writing peristaltic_pump.egg-info/PKG-INFO
[9.454s] writing dependency_links to peristaltic_pump.egg-info/dependency_links.txt
[9.455s] writing entry points to peristaltic_pump.egg-info/entry_points.txt
[9.464s] writing requirements to peristaltic_pump.egg-info/requires.txt
[9.464s] writing top-level names to peristaltic_pump.egg-info/top_level.txt
[9.465s] writing manifest file 'peristaltic_pump.egg-info/SOURCES.txt'
[9.475s] reading manifest file 'peristaltic_pump.egg-info/SOURCES.txt'
[9.484s] writing manifest file 'peristaltic_pump.egg-info/SOURCES.txt'
[9.491s] running build_ext
[9.496s] Creating /workspace/ph_sys_ws/install/peristaltic_pump/lib/python3.10/site-packages/peristaltic-pump.egg-link (link to .)
[9.508s] 
[9.509s] Installed /workspace/ph_sys_ws/build/peristaltic_pump
[9.510s] running symlink_data
[9.510s] creating /workspace/ph_sys_ws/install/peristaltic_pump/share/ament_index
[9.510s] creating /workspace/ph_sys_ws/install/peristaltic_pump/share/ament_index/resource_index
[9.516s] creating /workspace/ph_sys_ws/install/peristaltic_pump/share/ament_index/resource_index/packages
[9.516s] symbolically linking /workspace/ph_sys_ws/build/peristaltic_pump/resource/peristaltic_pump -> /workspace/ph_sys_ws/install/peristaltic_pump/share/ament_index/resource_index/packages
[9.517s] symbolically linking /workspace/ph_sys_ws/build/peristaltic_pump/package.xml -> /workspace/ph_sys_ws/install/peristaltic_pump/share/peristaltic_pump
[9.891s] Invoked command in '/workspace/ph_sys_ws/build/peristaltic_pump' returned '0': PYTHONPATH=/workspace/ph_sys_ws/build/peristaltic_pump/prefix_override:/usr/lib/python3/dist-packages/colcon_core/task/python/colcon_distutils_commands:/workspace/ph_sys_ws/install/peristaltic_pump/lib/python3.10/site-packages:${PYTHONPATH} /usr/bin/python3 -W ignore:setup.py install is deprecated -W ignore:easy_install command is deprecated setup.py develop --editable --build-directory /workspace/ph_sys_ws/build/peristaltic_pump/build --no-deps symlink_data
