[5.561s] Invoking command in '/workspace/ph_sys_ws/src/peristaltic_pump': PYTHONPATH=/workspace/ph_sys_ws/build/peristaltic_pump/prefix_override:/usr/lib/python3/dist-packages/colcon_core/task/python/colcon_distutils_commands:/workspace/ph_sys_ws/install/peristaltic_pump/lib/python3.10/site-packages:${PYTHONPATH} /usr/bin/python3 -W ignore:setup.py install is deprecated -W ignore:easy_install command is deprecated setup.py egg_info --egg-base ../../build/peristaltic_pump build --build-base /workspace/ph_sys_ws/build/peristaltic_pump/build install --record /workspace/ph_sys_ws/build/peristaltic_pump/install.log --single-version-externally-managed install_data
[7.763s] running egg_info
[7.763s] writing ../../build/peristaltic_pump/peristaltic_pump.egg-info/PKG-INFO
[7.766s] writing dependency_links to ../../build/peristaltic_pump/peristaltic_pump.egg-info/dependency_links.txt
[7.768s] writing entry points to ../../build/peristaltic_pump/peristaltic_pump.egg-info/entry_points.txt
[7.768s] writing requirements to ../../build/peristaltic_pump/peristaltic_pump.egg-info/requires.txt
[7.769s] writing top-level names to ../../build/peristaltic_pump/peristaltic_pump.egg-info/top_level.txt
[7.780s] reading manifest file '../../build/peristaltic_pump/peristaltic_pump.egg-info/SOURCES.txt'
[7.782s] writing manifest file '../../build/peristaltic_pump/peristaltic_pump.egg-info/SOURCES.txt'
[7.788s] running build
[7.795s] running build_py
[7.796s] running install
[7.797s] running install_lib
[7.802s] running install_data
[7.804s] running install_egg_info
[7.804s] removing '/workspace/ph_sys_ws/install/peristaltic_pump/lib/python3.10/site-packages/peristaltic_pump-0.0.0-py3.10.egg-info' (and everything under it)
[7.805s] Copying ../../build/peristaltic_pump/peristaltic_pump.egg-info to /workspace/ph_sys_ws/install/peristaltic_pump/lib/python3.10/site-packages/peristaltic_pump-0.0.0-py3.10.egg-info
[7.806s] running install_scripts
[7.960s] Installing peristaltic_pump_node script to /workspace/ph_sys_ws/install/peristaltic_pump/lib/peristaltic_pump
[7.966s] writing list of installed files to '/workspace/ph_sys_ws/build/peristaltic_pump/install.log'
[8.342s] Invoked command in '/workspace/ph_sys_ws/src/peristaltic_pump' returned '0': PYTHONPATH=/workspace/ph_sys_ws/build/peristaltic_pump/prefix_override:/usr/lib/python3/dist-packages/colcon_core/task/python/colcon_distutils_commands:/workspace/ph_sys_ws/install/peristaltic_pump/lib/python3.10/site-packages:${PYTHONPATH} /usr/bin/python3 -W ignore:setup.py install is deprecated -W ignore:easy_install command is deprecated setup.py egg_info --egg-base ../../build/peristaltic_pump build --build-base /workspace/ph_sys_ws/build/peristaltic_pump/build install --record /workspace/ph_sys_ws/build/peristaltic_pump/install.log --single-version-externally-managed install_data
