[4.627s] Invoking command in '/workspace/ph_sys_ws/build/peristaltic_pump': PYTHONPATH=/workspace/ph_sys_ws/build/peristaltic_pump/prefix_override:/usr/lib/python3/dist-packages/colcon_core/task/python/colcon_distutils_commands:/workspace/ph_sys_ws/install/peristaltic_pump/lib/python3.10/site-packages:${PYTHONPATH} /usr/bin/python3 -W ignore:setup.py install is deprecated -W ignore:easy_install command is deprecated setup.py develop --editable --build-directory /workspace/ph_sys_ws/build/peristaltic_pump/build --no-deps symlink_data
[6.361s] running develop
[7.386s] running egg_info
[7.387s] creating peristaltic_pump.egg-info
[7.389s] writing peristaltic_pump.egg-info/PKG-INFO
[7.393s] writing dependency_links to peristaltic_pump.egg-info/dependency_links.txt
[7.395s] writing entry points to peristaltic_pump.egg-info/entry_points.txt
[7.396s] writing requirements to peristaltic_pump.egg-info/requires.txt
[7.398s] writing top-level names to peristaltic_pump.egg-info/top_level.txt
[7.402s] writing manifest file 'peristaltic_pump.egg-info/SOURCES.txt'
[7.414s] reading manifest file 'peristaltic_pump.egg-info/SOURCES.txt'
[7.417s] writing manifest file 'peristaltic_pump.egg-info/SOURCES.txt'
[7.428s] running build_ext
[7.429s] Creating /workspace/ph_sys_ws/install/peristaltic_pump/lib/python3.10/site-packages/peristaltic-pump.egg-link (link to .)
[7.429s] Installing peristaltic_pump_node script to /workspace/ph_sys_ws/install/peristaltic_pump/lib/peristaltic_pump
[7.430s] 
[7.431s] Installed /workspace/ph_sys_ws/build/peristaltic_pump
[7.431s] running symlink_data
[7.432s] creating /workspace/ph_sys_ws/install/peristaltic_pump/share/ament_index
[7.436s] creating /workspace/ph_sys_ws/install/peristaltic_pump/share/ament_index/resource_index
[7.437s] creating /workspace/ph_sys_ws/install/peristaltic_pump/share/ament_index/resource_index/packages
[7.438s] symbolically linking /workspace/ph_sys_ws/build/peristaltic_pump/resource/peristaltic_pump -> /workspace/ph_sys_ws/install/peristaltic_pump/share/ament_index/resource_index/packages
[7.439s] symbolically linking /workspace/ph_sys_ws/build/peristaltic_pump/package.xml -> /workspace/ph_sys_ws/install/peristaltic_pump/share/peristaltic_pump
[7.633s] Invoked command in '/workspace/ph_sys_ws/build/peristaltic_pump' returned '0': PYTHONPATH=/workspace/ph_sys_ws/build/peristaltic_pump/prefix_override:/usr/lib/python3/dist-packages/colcon_core/task/python/colcon_distutils_commands:/workspace/ph_sys_ws/install/peristaltic_pump/lib/python3.10/site-packages:${PYTHONPATH} /usr/bin/python3 -W ignore:setup.py install is deprecated -W ignore:easy_install command is deprecated setup.py develop --editable --build-directory /workspace/ph_sys_ws/build/peristaltic_pump/build --no-deps symlink_data
